2025-04-11 09:43:45,135 [INFO] LogOutputStream:77 - [STDOUT_REDIRECT] 
2025-04-11 09:43:47,150 [INFO] ProjectBuilder:5191 - Time for Generating toolchain IDE Files: 3056mS.
2025-04-11 09:43:47,153 [INFO] ProjectBuilder:3181 - Time for Copy CMSIS : 1mS.
2025-04-11 09:43:47,163 [INFO] ProjectBuilder:3181 - Time for Copy CMSIS : 0mS.
2025-04-11 09:45:36,113 [INFO] UtilMem:75 - End SaveConfig() Used Memory: 302000160 Bytes (607125504)
2025-04-11 09:45:36,433 [INFO] BlockDiagram:2775 - set Specific Code input for plugin: SPI
2025-04-11 09:45:36,433 [INFO] BlockDiagram:2775 - set Specific Code input for plugin: SYS
2025-04-11 09:45:36,433 [INFO] BlockDiagram:2775 - set Specific Code input for plugin: RCC
2025-04-11 09:45:36,433 [INFO] BlockDiagram:2775 - set Specific Code input for plugin: NVIC
2025-04-11 09:45:36,433 [INFO] BlockDiagram:2775 - set Specific Code input for plugin: USART
2025-04-11 09:45:36,433 [INFO] BlockDiagram:2775 - set Specific Code input for plugin: DMA
2025-04-11 09:45:36,435 [INFO] BlockDiagram:2775 - set Specific Code input for plugin: GPIO
2025-04-11 09:45:36,437 [INFO] CodeGenerator:882 - code generatio: config db path: D:\Download\STM32\STM32CubeIDE_1.14.1\STM32CubeIDE\plugins\com.st.stm32cube.common.mx_6.14.0.202502271554\\db\
2025-04-11 09:45:36,459 [INFO] Argument:325 - Argument : hdmavalue: null
2025-04-11 09:45:36,460 [INFO] Argument:327 - 	 sub Args: 
2025-04-11 09:45:36,460 [INFO] Argument:325 - Argument : Instancevalue: DMA1_Channel1
2025-04-11 09:45:36,460 [INFO] Argument:335 - Argument : Instancevalue: DMA1_Channel1
2025-04-11 09:45:36,460 [INFO] Argument:325 - Argument : Initvalue: null
2025-04-11 09:45:36,460 [INFO] Argument:327 - 	 sub Args: 
2025-04-11 09:45:36,460 [INFO] Argument:325 - Argument : Requestvalue: DMA_REQUEST_USART1_RX
2025-04-11 09:45:36,460 [INFO] Argument:335 - Argument : Requestvalue: DMA_REQUEST_USART1_RX
2025-04-11 09:45:36,460 [INFO] Argument:325 - Argument : Directionvalue: DMA_PERIPH_TO_MEMORY
2025-04-11 09:45:36,460 [INFO] Argument:335 - Argument : Directionvalue: DMA_PERIPH_TO_MEMORY
2025-04-11 09:45:36,460 [INFO] Argument:325 - Argument : PeriphIncvalue: DMA_PINC_DISABLE
2025-04-11 09:45:36,460 [INFO] Argument:335 - Argument : PeriphIncvalue: DMA_PINC_DISABLE
2025-04-11 09:45:36,460 [INFO] Argument:325 - Argument : MemIncvalue: DMA_MINC_ENABLE
2025-04-11 09:45:36,460 [INFO] Argument:335 - Argument : MemIncvalue: DMA_MINC_ENABLE
2025-04-11 09:45:36,461 [INFO] Argument:325 - Argument : PeriphDataAlignmentvalue: DMA_PDATAALIGN_BYTE
2025-04-11 09:45:36,461 [INFO] Argument:335 - Argument : PeriphDataAlignmentvalue: DMA_PDATAALIGN_BYTE
2025-04-11 09:45:36,461 [INFO] Argument:325 - Argument : MemDataAlignmentvalue: DMA_MDATAALIGN_BYTE
2025-04-11 09:45:36,461 [INFO] Argument:335 - Argument : MemDataAlignmentvalue: DMA_MDATAALIGN_BYTE
2025-04-11 09:45:36,461 [INFO] Argument:325 - Argument : Modevalue: DMA_CIRCULAR
2025-04-11 09:45:36,461 [INFO] Argument:335 - Argument : Modevalue: DMA_CIRCULAR
2025-04-11 09:45:36,461 [INFO] Argument:325 - Argument : Priorityvalue: DMA_PRIORITY_HIGH
2025-04-11 09:45:36,461 [INFO] Argument:335 - Argument : Priorityvalue: DMA_PRIORITY_HIGH
2025-04-11 09:45:36,461 [INFO] Argument:325 - Argument : Lockvalue: null
2025-04-11 09:45:36,461 [INFO] Argument:335 - Argument : Lockvalue: null
2025-04-11 09:45:36,461 [INFO] Argument:325 - Argument : Statevalue: null
2025-04-11 09:45:36,461 [INFO] Argument:335 - Argument : Statevalue: null
2025-04-11 09:45:36,461 [INFO] Argument:325 - Argument : Parentvalue: null
2025-04-11 09:45:36,461 [INFO] Argument:335 - Argument : Parentvalue: null
2025-04-11 09:45:36,461 [INFO] Argument:325 - Argument : XferCpltCallbackvalue: null
2025-04-11 09:45:36,461 [INFO] Argument:335 - Argument : XferCpltCallbackvalue: null
2025-04-11 09:45:36,462 [INFO] Argument:325 - Argument : XferHalfCpltCallbackvalue: null
2025-04-11 09:45:36,462 [INFO] Argument:335 - Argument : XferHalfCpltCallbackvalue: null
2025-04-11 09:45:36,462 [INFO] Argument:325 - Argument : XferErrorCallbackvalue: null
2025-04-11 09:45:36,462 [INFO] Argument:335 - Argument : XferErrorCallbackvalue: null
2025-04-11 09:45:36,462 [INFO] Argument:325 - Argument : XferAbortCallbackvalue: null
2025-04-11 09:45:36,462 [INFO] Argument:335 - Argument : XferAbortCallbackvalue: null
2025-04-11 09:45:36,462 [INFO] Argument:325 - Argument : ErrorCodevalue: null
2025-04-11 09:45:36,462 [INFO] Argument:335 - Argument : ErrorCodevalue: null
2025-04-11 09:45:36,462 [INFO] Argument:325 - Argument : ChannelIndexvalue: null
2025-04-11 09:45:36,462 [INFO] Argument:335 - Argument : ChannelIndexvalue: null
2025-04-11 09:45:36,462 [INFO] Argument:325 - Argument : DMAmuxChannelvalue: null
2025-04-11 09:45:36,462 [INFO] Argument:335 - Argument : DMAmuxChannelvalue: null
2025-04-11 09:45:36,462 [INFO] Argument:325 - Argument : DMAmuxChannelStatusvalue: null
2025-04-11 09:45:36,463 [INFO] Argument:335 - Argument : DMAmuxChannelStatusvalue: null
2025-04-11 09:45:36,463 [INFO] Argument:325 - Argument : DMAmuxChannelStatusMaskvalue: null
2025-04-11 09:45:36,463 [INFO] Argument:335 - Argument : DMAmuxChannelStatusMaskvalue: null
2025-04-11 09:45:36,463 [INFO] Argument:325 - Argument : DMAmuxRequestGenvalue: null
2025-04-11 09:45:36,463 [INFO] Argument:335 - Argument : DMAmuxRequestGenvalue: null
2025-04-11 09:45:36,463 [INFO] Argument:325 - Argument : DMAmuxRequestGenStatusvalue: null
2025-04-11 09:45:36,463 [INFO] Argument:335 - Argument : DMAmuxRequestGenStatusvalue: null
2025-04-11 09:45:36,463 [INFO] Argument:325 - Argument : DMAmuxRequestGenStatusMaskvalue: null
2025-04-11 09:45:36,463 [INFO] Argument:335 - Argument : DMAmuxRequestGenStatusMaskvalue: null
2025-04-11 09:45:36,466 [INFO] Argument:325 - Argument : hdmavalue: null
2025-04-11 09:45:36,466 [INFO] Argument:327 - 	 sub Args: 
2025-04-11 09:45:36,466 [INFO] Argument:325 - Argument : Instancevalue: DMA1_Channel2
2025-04-11 09:45:36,466 [INFO] Argument:335 - Argument : Instancevalue: DMA1_Channel2
2025-04-11 09:45:36,466 [INFO] Argument:325 - Argument : Initvalue: null
2025-04-11 09:45:36,466 [INFO] Argument:327 - 	 sub Args: 
2025-04-11 09:45:36,466 [INFO] Argument:325 - Argument : Requestvalue: DMA_REQUEST_USART1_TX
2025-04-11 09:45:36,466 [INFO] Argument:335 - Argument : Requestvalue: DMA_REQUEST_USART1_TX
2025-04-11 09:45:36,467 [INFO] Argument:325 - Argument : Directionvalue: DMA_MEMORY_TO_PERIPH
2025-04-11 09:45:36,467 [INFO] Argument:335 - Argument : Directionvalue: DMA_MEMORY_TO_PERIPH
2025-04-11 09:45:36,467 [INFO] Argument:325 - Argument : PeriphIncvalue: DMA_PINC_DISABLE
2025-04-11 09:45:36,467 [INFO] Argument:335 - Argument : PeriphIncvalue: DMA_PINC_DISABLE
2025-04-11 09:45:36,467 [INFO] Argument:325 - Argument : MemIncvalue: DMA_MINC_ENABLE
2025-04-11 09:45:36,467 [INFO] Argument:335 - Argument : MemIncvalue: DMA_MINC_ENABLE
2025-04-11 09:45:36,467 [INFO] Argument:325 - Argument : PeriphDataAlignmentvalue: DMA_PDATAALIGN_BYTE
2025-04-11 09:45:36,467 [INFO] Argument:335 - Argument : PeriphDataAlignmentvalue: DMA_PDATAALIGN_BYTE
2025-04-11 09:45:36,467 [INFO] Argument:325 - Argument : MemDataAlignmentvalue: DMA_MDATAALIGN_BYTE
2025-04-11 09:45:36,467 [INFO] Argument:335 - Argument : MemDataAlignmentvalue: DMA_MDATAALIGN_BYTE
2025-04-11 09:45:36,467 [INFO] Argument:325 - Argument : Modevalue: DMA_NORMAL
2025-04-11 09:45:36,467 [INFO] Argument:335 - Argument : Modevalue: DMA_NORMAL
2025-04-11 09:45:36,467 [INFO] Argument:325 - Argument : Priorityvalue: DMA_PRIORITY_HIGH
2025-04-11 09:45:36,467 [INFO] Argument:335 - Argument : Priorityvalue: DMA_PRIORITY_HIGH
2025-04-11 09:45:36,467 [INFO] Argument:325 - Argument : Lockvalue: null
2025-04-11 09:45:36,467 [INFO] Argument:335 - Argument : Lockvalue: null
2025-04-11 09:45:36,467 [INFO] Argument:325 - Argument : Statevalue: null
2025-04-11 09:45:36,467 [INFO] Argument:335 - Argument : Statevalue: null
2025-04-11 09:45:36,467 [INFO] Argument:325 - Argument : Parentvalue: null
2025-04-11 09:45:36,467 [INFO] Argument:335 - Argument : Parentvalue: null
2025-04-11 09:45:36,467 [INFO] Argument:325 - Argument : XferCpltCallbackvalue: null
2025-04-11 09:45:36,467 [INFO] Argument:335 - Argument : XferCpltCallbackvalue: null
2025-04-11 09:45:36,467 [INFO] Argument:325 - Argument : XferHalfCpltCallbackvalue: null
2025-04-11 09:45:36,468 [INFO] Argument:335 - Argument : XferHalfCpltCallbackvalue: null
2025-04-11 09:45:36,468 [INFO] Argument:325 - Argument : XferErrorCallbackvalue: null
2025-04-11 09:45:36,468 [INFO] Argument:335 - Argument : XferErrorCallbackvalue: null
2025-04-11 09:45:36,468 [INFO] Argument:325 - Argument : XferAbortCallbackvalue: null
2025-04-11 09:45:36,468 [INFO] Argument:335 - Argument : XferAbortCallbackvalue: null
2025-04-11 09:45:36,468 [INFO] Argument:325 - Argument : ErrorCodevalue: null
2025-04-11 09:45:36,468 [INFO] Argument:335 - Argument : ErrorCodevalue: null
2025-04-11 09:45:36,468 [INFO] Argument:325 - Argument : ChannelIndexvalue: null
2025-04-11 09:45:36,468 [INFO] Argument:335 - Argument : ChannelIndexvalue: null
2025-04-11 09:45:36,468 [INFO] Argument:325 - Argument : DMAmuxChannelvalue: null
2025-04-11 09:45:36,468 [INFO] Argument:335 - Argument : DMAmuxChannelvalue: null
2025-04-11 09:45:36,468 [INFO] Argument:325 - Argument : DMAmuxChannelStatusvalue: null
2025-04-11 09:45:36,468 [INFO] Argument:335 - Argument : DMAmuxChannelStatusvalue: null
2025-04-11 09:45:36,468 [INFO] Argument:325 - Argument : DMAmuxChannelStatusMaskvalue: null
2025-04-11 09:45:36,468 [INFO] Argument:335 - Argument : DMAmuxChannelStatusMaskvalue: null
2025-04-11 09:45:36,468 [INFO] Argument:325 - Argument : DMAmuxRequestGenvalue: null
2025-04-11 09:45:36,468 [INFO] Argument:335 - Argument : DMAmuxRequestGenvalue: null
2025-04-11 09:45:36,468 [INFO] Argument:325 - Argument : DMAmuxRequestGenStatusvalue: null
2025-04-11 09:45:36,468 [INFO] Argument:335 - Argument : DMAmuxRequestGenStatusvalue: null
2025-04-11 09:45:36,468 [INFO] Argument:325 - Argument : DMAmuxRequestGenStatusMaskvalue: null
2025-04-11 09:45:36,468 [INFO] Argument:335 - Argument : DMAmuxRequestGenStatusMaskvalue: null
2025-04-11 09:45:36,597 [INFO] CodeEngine:263 - oldGeneratedFile, D:\GitRepository\STM32G431C8T6\MXTmpFiles\license.tmp_save
2025-04-11 09:45:36,688 [INFO] CodeEngine:287 - Generated code: D:\GitRepository\STM32G431C8T6\MXTmpFiles\license.tmp
2025-04-11 09:45:36,737 [INFO] CodeEngine:263 - oldGeneratedFile, D:\GitRepository\STM32G431C8T6\Core\Src\gpio.c_save
2025-04-11 09:45:36,832 [INFO] CodeEngine:287 - Generated code: D:\GitRepository\STM32G431C8T6\Core\Src\gpio.c
2025-04-11 09:45:36,841 [INFO] CodeEngine:263 - oldGeneratedFile, D:\GitRepository\STM32G431C8T6\Core\Inc\gpio.h_save
2025-04-11 09:45:36,909 [INFO] CodeEngine:287 - Generated code: D:\GitRepository\STM32G431C8T6\Core\Inc\gpio.h
2025-04-11 09:45:37,289 [INFO] CodeEngine:263 - oldGeneratedFile, D:\GitRepository\STM32G431C8T6\Core\Src\dma.c_save
2025-04-11 09:45:37,365 [INFO] CodeEngine:287 - Generated code: D:\GitRepository\STM32G431C8T6\Core\Src\dma.c
2025-04-11 09:45:37,375 [INFO] CodeEngine:263 - oldGeneratedFile, D:\GitRepository\STM32G431C8T6\Core\Inc\dma.h_save
2025-04-11 09:45:37,466 [INFO] CodeEngine:287 - Generated code: D:\GitRepository\STM32G431C8T6\Core\Inc\dma.h
2025-04-11 09:45:37,487 [INFO] CodeEngine:263 - oldGeneratedFile, D:\GitRepository\STM32G431C8T6\Core\Src\spi.c_save
2025-04-11 09:45:37,582 [INFO] CodeEngine:287 - Generated code: D:\GitRepository\STM32G431C8T6\Core\Src\spi.c
2025-04-11 09:45:37,593 [INFO] CodeEngine:263 - oldGeneratedFile, D:\GitRepository\STM32G431C8T6\Core\Inc\spi.h_save
2025-04-11 09:45:37,663 [INFO] CodeEngine:287 - Generated code: D:\GitRepository\STM32G431C8T6\Core\Inc\spi.h
2025-04-11 09:45:37,683 [INFO] CodeEngine:263 - oldGeneratedFile, D:\GitRepository\STM32G431C8T6\Core\Src\usart.c_save
2025-04-11 09:45:37,785 [INFO] CodeEngine:287 - Generated code: D:\GitRepository\STM32G431C8T6\Core\Src\usart.c
2025-04-11 09:45:37,793 [INFO] CodeEngine:263 - oldGeneratedFile, D:\GitRepository\STM32G431C8T6\Core\Inc\usart.h_save
2025-04-11 09:45:37,854 [INFO] CodeEngine:287 - Generated code: D:\GitRepository\STM32G431C8T6\Core\Inc\usart.h
2025-04-11 09:45:37,870 [INFO] CodeEngine:263 - oldGeneratedFile, D:\GitRepository\STM32G431C8T6\Core\Src\stm32g4xx_it.c_save
2025-04-11 09:45:37,957 [INFO] CodeEngine:287 - Generated code: D:\GitRepository\STM32G431C8T6\Core\Src\stm32g4xx_it.c
2025-04-11 09:45:37,965 [INFO] CodeEngine:263 - oldGeneratedFile, D:\GitRepository\STM32G431C8T6\Core\Inc\stm32g4xx_it.h_save
2025-04-11 09:45:38,029 [INFO] CodeEngine:287 - Generated code: D:\GitRepository\STM32G431C8T6\Core\Inc\stm32g4xx_it.h
2025-04-11 09:45:38,046 [INFO] CodeEngine:263 - oldGeneratedFile, D:\GitRepository\STM32G431C8T6\Core\Src\stm32g4xx_hal_msp.c_save
2025-04-11 09:45:38,131 [INFO] CodeEngine:287 - Generated code: D:\GitRepository\STM32G431C8T6\Core\Src\stm32g4xx_hal_msp.c
2025-04-11 09:45:38,137 [INFO] CodeEngine:263 - oldGeneratedFile, D:\GitRepository\STM32G431C8T6\MXTmpFiles\system.tmp_save
2025-04-11 09:45:38,204 [INFO] CodeEngine:287 - Generated code: D:\GitRepository\STM32G431C8T6\MXTmpFiles\system.tmp
2025-04-11 09:45:38,219 [INFO] CodeEngine:319 - oldGeneratedFile, D:\GitRepository\STM32G431C8T6\Core\Inc\stm32g4xx_hal_conf.h_save
2025-04-11 09:45:38,297 [INFO] CodeEngine:343 - Generated code: D:\GitRepository\STM32G431C8T6\Core\Inc\stm32g4xx_hal_conf.h
2025-04-11 09:45:38,324 [WARN] IPConfigManager:3174 - Warning: the RefConfig RCC_CommonPeriphClockConfig is not available in your config.xml file
2025-04-11 09:45:38,340 [INFO] CodeEngine:263 - oldGeneratedFile, D:\GitRepository\STM32G431C8T6\Core\Inc\main.h_save
2025-04-11 09:45:38,417 [INFO] CodeEngine:287 - Generated code: D:\GitRepository\STM32G431C8T6\Core\Inc\main.h
2025-04-11 09:45:38,426 [INFO] CodeEngine:263 - oldGeneratedFile, D:\GitRepository\STM32G431C8T6\Core\Src\main.c_save
2025-04-11 09:45:38,523 [INFO] CodeEngine:287 - Generated code: D:\GitRepository\STM32G431C8T6\Core\Src\main.c
2025-04-11 09:45:39,038 [INFO] ProjectBuilder:3324 - Time for Copy HAL[1] : 341mS.
2025-04-11 09:45:39,043 [INFO] ProjectBuilder:4912 - Project Generator version: 4.6.0-B36
2025-04-11 09:45:39,136 [INFO] ConfigFileManager:1590 - The Die is : DIE468
2025-04-11 09:45:40,730 [INFO] ProjectBuilder:5191 - Time for Generating toolchain IDE Files: 1687mS.
2025-04-11 09:45:40,732 [INFO] ProjectBuilder:3181 - Time for Copy CMSIS : 1mS.
2025-04-11 09:45:40,740 [INFO] ProjectBuilder:3181 - Time for Copy CMSIS : 0mS.
2025-04-11 15:11:54,591 [ERROR] LogOutputStream:75 - [STDERR_REDIRECT] Warning: NLS unused message: ChangeExceptionHandler_dialog_title in: org.eclipse.jdt.internal.ui.refactoring.refactoringui
2025-04-11 18:02:08,058 [ERROR] LogOutputStream:75 - [STDERR_REDIRECT] 
