2025-04-08 13:38:38,220 [INFO] Activator:176 - 


2025-04-08 13:38:38,228 [INFO] Activator:177 - !SESSION log4j initialized
2025-04-08 13:38:38,904 [ERROR] LogOutputStream:75 - [STDERR_REDIRECT] Warning: NLS unused message: ProblemMarkerManager_problem_marker_update_job_description in: org.eclipse.jdt.internal.ui.JavaUIMessages
2025-04-08 13:38:38,908 [ERROR] LogOutputStream:75 - [STDERR_REDIRECT] Warning: NLS unused message: FilteredTypesSelectionDialog_default_package in: org.eclipse.jdt.internal.ui.JavaUIMessages
2025-04-08 13:38:38,912 [ERROR] LogOutputStream:75 - [STDERR_REDIRECT] Warning: NLS unused message: FilteredTypeSelectionDialog_showContainerForDuplicatesAction in: org.eclipse.jdt.internal.ui.JavaUIMessages
2025-04-08 13:38:38,916 [ERROR] LogOutputStream:75 - [STDERR_REDIRECT] Warning: NLS unused message: JavaElementLabels_anonym_type in: org.eclipse.jdt.internal.ui.JavaUIMessages
2025-04-08 13:38:38,919 [ERROR] LogOutputStream:75 - [STDERR_REDIRECT] Warning: NLS unused message: JavaElementLabels_anonym in: org.eclipse.jdt.internal.ui.JavaUIMessages
2025-04-08 13:38:38,922 [ERROR] LogOutputStream:75 - [STDERR_REDIRECT] Warning: NLS unused message: JavaElementLabels_concat_string in: org.eclipse.jdt.internal.ui.JavaUIMessages
2025-04-08 13:38:38,924 [ERROR] LogOutputStream:75 - [STDERR_REDIRECT] Warning: NLS unused message: JavaElementLabels_comma_string in: org.eclipse.jdt.internal.ui.JavaUIMessages
2025-04-08 13:38:38,926 [ERROR] LogOutputStream:75 - [STDERR_REDIRECT] Warning: NLS unused message: JavaElementLabels_declseparator_string in: org.eclipse.jdt.internal.ui.JavaUIMessages
2025-04-08 13:38:38,933 [ERROR] LogOutputStream:75 - [STDERR_REDIRECT] Warning: NLS unused message: JavaElementLabels_category_separator_string in: org.eclipse.jdt.internal.ui.JavaUIMessages
2025-04-08 13:38:38,939 [ERROR] LogOutputStream:75 - [STDERR_REDIRECT] Warning: NLS unused message: JavaElementLabels_import_container in: org.eclipse.jdt.internal.ui.JavaUIMessages
2025-04-08 13:38:46,441 [INFO] LogOutputStream:77 - [STDOUT_REDIRECT] 
2025-04-08 13:38:47,545 [ERROR] LogOutputStream:75 - [STDERR_REDIRECT] Warning: NLS unused message: ShowInNavigatorView_label in: org.eclipse.jdt.internal.ui.actions.ActionMessages
2025-04-08 13:38:47,549 [ERROR] LogOutputStream:75 - [STDERR_REDIRECT] Warning: NLS unused message: ShowInNavigatorView_dialog_title in: org.eclipse.jdt.internal.ui.actions.ActionMessages
2025-04-08 13:38:47,552 [ERROR] LogOutputStream:75 - [STDERR_REDIRECT] Warning: NLS unused message: ShowInNavigatorView_dialog_message in: org.eclipse.jdt.internal.ui.actions.ActionMessages
2025-04-08 13:38:47,555 [ERROR] LogOutputStream:75 - [STDERR_REDIRECT] Warning: NLS unused message: ShowInNavigatorView_error_activation_failed in: org.eclipse.jdt.internal.ui.actions.ActionMessages
2025-04-08 13:38:47,562 [ERROR] LogOutputStream:75 - [STDERR_REDIRECT] Warning: NLS unused message: OrganizeImportsAction_error_message in: org.eclipse.jdt.internal.ui.actions.ActionMessages
2025-04-08 13:38:49,401 [INFO] ApplicationProperties:184 - Using Application install path: D:\Download\STM32\STM32CubeIDE_1.14.1\STM32CubeIDE\plugins\com.st.stm32cube.common.mx_6.14.0.202502271554
2025-04-08 13:38:49,433 [INFO] DbMcusXml:78 - Set database path to: D:\Download\STM32\STM32CubeIDE_1.14.1\STM32CubeIDE\plugins\com.st.stm32cube.common.mx_6.14.0.202502271554\\db\/mcu/
2025-04-08 13:38:49,433 [INFO] ApiDb:274 - Set plugin database path to: D:\Download\STM32\STM32CubeIDE_1.14.1\STM32CubeIDE\plugins\com.st.stm32cube.common.mx_6.14.0.202502271554\\db\/plugins/boardmanager/
2025-04-08 13:38:49,433 [WARN] ApiDb:259 - Overriding images path with different value:  => D:\Download\STM32\STM32CubeIDE_1.14.1\STM32CubeIDE\plugins\com.st.stm32cube.common.mx_6.14.0.202502271554\\db\/plugins/mcufinder/images/
2025-04-08 13:38:49,449 [INFO] ApiDb:250 - Set database path to: C:\Users\莫海峰\.stmcufinder\plugins\mcufinder//mcu/
2025-04-08 13:38:49,451 [INFO] DbMcusAds:125 - Set database path to: C:\Users\莫海峰\.stmcufinder\plugins\mcufinder//mcu/
2025-04-08 13:38:49,455 [INFO] CrossReferenceDbSqlite:203 - Set database path to: C:\Users\莫海峰\.stmcufinder\plugins\mcufinder//mcu/cs/
2025-04-08 13:38:49,672 [INFO] RulesReader:64 - Compatibility file has been processed (301 Rules)
2025-04-08 13:38:49,835 [INFO] DbMcusXml:78 - Set database path to: D:\Download\STM32\STM32CubeIDE_1.14.1\STM32CubeIDE\plugins\com.st.stm32cube.common.mx_6.14.0.202502271554\\db\/mcu/
2025-04-08 13:38:49,835 [INFO] ApiDb:274 - Set plugin database path to: D:\Download\STM32\STM32CubeIDE_1.14.1\STM32CubeIDE\plugins\com.st.stm32cube.common.mx_6.14.0.202502271554\\db\/plugins/boardmanager/
2025-04-08 13:38:49,835 [INFO] ApiDb:261 - Set plugin images path to: D:\Download\STM32\STM32CubeIDE_1.14.1\STM32CubeIDE\plugins\com.st.stm32cube.common.mx_6.14.0.202502271554\\db\/plugins/mcufinder/images/
2025-04-08 13:38:49,835 [WARN] DbFile:41 - Overriding database path with different value: C:\Users\莫海峰\.stmcufinder\plugins\mcufinder/ => C:\Users\莫海峰\.stmcufinder\plugins\mcufinder
2025-04-08 13:38:49,835 [INFO] ApiDb:250 - Set database path to: C:\Users\莫海峰\.stmcufinder\plugins\mcufinder//mcu/
2025-04-08 13:38:49,835 [WARN] DbFile:41 - Overriding database path with different value: C:\Users\莫海峰\.stmcufinder\plugins\mcufinder/ => C:\Users\莫海峰\.stmcufinder\plugins\mcufinder
2025-04-08 13:38:49,835 [INFO] DbMcusAds:125 - Set database path to: C:\Users\莫海峰\.stmcufinder\plugins\mcufinder//mcu/
2025-04-08 13:38:49,836 [WARN] DbFile:41 - Overriding database path with different value: C:\Users\莫海峰\.stmcufinder\plugins\mcufinder/ => C:\Users\莫海峰\.stmcufinder\plugins\mcufinder
2025-04-08 13:38:49,836 [WARN] DbFile:41 - Overriding database path with different value: C:\Users\莫海峰\.stmcufinder\plugins\mcufinder/ => C:\Users\莫海峰\.stmcufinder\plugins\mcufinder
2025-04-08 13:38:49,836 [INFO] CrossReferenceDbSqlite:203 - Set database path to: C:\Users\莫海峰\.stmcufinder\plugins\mcufinder//mcu/cs/
2025-04-08 13:38:49,969 [INFO] MainPanel:272 - HeapMemory: 268435456
2025-04-08 13:38:50,138 [INFO] DbMcusXml:78 - Set database path to: D:\Download\STM32\STM32CubeIDE_1.14.1\STM32CubeIDE\plugins\com.st.stm32cube.common.mx_6.14.0.202502271554\\db\/mcu/
2025-04-08 13:38:50,138 [INFO] ApiDb:274 - Set plugin database path to: D:\Download\STM32\STM32CubeIDE_1.14.1\STM32CubeIDE\plugins\com.st.stm32cube.common.mx_6.14.0.202502271554\\db\/plugins/boardmanager/
2025-04-08 13:38:50,138 [INFO] ApiDb:261 - Set plugin images path to: D:\Download\STM32\STM32CubeIDE_1.14.1\STM32CubeIDE\plugins\com.st.stm32cube.common.mx_6.14.0.202502271554\\db\/plugins/mcufinder/images/
2025-04-08 13:38:50,139 [WARN] DbFile:41 - Overriding database path with different value: C:\Users\莫海峰\.stmcufinder\plugins\mcufinder/ => C:\Users\莫海峰\.stmcufinder\plugins\mcufinder
2025-04-08 13:38:50,139 [INFO] ApiDb:250 - Set database path to: C:\Users\莫海峰\.stmcufinder\plugins\mcufinder//mcu/
2025-04-08 13:38:50,139 [WARN] DbFile:41 - Overriding database path with different value: C:\Users\莫海峰\.stmcufinder\plugins\mcufinder/ => C:\Users\莫海峰\.stmcufinder\plugins\mcufinder
2025-04-08 13:38:50,139 [INFO] DbMcusAds:125 - Set database path to: C:\Users\莫海峰\.stmcufinder\plugins\mcufinder//mcu/
2025-04-08 13:38:50,139 [WARN] DbFile:41 - Overriding database path with different value: C:\Users\莫海峰\.stmcufinder\plugins\mcufinder/ => C:\Users\莫海峰\.stmcufinder\plugins\mcufinder
2025-04-08 13:38:50,139 [WARN] DbFile:41 - Overriding database path with different value: C:\Users\莫海峰\.stmcufinder\plugins\mcufinder/ => C:\Users\莫海峰\.stmcufinder\plugins\mcufinder
2025-04-08 13:38:50,139 [INFO] CrossReferenceDbSqlite:203 - Set database path to: C:\Users\莫海峰\.stmcufinder\plugins\mcufinder//mcu/cs/
2025-04-08 13:38:50,172 [INFO] ApplicationProperties:184 - Using Application install path: D:\Download\STM32\STM32CubeIDE_1.14.1\STM32CubeIDE\plugins\com.st.stm32cube.common.mx_6.14.0.202502271554
2025-04-08 13:38:50,174 [INFO] PluginManage:196 - Search for loadable plugins [exclusion list=, ]
2025-04-08 13:38:50,177 [INFO] PluginManage:310 - Check plugin analytics
2025-04-08 13:38:50,559 [INFO] AnalyticsPlugin:253 - Accepted Software Licenses: STM32CubeMX.6.9.2
2025-04-08 13:38:50,559 [INFO] AnalyticsPlugin:255 - Accepted CMSIS Pack Licenses: 
2025-04-08 13:38:50,560 [INFO] AnalyticsPlugin:257 - Accepted Firmware Licenses: FW.G4.1.5.0,FW.G4.1.6.0
2025-04-08 13:38:50,564 [INFO] PluginManage:359 - Loaded plugin analytics (category:tool,tabindex:-1)
2025-04-08 13:38:50,565 [INFO] PluginManage:310 - Check plugin cadmodel
2025-04-08 13:38:50,579 [INFO] CADModel:105 - Init CAD model plugin
2025-04-08 13:38:50,580 [INFO] PluginManage:359 - Loaded plugin cadmodel (category:power,tabindex:5)
2025-04-08 13:38:50,581 [INFO] PluginManage:310 - Check plugin clock
2025-04-08 13:38:50,605 [INFO] PluginManage:359 - Loaded plugin clock (category:base,tabindex:2)
2025-04-08 13:38:50,606 [INFO] PluginManage:310 - Check plugin ddr
2025-04-08 13:38:50,615 [INFO] PluginManage:359 - Loaded plugin ddr (category:tool,tabindex:6)
2025-04-08 13:38:50,616 [INFO] PluginManage:310 - Check plugin filemanager
2025-04-08 13:38:50,855 [INFO] PluginManage:359 - Loaded plugin filemanager (category:base,tabindex:10)
2025-04-08 13:38:50,855 [INFO] PluginManage:310 - Check plugin ipmanager
2025-04-08 13:38:50,870 [INFO] PluginManage:359 - Loaded plugin ipmanager (category:base,tabindex:5)
2025-04-08 13:38:50,870 [INFO] PluginManage:310 - Check plugin lpbam
2025-04-08 13:38:50,886 [INFO] PluginManage:359 - Loaded plugin lpbam (category:base,tabindex:0)
2025-04-08 13:38:50,886 [INFO] PluginManage:310 - Check plugin memorymap
2025-04-08 13:38:50,911 [INFO] PluginManage:359 - Loaded plugin memorymap (category:base,tabindex:4)
2025-04-08 13:38:50,911 [INFO] PluginManage:310 - Check plugin pinoutandconfiguration
2025-04-08 13:38:50,924 [INFO] PluginManage:359 - Loaded plugin pinoutandconfiguration (category:base,tabindex:1)
2025-04-08 13:38:50,924 [INFO] PluginManage:310 - Check plugin pinoutconfig
2025-04-08 13:38:51,089 [WARN] SupportedApi:132 - Cannot load RTOS API schema: s4s-elt-must-match.1: The content of 'definitions' must match (annotation?, (simpleType | complexType)?, (unique | key | keyref)*)). A problem was found starting at: attribute.
2025-04-08 13:38:51,311 [INFO] PluginManage:359 - Loaded plugin pinoutconfig (category:base,tabindex:0)
2025-04-08 13:38:51,311 [INFO] PluginManage:310 - Check plugin power
2025-04-08 13:38:51,328 [INFO] PluginManage:359 - Loaded plugin power (category:power,tabindex:4)
2025-04-08 13:38:51,328 [INFO] PluginManage:310 - Check plugin projectmanager
2025-04-08 13:38:51,354 [INFO] PluginManage:359 - Loaded plugin projectmanager (category:projectmanager,tabindex:4)
2025-04-08 13:38:51,354 [INFO] PluginManage:310 - Check plugin rif
2025-04-08 13:38:51,367 [INFO] PluginManage:359 - Loaded plugin rif (category:base,tabindex:3)
2025-04-08 13:38:51,368 [INFO] PluginManage:310 - Check plugin thirdparty
2025-04-08 13:38:51,646 [INFO] PluginManage:359 - Loaded plugin thirdparty (category:base,tabindex:-1)
2025-04-08 13:38:51,646 [INFO] PluginManage:310 - Check plugin tools
2025-04-08 13:38:51,646 [WARN] IntegrityCheckThread:84 - waiting for thirdparty lock release [integrity check]
2025-04-08 13:38:51,647 [INFO] IntegrityCheckThread:86 - entering critical section [integrity check]
2025-04-08 13:38:51,648 [INFO] ThirdPartyUpdaterWithRetryManager:70 - Updater plugin not ready yet. [1/15]
2025-04-08 13:38:51,652 [INFO] PluginManage:359 - Loaded plugin tools (category:base,tabindex:7)
2025-04-08 13:38:51,652 [INFO] PluginManage:310 - Check plugin tutovideos
2025-04-08 13:38:51,940 [INFO] PluginManage:359 - Loaded plugin tutovideos (category:base,tabindex:-1)
2025-04-08 13:38:51,941 [INFO] PluginManage:310 - Check plugin updater
2025-04-08 13:38:51,976 [INFO] PluginManage:359 - Loaded plugin updater (category:base,tabindex:12)
2025-04-08 13:38:51,976 [INFO] PluginManage:310 - Check plugin userauth
2025-04-08 13:38:51,983 [INFO] UserAuth:118 - Init User Auth plugin
2025-04-08 13:38:51,984 [INFO] PluginManage:359 - Loaded plugin userauth (category:base,tabindex:14)
2025-04-08 13:38:51,985 [INFO] PluginManage:283 - PluginManage : Loaded plugins [18]
2025-04-08 13:38:52,320 [INFO] PinOutPanel:1589 - setPackage(No Configuration,No Configuration)
2025-04-08 13:38:52,460 [INFO] CADModel:165 - CPN selected for project level
2025-04-08 13:38:52,460 [INFO] CADModel:114 - Register for checkConnection events
2025-04-08 13:38:52,495 [INFO] IPUIPlugin:80 - create IPUIPlugin
2025-04-08 13:38:52,496 [INFO] PluginManager:220 - loadIPPluginJar : add adc
2025-04-08 13:38:52,501 [INFO] IPUIPlugin:80 - create IPUIPlugin
2025-04-08 13:38:52,501 [INFO] PluginManager:220 - loadIPPluginJar : add aes
2025-04-08 13:38:52,505 [INFO] IPUIPlugin:80 - create IPUIPlugin
2025-04-08 13:38:52,507 [INFO] PluginManager:220 - loadIPPluginJar : add can
2025-04-08 13:38:52,511 [INFO] IPUIPlugin:80 - create IPUIPlugin
2025-04-08 13:38:52,511 [INFO] PluginManager:220 - loadIPPluginJar : add comp
2025-04-08 13:38:52,517 [INFO] IPUIPlugin:80 - create IPUIPlugin
2025-04-08 13:38:52,517 [INFO] PluginManager:220 - loadIPPluginJar : add cryp
2025-04-08 13:38:52,523 [INFO] IPUIPlugin:80 - create IPUIPlugin
2025-04-08 13:38:52,524 [INFO] PluginManager:220 - loadIPPluginJar : add ddr_ctrl_phy
2025-04-08 13:38:52,530 [INFO] IPUIPlugin:80 - create IPUIPlugin
2025-04-08 13:38:52,530 [INFO] PluginManager:220 - loadIPPluginJar : add dfsdm
2025-04-08 13:38:52,541 [INFO] IPUIPlugin:80 - create IPUIPlugin
2025-04-08 13:38:52,542 [INFO] PluginManager:220 - loadIPPluginJar : add dma
2025-04-08 13:38:52,547 [INFO] IPUIPlugin:80 - create IPUIPlugin
2025-04-08 13:38:52,547 [INFO] PluginManager:220 - loadIPPluginJar : add dma3
2025-04-08 13:38:52,552 [INFO] IPUIPlugin:80 - create IPUIPlugin
2025-04-08 13:38:52,552 [INFO] PluginManager:220 - loadIPPluginJar : add extmemmanager
2025-04-08 13:38:52,554 [INFO] IPUIPlugin:80 - create IPUIPlugin
2025-04-08 13:38:52,554 [INFO] PluginManager:220 - loadIPPluginJar : add fatfs
2025-04-08 13:38:52,563 [INFO] IPUIPlugin:80 - create IPUIPlugin
2025-04-08 13:38:52,563 [INFO] PluginManager:220 - loadIPPluginJar : add fmc
2025-04-08 13:38:52,573 [INFO] IPUIPlugin:80 - create IPUIPlugin
2025-04-08 13:38:52,573 [INFO] PluginManager:220 - loadIPPluginJar : add freertos
2025-04-08 13:38:52,577 [INFO] IPUIPlugin:80 - create IPUIPlugin
2025-04-08 13:38:52,577 [INFO] PluginManager:220 - loadIPPluginJar : add genericplugin
2025-04-08 13:38:52,581 [INFO] IPUIPlugin:80 - create IPUIPlugin
2025-04-08 13:38:52,581 [INFO] PluginManager:220 - loadIPPluginJar : add gfxmmu
2025-04-08 13:38:52,591 [INFO] IPUIPlugin:80 - create IPUIPlugin
2025-04-08 13:38:52,592 [INFO] PluginManager:220 - loadIPPluginJar : add gic
2025-04-08 13:38:52,599 [INFO] IPUIPlugin:80 - create IPUIPlugin
2025-04-08 13:38:52,599 [INFO] PluginManager:220 - loadIPPluginJar : add gpio
2025-04-08 13:38:52,605 [INFO] IPUIPlugin:80 - create IPUIPlugin
2025-04-08 13:38:52,605 [INFO] PluginManager:220 - loadIPPluginJar : add gtzc
2025-04-08 13:38:52,611 [INFO] IPUIPlugin:80 - create IPUIPlugin
2025-04-08 13:38:52,612 [INFO] PluginManager:220 - loadIPPluginJar : add hash
2025-04-08 13:38:52,617 [INFO] IPUIPlugin:80 - create IPUIPlugin
2025-04-08 13:38:52,617 [INFO] PluginManager:220 - loadIPPluginJar : add i2c
2025-04-08 13:38:52,621 [INFO] IPUIPlugin:80 - create IPUIPlugin
2025-04-08 13:38:52,621 [INFO] PluginManager:220 - loadIPPluginJar : add i2s
2025-04-08 13:38:52,627 [INFO] IPUIPlugin:80 - create IPUIPlugin
2025-04-08 13:38:52,627 [INFO] PluginManager:220 - loadIPPluginJar : add i3c
2025-04-08 13:38:52,635 [INFO] IPUIPlugin:80 - create IPUIPlugin
2025-04-08 13:38:52,636 [INFO] PluginManager:220 - loadIPPluginJar : add ipddr
2025-04-08 13:38:52,649 [INFO] IPUIPlugin:80 - create IPUIPlugin
2025-04-08 13:38:52,649 [INFO] PluginManager:220 - loadIPPluginJar : add linkedlist
2025-04-08 13:38:52,654 [INFO] IPUIPlugin:80 - create IPUIPlugin
2025-04-08 13:38:52,654 [INFO] PluginManager:220 - loadIPPluginJar : add lorawan
2025-04-08 13:38:52,658 [INFO] IPUIPlugin:80 - create IPUIPlugin
2025-04-08 13:38:52,658 [INFO] PluginManager:220 - loadIPPluginJar : add ltdc
2025-04-08 13:38:52,668 [INFO] IPUIPlugin:80 - create IPUIPlugin
2025-04-08 13:38:52,668 [INFO] PluginManager:220 - loadIPPluginJar : add mdma
2025-04-08 13:38:52,673 [INFO] IPUIPlugin:80 - create IPUIPlugin
2025-04-08 13:38:52,674 [INFO] PluginManager:220 - loadIPPluginJar : add nvic
2025-04-08 13:38:52,680 [INFO] IPUIPlugin:80 - create IPUIPlugin
2025-04-08 13:38:52,681 [INFO] PluginManager:220 - loadIPPluginJar : add opamp
2025-04-08 13:38:52,687 [INFO] IPUIPlugin:80 - create IPUIPlugin
2025-04-08 13:38:52,687 [INFO] PluginManager:220 - loadIPPluginJar : add openamp
2025-04-08 13:38:52,693 [INFO] IPUIPlugin:80 - create IPUIPlugin
2025-04-08 13:38:52,693 [INFO] PluginManager:220 - loadIPPluginJar : add pdm2pcm
2025-04-08 13:38:52,704 [INFO] IPUIPlugin:80 - create IPUIPlugin
2025-04-08 13:38:52,707 [INFO] PluginManager:220 - loadIPPluginJar : add plateformsettings
2025-04-08 13:38:52,712 [INFO] IPUIPlugin:80 - create IPUIPlugin
2025-04-08 13:38:52,712 [INFO] PluginManager:220 - loadIPPluginJar : add quadspi
2025-04-08 13:38:52,715 [INFO] IPUIPlugin:80 - create IPUIPlugin
2025-04-08 13:38:52,716 [INFO] PluginManager:220 - loadIPPluginJar : add radio
2025-04-08 13:38:52,723 [INFO] IPUIPlugin:80 - create IPUIPlugin
2025-04-08 13:38:52,724 [INFO] PluginManager:220 - loadIPPluginJar : add resmgrutility
2025-04-08 13:38:52,730 [INFO] IPUIPlugin:80 - create IPUIPlugin
2025-04-08 13:38:52,730 [INFO] PluginManager:220 - loadIPPluginJar : add sai
2025-04-08 13:38:52,733 [INFO] IPUIPlugin:80 - create IPUIPlugin
2025-04-08 13:38:52,733 [INFO] PluginManager:220 - loadIPPluginJar : add spi
2025-04-08 13:38:52,743 [INFO] IPUIPlugin:80 - create IPUIPlugin
2025-04-08 13:38:52,743 [INFO] PluginManager:220 - loadIPPluginJar : add stm32_wpan
2025-04-08 13:38:52,746 [INFO] IPUIPlugin:80 - create IPUIPlugin
2025-04-08 13:38:52,747 [INFO] PluginManager:220 - loadIPPluginJar : add tim
2025-04-08 13:38:52,751 [INFO] IPUIPlugin:80 - create IPUIPlugin
2025-04-08 13:38:52,751 [INFO] PluginManager:220 - loadIPPluginJar : add touchsensing
2025-04-08 13:38:52,754 [INFO] IPUIPlugin:80 - create IPUIPlugin
2025-04-08 13:38:52,754 [INFO] PluginManager:220 - loadIPPluginJar : add tracer_emb
2025-04-08 13:38:52,759 [INFO] IPUIPlugin:80 - create IPUIPlugin
2025-04-08 13:38:52,759 [INFO] PluginManager:220 - loadIPPluginJar : add ts
2025-04-08 13:38:52,762 [INFO] IPUIPlugin:80 - create IPUIPlugin
2025-04-08 13:38:52,762 [INFO] PluginManager:220 - loadIPPluginJar : add tsc
2025-04-08 13:38:52,765 [INFO] IPUIPlugin:80 - create IPUIPlugin
2025-04-08 13:38:52,766 [INFO] PluginManager:220 - loadIPPluginJar : add ucpd
2025-04-08 13:38:52,769 [INFO] IPUIPlugin:80 - create IPUIPlugin
2025-04-08 13:38:52,769 [INFO] PluginManager:220 - loadIPPluginJar : add usart
2025-04-08 13:38:52,776 [INFO] IPUIPlugin:80 - create IPUIPlugin
2025-04-08 13:38:52,776 [INFO] PluginManager:220 - loadIPPluginJar : add usbx
2025-04-08 13:38:52,928 [FATAL] Updater:351 - Updater called before beeing initialized
2025-04-08 13:38:52,959 [INFO] RulesReader:64 - Compatibility file has been processed (301 Rules)
2025-04-08 13:38:52,973 [INFO] RulesReader:64 - Compatibility file has been processed (301 Rules)
2025-04-08 13:38:52,984 [INFO] CADModel:165 - CPN selected for project level
2025-04-08 13:38:52,984 [INFO] CADModel:114 - Register for checkConnection events
2025-04-08 13:38:52,984 [FATAL] Updater:351 - Updater called before beeing initialized
2025-04-08 13:38:52,986 [ERROR] CADModel:125 - Updater not yet initialized, retry later 
2025-04-08 13:38:53,203 [FATAL] Updater:351 - Updater called before beeing initialized
2025-04-08 13:38:53,206 [INFO] CADModel:165 - CPN selected for project level
2025-04-08 13:38:53,206 [INFO] CADModel:114 - Register for checkConnection events
2025-04-08 13:38:53,206 [FATAL] Updater:351 - Updater called before beeing initialized
2025-04-08 13:38:53,206 [ERROR] CADModel:125 - Updater not yet initialized, retry later 
2025-04-08 13:38:53,213 [FATAL] Updater:351 - Updater called before beeing initialized
2025-04-08 13:38:53,403 [FATAL] Updater:351 - Updater called before beeing initialized
2025-04-08 13:38:53,408 [INFO] DbMcusAds:53 - JSON generation date=Thu Mar 06 22:54:21 CST 2025 (1741272861825)
2025-04-08 13:38:53,408 [FATAL] Updater:351 - Updater called before beeing initialized
2025-04-08 13:38:53,464 [WARN] DetailPanel:346 - Failed to get advertising image, set to default
2025-04-08 13:38:53,812 [FATAL] Updater:351 - Updater called before beeing initialized
2025-04-08 13:38:53,814 [FATAL] Updater:351 - Updater called before beeing initialized
2025-04-08 13:38:53,814 [FATAL] Updater:351 - Updater called before beeing initialized
2025-04-08 13:38:53,814 [WARN] DetailPanel:346 - Failed to get advertising image, set to default
2025-04-08 13:38:53,815 [FATAL] Updater:351 - Updater called before beeing initialized
2025-04-08 13:38:53,879 [ERROR] Updater:1198 - MainUpdater not yet initialized. External WinMGr cannot be set.
2025-04-08 13:38:53,883 [INFO] Updater:1134 - Updater Version found : 6.14.0
2025-04-08 13:38:53,905 [INFO] ApplicationProperties:184 - Using Application install path: D:\Download\STM32\STM32CubeIDE_1.14.1\STM32CubeIDE\plugins\com.st.stm32cube.common.mx_6.14.0.202502271554
2025-04-08 13:38:54,352 [INFO] MainUpdater:2872 - connection check result : 10
2025-04-08 13:38:54,353 [INFO] MainUpdater:3566 - Updater definition file requires update
2025-04-08 13:38:54,355 [INFO] MainUpdater:289 - Updater Check For Update Now.
2025-04-08 13:38:54,355 [INFO] MicroXplorer:498 - Change Database Version : DB.6.0.140
2025-04-08 13:38:54,363 [INFO] McuFinderGlobals:63 - Set McuFinder mode to 2 (CubeIDE integrated)
2025-04-08 13:38:54,363 [INFO] UserAuth:171 - activating auth plugin
2025-04-08 13:38:54,367 [INFO] UserAuth:486 - Internet connection configuration mode: 1
2025-04-08 13:38:54,386 [INFO] JxBrowserEngine:152 - Initiate JxBrowser Engine with user profile folder
2025-04-08 13:38:54,481 [INFO] ServerAccessManage:473 - Download File updaters.zip
2025-04-08 13:38:54,555 [INFO] FileExtend:242 - Unzip File : updaters.zip
2025-04-08 13:38:54,556 [INFO] FileExtend:257 - Standard Zip Deflate
2025-04-08 13:38:54,651 [WARN] MainUpdater:1193 - Updater busy. Cannot search thirdparties
2025-04-08 13:38:54,660 [INFO] ThirdPartyUpdaterWithRetryManager:96 - Updater plugin is busy. [1/15]
2025-04-08 13:38:55,267 [INFO] ServerAccessManage:473 - Download File PacksControlFlags.xml
2025-04-08 13:38:55,444 [INFO] ServerAccessManage:473 - Download File cubemx.pidx
2025-04-08 13:38:55,668 [INFO] LoadServerUpdatesThread:375 - End of LoadServerUpdate Thread
2025-04-08 13:38:55,896 [INFO] WebApp:169 - Instantiating new browser for Auth
2025-04-08 13:38:55,958 [INFO] CheckServerUpdateThread:120 - End of CheckServer Thread
2025-04-08 13:38:57,222 [INFO] WebApp:463 - Apply proxy settings
2025-04-08 13:38:57,223 [INFO] WebApp:548 - Chromium requires no authentication
2025-04-08 13:38:57,233 [INFO] WebApp:491 - Direct internet connection detected
2025-04-08 13:38:57,274 [INFO] WebApp:894 - Register for checkConnection events
2025-04-08 13:38:57,275 [INFO] WebApp:463 - Apply proxy settings
2025-04-08 13:38:57,276 [INFO] WebApp:548 - Chromium requires no authentication
2025-04-08 13:38:57,276 [INFO] WebApp:491 - Direct internet connection detected
2025-04-08 13:38:57,501 [INFO] WebApp:225 - Starting web application
2025-04-08 13:38:57,501 [INFO] WebApp:593 - Web application path used D:\Download\STM32\STM32CubeIDE_1.14.1\STM32CubeIDE\plugins\com.st.stm32cube.common.mx_6.14.0.202502271554\db\plugins\mcufinder\reactClient1\index.html
2025-04-08 13:38:58,188 [WARN] PackLoader:240 - Cannot read IP mode file for STMicroelectronics.FP-ATR-ASTRA1.2.0.2
2025-04-08 13:38:58,196 [WARN] PackLoader:240 - Cannot read IP mode file for STMicroelectronics.FP-ATR-ASTRA1.2.0.1
2025-04-08 13:38:58,213 [WARN] PackLoader:240 - Cannot read IP mode file for STMicroelectronics.X-CUBE-SMBUS.2.1.0
2025-04-08 13:38:58,262 [WARN] PackLoader:240 - Cannot read IP mode file for STMicroelectronics.X-CUBE-AZRTOS-F7.1.1.0
2025-04-08 13:38:58,396 [WARN] PackLoader:240 - Cannot read IP mode file for STMicroelectronics.X-CUBE-MEMS1.11.0.0
2025-04-08 13:38:58,690 [WARN] PackLoader:240 - Cannot read IP mode file for STMicroelectronics.FP-SNS-FLIGHT1.5.0.2
2025-04-08 13:38:58,727 [WARN] PackLoader:240 - Cannot read IP mode file for Infineon.AIROC-Wi-Fi-Bluetooth-STM32.1.7.0
2025-04-08 13:38:58,747 [WARN] PackLoader:240 - Cannot read IP mode file for STMicroelectronics.X-CUBE-DISPLAY.3.0.0
2025-04-08 13:38:58,761 [WARN] PackLoader:240 - Cannot read IP mode file for STMicroelectronics.X-CUBE-BLE1.7.0.0
2025-04-08 13:38:58,776 [WARN] PackLoader:240 - Cannot read IP mode file for STMicroelectronics.X-CUBE-BLEMGR.4.0.0
2025-04-08 13:38:58,786 [WARN] PackLoader:240 - Cannot read IP mode file for emotas.I-CUBE-CANOPEN.1.3.0
2025-04-08 13:38:58,797 [WARN] PackLoader:240 - Cannot read IP mode file for STMicroelectronics.X-CUBE-BLEMGR.3.1.0
2025-04-08 13:38:58,805 [WARN] PackLoader:240 - Cannot read IP mode file for STMicroelectronics.X-CUBE-AI.10.0.0
2025-04-08 13:38:58,812 [WARN] PackLoader:240 - Cannot read IP mode file for STMicroelectronics.FP-SNS-SMARTAG2.1.2.0
2025-04-08 13:38:58,817 [WARN] PackLoader:240 - Cannot read IP mode file for STMicroelectronics.FP-SNS-FLIGHT1.5.1.0
2025-04-08 13:38:58,869 [WARN] PackLoader:240 - Cannot read IP mode file for STMicroelectronics.X-CUBE-MEMS1.11.1.0
2025-04-08 13:38:59,014 [INFO] LogOutputStream:77 - [STDOUT_REDIRECT] 1 : Invalid condition id : UX_CORESTACK_Condition cause : null
2025-04-08 13:38:59,015 [INFO] LogOutputStream:77 - [STDOUT_REDIRECT] 1 : Invalid condition id : UX_CORESTACK_Condition cause : null
2025-04-08 13:38:59,016 [INFO] LogOutputStream:77 - [STDOUT_REDIRECT] 1 : Invalid condition id : UX_CORESTACK_Condition cause : null
2025-04-08 13:38:59,017 [INFO] LogOutputStream:77 - [STDOUT_REDIRECT] 1 : Invalid condition id : UX_CORESTACK_Condition cause : null
2025-04-08 13:38:59,017 [INFO] LogOutputStream:77 - [STDOUT_REDIRECT] 1 : Invalid condition id : UX_CORESTACK_Condition cause : null
2025-04-08 13:38:59,019 [WARN] PackLoader:240 - Cannot read IP mode file for STMicroelectronics.X-CUBE-AZRTOS-WL.2.0.0
2025-04-08 13:38:59,029 [WARN] PackLoader:240 - Cannot read IP mode file for wolfSSL.I-CUBE-wolfMQTT.1.19.0
2025-04-08 13:38:59,035 [WARN] PackLoader:240 - Cannot read IP mode file for STMicroelectronics.X-CUBE-BLE2.3.3.0
2025-04-08 13:38:59,042 [WARN] PackLoader:240 - Cannot read IP mode file for STMicroelectronics.X-CUBE-BLE1.7.1.0
2025-04-08 13:38:59,049 [WARN] PackLoader:240 - Cannot read IP mode file for STMicroelectronics.X-CUBE-TCPP.4.1.0
2025-04-08 13:38:59,072 [WARN] PackLoader:240 - Cannot read IP mode file for STMicroelectronics.X-CUBE-AZRTOS-G0.1.1.0
2025-04-08 13:38:59,085 [WARN] PackLoader:240 - Cannot read IP mode file for STMicroelectronics.X-CUBE-SAFEA1.1.2.2
2025-04-08 13:38:59,093 [WARN] PackLoader:240 - Cannot read IP mode file for STMicroelectronics.X-CUBE-NFC4.3.0.0
2025-04-08 13:38:59,110 [WARN] PackLoader:240 - Cannot read IP mode file for EmbeddedOffice.I-CUBE-FS-RTOS.1.0.1
2025-04-08 13:38:59,118 [WARN] PackLoader:240 - Cannot read IP mode file for STMicroelectronics.X-CUBE-TCPP.4.2.0
2025-04-08 13:38:59,128 [WARN] PackLoader:240 - Cannot read IP mode file for RealThread.X-CUBE-RT-Thread_Nano.4.1.1
2025-04-08 13:38:59,135 [WARN] PackLoader:240 - Cannot read IP mode file for STMicroelectronics.FP-ATR-SIGFOX1.3.2.0
2025-04-08 13:38:59,145 [WARN] PackLoader:240 - Cannot read IP mode file for wolfSSL.I-CUBE-wolfSSL.5.7.2
2025-04-08 13:38:59,150 [WARN] ConditionMgr:438 - getConditionDescription Invalid condition id : Cortex-A Device cause : null
2025-04-08 13:38:59,173 [INFO] LogOutputStream:77 - [STDOUT_REDIRECT] [ThirdParty] unknown protocol: c
2025-04-08 13:38:59,174 [WARN] PackLoader:240 - Cannot read IP mode file for quantropi.X-CUBE-qispace-sdk-base.1.9.3
2025-04-08 13:38:59,175 [WARN] ConditionMgr:1044 - genDependencies : Invalid condition id : Cortex-A Device cause : null
2025-04-08 13:38:59,175 [WARN] ConditionMgr:1044 - genDependencies : Invalid condition id : Cortex-A Device cause : null
2025-04-08 13:38:59,175 [WARN] ConditionMgr:1044 - genDependencies : Invalid condition id : Cortex-A Device cause : null
2025-04-08 13:38:59,185 [WARN] PackLoader:240 - Cannot read IP mode file for STMicroelectronics.X-CUBE-EEPRMA1.5.1.0
2025-04-08 13:38:59,200 [WARN] PackLoader:240 - Cannot read IP mode file for ITTIA_DB.I-CUBE-ITTIADB.8.9.0
2025-04-08 13:38:59,247 [WARN] PackLoader:240 - Cannot read IP mode file for SEGGER.I-CUBE-embOS.1.3.1
2025-04-08 13:38:59,302 [WARN] PackLoader:240 - Cannot read IP mode file for STMicroelectronics.X-CUBE-ALGOBUILD.1.4.0
2025-04-08 13:38:59,314 [WARN] PackLoader:240 - Cannot read IP mode file for STMicroelectronics.X-CUBE-GNSS1.6.0.0
2025-04-08 13:38:59,336 [WARN] PackLoader:240 - Cannot read IP mode file for STMicroelectronics.X-CUBE-AZRTOS-F4.1.1.0
2025-04-08 13:38:59,348 [WARN] PackLoader:240 - Cannot read IP mode file for STMicroelectronics.X-CUBE-FREERTOS.1.2.0
2025-04-08 13:38:59,371 [WARN] PackLoader:240 - Cannot read IP mode file for STMicroelectronics.X-CUBE-AZRTOS-L5.2.0.0
2025-04-08 13:38:59,383 [WARN] PackLoader:240 - Cannot read IP mode file for STMicroelectronics.X-CUBE-DPower.1.2.0
2025-04-08 13:38:59,388 [WARN] PackLoader:240 - Cannot read IP mode file for STMicroelectronics.X-CUBE-AI.9.0.0
2025-04-08 13:38:59,397 [WARN] PackLoader:240 - Cannot read IP mode file for STMicroelectronics.X-CUBE-FREERTOS.1.3.0
2025-04-08 13:38:59,403 [WARN] PackLoader:240 - Cannot read IP mode file for STMicroelectronics.X-CUBE-NFC7.1.0.1
2025-04-08 13:38:59,410 [WARN] PackLoader:240 - Cannot read IP mode file for wolfSSL.I-CUBE-wolfTPM.3.2.0
2025-04-08 13:38:59,418 [WARN] PackLoader:240 - Cannot read IP mode file for STMicroelectronics.X-CUBE-DPower.1.3.0
2025-04-08 13:38:59,446 [WARN] ConditionMgr:438 - getConditionDescription Invalid condition id : LAN8742 Phy interface Condition cause : null
2025-04-08 13:38:59,447 [WARN] PackLoader:240 - Cannot read IP mode file for STMicroelectronics.X-CUBE-AZRTOS-L4.2.0.0
2025-04-08 13:38:59,448 [WARN] ConditionMgr:1044 - genDependencies : Invalid condition id : LAN8742 Phy interface Condition cause : null
2025-04-08 13:38:59,448 [WARN] ConditionMgr:1044 - genDependencies : Invalid condition id : LAN8742 Phy interface Condition cause : null
2025-04-08 13:38:59,449 [WARN] ConditionMgr:1044 - genDependencies : Invalid condition id : LAN8742 Phy interface Condition cause : null
2025-04-08 13:38:59,461 [WARN] PackLoader:240 - Cannot read IP mode file for STMicroelectronics.X-CUBE-SFXS2LP1.4.0.0
2025-04-08 13:38:59,479 [WARN] PackLoader:240 - Cannot read IP mode file for STMicroelectronics.X-CUBE-IPS.3.0.0
2025-04-08 13:38:59,502 [WARN] ConditionMgr:438 - getConditionDescription Invalid condition id : UX DEVICE CLASS RTOS Condition cause : null
2025-04-08 13:38:59,502 [WARN] ConditionMgr:438 - getConditionDescription Invalid condition id : UX DEVICE CLASS RTOS Condition cause : null
2025-04-08 13:38:59,505 [WARN] PackLoader:240 - Cannot read IP mode file for STMicroelectronics.X-CUBE-AZRTOS-WB.2.0.0
2025-04-08 13:38:59,506 [WARN] ConditionMgr:1044 - genDependencies : Invalid condition id : UX DEVICE CLASS RTOS Condition cause : null
2025-04-08 13:38:59,506 [WARN] ConditionMgr:1044 - genDependencies : Invalid condition id : UX DEVICE CLASS RTOS Condition cause : null
2025-04-08 13:38:59,507 [WARN] ConditionMgr:1044 - genDependencies : Invalid condition id : UX DEVICE CLASS RTOS Condition cause : null
2025-04-08 13:38:59,507 [WARN] ConditionMgr:1044 - genDependencies : Invalid condition id : UX DEVICE CLASS RTOS Condition cause : null
2025-04-08 13:38:59,508 [WARN] ConditionMgr:1044 - genDependencies : Invalid condition id : UX DEVICE CLASS RTOS Condition cause : null
2025-04-08 13:38:59,518 [WARN] PackLoader:240 - Cannot read IP mode file for STMicroelectronics.X-CUBE-GNSS1.7.0.0
2025-04-08 13:38:59,527 [WARN] PackLoader:240 - Cannot read IP mode file for STMicroelectronics.X-CUBE-GNSS1.7.0.1
2025-04-08 13:38:59,535 [WARN] PackLoader:240 - Cannot read IP mode file for STMicroelectronics.X-CUBE-TOUCHGFX.4.25.0
2025-04-08 13:38:59,543 [WARN] PackLoader:240 - Cannot read IP mode file for STMicroelectronics.FP-SNS-STBOX1.2.0.0
2025-04-08 13:38:59,561 [WARN] PackLoader:240 - Cannot read IP mode file for STMicroelectronics.X-CUBE-SUBG2.5.0.0
2025-04-08 13:38:59,590 [WARN] PackLoader:240 - Cannot read IP mode file for STMicroelectronics.X-CUBE-AZRTOS-H7RS.1.1.0
2025-04-08 13:38:59,611 [WARN] PackLoader:240 - Cannot read IP mode file for STMicroelectronics.X-CUBE-AZRTOS-G4.2.0.0
2025-04-08 13:38:59,621 [WARN] PackLoader:240 - Cannot read IP mode file for STMicroelectronics.X-CUBE-ISPU.2.0.0
2025-04-08 13:38:59,635 [WARN] PackLoader:240 - Cannot read IP mode file for STMicroelectronics.X-CUBE-IPS.3.1.0
2025-04-08 13:38:59,684 [WARN] PackLoader:240 - Cannot read IP mode file for STMicroelectronics.X-CUBE-MEMS1.10.0.0
2025-04-08 13:38:59,872 [WARN] PackLoader:240 - Cannot read IP mode file for STMicroelectronics.X-CUBE-TOUCHGFX.4.24.0
2025-04-08 13:38:59,878 [WARN] PackLoader:240 - Cannot read IP mode file for STMicroelectronics.X-CUBE-TOUCHGFX.4.24.2
2025-04-08 13:38:59,890 [WARN] PackLoader:240 - Cannot read IP mode file for STMicroelectronics.X-CUBE-TOUCHGFX.4.24.1
2025-04-08 13:38:59,901 [WARN] PackLoader:240 - Cannot read IP mode file for portGmbH.I-Cube-SoM-uGOAL.1.1.0
2025-04-08 13:38:59,927 [WARN] PackLoader:240 - Cannot read IP mode file for STMicroelectronics.X-CUBE-AZRTOS-H7RS.1.0.0
2025-04-08 13:38:59,942 [WARN] PackLoader:240 - Cannot read IP mode file for STMicroelectronics.FP-ATR-ASTRA1.2.0.0
2025-04-08 13:38:59,958 [WARN] PackLoader:240 - Cannot read IP mode file for STMicroelectronics.X-CUBE-TOF1.3.4.2
2025-04-08 13:39:00,002 [WARN] PackLoader:240 - Cannot read IP mode file for STMicroelectronics.X-CUBE-AZRTOS-H7.3.2.0
2025-04-08 13:39:00,017 [WARN] PackLoader:240 - Cannot read IP mode file for wolfSSL.I-CUBE-wolfSSH.1.4.17
2025-04-08 13:39:00,018 [INFO] ThirdParty:978 - Integrity check success = true
2025-04-08 13:39:00,018 [INFO] IntegrityCheckThread:100 - exiting critical section [integrity check]
2025-04-08 13:39:00,018 [INFO] IntegrityCheckThread:103 - End integrity checks thread
2025-04-08 15:48:33,175 [INFO] McuFinderGlobals:63 - Set McuFinder mode to 2 (CubeIDE integrated)
2025-04-08 15:48:33,182 [INFO] MainUpdater:2872 - connection check result : 10
2025-04-08 15:48:33,183 [INFO] MainUpdater:2872 - connection check result : 10
2025-04-08 15:48:33,238 [INFO] MicroXplorer:468 - Change Database Path : 
2025-04-08 15:48:33,239 [INFO] MicroXplorer:498 - Change Database Version : DB.6.0.140
2025-04-08 15:48:33,248 [WARN] ThirdParty:871 - waiting for thirdparty lock release [close project]
2025-04-08 15:48:33,248 [INFO] ThirdParty:873 - entering critical section [close project]
2025-04-08 15:48:33,250 [INFO] ThirdParty:883 - exiting critical section [close project]
2025-04-08 15:48:33,253 [INFO] PinOutPanel:1589 - setPackage(No Configuration,No Configuration)
2025-04-08 15:48:33,268 [INFO] UtilMem:75 - Begin LoadConfig() Used Memory: 290827960 Bytes (483393536)
2025-04-08 15:48:33,273 [INFO] MicroXplorer:468 - Change Database Path : 
2025-04-08 15:48:33,273 [INFO] MicroXplorer:498 - Change Database Version : DB.6.0.140
2025-04-08 15:48:33,273 [INFO] OpenFileManager:354 - Change cursor
2025-04-08 15:48:33,366 [INFO] Mcu:2011 - Initializing MCU STM32G431C(6-8-B)Tx STM32G431C8Tx STM32G431C8T6
2025-04-08 15:48:36,923 [INFO] Context:756 - Trying to add GPIOservice into a context  which must be forbidden
2025-04-08 15:48:38,778 [INFO] ImportTextPane:218 - (OptionalMessage_ERROR) Pin9 (VP_RIF_VS_RIF1) cannot be retrieved for this MCU
2025-04-08 15:48:39,073 [INFO] RtosManager:558 - Registered RTOS mode: class=CMSIS, group=RTOS, mode=CMSIS_V1, owner=FREERTOS
2025-04-08 15:48:39,073 [INFO] RtosManager:558 - Registered RTOS mode: class=CMSIS, group=RTOS2, mode=CMSIS_V2, owner=FREERTOS
2025-04-08 15:48:39,074 [INFO] RtosManager:558 - Registered RTOS mode: class=RTOS, group=Core, mode=CMSIS_V1, owner=FREERTOS
2025-04-08 15:48:39,074 [INFO] RtosManager:558 - Registered RTOS mode: class=RTOS, group=Core, mode=CMSIS_V2, owner=FREERTOS
2025-04-08 15:48:39,074 [WARN] ModelIntegratedComponent:184 - Missing modes for component STMicroelectronics:FreeRTOS:0.0.1:STMicroelectronics:RTOS:FreeRTOS:Core:::10.2.0:
2025-04-08 15:48:39,113 [WARN] ModelIntegratedComponent:63 - No mode defined for component null
2025-04-08 15:48:39,114 [WARN] ModelIntegratedComponent:63 - No mode defined for component null
2025-04-08 15:48:39,114 [WARN] ModelIntegratedComponent:63 - No mode defined for component null
2025-04-08 15:48:39,114 [WARN] ModelIntegratedComponent:63 - No mode defined for component null
2025-04-08 15:48:39,114 [WARN] ModelIntegratedComponent:63 - No mode defined for component null
2025-04-08 15:48:39,114 [WARN] ModelIntegratedComponent:63 - No mode defined for component null
2025-04-08 15:48:39,115 [WARN] ModelIntegratedComponent:63 - No mode defined for component null
2025-04-08 15:48:39,115 [WARN] ModelIntegratedComponent:63 - No mode defined for component null
2025-04-08 15:48:39,115 [WARN] ModelIntegratedComponent:63 - No mode defined for component null
2025-04-08 15:48:39,115 [WARN] ModelIntegratedComponent:63 - No mode defined for component null
2025-04-08 15:48:39,115 [WARN] ModelIntegratedComponent:63 - No mode defined for component null
2025-04-08 15:48:39,116 [WARN] ModelIntegratedComponent:63 - No mode defined for component null
2025-04-08 15:48:39,116 [WARN] ModelIntegratedComponent:63 - No mode defined for component null
2025-04-08 15:48:39,116 [WARN] ModelIntegratedComponent:63 - No mode defined for component null
2025-04-08 15:48:39,116 [WARN] ModelIntegratedComponent:63 - No mode defined for component null
2025-04-08 15:48:39,116 [WARN] ModelIntegratedComponent:63 - No mode defined for component null
2025-04-08 15:48:39,116 [WARN] ModelIntegratedComponent:63 - No mode defined for component null
2025-04-08 15:48:39,116 [WARN] ModelIntegratedComponent:63 - No mode defined for component null
2025-04-08 15:48:39,117 [WARN] ModelIntegratedComponent:63 - No mode defined for component null
2025-04-08 15:48:39,117 [WARN] ModelIntegratedComponent:63 - No mode defined for component null
2025-04-08 15:48:39,117 [WARN] ModelIntegratedComponent:63 - No mode defined for component null
2025-04-08 15:48:39,117 [WARN] ModelIntegratedComponent:63 - No mode defined for component null
2025-04-08 15:48:39,117 [WARN] ModelIntegratedComponent:63 - No mode defined for component null
2025-04-08 15:48:39,117 [WARN] ModelIntegratedComponent:63 - No mode defined for component null
2025-04-08 15:48:39,118 [WARN] ModelIntegratedComponent:63 - No mode defined for component null
2025-04-08 15:48:39,118 [WARN] ModelIntegratedComponent:63 - No mode defined for component null
2025-04-08 15:48:39,118 [WARN] ModelIntegratedComponent:63 - No mode defined for component null
2025-04-08 15:48:39,119 [WARN] ModelIntegratedComponent:63 - No mode defined for component null
2025-04-08 15:48:39,119 [WARN] ModelIntegratedComponent:63 - No mode defined for component null
2025-04-08 15:48:39,119 [WARN] ModelIntegratedComponent:63 - No mode defined for component null
2025-04-08 15:48:39,120 [WARN] ModelIntegratedComponent:63 - No mode defined for component null
2025-04-08 15:48:39,120 [WARN] ModelIntegratedComponent:63 - No mode defined for component null
2025-04-08 15:48:39,120 [WARN] ModelIntegratedComponent:63 - No mode defined for component null
2025-04-08 15:48:39,120 [WARN] ModelIntegratedComponent:63 - No mode defined for component null
2025-04-08 15:48:39,120 [WARN] ModelIntegratedComponent:63 - No mode defined for component null
2025-04-08 15:48:39,121 [WARN] ModelPack:524 - Component already loaded: STMicroelectronics:HAL Drivers:0.0.0:STMicroelectronics:Device:STMicro_Driver:XSPI:HAL::0.0.1:HAL_XSPI
2025-04-08 15:48:39,377 [INFO] ThirdPartyModel:298 - Start build external matchings
2025-04-08 15:48:40,237 [INFO] ThirdPartyModel:316 - End build external matchings
2025-04-08 15:48:40,271 [INFO] ImportTextPane:218 - (OptionalMessage_ERROR) IP (DMA) : Parameter (Instance) has Id (USART1_RX) currently not set
2025-04-08 15:48:40,271 [INFO] ImportTextPane:218 - (OptionalMessage_ERROR) IP (DMA) : Parameter (Request) has Id (USART1_RX) currently not set
2025-04-08 15:48:40,271 [INFO] ImportTextPane:218 - (OptionalMessage_ERROR) IP (DMA) : Parameter (Direction) has Id (USART1_RX) currently not set
2025-04-08 15:48:40,271 [INFO] ImportTextPane:218 - (OptionalMessage_ERROR) IP (DMA) : Parameter (PeriphInc) has Id (USART1_RX) currently not set
2025-04-08 15:48:40,271 [INFO] ImportTextPane:218 - (OptionalMessage_ERROR) IP (DMA) : Parameter (MemInc) has Id (USART1_RX) currently not set
2025-04-08 15:48:40,272 [INFO] ImportTextPane:218 - (OptionalMessage_ERROR) IP (DMA) : Parameter (PeriphDataAlignment) has Id (USART1_RX) currently not set
2025-04-08 15:48:40,273 [INFO] ImportTextPane:218 - (OptionalMessage_ERROR) IP (DMA) : Parameter (MemDataAlignment) has Id (USART1_RX) currently not set
2025-04-08 15:48:40,273 [INFO] ImportTextPane:218 - (OptionalMessage_ERROR) IP (DMA) : Parameter (Mode) has Id (USART1_RX) currently not set
2025-04-08 15:48:40,273 [INFO] ImportTextPane:218 - (OptionalMessage_ERROR) IP (DMA) : Parameter (Priority) has Id (USART1_RX) currently not set
2025-04-08 15:48:40,273 [INFO] ImportTextPane:218 - (OptionalMessage_ERROR) IP (DMA) : Parameter (SignalID) has Id (USART1_RX) currently not set
2025-04-08 15:48:40,273 [INFO] ImportTextPane:218 - (OptionalMessage_ERROR) IP (DMA) : Parameter (Polarity) has Id (USART1_RX) currently not set
2025-04-08 15:48:40,273 [INFO] ImportTextPane:218 - (OptionalMessage_ERROR) IP (DMA) : Parameter (RequestNumber) has Id (USART1_RX) currently not set
2025-04-08 15:48:40,273 [INFO] ImportTextPane:218 - (OptionalMessage_ERROR) IP (DMA) : Parameter (SyncSignalID) has Id (USART1_RX) currently not set
2025-04-08 15:48:40,273 [INFO] ImportTextPane:218 - (OptionalMessage_ERROR) IP (DMA) : Parameter (SyncPolarity) has Id (USART1_RX) currently not set
2025-04-08 15:48:40,273 [INFO] ImportTextPane:218 - (OptionalMessage_ERROR) IP (DMA) : Parameter (SyncEnable) has Id (USART1_RX) currently not set
2025-04-08 15:48:40,274 [INFO] ImportTextPane:218 - (OptionalMessage_ERROR) IP (DMA) : Parameter (EventEnable) has Id (USART1_RX) currently not set
2025-04-08 15:48:40,274 [INFO] ImportTextPane:218 - (OptionalMessage_ERROR) IP (DMA) : Parameter (SyncRequestNumber) has Id (USART1_RX) currently not set
2025-04-08 15:48:40,276 [INFO] ImportTextPane:218 - (OptionalMessage_ERROR) IP (RCC) : Invalid parameter (FamilyName)
2025-04-08 15:48:40,278 [INFO] ImportTextPane:218 - (OptionalMessage_ERROR) IP (RCC) : Parameter (RNGFreq_Value) has invalid value (170000000)
2025-04-08 15:48:40,279 [INFO] ImportTextPane:218 - (OptionalMessage_ERROR) IP (RCC) : Parameter (USBFreq_Value) has invalid value (170000000)
2025-04-08 15:48:41,141 [INFO] ApiDb:581 - Connected to CubeFinder SQLite database (C:\Users\莫海峰\.stmcufinder\plugins\mcufinder\mcu\cube-finder-db.db)
2025-04-08 15:48:41,238 [INFO] ApiDb:668 - CubeFinder database Data Model version=2.1
2025-04-08 15:48:41,239 [INFO] ApiDb:669 - CubeFinder database Configuration version=3.0.39
2025-04-08 15:48:41,240 [INFO] ApiDb:670 - CubeFinder database generation date=2025-03-07 (1741340029)
2025-04-08 15:48:41,240 [INFO] ApiDb:671 - CubeFinder database FW Pack versions=[FP-ATR-ASTRA1_V2.0.0, FP-SNS-FLIGHT1_V5.0.2, FP-SNS-MOTENV1_V5.0.0, FP-SNS-MOTENVWB1_V1.4.0, FP-SNS-SMARTAG2_V1.2.0, FP-SNS-STBOX1_V2.0.0, STM32Cube_FW_C0_V1.4.0, STM32Cube_FW_F4_V1.28.1, STM32Cube_FW_F7_V1.17.2, STM32Cube_FW_G0_V1.6.2, STM32Cube_FW_G4_V1.6.1, STM32Cube_FW_H5_V1.5.0, STM32Cube_FW_H7RS_V1.2.0, STM32Cube_FW_H7_V1.12.1, STM32Cube_FW_L0_V1.12.2, STM32Cube_FW_L4_V1.18.1, STM32Cube_FW_L5_V1.5.1, STM32Cube_FW_N6_V1.1.0, STM32Cube_FW_U0_V1.2.0, STM32Cube_FW_U3_V1.1.0, STM32Cube_FW_U5_V1.7.0, STM32Cube_FW_WB0_V1.2.0, STM32Cube_FW_WBA_V1.6.0, STM32Cube_FW_WB_V1.22.0, STM32Cube_FW_WL3_V1.1.0, STM32Cube_FW_WL_V1.3.1, X-CUBE-ALGOBUILD_V1.4.0, X-CUBE-ALS_V1.0.2, X-CUBE-AZRTOS-F4_V1.1.0, X-CUBE-AZRTOS-F7_V1.1.0, X-CUBE-AZRTOS-G0_V1.1.0, X-CUBE-AZRTOS-G4_V2.0.0, X-CUBE-AZRTOS-H7RS_V1.0.0, X-CUBE-AZRTOS-H7_V3.3.0, X-CUBE-AZRTOS-L4_V2.0.0, X-CUBE-AZRTOS-L5_V2.0.0, X-CUBE-AZRTOS-WB_V2.0.0, X-CUBE-AZRTOS-WL_V2.0.0, X-CUBE-BLE1_V7.1.0, X-CUBE-BLE2_V3.3.0, X-CUBE-BLEMGR_V4.0.0, X-CUBE-EEPRMA1_V5.1.0, X-CUBE-FREERTOS_V1.3.0, X-CUBE-GNSS1_V6.0.0, X-CUBE-MEMS1_V11.1.0, X-CUBE-NFC4_V3.0.0, X-CUBE-NFC7_V1.0.1, X-CUBE-SFXS2LP1_V4.0.0, X-CUBE-SUBG2_V5.0.0, X-CUBE-TOF1_V3.4.2]
2025-04-08 15:48:41,366 [INFO] DbBoardsSqlite:226 - include board P-NUCLEO-WB55-NUCLEO as a kit item of type 'Nucleo-64'
2025-04-08 15:48:41,366 [INFO] DbBoardsSqlite:226 - include board P-NUCLEO-WB55-USBDONGLE as a kit item of type 'Nucleo USB Dongle'
2025-04-08 15:48:41,368 [INFO] DbBoardsSqlite:226 - include board STEVAL-IDP005V1 as a kit item of type 'Evaluation Board'
2025-04-08 15:48:41,368 [INFO] DbBoardsSqlite:226 - include board STEVAL-IDP005V2 as a kit item of type 'Evaluation Board'
2025-04-08 15:48:41,722 [INFO] ApiDb:240 - Found 895 in-development CPN: [B-G473E-ZEST1S, B-WB1M-WPAN1, B-WBA5M-WPAN, B-WL5M-SUBG1, NUCLEO-C031C6, NUCLEO-C051C8, NUCLEO-C071RB, NUCLEO-C092RC, NUCLEO-H503RB, NUCLEO-H533RE, NUCLEO-H563ZI, NUCLEO-H7S3L8, NUCLEO-N657X0-Q, NUCLEO-U031R8, NUCLEO-U083RC, NUCLEO-U385RG-Q, NUCLEO-U545RE-Q, NUCLEO-U5A5ZJ-Q, NUCLEO-WB05KZ, NUCLEO-WB07CC, NUCLEO-WB09KE, NUCLEO-WBA52CG, NUCLEO-WBA55CG, NUCLEO-WBA65RI, NUCLEO-WL33CC1, NUCLEO-WL33CC2, STEVAL-PROTEUS1, STEVAL-SMARTAG2, STEVAL-STWINBX1, STM320518-EVAL, STM32C0116-DK, STM32C011D6Y3TR, STM32C011D6Y6TR, STM32C011F4P3, STM32C011F4P6, STM32C011F4U3, STM32C011F4U6TR, STM32C011F6P3, STM32C011F6P6, STM32C011F6U3, STM32C011F6U6TR, STM32C011J4M3, STM32C011J4M6, STM32C011J6M3, STM32C011J6M6, STM32C0316-DK, STM32C031C4T3, STM32C031C4T6, STM32C031C4U3, STM32C031C4U6, STM32C031C6T3, STM32C031C6T6, STM32C031C6U3, STM32C031C6U6, STM32C031F4P3, STM32C031F4P6, STM32C031F6P3, STM32C031F6P6, STM32C031G4U3, STM32C031G4U6, STM32C031G6U3, STM32C031G6U6, STM32C031K4T3, STM32C031K4T6, STM32C031K4U3, STM32C031K4U6, STM32C031K6T3, STM32C031K6T6, STM32C031K6U3, STM32C031K6U6, STM32C051C6T6, STM32C051C6U6, STM32C051C8T6, STM32C051C8U6, STM32C051D8Y6TR, STM32C051F6P6, STM32C051F8P6, STM32C051G6U6, STM32C051G8U6, STM32C051K6T6, STM32C051K6U6, STM32C051K8T6, STM32C071C8T6, STM32C071C8T6N, STM32C071C8U6, STM32C071C8U6N, STM32C071CBT6, STM32C071CBT6N, STM32C071CBU6, STM32C071CBU6N, STM32C071F8P6, STM32C071F8P6N, STM32C071FBP6, STM32C071FBP6N, STM32C071FBY6TR, STM32C071G8U6, STM32C071G8U6N, STM32C071GBU6, STM32C071GBU6N, STM32C071K8T6, STM32C071K8T6N, STM32C071K8U6, STM32C071K8U6N, STM32C071KBT6, STM32C071KBT6N, STM32C071KBU6, STM32C071KBU6N, STM32C071R8T6, STM32C071R8T6N, STM32C071RBI6N, STM32C071RBT6, STM32C071RBT6N, STM32C091CBT6, STM32C091CBU6, STM32C091CCT6, STM32C091CCU6, STM32C091ECY6TR, STM32C091FBP6, STM32C091FCP6, STM32C091GBU6, STM32C091GCU6, STM32C091KBT6, STM32C091KBU6, STM32C091KCT6, STM32C091KCU6, STM32C091RBT6, STM32C091RCI6, STM32C091RCT6, STM32C092CBT6, STM32C092CBU6, STM32C092CCT6, STM32C092CCU6, STM32C092ECY6TR, STM32C092FBP6, STM32C092FCP6, STM32C092GBU6, STM32C092GCU6, STM32C092KBT6, STM32C092KBU6, STM32C092KCT6, STM32C092KCU6, STM32C092RBT6, STM32C092RCI6, STM32C092RCT6, STM32G071K8TXN, STM32G071K8UXN, STM32G081GBU6N, STM32G081KBT6N, STM32G081KBUXN, STM32G0B1CCT6N, STM32G0B1KCT6, STM32G0B1NEY6TR, STM32G0B1RCT6N, STM32G0C1CCT6, STM32G0C1CCT6N, STM32G0C1CCU6N, STM32G0C1CET6N, STM32G0C1CEU6N, STM32G0C1KCT6, STM32G0C1NEY6TR, STM32G0C1RCI6N, STM32G0C1RCT6N, STM32G0C1REI6N, STM32G0C1RET6N, STM32G0C1VCI6, STM32G0C1VEI6, STM32G411C6T3, STM32G411C6T6, STM32G411C6U3, STM32G411C6U6, STM32G411C8T3, STM32G411C8T6, STM32G411C8U3, STM32G411C8U6, STM32G411CBT3, STM32G411CBT6, STM32G411CBU3, STM32G411CBU6, STM32G411CCT3, STM32G411CCT6, STM32G411CCU3, STM32G411CCU6, STM32G411K6T3, STM32G411K6T6, STM32G411K6U3, STM32G411K6U6, STM32G411K8T3, STM32G411K8T6, STM32G411K8U3, STM32G411K8U6, STM32G411KBT3, STM32G411KBT6, STM32G411KBU3, STM32G411KBU6, STM32G411M6T3, STM32G411M6T6, STM32G411M8T3, STM32G411M8T6, STM32G411MBT3, STM32G411MBT6, STM32G411MCT3, STM32G411MCT6, STM32G411R6T3, STM32G411R6T6, STM32G411R8T3, STM32G411R8T6, STM32G411RBT3, STM32G411RBT6, STM32G411RCT3, STM32G411RCT6, STM32G414CBT3, STM32G414CBT6, STM32G414CBU3, STM32G414CBU6, STM32G414CCT3, STM32G414CCT6, STM32G414CCU3, STM32G414CCU6, STM32G414MBT3, STM32G414MBT6, STM32G414MCT3, STM32G414MCT6, STM32G414RBT3, STM32G414RBT6, STM32G414RCT3, STM32G414RCT6, STM32G414VBT3, STM32G414VBT6, STM32G414VCT3, STM32G414VCT6, STM32G431CBT3Z, STM32G431RBT3Z, STM32G471CCT6, STM32G471CCU6, STM32G471CET3, STM32G471CET6, STM32G471CEU3, STM32G471CEU6, STM32G471MCT6, STM32G471MET3, STM32G471MET6, STM32G471MEY6TR, STM32G471QCT6, STM32G471QET3, STM32G471RCT6, STM32G471RET3, STM32G471RET6, STM32G471VCH6, STM32G471VCI6, STM32G471VCT6, STM32G471VEH3, STM32G471VEH6, STM32G471VEI3, STM32G471VEI6, STM32G471VET3, STM32G471VET6, STM32G473QET3Z, STM32G473RET3Z, STM32G474CCT6, STM32G491RET3Z, STM32H503CBT6, STM32H503CBU6, STM32H503EBY6TR, STM32H503KBU6, STM32H503RBT6, STM32H523CCT6, STM32H523CCU6, STM32H523CET6, STM32H523CEU6, STM32H523HEY6TR, STM32H523RCT6, STM32H523RET6, STM32H523VCI6, STM32H523VCT6, STM32H523VEI6, STM32H523VET6, STM32H523ZCJ6, STM32H523ZCT6, STM32H523ZEJ6, STM32H523ZET6, STM32H533CET6, STM32H533CEU6, STM32H533HEY6TR, STM32H533RET6, STM32H533VEI6, STM32H533VET6, STM32H533ZEJ6, STM32H533ZET6, STM32H562AGI6, STM32H562AII6, STM32H562IGK6, STM32H562IGT6, STM32H562IIK6, STM32H562IIT6, STM32H562RGT6, STM32H562RGV6, STM32H562RIT6, STM32H562RIV6, STM32H562VGT6, STM32H562VIT6, STM32H562ZGT6, STM32H562ZIT6, STM32H563AGI6, STM32H563AII3Q, STM32H563AII6, STM32H563IGK6, STM32H563IGT6, STM32H563IIK3Q, STM32H563IIK6, STM32H563IIT3Q, STM32H563IIT6, STM32H563MIY3QTR, STM32H563RGT6, STM32H563RGV6, STM32H563RIT6, STM32H563RIV6, STM32H563VGT6, STM32H563VIT3Q, STM32H563VIT6, STM32H563ZGT6, STM32H563ZIT3Q, STM32H563ZIT6, STM32H573AII3Q, STM32H573AII6, STM32H573I-DK, STM32H573IIK3Q, STM32H573IIK6, STM32H573IIT3Q, STM32H573IIT6, STM32H573MIY3QTR, STM32H573RIT6, STM32H573RIV6, STM32H573VIT3Q, STM32H573VIT6, STM32H573ZIT3Q, STM32H573ZIT6, STM32H7R3A8I6, STM32H7R3I8K6, STM32H7R3I8T6, STM32H7R3L8H6, STM32H7R3L8H6H, STM32H7R3R8V6, STM32H7R3V8H6, STM32H7R3V8T6, STM32H7R3V8Y6TR, STM32H7R3Z8J6, STM32H7R3Z8T6, STM32H7R7A8I6, STM32H7R7I8K6, STM32H7R7I8T6, STM32H7R7L8H6, STM32H7R7L8H6H, STM32H7R7Z8J6, STM32H7S3A8I6, STM32H7S3I8K6, STM32H7S3I8T6, STM32H7S3L8H6, STM32H7S3L8H6H, STM32H7S3R8V6, STM32H7S3V8H6, STM32H7S3V8T6, STM32H7S3V8Y6TR, STM32H7S3Z8J6, STM32H7S3Z8T6, STM32H7S78-DK, STM32H7S7A8I6, STM32H7S7I8K6, STM32H7S7I8T6, STM32H7S7L8H6, STM32H7S7L8H6H, STM32H7S7Z8J6, STM32L4R5QGI6STR, STM32MP131AAE3, STM32MP131AAF3, STM32MP131AAG3, STM32MP131CAE3, STM32MP131CAF3, STM32MP131CAG3, STM32MP131DAE7, STM32MP131DAF7, STM32MP131DAG7, STM32MP131FAE7, STM32MP131FAF7, STM32MP131FAG7, STM32MP133AAE3, STM32MP133AAF3, STM32MP133AAG3, STM32MP133CAE3, STM32MP133CAF3, STM32MP133CAG3, STM32MP133DAE7, STM32MP133DAF7, STM32MP133DAG7, STM32MP133FAE7, STM32MP133FAF7, STM32MP133FAG7, STM32MP135AAE3, STM32MP135AAF3, STM32MP135AAG3, STM32MP135CAE3, STM32MP135CAF3, STM32MP135CAG3, STM32MP135DAE7, STM32MP135DAF7, STM32MP135DAG7, STM32MP135F-DK, STM32MP135FAE7, STM32MP135FAF7, STM32MP135FAF7T, STM32MP135FAF7U, STM32MP135FAG7, STM32MP231AAJ3, STM32MP231AAK3, STM32MP231AAL3, STM32MP231CAJ3, STM32MP231CAK3, STM32MP231CAL3, STM32MP231DAJ3, STM32MP231DAK3, STM32MP231DAL3, STM32MP231FAJ3, STM32MP231FAK3, STM32MP231FAL3, STM32MP233AAJ3, STM32MP233AAK3, STM32MP233AAL3, STM32MP233CAJ3, STM32MP233CAK3, STM32MP233CAL3, STM32MP233DAJ3, STM32MP233DAK3, STM32MP233DAL3, STM32MP233FAJ3, STM32MP233FAK3, STM32MP233FAL3, STM32MP235AAJ3, STM32MP235AAK3, STM32MP235AAL3, STM32MP235CAJ3, STM32MP235CAK3, STM32MP235CAL3, STM32MP235DAJ3, STM32MP235DAK3, STM32MP235DAL3, STM32MP235FAJ3, STM32MP235FAK3, STM32MP235FAL3, STM32MP251AAI3, STM32MP251AAJ3, STM32MP251AAK3, STM32MP251AAL3, STM32MP251CAI3, STM32MP251CAJ3, STM32MP251CAK3, STM32MP251CAL3, STM32MP251DAI3, STM32MP251DAJ3, STM32MP251DAK3, STM32MP251DAL3, STM32MP251FAI3, STM32MP251FAJ3, STM32MP251FAK3, STM32MP251FAL3, STM32MP253AAI3, STM32MP253AAJ3, STM32MP253AAK3, STM32MP253AAL3, STM32MP253CAI3, STM32MP253CAJ3, STM32MP253CAK3, STM32MP253CAL3, STM32MP253DAI3, STM32MP253DAJ3, STM32MP253DAK3, STM32MP253DAL3, STM32MP253FAI3, STM32MP253FAJ3, STM32MP253FAK3, STM32MP253FAL3, STM32MP255AAI3, STM32MP255AAJ3, STM32MP255AAK3, STM32MP255AAL3, STM32MP255CAI3, STM32MP255CAJ3, STM32MP255CAK3, STM32MP255CAL3, STM32MP255DAI3, STM32MP255DAJ3, STM32MP255DAK3, STM32MP255DAL3, STM32MP255FAI3, STM32MP255FAJ3, STM32MP255FAK3, STM32MP255FAL3, STM32MP257AAI3, STM32MP257AAJ3, STM32MP257AAK3, STM32MP257AAL3, STM32MP257CAI3, STM32MP257CAJ3, STM32MP257CAK3, STM32MP257CAL3, STM32MP257DAI3, STM32MP257DAJ3, STM32MP257DAK3, STM32MP257DAL3, STM32MP257F-DK, STM32MP257F-EV1, STM32MP257FAI3, STM32MP257FAJ3, STM32MP257FAK3, STM32MP257FAL3, STM32N645A0H3Q, STM32N645B0H3Q, STM32N645I0H3Q, STM32N645L0H3Q, STM32N645X0H3Q, STM32N645Z0H3Q, STM32N647A0H3Q, STM32N647B0H3Q, STM32N647I0H3Q, STM32N647L0H3Q, STM32N647X0H3Q, STM32N647Z0H3Q, STM32N655A0H3Q, STM32N655B0H3Q, STM32N655I0H3Q, STM32N655L0H3Q, STM32N655X0H3Q, STM32N655Z0H3Q, STM32N6570-DK, STM32N657A0H3Q, STM32N657B0H3Q, STM32N657I0H3Q, STM32N657L0H3Q, STM32N657X0H3Q, STM32N657Z0H3Q, STM32U031C6T6, STM32U031C6U6, STM32U031C8T6, STM32U031C8U6, STM32U031F4P6, STM32U031F6P6, STM32U031F8P6, STM32U031G6Y6TR, STM32U031G8Y6TR, STM32U031K4U6, STM32U031K6U6, STM32U031K8U6, STM32U031R6I6, STM32U031R6T6, STM32U031R8I6, STM32U031R8T6, STM32U073C8T6, STM32U073C8U6, STM32U073CBT6, STM32U073CBU6, STM32U073CCT6, STM32U073CCU6, STM32U073H8Y6TR, STM32U073HBY6TR, STM32U073HCY6TR, STM32U073K8U6, STM32U073KBU6, STM32U073KCU6, STM32U073M8I6, STM32U073M8T6, STM32U073MBI6, STM32U073MBT6, STM32U073MCI6, STM32U073MCT6, STM32U073R8I6, STM32U073R8T6, STM32U073RBI6, STM32U073RBT6, STM32U073RCI6, STM32U073RCT6, STM32U083C-DK, STM32U083CCT6, STM32U083CCU6, STM32U083HCY6TR, STM32U083KCU6, STM32U083MCI6, STM32U083MCT6, STM32U083RCI6, STM32U083RCT6, STM32U375CET6, STM32U375CET6Q, STM32U375CEU6, STM32U375CEU6Q, STM32U375CEY6QTR, STM32U375CGT6, STM32U375CGT6Q, STM32U375CGU6, STM32U375CGU6Q, STM32U375CGY6QTR, STM32U375KEU6, STM32U375KGU6, STM32U375REI6, STM32U375REI6Q, STM32U375RET6, STM32U375RET6Q, STM32U375REY6GTR, STM32U375REY6QTR, STM32U375RGI6, STM32U375RGI6Q, STM32U375RGT6, STM32U375RGT6Q, STM32U375RGY6GTR, STM32U375RGY6QTR, STM32U375VEI6, STM32U375VEI6Q, STM32U375VET6, STM32U375VET6Q, STM32U375VGI6, STM32U375VGI6Q, STM32U375VGT6, STM32U375VGT6Q, STM32U385CGT6, STM32U385CGT6Q, STM32U385CGU6, STM32U385CGU6Q, STM32U385CGY6QTR, STM32U385KGU6, STM32U385RGI6, STM32U385RGI6Q, STM32U385RGT6, STM32U385RGT6Q, STM32U385RGY6GTR, STM32U385RGY6QTR, STM32U385VGI6, STM32U385VGI6Q, STM32U385VGT6, STM32U385VGT6Q, STM32U535CBT6, STM32U535CBT6Q, STM32U535CBU6, STM32U535CBU6Q, STM32U535CCT6, STM32U535CCT6Q, STM32U535CCU6, STM32U535CCU6Q, STM32U535CET6, STM32U535CET6Q, STM32U535CEU6, STM32U535CEU6Q, STM32U535JEY6QTR, STM32U535NCY6QTR, STM32U535NEY6QTR, STM32U535RBI6, STM32U535RBI6Q, STM32U535RBT6, STM32U535RBT6Q, STM32U535RCI6, STM32U535RCI6Q, STM32U535RCT6, STM32U535RCT6Q, STM32U535REI6, STM32U535REI6Q, STM32U535RET6, STM32U535RET6Q, STM32U535VCI6, STM32U535VCI6Q, STM32U535VCT6, STM32U535VCT6Q, STM32U535VEI6, STM32U535VEI6Q, STM32U535VET6, STM32U535VET6Q, STM32U545CET6, STM32U545CET6Q, STM32U545CEU6, STM32U545CEU6Q, STM32U545JEY6QTR, STM32U545NEY6QTR, STM32U545REI6, STM32U545REI6Q, STM32U545RET6, STM32U545RET6Q, STM32U545VEI6, STM32U545VEI6Q, STM32U545VET6, STM32U545VET6Q, STM32U595AIH6, STM32U595AIH6Q, STM32U595AJH6, STM32U595AJH6Q, STM32U595QII6, STM32U595QII6Q, STM32U595QJI6, STM32U595QJI6Q, STM32U595RIT6, STM32U595RIT6Q, STM32U595RJT6, STM32U595RJT6Q, STM32U595VIT6, STM32U595VIT6Q, STM32U595VJT6, STM32U595VJT6Q, STM32U595ZIT6, STM32U595ZIT6Q, STM32U595ZIY6QTR, STM32U595ZJT6, STM32U595ZJT6Q, STM32U595ZJY6QTR, STM32U599BJY6QTR, STM32U599NIH6Q, STM32U599NJH6Q, STM32U599VIT6Q, STM32U599VJT6, STM32U599VJT6Q, STM32U599ZIT6Q, STM32U599ZIY6QTR, STM32U599ZJT6Q, STM32U599ZJY6QTR, STM32U5A5AJH6, STM32U5A5AJH6Q, STM32U5A5QII3Q , STM32U5A5QJI6, STM32U5A5QJI6Q, STM32U5A5RJT6, STM32U5A5RJT6Q, STM32U5A5VJT6, STM32U5A5VJT6Q, STM32U5A5ZJT6, STM32U5A5ZJT6Q, STM32U5A5ZJY6QTR, STM32U5A9BJY6QTR, STM32U5A9J-DK, STM32U5A9NJH6Q, STM32U5A9VJT6Q, STM32U5A9ZJT6Q, STM32U5A9ZJY6QTR, STM32U5F7VIT6, STM32U5F7VIT6Q, STM32U5F7VJT6, STM32U5F7VJT6Q, STM32U5F9BJY6QTR, STM32U5F9NJH6Q, STM32U5F9VIT6Q, STM32U5F9VJT6Q, STM32U5F9ZIJ6QTR, STM32U5F9ZIT6Q, STM32U5F9ZJJ6QTR, STM32U5F9ZJT6Q, STM32U5G7VJT6, STM32U5G7VJT6Q, STM32U5G9BJY6QTR, STM32U5G9J-DK1, STM32U5G9J-DK2, STM32U5G9NJH6Q, STM32U5G9VJT6Q, STM32U5G9ZJJ6QTR, STM32U5G9ZJT6Q, STM32WB05KZV6TR, STM32WB05KZV7TR, STM32WB05TZF6TR, STM32WB05TZF7TR, STM32WB06CCF6TR, STM32WB06CCF7TR, STM32WB06CCV6TR, STM32WB06CCV7TR, STM32WB06KCV6TR, STM32WB06KCV7TR, STM32WB07CCF6TR, STM32WB07CCF7TR, STM32WB07CCV6TR, STM32WB07CCV7TR, STM32WB07KCV6TR, STM32WB07KCV7TR, STM32WB09KEV6TR, STM32WB09KEV7TR, STM32WB09TEF6TR, STM32WB09TEF7TR, STM32WB1MMCH6, STM32WBA50KGU6, STM32WBA50KGU6TR, STM32WBA52CEU6, STM32WBA52CEU6TR, STM32WBA52CEU7, STM32WBA52CEU7TR, STM32WBA52CGU6, STM32WBA52CGU6TR, STM32WBA52CGU6U, STM32WBA52CGU7, STM32WBA52CGU7TR, STM32WBA52KEU6, STM32WBA52KEU6TR, STM32WBA52KGU6, STM32WBA52KGU6TR, STM32WBA54CEU6, STM32WBA54CEU6TR, STM32WBA54CEU7, STM32WBA54CEU7TR, STM32WBA54CGU6, STM32WBA54CGU6TR, STM32WBA54CGU7, STM32WBA54CGU7TR, STM32WBA54KEU6, STM32WBA54KEU6TR, STM32WBA54KEU7, STM32WBA54KEU7TR, STM32WBA54KGU6, STM32WBA54KGU6TR, STM32WBA54KGU7, STM32WBA54KGU7TR, STM32WBA55CEU6, STM32WBA55CEU6TR, STM32WBA55CEU7, STM32WBA55CEU7TR, STM32WBA55CGU6, STM32WBA55CGU6TR, STM32WBA55CGU6U, STM32WBA55CGU7, STM32WBA55CGU7TR, STM32WBA55G-DK1, STM32WBA55HEF6, STM32WBA55HEF7, STM32WBA55HGF6, STM32WBA55HGF7, STM32WBA55UEI6, STM32WBA55UEI6TR, STM32WBA55UEI7, STM32WBA55UEI7TR, STM32WBA55UGI6, STM32WBA55UGI6TR, STM32WBA55UGI7, STM32WBA55UGI7TR, STM32WBA5MJGH6TR, STM32WBA62CGU6, STM32WBA62CIU6, STM32WBA62MGF6, STM32WBA62MIF6, STM32WBA62PGI6, STM32WBA62PII6, STM32WBA63CGU6, STM32WBA63CGU7, STM32WBA63CIU6, STM32WBA63CIU7, STM32WBA64CGU6, STM32WBA64CGU7, STM32WBA64CIU6, STM32WBA64CIU7, STM32WBA65CGU6, STM32WBA65CGU7, STM32WBA65CIU6, STM32WBA65CIU7, STM32WBA65I-DK1, STM32WBA65MGF6, STM32WBA65MGF7, STM32WBA65MIF6, STM32WBA65MIF7, STM32WBA65PGI6, STM32WBA65PGI7, STM32WBA65PII6, STM32WBA65PII7, STM32WBA65RGV6, STM32WBA65RGV7, STM32WBA65RIV6, STM32WBA65RIV7, STM32WL30K8V6, STM32WL30KBV6, STM32WL31C8V6, STM32WL31CBV6, STM32WL31K8V6, STM32WL31KBV6, STM32WL33C8V6, STM32WL33C8V6TR, STM32WL33C8V7, STM32WL33C8V7TR, STM32WL33CBV6, STM32WL33CBV6TR, STM32WL33CBV7, STM32WL33CBV7TR, STM32WL33CCV6, STM32WL33CCV6TR, STM32WL33CCV7, STM32WL33CCV7A, STM32WL33CCV7ATR, STM32WL33CCV7TR, STM32WL33K8V6, STM32WL33K8V6TR, STM32WL33K8V7, STM32WL33K8V7TR, STM32WL33KBV6, STM32WL33KBV6TR, STM32WL33KBV7, STM32WL33KBV7TR, STM32WL33KCV6, STM32WL33KCV6TR, STM32WL33KCV7, STM32WL33KCV7TR, STM32WL5MOCH6, STM32WL5MOCH6TR]
2025-04-08 15:48:42,170 [INFO] BoardInfo:889 - No configuration file found for board P-NUCLEO-WB55
2025-04-08 15:48:42,170 [INFO] DbBoards:161 - Kit is not supported: P-NUCLEO-WB55
2025-04-08 15:48:42,188 [INFO] BoardInfo:889 - No configuration file found for board STEVAL-BFA001V1B
2025-04-08 15:48:42,189 [INFO] DbBoards:161 - Kit is not supported: STEVAL-BFA001V1B
2025-04-08 15:48:42,193 [INFO] BoardInfo:889 - No configuration file found for board STEVAL-BFA001V2B
2025-04-08 15:48:42,194 [INFO] DbBoards:161 - Kit is not supported: STEVAL-BFA001V2B
2025-04-08 15:48:42,627 [INFO] DbBoards:168 - Found 211 boards, 208 are supported
2025-04-08 15:48:42,627 [INFO] DbBoards:169 - Found 211 boards, 43 of them is supported for  Bsp
2025-04-08 15:48:42,631 [INFO] ApiDb:668 - CubeFinder database Data Model version=2.1
2025-04-08 15:48:42,631 [INFO] ApiDb:669 - CubeFinder database Configuration version=3.0.39
2025-04-08 15:48:42,631 [INFO] ApiDb:670 - CubeFinder database generation date=2025-03-07 (1741340029)
2025-04-08 15:48:42,631 [INFO] ApiDb:671 - CubeFinder database FW Pack versions=[FP-ATR-ASTRA1_V2.0.0, FP-SNS-FLIGHT1_V5.0.2, FP-SNS-MOTENV1_V5.0.0, FP-SNS-MOTENVWB1_V1.4.0, FP-SNS-SMARTAG2_V1.2.0, FP-SNS-STBOX1_V2.0.0, STM32Cube_FW_C0_V1.4.0, STM32Cube_FW_F4_V1.28.1, STM32Cube_FW_F7_V1.17.2, STM32Cube_FW_G0_V1.6.2, STM32Cube_FW_G4_V1.6.1, STM32Cube_FW_H5_V1.5.0, STM32Cube_FW_H7RS_V1.2.0, STM32Cube_FW_H7_V1.12.1, STM32Cube_FW_L0_V1.12.2, STM32Cube_FW_L4_V1.18.1, STM32Cube_FW_L5_V1.5.1, STM32Cube_FW_N6_V1.1.0, STM32Cube_FW_U0_V1.2.0, STM32Cube_FW_U3_V1.1.0, STM32Cube_FW_U5_V1.7.0, STM32Cube_FW_WB0_V1.2.0, STM32Cube_FW_WBA_V1.6.0, STM32Cube_FW_WB_V1.22.0, STM32Cube_FW_WL3_V1.1.0, STM32Cube_FW_WL_V1.3.1, X-CUBE-ALGOBUILD_V1.4.0, X-CUBE-ALS_V1.0.2, X-CUBE-AZRTOS-F4_V1.1.0, X-CUBE-AZRTOS-F7_V1.1.0, X-CUBE-AZRTOS-G0_V1.1.0, X-CUBE-AZRTOS-G4_V2.0.0, X-CUBE-AZRTOS-H7RS_V1.0.0, X-CUBE-AZRTOS-H7_V3.3.0, X-CUBE-AZRTOS-L4_V2.0.0, X-CUBE-AZRTOS-L5_V2.0.0, X-CUBE-AZRTOS-WB_V2.0.0, X-CUBE-AZRTOS-WL_V2.0.0, X-CUBE-BLE1_V7.1.0, X-CUBE-BLE2_V3.3.0, X-CUBE-BLEMGR_V4.0.0, X-CUBE-EEPRMA1_V5.1.0, X-CUBE-FREERTOS_V1.3.0, X-CUBE-GNSS1_V6.0.0, X-CUBE-MEMS1_V11.1.0, X-CUBE-NFC4_V3.0.0, X-CUBE-NFC7_V1.0.1, X-CUBE-SFXS2LP1_V4.0.0, X-CUBE-SUBG2_V5.0.0, X-CUBE-TOF1_V3.4.2]
2025-04-08 15:48:44,516 [INFO] ApiDb:240 - Found 895 in-development CPN: [B-G473E-ZEST1S, B-WB1M-WPAN1, B-WBA5M-WPAN, B-WL5M-SUBG1, NUCLEO-C031C6, NUCLEO-C051C8, NUCLEO-C071RB, NUCLEO-C092RC, NUCLEO-H503RB, NUCLEO-H533RE, NUCLEO-H563ZI, NUCLEO-H7S3L8, NUCLEO-N657X0-Q, NUCLEO-U031R8, NUCLEO-U083RC, NUCLEO-U385RG-Q, NUCLEO-U545RE-Q, NUCLEO-U5A5ZJ-Q, NUCLEO-WB05KZ, NUCLEO-WB07CC, NUCLEO-WB09KE, NUCLEO-WBA52CG, NUCLEO-WBA55CG, NUCLEO-WBA65RI, NUCLEO-WL33CC1, NUCLEO-WL33CC2, STEVAL-PROTEUS1, STEVAL-SMARTAG2, STEVAL-STWINBX1, STM320518-EVAL, STM32C0116-DK, STM32C011D6Y3TR, STM32C011D6Y6TR, STM32C011F4P3, STM32C011F4P6, STM32C011F4U3, STM32C011F4U6TR, STM32C011F6P3, STM32C011F6P6, STM32C011F6U3, STM32C011F6U6TR, STM32C011J4M3, STM32C011J4M6, STM32C011J6M3, STM32C011J6M6, STM32C0316-DK, STM32C031C4T3, STM32C031C4T6, STM32C031C4U3, STM32C031C4U6, STM32C031C6T3, STM32C031C6T6, STM32C031C6U3, STM32C031C6U6, STM32C031F4P3, STM32C031F4P6, STM32C031F6P3, STM32C031F6P6, STM32C031G4U3, STM32C031G4U6, STM32C031G6U3, STM32C031G6U6, STM32C031K4T3, STM32C031K4T6, STM32C031K4U3, STM32C031K4U6, STM32C031K6T3, STM32C031K6T6, STM32C031K6U3, STM32C031K6U6, STM32C051C6T6, STM32C051C6U6, STM32C051C8T6, STM32C051C8U6, STM32C051D8Y6TR, STM32C051F6P6, STM32C051F8P6, STM32C051G6U6, STM32C051G8U6, STM32C051K6T6, STM32C051K6U6, STM32C051K8T6, STM32C071C8T6, STM32C071C8T6N, STM32C071C8U6, STM32C071C8U6N, STM32C071CBT6, STM32C071CBT6N, STM32C071CBU6, STM32C071CBU6N, STM32C071F8P6, STM32C071F8P6N, STM32C071FBP6, STM32C071FBP6N, STM32C071FBY6TR, STM32C071G8U6, STM32C071G8U6N, STM32C071GBU6, STM32C071GBU6N, STM32C071K8T6, STM32C071K8T6N, STM32C071K8U6, STM32C071K8U6N, STM32C071KBT6, STM32C071KBT6N, STM32C071KBU6, STM32C071KBU6N, STM32C071R8T6, STM32C071R8T6N, STM32C071RBI6N, STM32C071RBT6, STM32C071RBT6N, STM32C091CBT6, STM32C091CBU6, STM32C091CCT6, STM32C091CCU6, STM32C091ECY6TR, STM32C091FBP6, STM32C091FCP6, STM32C091GBU6, STM32C091GCU6, STM32C091KBT6, STM32C091KBU6, STM32C091KCT6, STM32C091KCU6, STM32C091RBT6, STM32C091RCI6, STM32C091RCT6, STM32C092CBT6, STM32C092CBU6, STM32C092CCT6, STM32C092CCU6, STM32C092ECY6TR, STM32C092FBP6, STM32C092FCP6, STM32C092GBU6, STM32C092GCU6, STM32C092KBT6, STM32C092KBU6, STM32C092KCT6, STM32C092KCU6, STM32C092RBT6, STM32C092RCI6, STM32C092RCT6, STM32G071K8TXN, STM32G071K8UXN, STM32G081GBU6N, STM32G081KBT6N, STM32G081KBUXN, STM32G0B1CCT6N, STM32G0B1KCT6, STM32G0B1NEY6TR, STM32G0B1RCT6N, STM32G0C1CCT6, STM32G0C1CCT6N, STM32G0C1CCU6N, STM32G0C1CET6N, STM32G0C1CEU6N, STM32G0C1KCT6, STM32G0C1NEY6TR, STM32G0C1RCI6N, STM32G0C1RCT6N, STM32G0C1REI6N, STM32G0C1RET6N, STM32G0C1VCI6, STM32G0C1VEI6, STM32G411C6T3, STM32G411C6T6, STM32G411C6U3, STM32G411C6U6, STM32G411C8T3, STM32G411C8T6, STM32G411C8U3, STM32G411C8U6, STM32G411CBT3, STM32G411CBT6, STM32G411CBU3, STM32G411CBU6, STM32G411CCT3, STM32G411CCT6, STM32G411CCU3, STM32G411CCU6, STM32G411K6T3, STM32G411K6T6, STM32G411K6U3, STM32G411K6U6, STM32G411K8T3, STM32G411K8T6, STM32G411K8U3, STM32G411K8U6, STM32G411KBT3, STM32G411KBT6, STM32G411KBU3, STM32G411KBU6, STM32G411M6T3, STM32G411M6T6, STM32G411M8T3, STM32G411M8T6, STM32G411MBT3, STM32G411MBT6, STM32G411MCT3, STM32G411MCT6, STM32G411R6T3, STM32G411R6T6, STM32G411R8T3, STM32G411R8T6, STM32G411RBT3, STM32G411RBT6, STM32G411RCT3, STM32G411RCT6, STM32G414CBT3, STM32G414CBT6, STM32G414CBU3, STM32G414CBU6, STM32G414CCT3, STM32G414CCT6, STM32G414CCU3, STM32G414CCU6, STM32G414MBT3, STM32G414MBT6, STM32G414MCT3, STM32G414MCT6, STM32G414RBT3, STM32G414RBT6, STM32G414RCT3, STM32G414RCT6, STM32G414VBT3, STM32G414VBT6, STM32G414VCT3, STM32G414VCT6, STM32G431CBT3Z, STM32G431RBT3Z, STM32G471CCT6, STM32G471CCU6, STM32G471CET3, STM32G471CET6, STM32G471CEU3, STM32G471CEU6, STM32G471MCT6, STM32G471MET3, STM32G471MET6, STM32G471MEY6TR, STM32G471QCT6, STM32G471QET3, STM32G471RCT6, STM32G471RET3, STM32G471RET6, STM32G471VCH6, STM32G471VCI6, STM32G471VCT6, STM32G471VEH3, STM32G471VEH6, STM32G471VEI3, STM32G471VEI6, STM32G471VET3, STM32G471VET6, STM32G473QET3Z, STM32G473RET3Z, STM32G474CCT6, STM32G491RET3Z, STM32H503CBT6, STM32H503CBU6, STM32H503EBY6TR, STM32H503KBU6, STM32H503RBT6, STM32H523CCT6, STM32H523CCU6, STM32H523CET6, STM32H523CEU6, STM32H523HEY6TR, STM32H523RCT6, STM32H523RET6, STM32H523VCI6, STM32H523VCT6, STM32H523VEI6, STM32H523VET6, STM32H523ZCJ6, STM32H523ZCT6, STM32H523ZEJ6, STM32H523ZET6, STM32H533CET6, STM32H533CEU6, STM32H533HEY6TR, STM32H533RET6, STM32H533VEI6, STM32H533VET6, STM32H533ZEJ6, STM32H533ZET6, STM32H562AGI6, STM32H562AII6, STM32H562IGK6, STM32H562IGT6, STM32H562IIK6, STM32H562IIT6, STM32H562RGT6, STM32H562RGV6, STM32H562RIT6, STM32H562RIV6, STM32H562VGT6, STM32H562VIT6, STM32H562ZGT6, STM32H562ZIT6, STM32H563AGI6, STM32H563AII3Q, STM32H563AII6, STM32H563IGK6, STM32H563IGT6, STM32H563IIK3Q, STM32H563IIK6, STM32H563IIT3Q, STM32H563IIT6, STM32H563MIY3QTR, STM32H563RGT6, STM32H563RGV6, STM32H563RIT6, STM32H563RIV6, STM32H563VGT6, STM32H563VIT3Q, STM32H563VIT6, STM32H563ZGT6, STM32H563ZIT3Q, STM32H563ZIT6, STM32H573AII3Q, STM32H573AII6, STM32H573I-DK, STM32H573IIK3Q, STM32H573IIK6, STM32H573IIT3Q, STM32H573IIT6, STM32H573MIY3QTR, STM32H573RIT6, STM32H573RIV6, STM32H573VIT3Q, STM32H573VIT6, STM32H573ZIT3Q, STM32H573ZIT6, STM32H7R3A8I6, STM32H7R3I8K6, STM32H7R3I8T6, STM32H7R3L8H6, STM32H7R3L8H6H, STM32H7R3R8V6, STM32H7R3V8H6, STM32H7R3V8T6, STM32H7R3V8Y6TR, STM32H7R3Z8J6, STM32H7R3Z8T6, STM32H7R7A8I6, STM32H7R7I8K6, STM32H7R7I8T6, STM32H7R7L8H6, STM32H7R7L8H6H, STM32H7R7Z8J6, STM32H7S3A8I6, STM32H7S3I8K6, STM32H7S3I8T6, STM32H7S3L8H6, STM32H7S3L8H6H, STM32H7S3R8V6, STM32H7S3V8H6, STM32H7S3V8T6, STM32H7S3V8Y6TR, STM32H7S3Z8J6, STM32H7S3Z8T6, STM32H7S78-DK, STM32H7S7A8I6, STM32H7S7I8K6, STM32H7S7I8T6, STM32H7S7L8H6, STM32H7S7L8H6H, STM32H7S7Z8J6, STM32L4R5QGI6STR, STM32MP131AAE3, STM32MP131AAF3, STM32MP131AAG3, STM32MP131CAE3, STM32MP131CAF3, STM32MP131CAG3, STM32MP131DAE7, STM32MP131DAF7, STM32MP131DAG7, STM32MP131FAE7, STM32MP131FAF7, STM32MP131FAG7, STM32MP133AAE3, STM32MP133AAF3, STM32MP133AAG3, STM32MP133CAE3, STM32MP133CAF3, STM32MP133CAG3, STM32MP133DAE7, STM32MP133DAF7, STM32MP133DAG7, STM32MP133FAE7, STM32MP133FAF7, STM32MP133FAG7, STM32MP135AAE3, STM32MP135AAF3, STM32MP135AAG3, STM32MP135CAE3, STM32MP135CAF3, STM32MP135CAG3, STM32MP135DAE7, STM32MP135DAF7, STM32MP135DAG7, STM32MP135F-DK, STM32MP135FAE7, STM32MP135FAF7, STM32MP135FAF7T, STM32MP135FAF7U, STM32MP135FAG7, STM32MP231AAJ3, STM32MP231AAK3, STM32MP231AAL3, STM32MP231CAJ3, STM32MP231CAK3, STM32MP231CAL3, STM32MP231DAJ3, STM32MP231DAK3, STM32MP231DAL3, STM32MP231FAJ3, STM32MP231FAK3, STM32MP231FAL3, STM32MP233AAJ3, STM32MP233AAK3, STM32MP233AAL3, STM32MP233CAJ3, STM32MP233CAK3, STM32MP233CAL3, STM32MP233DAJ3, STM32MP233DAK3, STM32MP233DAL3, STM32MP233FAJ3, STM32MP233FAK3, STM32MP233FAL3, STM32MP235AAJ3, STM32MP235AAK3, STM32MP235AAL3, STM32MP235CAJ3, STM32MP235CAK3, STM32MP235CAL3, STM32MP235DAJ3, STM32MP235DAK3, STM32MP235DAL3, STM32MP235FAJ3, STM32MP235FAK3, STM32MP235FAL3, STM32MP251AAI3, STM32MP251AAJ3, STM32MP251AAK3, STM32MP251AAL3, STM32MP251CAI3, STM32MP251CAJ3, STM32MP251CAK3, STM32MP251CAL3, STM32MP251DAI3, STM32MP251DAJ3, STM32MP251DAK3, STM32MP251DAL3, STM32MP251FAI3, STM32MP251FAJ3, STM32MP251FAK3, STM32MP251FAL3, STM32MP253AAI3, STM32MP253AAJ3, STM32MP253AAK3, STM32MP253AAL3, STM32MP253CAI3, STM32MP253CAJ3, STM32MP253CAK3, STM32MP253CAL3, STM32MP253DAI3, STM32MP253DAJ3, STM32MP253DAK3, STM32MP253DAL3, STM32MP253FAI3, STM32MP253FAJ3, STM32MP253FAK3, STM32MP253FAL3, STM32MP255AAI3, STM32MP255AAJ3, STM32MP255AAK3, STM32MP255AAL3, STM32MP255CAI3, STM32MP255CAJ3, STM32MP255CAK3, STM32MP255CAL3, STM32MP255DAI3, STM32MP255DAJ3, STM32MP255DAK3, STM32MP255DAL3, STM32MP255FAI3, STM32MP255FAJ3, STM32MP255FAK3, STM32MP255FAL3, STM32MP257AAI3, STM32MP257AAJ3, STM32MP257AAK3, STM32MP257AAL3, STM32MP257CAI3, STM32MP257CAJ3, STM32MP257CAK3, STM32MP257CAL3, STM32MP257DAI3, STM32MP257DAJ3, STM32MP257DAK3, STM32MP257DAL3, STM32MP257F-DK, STM32MP257F-EV1, STM32MP257FAI3, STM32MP257FAJ3, STM32MP257FAK3, STM32MP257FAL3, STM32N645A0H3Q, STM32N645B0H3Q, STM32N645I0H3Q, STM32N645L0H3Q, STM32N645X0H3Q, STM32N645Z0H3Q, STM32N647A0H3Q, STM32N647B0H3Q, STM32N647I0H3Q, STM32N647L0H3Q, STM32N647X0H3Q, STM32N647Z0H3Q, STM32N655A0H3Q, STM32N655B0H3Q, STM32N655I0H3Q, STM32N655L0H3Q, STM32N655X0H3Q, STM32N655Z0H3Q, STM32N6570-DK, STM32N657A0H3Q, STM32N657B0H3Q, STM32N657I0H3Q, STM32N657L0H3Q, STM32N657X0H3Q, STM32N657Z0H3Q, STM32U031C6T6, STM32U031C6U6, STM32U031C8T6, STM32U031C8U6, STM32U031F4P6, STM32U031F6P6, STM32U031F8P6, STM32U031G6Y6TR, STM32U031G8Y6TR, STM32U031K4U6, STM32U031K6U6, STM32U031K8U6, STM32U031R6I6, STM32U031R6T6, STM32U031R8I6, STM32U031R8T6, STM32U073C8T6, STM32U073C8U6, STM32U073CBT6, STM32U073CBU6, STM32U073CCT6, STM32U073CCU6, STM32U073H8Y6TR, STM32U073HBY6TR, STM32U073HCY6TR, STM32U073K8U6, STM32U073KBU6, STM32U073KCU6, STM32U073M8I6, STM32U073M8T6, STM32U073MBI6, STM32U073MBT6, STM32U073MCI6, STM32U073MCT6, STM32U073R8I6, STM32U073R8T6, STM32U073RBI6, STM32U073RBT6, STM32U073RCI6, STM32U073RCT6, STM32U083C-DK, STM32U083CCT6, STM32U083CCU6, STM32U083HCY6TR, STM32U083KCU6, STM32U083MCI6, STM32U083MCT6, STM32U083RCI6, STM32U083RCT6, STM32U375CET6, STM32U375CET6Q, STM32U375CEU6, STM32U375CEU6Q, STM32U375CEY6QTR, STM32U375CGT6, STM32U375CGT6Q, STM32U375CGU6, STM32U375CGU6Q, STM32U375CGY6QTR, STM32U375KEU6, STM32U375KGU6, STM32U375REI6, STM32U375REI6Q, STM32U375RET6, STM32U375RET6Q, STM32U375REY6GTR, STM32U375REY6QTR, STM32U375RGI6, STM32U375RGI6Q, STM32U375RGT6, STM32U375RGT6Q, STM32U375RGY6GTR, STM32U375RGY6QTR, STM32U375VEI6, STM32U375VEI6Q, STM32U375VET6, STM32U375VET6Q, STM32U375VGI6, STM32U375VGI6Q, STM32U375VGT6, STM32U375VGT6Q, STM32U385CGT6, STM32U385CGT6Q, STM32U385CGU6, STM32U385CGU6Q, STM32U385CGY6QTR, STM32U385KGU6, STM32U385RGI6, STM32U385RGI6Q, STM32U385RGT6, STM32U385RGT6Q, STM32U385RGY6GTR, STM32U385RGY6QTR, STM32U385VGI6, STM32U385VGI6Q, STM32U385VGT6, STM32U385VGT6Q, STM32U535CBT6, STM32U535CBT6Q, STM32U535CBU6, STM32U535CBU6Q, STM32U535CCT6, STM32U535CCT6Q, STM32U535CCU6, STM32U535CCU6Q, STM32U535CET6, STM32U535CET6Q, STM32U535CEU6, STM32U535CEU6Q, STM32U535JEY6QTR, STM32U535NCY6QTR, STM32U535NEY6QTR, STM32U535RBI6, STM32U535RBI6Q, STM32U535RBT6, STM32U535RBT6Q, STM32U535RCI6, STM32U535RCI6Q, STM32U535RCT6, STM32U535RCT6Q, STM32U535REI6, STM32U535REI6Q, STM32U535RET6, STM32U535RET6Q, STM32U535VCI6, STM32U535VCI6Q, STM32U535VCT6, STM32U535VCT6Q, STM32U535VEI6, STM32U535VEI6Q, STM32U535VET6, STM32U535VET6Q, STM32U545CET6, STM32U545CET6Q, STM32U545CEU6, STM32U545CEU6Q, STM32U545JEY6QTR, STM32U545NEY6QTR, STM32U545REI6, STM32U545REI6Q, STM32U545RET6, STM32U545RET6Q, STM32U545VEI6, STM32U545VEI6Q, STM32U545VET6, STM32U545VET6Q, STM32U595AIH6, STM32U595AIH6Q, STM32U595AJH6, STM32U595AJH6Q, STM32U595QII6, STM32U595QII6Q, STM32U595QJI6, STM32U595QJI6Q, STM32U595RIT6, STM32U595RIT6Q, STM32U595RJT6, STM32U595RJT6Q, STM32U595VIT6, STM32U595VIT6Q, STM32U595VJT6, STM32U595VJT6Q, STM32U595ZIT6, STM32U595ZIT6Q, STM32U595ZIY6QTR, STM32U595ZJT6, STM32U595ZJT6Q, STM32U595ZJY6QTR, STM32U599BJY6QTR, STM32U599NIH6Q, STM32U599NJH6Q, STM32U599VIT6Q, STM32U599VJT6, STM32U599VJT6Q, STM32U599ZIT6Q, STM32U599ZIY6QTR, STM32U599ZJT6Q, STM32U599ZJY6QTR, STM32U5A5AJH6, STM32U5A5AJH6Q, STM32U5A5QII3Q , STM32U5A5QJI6, STM32U5A5QJI6Q, STM32U5A5RJT6, STM32U5A5RJT6Q, STM32U5A5VJT6, STM32U5A5VJT6Q, STM32U5A5ZJT6, STM32U5A5ZJT6Q, STM32U5A5ZJY6QTR, STM32U5A9BJY6QTR, STM32U5A9J-DK, STM32U5A9NJH6Q, STM32U5A9VJT6Q, STM32U5A9ZJT6Q, STM32U5A9ZJY6QTR, STM32U5F7VIT6, STM32U5F7VIT6Q, STM32U5F7VJT6, STM32U5F7VJT6Q, STM32U5F9BJY6QTR, STM32U5F9NJH6Q, STM32U5F9VIT6Q, STM32U5F9VJT6Q, STM32U5F9ZIJ6QTR, STM32U5F9ZIT6Q, STM32U5F9ZJJ6QTR, STM32U5F9ZJT6Q, STM32U5G7VJT6, STM32U5G7VJT6Q, STM32U5G9BJY6QTR, STM32U5G9J-DK1, STM32U5G9J-DK2, STM32U5G9NJH6Q, STM32U5G9VJT6Q, STM32U5G9ZJJ6QTR, STM32U5G9ZJT6Q, STM32WB05KZV6TR, STM32WB05KZV7TR, STM32WB05TZF6TR, STM32WB05TZF7TR, STM32WB06CCF6TR, STM32WB06CCF7TR, STM32WB06CCV6TR, STM32WB06CCV7TR, STM32WB06KCV6TR, STM32WB06KCV7TR, STM32WB07CCF6TR, STM32WB07CCF7TR, STM32WB07CCV6TR, STM32WB07CCV7TR, STM32WB07KCV6TR, STM32WB07KCV7TR, STM32WB09KEV6TR, STM32WB09KEV7TR, STM32WB09TEF6TR, STM32WB09TEF7TR, STM32WB1MMCH6, STM32WBA50KGU6, STM32WBA50KGU6TR, STM32WBA52CEU6, STM32WBA52CEU6TR, STM32WBA52CEU7, STM32WBA52CEU7TR, STM32WBA52CGU6, STM32WBA52CGU6TR, STM32WBA52CGU6U, STM32WBA52CGU7, STM32WBA52CGU7TR, STM32WBA52KEU6, STM32WBA52KEU6TR, STM32WBA52KGU6, STM32WBA52KGU6TR, STM32WBA54CEU6, STM32WBA54CEU6TR, STM32WBA54CEU7, STM32WBA54CEU7TR, STM32WBA54CGU6, STM32WBA54CGU6TR, STM32WBA54CGU7, STM32WBA54CGU7TR, STM32WBA54KEU6, STM32WBA54KEU6TR, STM32WBA54KEU7, STM32WBA54KEU7TR, STM32WBA54KGU6, STM32WBA54KGU6TR, STM32WBA54KGU7, STM32WBA54KGU7TR, STM32WBA55CEU6, STM32WBA55CEU6TR, STM32WBA55CEU7, STM32WBA55CEU7TR, STM32WBA55CGU6, STM32WBA55CGU6TR, STM32WBA55CGU6U, STM32WBA55CGU7, STM32WBA55CGU7TR, STM32WBA55G-DK1, STM32WBA55HEF6, STM32WBA55HEF7, STM32WBA55HGF6, STM32WBA55HGF7, STM32WBA55UEI6, STM32WBA55UEI6TR, STM32WBA55UEI7, STM32WBA55UEI7TR, STM32WBA55UGI6, STM32WBA55UGI6TR, STM32WBA55UGI7, STM32WBA55UGI7TR, STM32WBA5MJGH6TR, STM32WBA62CGU6, STM32WBA62CIU6, STM32WBA62MGF6, STM32WBA62MIF6, STM32WBA62PGI6, STM32WBA62PII6, STM32WBA63CGU6, STM32WBA63CGU7, STM32WBA63CIU6, STM32WBA63CIU7, STM32WBA64CGU6, STM32WBA64CGU7, STM32WBA64CIU6, STM32WBA64CIU7, STM32WBA65CGU6, STM32WBA65CGU7, STM32WBA65CIU6, STM32WBA65CIU7, STM32WBA65I-DK1, STM32WBA65MGF6, STM32WBA65MGF7, STM32WBA65MIF6, STM32WBA65MIF7, STM32WBA65PGI6, STM32WBA65PGI7, STM32WBA65PII6, STM32WBA65PII7, STM32WBA65RGV6, STM32WBA65RGV7, STM32WBA65RIV6, STM32WBA65RIV7, STM32WL30K8V6, STM32WL30KBV6, STM32WL31C8V6, STM32WL31CBV6, STM32WL31K8V6, STM32WL31KBV6, STM32WL33C8V6, STM32WL33C8V6TR, STM32WL33C8V7, STM32WL33C8V7TR, STM32WL33CBV6, STM32WL33CBV6TR, STM32WL33CBV7, STM32WL33CBV7TR, STM32WL33CCV6, STM32WL33CCV6TR, STM32WL33CCV7, STM32WL33CCV7A, STM32WL33CCV7ATR, STM32WL33CCV7TR, STM32WL33K8V6, STM32WL33K8V6TR, STM32WL33K8V7, STM32WL33K8V7TR, STM32WL33KBV6, STM32WL33KBV6TR, STM32WL33KBV7, STM32WL33KBV7TR, STM32WL33KCV6, STM32WL33KCV6TR, STM32WL33KCV7, STM32WL33KCV7TR, STM32WL5MOCH6, STM32WL5MOCH6TR]
2025-04-08 15:48:44,522 [INFO] DbMcus:218 - Found 4682 MCUs, 4682 are supported
2025-04-08 15:48:44,523 [INFO] ApiDb:423 - Load user favorites file C:\Users\莫海峰/.stm32cubeide/favorites.mcus.txt: 1 item(s)
2025-04-08 15:48:44,524 [INFO] ApiDb:427 - User favorites MCUs=[STM32G431RBT6]
2025-04-08 15:48:44,524 [INFO] DbMcus:224 - Set 1 / 1 favorites MCUs
2025-04-08 15:48:45,116 [INFO] ApiDb:423 - Load user favorites file C:\Users\莫海峰/.stm32cubeide/favorites.boards.txt: 0 item(s)
2025-04-08 15:48:45,116 [INFO] ApiDb:427 - User favorites Boards=[]
2025-04-08 15:48:45,117 [INFO] DbBoards:198 - Set 0 / 0 favorites Boards
2025-04-08 15:48:45,197 [INFO] UtilMem:75 - End LoadConfig() Used Memory: 284628736 Bytes (483393536)
2025-04-08 15:48:45,419 [WARN] ThirdParty:833 - waiting for thirdparty lock release [change project]
2025-04-08 15:48:45,419 [INFO] ThirdParty:835 - entering critical section [change project]
2025-04-08 15:48:45,419 [INFO] ThirdParty:1030 - CMSIS Pack Vendor :STMicroelectronics USBPD 4.1
2025-04-08 15:48:45,419 [INFO] ThirdParty:1030 - CMSIS Pack Vendor :STMicroelectronics X-CUBE-GNSS1 6.0.0
2025-04-08 15:48:45,419 [INFO] ThirdParty:1030 - CMSIS Pack Vendor :STMicroelectronics USB_HOST 2.0.0
2025-04-08 15:48:45,419 [INFO] ThirdParty:1030 - CMSIS Pack Vendor :STMicroelectronics X-CUBE-AZRTOS-F4 1.1.0
2025-04-08 15:48:45,420 [INFO] ThirdParty:1030 - CMSIS Pack Vendor :STMicroelectronics LIBJPEG 8.0.0
2025-04-08 15:48:45,420 [INFO] ThirdParty:1030 - CMSIS Pack Vendor :STMicroelectronics FP-ATR-ASTRA1 2.0.2
2025-04-08 15:48:45,420 [INFO] ThirdParty:1030 - CMSIS Pack Vendor :STMicroelectronics FP-ATR-ASTRA1 2.0.1
2025-04-08 15:48:45,420 [INFO] ThirdParty:1030 - CMSIS Pack Vendor :STMicroelectronics X-CUBE-BLE1 7.1.0
2025-04-08 15:48:45,420 [INFO] ThirdParty:1030 - CMSIS Pack Vendor :STMicroelectronics X-CUBE-SMBUS 2.1.0
2025-04-08 15:48:45,420 [INFO] ThirdParty:1030 - CMSIS Pack Vendor :STMicroelectronics USB_DEVICE 3.0.0
2025-04-08 15:48:45,420 [INFO] ThirdParty:1030 - CMSIS Pack Vendor :STMicroelectronics X-CUBE-TCPP 4.1.0
2025-04-08 15:48:45,420 [INFO] ThirdParty:1030 - CMSIS Pack Vendor :STMicroelectronics X-CUBE-FREERTOS 1.2.0
2025-04-08 15:48:45,420 [INFO] ThirdParty:1030 - CMSIS Pack Vendor :STMicroelectronics X-CUBE-IPS 3.0.0
2025-04-08 15:48:45,420 [INFO] ThirdParty:1030 - CMSIS Pack Vendor :STMicroelectronics X-CUBE-AZRTOS-WB 2.0.0
2025-04-08 15:48:45,422 [INFO] ThirdParty:1030 - CMSIS Pack Vendor :STMicroelectronics X-CUBE-GNSS1 7.0.0
2025-04-08 15:48:45,422 [INFO] ThirdParty:1030 - CMSIS Pack Vendor :STMicroelectronics X-CUBE-GNSS1 7.0.1
2025-04-08 15:48:45,422 [INFO] ThirdParty:1030 - CMSIS Pack Vendor :STMicroelectronics X-CUBE-AZRTOS-F7 1.1.0
2025-04-08 15:48:45,422 [INFO] ThirdParty:1030 - CMSIS Pack Vendor :STMicroelectronics X-CUBE-AZRTOS-L5 2.0.0
2025-04-08 15:48:45,422 [INFO] ThirdParty:1030 - CMSIS Pack Vendor :STMicroelectronics X-CUBE-TOUCHGFX 4.25.0
2025-04-08 15:48:45,422 [INFO] ThirdParty:1030 - CMSIS Pack Vendor :STMicroelectronics USB_DEVICE 2.0.0
2025-04-08 15:48:45,422 [INFO] ThirdParty:1030 - CMSIS Pack Vendor :STMicroelectronics FP-SNS-STBOX1 2.0.0
2025-04-08 15:48:45,422 [INFO] ThirdParty:1030 - CMSIS Pack Vendor :STMicroelectronics X-CUBE-MEMS1 11.0.0
2025-04-08 15:48:45,422 [INFO] ThirdParty:1030 - CMSIS Pack Vendor :STMicroelectronics FreeRTOS 0.0.1
2025-04-08 15:48:45,422 [INFO] ThirdParty:1030 - CMSIS Pack Vendor :STMicroelectronics X-CUBE-AZRTOS-G0 1.1.0
2025-04-08 15:48:45,422 [INFO] ThirdParty:1030 - CMSIS Pack Vendor :STMicroelectronics X-CUBE-SAFEA1 1.2.2
2025-04-08 15:48:45,422 [INFO] ThirdParty:1030 - CMSIS Pack Vendor :STMicroelectronics X-CUBE-NFC4 3.0.0
2025-04-08 15:48:45,422 [INFO] ThirdParty:1030 - CMSIS Pack Vendor :STMicroelectronics X-CUBE-DPower 1.2.0
2025-04-08 15:48:45,423 [INFO] ThirdParty:1030 - CMSIS Pack Vendor :STMicroelectronics X-CUBE-SUBG2 5.0.0
2025-04-08 15:48:45,423 [INFO] ThirdParty:1030 - CMSIS Pack Vendor :STMicroelectronics X-CUBE-AZRTOS-H7RS 1.1.0
2025-04-08 15:48:45,423 [INFO] ThirdParty:1030 - CMSIS Pack Vendor :STMicroelectronics STM32_WPAN 1.0.0
2025-04-08 15:48:45,423 [INFO] ThirdParty:1030 - CMSIS Pack Vendor :EmbeddedOffice I-CUBE-FS-RTOS 1.0.1
2025-04-08 15:48:45,423 [INFO] ThirdParty:1030 - CMSIS Pack Vendor :STMicroelectronics lwIP 2.0.3
2025-04-08 15:48:45,423 [INFO] ThirdParty:1030 - CMSIS Pack Vendor :STMicroelectronics FP-SNS-FLIGHT1 5.0.2
2025-04-08 15:48:45,423 [INFO] ThirdParty:1030 - CMSIS Pack Vendor :STMicroelectronics USB_HOST 1.0.0
2025-04-08 15:48:45,423 [INFO] ThirdParty:1030 - CMSIS Pack Vendor :Infineon AIROC-Wi-Fi-Bluetooth-STM32 1.7.0
2025-04-08 15:48:45,423 [INFO] ThirdParty:1030 - CMSIS Pack Vendor :STMicroelectronics X-CUBE-AI 9.0.0
2025-04-08 15:48:45,423 [INFO] ThirdParty:1030 - CMSIS Pack Vendor :STMicroelectronics X-CUBE-AZRTOS-G4 2.0.0
2025-04-08 15:48:45,423 [INFO] ThirdParty:1030 - CMSIS Pack Vendor :STMicroelectronics PDM2PCM 3.1.0
2025-04-08 15:48:45,423 [INFO] ThirdParty:1030 - CMSIS Pack Vendor :STMicroelectronics PDM2PCM 3.3.0
2025-04-08 15:48:45,424 [INFO] ThirdParty:1030 - CMSIS Pack Vendor :STMicroelectronics X-CUBE-DISPLAY 3.0.0
2025-04-08 15:48:45,424 [INFO] ThirdParty:1030 - CMSIS Pack Vendor :STMicroelectronics X-CUBE-TCPP 4.2.0
2025-04-08 15:48:45,424 [INFO] ThirdParty:1030 - CMSIS Pack Vendor :RealThread X-CUBE-RT-Thread_Nano 4.1.1
2025-04-08 15:48:45,424 [INFO] ThirdParty:1030 - CMSIS Pack Vendor :STMicroelectronics X-CUBE-BLE1 7.0.0
2025-04-08 15:48:45,424 [INFO] ThirdParty:1030 - CMSIS Pack Vendor :STMicroelectronics FP-ATR-SIGFOX1 3.2.0
2025-04-08 15:48:45,424 [INFO] ThirdParty:1030 - CMSIS Pack Vendor :wolfSSL I-CUBE-wolfSSL 5.7.2
2025-04-08 15:48:45,424 [INFO] ThirdParty:1030 - CMSIS Pack Vendor :quantropi X-CUBE-qispace-sdk-base 1.9.3
2025-04-08 15:48:45,424 [INFO] ThirdParty:1030 - CMSIS Pack Vendor :STMicroelectronics X-CUBE-ISPU 2.0.0
2025-04-08 15:48:45,424 [INFO] ThirdParty:1030 - CMSIS Pack Vendor :STMicroelectronics X-CUBE-BLEMGR 4.0.0
2025-04-08 15:48:45,424 [INFO] ThirdParty:1030 - CMSIS Pack Vendor :STMicroelectronics X-CUBE-EEPRMA1 5.1.0
2025-04-08 15:48:45,424 [INFO] ThirdParty:1030 - CMSIS Pack Vendor :STMicroelectronics HAL Drivers 0.0.0
2025-04-08 15:48:45,424 [INFO] ThirdParty:1030 - CMSIS Pack Vendor :STMicroelectronics MBEDTLS 2.16.2
2025-04-08 15:48:45,424 [INFO] ThirdParty:1030 - CMSIS Pack Vendor :STMicroelectronics X-CUBE-IPS 3.1.0
2025-04-08 15:48:45,424 [INFO] ThirdParty:1030 - CMSIS Pack Vendor :emotas I-CUBE-CANOPEN 1.3.0
2025-04-08 15:48:45,424 [INFO] ThirdParty:1030 - CMSIS Pack Vendor :STMicroelectronics X-CUBE-FREERTOS 1.3.0
2025-04-08 15:48:45,424 [INFO] ThirdParty:1030 - CMSIS Pack Vendor :STMicroelectronics X-CUBE-MEMS1 10.0.0
2025-04-08 15:48:45,425 [INFO] ThirdParty:1030 - CMSIS Pack Vendor :STMicroelectronics X-CUBE-NFC7 1.0.1
2025-04-08 15:48:45,425 [INFO] ThirdParty:1030 - CMSIS Pack Vendor :STMicroelectronics MBEDTLS 2.14.1
2025-04-08 15:48:45,425 [INFO] ThirdParty:1030 - CMSIS Pack Vendor :STMicroelectronics X-CUBE-TOUCHGFX 4.24.0
2025-04-08 15:48:45,425 [INFO] ThirdParty:1030 - CMSIS Pack Vendor :ITTIA_DB I-CUBE-ITTIADB 8.9.0
2025-04-08 15:48:45,425 [INFO] ThirdParty:1030 - CMSIS Pack Vendor :wolfSSL I-CUBE-wolfTPM 3.2.0
2025-04-08 15:48:45,425 [INFO] ThirdParty:1030 - CMSIS Pack Vendor :STMicroelectronics X-CUBE-TOUCHGFX 4.24.2
2025-04-08 15:48:45,425 [INFO] ThirdParty:1030 - CMSIS Pack Vendor :STMicroelectronics X-CUBE-TOUCHGFX 4.24.1
2025-04-08 15:48:45,425 [INFO] ThirdParty:1030 - CMSIS Pack Vendor :portGmbH I-Cube-SoM-uGOAL 1.1.0
2025-04-08 15:48:45,425 [INFO] ThirdParty:1030 - CMSIS Pack Vendor :STMicroelectronics X-CUBE-BLEMGR 3.1.0
2025-04-08 15:48:45,425 [INFO] ThirdParty:1030 - CMSIS Pack Vendor :STMicroelectronics X-CUBE-AI 10.0.0
2025-04-08 15:48:45,425 [INFO] ThirdParty:1030 - CMSIS Pack Vendor :STMicroelectronics ThreadX 1.0.0
2025-04-08 15:48:45,426 [INFO] ThirdParty:1030 - CMSIS Pack Vendor :STMicroelectronics FP-SNS-SMARTAG2 1.2.0
2025-04-08 15:48:45,426 [INFO] ThirdParty:1030 - CMSIS Pack Vendor :STMicroelectronics FP-SNS-FLIGHT1 5.1.0
2025-04-08 15:48:45,426 [INFO] ThirdParty:1030 - CMSIS Pack Vendor :STMicroelectronics X-CUBE-MEMS1 11.1.0
2025-04-08 15:48:45,426 [INFO] ThirdParty:1030 - CMSIS Pack Vendor :STMicroelectronics X-CUBE-AZRTOS-WL 2.0.0
2025-04-08 15:48:45,426 [INFO] ThirdParty:1030 - CMSIS Pack Vendor :SEGGER I-CUBE-embOS 1.3.1
2025-04-08 15:48:45,426 [INFO] ThirdParty:1030 - CMSIS Pack Vendor :STMicroelectronics X-CUBE-ALGOBUILD 1.4.0
2025-04-08 15:48:45,426 [INFO] ThirdParty:1030 - CMSIS Pack Vendor :STMicroelectronics X-CUBE-DPower 1.3.0
2025-04-08 15:48:45,426 [INFO] ThirdParty:1030 - CMSIS Pack Vendor :STMicroelectronics USB_DEVICE 1.0.0
2025-04-08 15:48:45,426 [INFO] ThirdParty:1030 - CMSIS Pack Vendor :STMicroelectronics X-CUBE-AZRTOS-H7RS 1.0.0
2025-04-08 15:48:45,426 [INFO] ThirdParty:1030 - CMSIS Pack Vendor :wolfSSL I-CUBE-wolfMQTT 1.19.0
2025-04-08 15:48:45,426 [INFO] ThirdParty:1030 - CMSIS Pack Vendor :STMicroelectronics X-CUBE-AZRTOS-L4 2.0.0
2025-04-08 15:48:45,426 [INFO] ThirdParty:1030 - CMSIS Pack Vendor :STMicroelectronics ThreadX 0.0.2
2025-04-08 15:48:45,427 [INFO] ThirdParty:1030 - CMSIS Pack Vendor :STMicroelectronics FP-ATR-ASTRA1 2.0.0
2025-04-08 15:48:45,427 [INFO] ThirdParty:1030 - CMSIS Pack Vendor :STMicroelectronics lwIP 2.1.2
2025-04-08 15:48:45,427 [INFO] ThirdParty:1030 - CMSIS Pack Vendor :STMicroelectronics X-CUBE-SFXS2LP1 4.0.0
2025-04-08 15:48:45,427 [INFO] ThirdParty:1030 - CMSIS Pack Vendor :STMicroelectronics X-CUBE-BLE2 3.3.0
2025-04-08 15:48:45,427 [INFO] ThirdParty:1030 - CMSIS Pack Vendor :STMicroelectronics X-CUBE-TOF1 3.4.2
2025-04-08 15:48:45,427 [INFO] ThirdParty:1030 - CMSIS Pack Vendor :STMicroelectronics X-CUBE-AZRTOS-H7 3.2.0
2025-04-08 15:48:45,427 [INFO] ThirdParty:1030 - CMSIS Pack Vendor :STMicroelectronics PDM2PCM 3.2.0
2025-04-08 15:48:45,427 [INFO] ThirdParty:1030 - CMSIS Pack Vendor :wolfSSL I-CUBE-wolfSSH 1.4.17
2025-04-08 15:48:45,427 [INFO] ThirdParty:841 - exiting critical section [change project]
2025-04-08 15:48:46,151 [INFO] PinOutPanel:1589 - setPackage(No Configuration,No Configuration)
2025-04-08 15:48:46,155 [INFO] PinOutPanel:1589 - setPackage(STM32G431C8Tx,LQFP48)
2025-04-08 15:48:47,006 [INFO] UtilMem:75 - Before build in PCC Used Memory: 360127184 Bytes (483393536)
2025-04-08 15:48:48,392 [INFO] UtilMem:75 - After build in PCC Used Memory: 291478944 Bytes (483393536)
2025-04-08 15:48:48,463 [INFO] IPUIPlugin:80 - create IPUIPlugin
2025-04-08 15:48:48,463 [INFO] IPUIPlugin:80 - create IPUIPlugin
2025-04-08 15:48:48,464 [INFO] IPUIPlugin:80 - create IPUIPlugin
2025-04-08 15:48:48,464 [INFO] IPUIPlugin:80 - create IPUIPlugin
2025-04-08 15:48:48,464 [INFO] IPUIPlugin:80 - create IPUIPlugin
2025-04-08 15:48:48,464 [INFO] IPUIPlugin:80 - create IPUIPlugin
2025-04-08 15:48:48,465 [INFO] IPUIPlugin:80 - create IPUIPlugin
2025-04-08 15:48:48,465 [INFO] IPUIPlugin:80 - create IPUIPlugin
2025-04-08 15:48:48,466 [INFO] IPUIPlugin:80 - create IPUIPlugin
2025-04-08 15:48:48,466 [INFO] IPUIPlugin:80 - create IPUIPlugin
2025-04-08 15:48:48,466 [INFO] IPUIPlugin:80 - create IPUIPlugin
2025-04-08 15:48:48,467 [INFO] IPUIPlugin:80 - create IPUIPlugin
2025-04-08 15:48:48,467 [INFO] IPUIPlugin:80 - create IPUIPlugin
2025-04-08 15:48:48,467 [INFO] IPUIPlugin:80 - create IPUIPlugin
2025-04-08 15:48:48,467 [INFO] IPUIPlugin:80 - create IPUIPlugin
2025-04-08 15:48:48,468 [INFO] IPUIPlugin:80 - create IPUIPlugin
2025-04-08 15:48:48,468 [INFO] IPUIPlugin:80 - create IPUIPlugin
2025-04-08 15:48:48,468 [INFO] IPUIPlugin:80 - create IPUIPlugin
2025-04-08 15:48:48,469 [INFO] IPUIPlugin:80 - create IPUIPlugin
2025-04-08 15:48:48,470 [INFO] IPUIPlugin:80 - create IPUIPlugin
2025-04-08 15:48:48,470 [INFO] IPUIPlugin:80 - create IPUIPlugin
2025-04-08 15:48:48,470 [INFO] IPUIPlugin:80 - create IPUIPlugin
2025-04-08 15:48:48,471 [INFO] IPUIPlugin:80 - create IPUIPlugin
2025-04-08 15:48:48,471 [INFO] IPUIPlugin:80 - create IPUIPlugin
2025-04-08 15:48:48,472 [INFO] IPUIPlugin:80 - create IPUIPlugin
2025-04-08 15:48:48,473 [INFO] IPUIPlugin:80 - create IPUIPlugin
2025-04-08 15:48:48,473 [INFO] IPUIPlugin:80 - create IPUIPlugin
2025-04-08 15:48:48,474 [INFO] IPUIPlugin:80 - create IPUIPlugin
2025-04-08 15:48:48,474 [INFO] IPUIPlugin:80 - create IPUIPlugin
2025-04-08 15:48:48,474 [INFO] IPUIPlugin:80 - create IPUIPlugin
2025-04-08 15:48:48,475 [INFO] IPUIPlugin:80 - create IPUIPlugin
2025-04-08 15:48:48,475 [INFO] IPUIPlugin:80 - create IPUIPlugin
2025-04-08 15:48:48,476 [INFO] IPUIPlugin:80 - create IPUIPlugin
2025-04-08 15:48:48,476 [INFO] IPUIPlugin:80 - create IPUIPlugin
2025-04-08 15:48:48,477 [INFO] IPUIPlugin:80 - create IPUIPlugin
2025-04-08 15:48:48,477 [INFO] IPUIPlugin:80 - create IPUIPlugin
2025-04-08 15:48:48,478 [INFO] IPUIPlugin:80 - create IPUIPlugin
2025-04-08 15:48:48,478 [INFO] IPUIPlugin:80 - create IPUIPlugin
2025-04-08 15:48:48,479 [INFO] IPUIPlugin:80 - create IPUIPlugin
2025-04-08 15:48:48,479 [INFO] IPUIPlugin:80 - create IPUIPlugin
2025-04-08 15:48:48,480 [INFO] IPUIPlugin:80 - create IPUIPlugin
2025-04-08 15:48:48,480 [INFO] IPUIPlugin:80 - create IPUIPlugin
2025-04-08 15:48:48,480 [INFO] IPUIPlugin:80 - create IPUIPlugin
2025-04-08 15:48:48,481 [INFO] IPUIPlugin:80 - create IPUIPlugin
2025-04-08 15:48:48,481 [INFO] IPUIPlugin:80 - create IPUIPlugin
2025-04-08 15:48:48,482 [INFO] IPUIPlugin:80 - create IPUIPlugin
2025-04-08 15:48:48,483 [INFO] IPUIPlugin:80 - create IPUIPlugin
2025-04-08 15:48:48,483 [INFO] IPUIPlugin:80 - create IPUIPlugin
2025-04-08 15:48:48,484 [INFO] IPUIPlugin:80 - create IPUIPlugin
2025-04-08 15:48:48,485 [INFO] IPUIPlugin:80 - create IPUIPlugin
2025-04-08 15:48:48,485 [INFO] IPUIPlugin:80 - create IPUIPlugin
2025-04-08 15:48:48,487 [INFO] IPUIPlugin:80 - create IPUIPlugin
2025-04-08 15:48:48,487 [INFO] IPUIPlugin:80 - create IPUIPlugin
2025-04-08 15:48:48,488 [INFO] IPUIPlugin:80 - create IPUIPlugin
2025-04-08 15:48:48,488 [INFO] IPUIPlugin:80 - create IPUIPlugin
2025-04-08 15:48:48,489 [INFO] IPUIPlugin:80 - create IPUIPlugin
2025-04-08 15:48:48,490 [INFO] IPUIPlugin:80 - create IPUIPlugin
2025-04-08 15:48:48,919 [INFO] CADModel:165 - CPN selected for project levelSTM32G431C8T6
2025-04-08 15:48:48,919 [INFO] CADModel:114 - Register for checkConnection events
2025-04-08 15:48:49,064 [INFO] OpenFileManager:385 - Restore cursor
2025-04-08 15:49:05,600 [INFO] NvicIntPanel:101 - NVIC parent = com.st.microxplorer.plugins.ip.nvic.MultiNvicIntPanel[,0,0,0x0,invalid,layout=javax.swing.BoxLayout,alignmentX=0.0,alignmentY=0.0,border=,flags=9,maximumSize=,minimumSize=,preferredSize=]
2025-04-08 15:49:16,532 [INFO] NvicIntPanel:101 - NVIC parent = com.st.microxplorer.plugins.ip.nvic.MultiNvicIntPanel[,0,0,0x0,invalid,layout=javax.swing.BoxLayout,alignmentX=0.0,alignmentY=0.0,border=,flags=9,maximumSize=,minimumSize=,preferredSize=]
2025-04-08 15:49:18,529 [INFO] NvicIntPanel:101 - NVIC parent = com.st.microxplorer.plugins.ip.nvic.MultiNvicIntPanel[,0,0,0x0,invalid,layout=javax.swing.BoxLayout,alignmentX=0.0,alignmentY=0.0,border=,flags=9,maximumSize=,minimumSize=,preferredSize=]
2025-04-08 15:49:34,139 [INFO] UtilMem:75 - End SaveConfig() Used Memory: 385462112 Bytes (510656512)
2025-04-08 15:49:35,316 [INFO] UtilMem:75 - End SaveConfig() Used Memory: 437303024 Bytes (510656512)
2025-04-08 15:49:36,297 [INFO] BlockDiagram:2775 - set Specific Code input for plugin: SYS
2025-04-08 15:49:36,297 [INFO] BlockDiagram:2775 - set Specific Code input for plugin: RCC
2025-04-08 15:49:36,297 [INFO] BlockDiagram:2775 - set Specific Code input for plugin: NVIC
2025-04-08 15:49:36,297 [INFO] BlockDiagram:2775 - set Specific Code input for plugin: USART
2025-04-08 15:49:36,298 [INFO] BlockDiagram:2775 - set Specific Code input for plugin: DMA
2025-04-08 15:49:36,298 [INFO] BlockDiagram:2775 - set Specific Code input for plugin: GPIO
2025-04-08 15:49:36,301 [INFO] CodeGenerator:882 - code generatio: config db path: D:\Download\STM32\STM32CubeIDE_1.14.1\STM32CubeIDE\plugins\com.st.stm32cube.common.mx_6.14.0.202502271554\\db\
2025-04-08 15:49:36,519 [INFO] CodeEngine:263 - oldGeneratedFile, D:\GitRepository\STM32G431C8T6\MXTmpFiles\license.tmp_save
2025-04-08 15:49:37,022 [INFO] CodeEngine:287 - Generated code: D:\GitRepository\STM32G431C8T6\MXTmpFiles\license.tmp
2025-04-08 15:49:37,158 [INFO] CodeEngine:263 - oldGeneratedFile, D:\GitRepository\STM32G431C8T6\Core\Src\gpio.c_save
2025-04-08 15:49:37,374 [INFO] CodeEngine:287 - Generated code: D:\GitRepository\STM32G431C8T6\Core\Src\gpio.c
2025-04-08 15:49:37,391 [INFO] CodeEngine:263 - oldGeneratedFile, D:\GitRepository\STM32G431C8T6\Core\Inc\gpio.h_save
2025-04-08 15:49:37,531 [INFO] CodeEngine:287 - Generated code: D:\GitRepository\STM32G431C8T6\Core\Inc\gpio.h
2025-04-08 15:49:38,014 [INFO] CodeEngine:263 - oldGeneratedFile, D:\GitRepository\STM32G431C8T6\Core\Src\dma.c_save
2025-04-08 15:49:38,146 [INFO] CodeEngine:287 - Generated code: D:\GitRepository\STM32G431C8T6\Core\Src\dma.c
2025-04-08 15:49:38,164 [INFO] CodeEngine:263 - oldGeneratedFile, D:\GitRepository\STM32G431C8T6\Core\Inc\dma.h_save
2025-04-08 15:49:38,293 [INFO] CodeEngine:287 - Generated code: D:\GitRepository\STM32G431C8T6\Core\Inc\dma.h
2025-04-08 15:49:38,325 [INFO] CodeEngine:263 - oldGeneratedFile, D:\GitRepository\STM32G431C8T6\Core\Src\usart.c_save
2025-04-08 15:49:38,594 [INFO] CodeEngine:287 - Generated code: D:\GitRepository\STM32G431C8T6\Core\Src\usart.c
2025-04-08 15:49:38,612 [INFO] CodeEngine:263 - oldGeneratedFile, D:\GitRepository\STM32G431C8T6\Core\Inc\usart.h_save
2025-04-08 15:49:38,735 [INFO] CodeEngine:287 - Generated code: D:\GitRepository\STM32G431C8T6\Core\Inc\usart.h
2025-04-08 15:49:38,767 [INFO] CodeEngine:263 - oldGeneratedFile, D:\GitRepository\STM32G431C8T6\Core\Src\stm32g4xx_it.c_save
2025-04-08 15:49:38,970 [INFO] CodeEngine:287 - Generated code: D:\GitRepository\STM32G431C8T6\Core\Src\stm32g4xx_it.c
2025-04-08 15:49:38,989 [INFO] CodeEngine:263 - oldGeneratedFile, D:\GitRepository\STM32G431C8T6\Core\Inc\stm32g4xx_it.h_save
2025-04-08 15:49:39,104 [INFO] CodeEngine:287 - Generated code: D:\GitRepository\STM32G431C8T6\Core\Inc\stm32g4xx_it.h
2025-04-08 15:49:39,134 [INFO] CodeEngine:263 - oldGeneratedFile, D:\GitRepository\STM32G431C8T6\Core\Src\stm32g4xx_hal_msp.c_save
2025-04-08 15:49:39,263 [INFO] CodeEngine:287 - Generated code: D:\GitRepository\STM32G431C8T6\Core\Src\stm32g4xx_hal_msp.c
2025-04-08 15:49:39,271 [INFO] CodeEngine:263 - oldGeneratedFile, D:\GitRepository\STM32G431C8T6\MXTmpFiles\system.tmp_save
2025-04-08 15:49:39,360 [INFO] CodeEngine:287 - Generated code: D:\GitRepository\STM32G431C8T6\MXTmpFiles\system.tmp
2025-04-08 15:49:39,386 [INFO] CodeEngine:319 - oldGeneratedFile, D:\GitRepository\STM32G431C8T6\Core\Inc\stm32g4xx_hal_conf.h_save
2025-04-08 15:49:39,487 [INFO] CodeEngine:343 - Generated code: D:\GitRepository\STM32G431C8T6\Core\Inc\stm32g4xx_hal_conf.h
2025-04-08 15:49:39,529 [WARN] IPConfigManager:3174 - Warning: the RefConfig RCC_CommonPeriphClockConfig is not available in your config.xml file
2025-04-08 15:49:39,555 [INFO] ApiDbMcu:508 - Load IP Config File for USART1
2025-04-08 15:49:39,559 [INFO] ApiDbMcu:508 - Load IP Config File for RCC
2025-04-08 15:49:39,581 [INFO] CodeEngine:263 - oldGeneratedFile, D:\GitRepository\STM32G431C8T6\Core\Inc\main.h_save
2025-04-08 15:49:39,725 [INFO] CodeEngine:287 - Generated code: D:\GitRepository\STM32G431C8T6\Core\Inc\main.h
2025-04-08 15:49:39,738 [INFO] CodeEngine:263 - oldGeneratedFile, D:\GitRepository\STM32G431C8T6\Core\Src\main.c_save
2025-04-08 15:49:39,920 [INFO] CodeEngine:287 - Generated code: D:\GitRepository\STM32G431C8T6\Core\Src\main.c
2025-04-08 15:49:40,910 [INFO] ProjectBuilder:3324 - Time for Copy HAL[1] : 563mS.
2025-04-08 15:49:40,924 [INFO] ProjectBuilder:4912 - Project Generator version: 4.6.0-B36
2025-04-08 15:49:41,069 [INFO] ConfigFileManager:1590 - The Die is : DIE468
2025-04-08 15:49:41,079 [INFO] ApiDbMcu:508 - Load IP Config File for FATFS
2025-04-08 15:49:41,087 [INFO] ApiDbMcu:508 - Load IP Config File for FREERTOS
2025-04-08 15:49:41,099 [INFO] ApiDbMcu:508 - Load IP Config File for USBPD
2025-04-08 15:49:41,113 [INFO] ApiDbMcu:508 - Load IP Config File for USB_DEVICE
2025-04-08 15:49:41,895 [INFO] LogOutputStream:77 - [STDOUT_REDIRECT] 
2025-04-08 15:49:44,416 [INFO] ProjectBuilder:5191 - Time for Generating toolchain IDE Files: 3486mS.
2025-04-08 15:49:44,419 [INFO] ProjectBuilder:3181 - Time for Copy CMSIS : 2mS.
2025-04-08 15:49:44,430 [INFO] ProjectBuilder:3181 - Time for Copy CMSIS : 0mS.
