2025-04-09 15:13:00,952 [INFO] Activator:176 - 


2025-04-09 15:13:00,961 [INFO] Activator:177 - !SESSION log4j initialized
2025-04-09 15:13:01,676 [ERROR] LogOutputStream:75 - [STDERR_REDIRECT] Warning: NLS unused message: ProblemMarkerManager_problem_marker_update_job_description in: org.eclipse.jdt.internal.ui.JavaUIMessages
2025-04-09 15:13:01,682 [ERROR] LogOutputStream:75 - [STDERR_REDIRECT] Warning: NLS unused message: FilteredTypesSelectionDialog_default_package in: org.eclipse.jdt.internal.ui.JavaUIMessages
2025-04-09 15:13:01,687 [ERROR] LogOutputStream:75 - [STDERR_REDIRECT] Warning: NLS unused message: FilteredTypeSelectionDialog_showContainerForDuplicatesAction in: org.eclipse.jdt.internal.ui.JavaUIMessages
2025-04-09 15:13:01,691 [ERROR] LogOutputStream:75 - [STDERR_REDIRECT] Warning: NLS unused message: JavaElementLabels_anonym_type in: org.eclipse.jdt.internal.ui.JavaUIMessages
2025-04-09 15:13:01,695 [ERROR] LogOutputStream:75 - [STDERR_REDIRECT] Warning: NLS unused message: JavaElementLabels_anonym in: org.eclipse.jdt.internal.ui.JavaUIMessages
2025-04-09 15:13:01,698 [ERROR] LogOutputStream:75 - [STDERR_REDIRECT] Warning: NLS unused message: JavaElementLabels_concat_string in: org.eclipse.jdt.internal.ui.JavaUIMessages
2025-04-09 15:13:01,702 [ERROR] LogOutputStream:75 - [STDERR_REDIRECT] Warning: NLS unused message: JavaElementLabels_comma_string in: org.eclipse.jdt.internal.ui.JavaUIMessages
2025-04-09 15:13:01,705 [ERROR] LogOutputStream:75 - [STDERR_REDIRECT] Warning: NLS unused message: JavaElementLabels_declseparator_string in: org.eclipse.jdt.internal.ui.JavaUIMessages
2025-04-09 15:13:01,709 [ERROR] LogOutputStream:75 - [STDERR_REDIRECT] Warning: NLS unused message: JavaElementLabels_category_separator_string in: org.eclipse.jdt.internal.ui.JavaUIMessages
2025-04-09 15:13:01,714 [ERROR] LogOutputStream:75 - [STDERR_REDIRECT] Warning: NLS unused message: JavaElementLabels_import_container in: org.eclipse.jdt.internal.ui.JavaUIMessages
2025-04-09 15:13:08,469 [INFO] LogOutputStream:77 - [STDOUT_REDIRECT] 
2025-04-09 15:13:09,781 [ERROR] LogOutputStream:75 - [STDERR_REDIRECT] Warning: NLS unused message: ShowInNavigatorView_label in: org.eclipse.jdt.internal.ui.actions.ActionMessages
2025-04-09 15:13:09,784 [ERROR] LogOutputStream:75 - [STDERR_REDIRECT] Warning: NLS unused message: ShowInNavigatorView_dialog_title in: org.eclipse.jdt.internal.ui.actions.ActionMessages
2025-04-09 15:13:09,788 [ERROR] LogOutputStream:75 - [STDERR_REDIRECT] Warning: NLS unused message: ShowInNavigatorView_dialog_message in: org.eclipse.jdt.internal.ui.actions.ActionMessages
2025-04-09 15:13:09,791 [ERROR] LogOutputStream:75 - [STDERR_REDIRECT] Warning: NLS unused message: ShowInNavigatorView_error_activation_failed in: org.eclipse.jdt.internal.ui.actions.ActionMessages
2025-04-09 15:13:09,798 [ERROR] LogOutputStream:75 - [STDERR_REDIRECT] Warning: NLS unused message: OrganizeImportsAction_error_message in: org.eclipse.jdt.internal.ui.actions.ActionMessages
2025-04-09 15:13:10,407 [ERROR] LogOutputStream:75 - [STDERR_REDIRECT] Warning: NLS unused message: ChangeExceptionHandler_dialog_title in: org.eclipse.jdt.internal.ui.refactoring.refactoringui
2025-04-09 15:13:11,052 [INFO] ApplicationProperties:184 - Using Application install path: D:\Download\STM32\STM32CubeIDE_1.14.1\STM32CubeIDE\plugins\com.st.stm32cube.common.mx_6.14.0.202502271554
2025-04-09 15:13:11,084 [INFO] DbMcusXml:78 - Set database path to: D:\Download\STM32\STM32CubeIDE_1.14.1\STM32CubeIDE\plugins\com.st.stm32cube.common.mx_6.14.0.202502271554\\db\/mcu/
2025-04-09 15:13:11,084 [INFO] ApiDb:274 - Set plugin database path to: D:\Download\STM32\STM32CubeIDE_1.14.1\STM32CubeIDE\plugins\com.st.stm32cube.common.mx_6.14.0.202502271554\\db\/plugins/boardmanager/
2025-04-09 15:13:11,085 [WARN] ApiDb:259 - Overriding images path with different value:  => D:\Download\STM32\STM32CubeIDE_1.14.1\STM32CubeIDE\plugins\com.st.stm32cube.common.mx_6.14.0.202502271554\\db\/plugins/mcufinder/images/
2025-04-09 15:13:11,100 [INFO] ApiDb:250 - Set database path to: C:\Users\莫海峰\.stmcufinder\plugins\mcufinder//mcu/
2025-04-09 15:13:11,107 [INFO] DbMcusAds:125 - Set database path to: C:\Users\莫海峰\.stmcufinder\plugins\mcufinder//mcu/
2025-04-09 15:13:11,110 [INFO] CrossReferenceDbSqlite:203 - Set database path to: C:\Users\莫海峰\.stmcufinder\plugins\mcufinder//mcu/cs/
2025-04-09 15:13:11,262 [INFO] RulesReader:64 - Compatibility file has been processed (301 Rules)
2025-04-09 15:13:11,369 [INFO] DbMcusXml:78 - Set database path to: D:\Download\STM32\STM32CubeIDE_1.14.1\STM32CubeIDE\plugins\com.st.stm32cube.common.mx_6.14.0.202502271554\\db\/mcu/
2025-04-09 15:13:11,369 [INFO] ApiDb:274 - Set plugin database path to: D:\Download\STM32\STM32CubeIDE_1.14.1\STM32CubeIDE\plugins\com.st.stm32cube.common.mx_6.14.0.202502271554\\db\/plugins/boardmanager/
2025-04-09 15:13:11,369 [INFO] ApiDb:261 - Set plugin images path to: D:\Download\STM32\STM32CubeIDE_1.14.1\STM32CubeIDE\plugins\com.st.stm32cube.common.mx_6.14.0.202502271554\\db\/plugins/mcufinder/images/
2025-04-09 15:13:11,370 [WARN] DbFile:41 - Overriding database path with different value: C:\Users\莫海峰\.stmcufinder\plugins\mcufinder/ => C:\Users\莫海峰\.stmcufinder\plugins\mcufinder
2025-04-09 15:13:11,370 [INFO] ApiDb:250 - Set database path to: C:\Users\莫海峰\.stmcufinder\plugins\mcufinder//mcu/
2025-04-09 15:13:11,370 [WARN] DbFile:41 - Overriding database path with different value: C:\Users\莫海峰\.stmcufinder\plugins\mcufinder/ => C:\Users\莫海峰\.stmcufinder\plugins\mcufinder
2025-04-09 15:13:11,370 [INFO] DbMcusAds:125 - Set database path to: C:\Users\莫海峰\.stmcufinder\plugins\mcufinder//mcu/
2025-04-09 15:13:11,370 [WARN] DbFile:41 - Overriding database path with different value: C:\Users\莫海峰\.stmcufinder\plugins\mcufinder/ => C:\Users\莫海峰\.stmcufinder\plugins\mcufinder
2025-04-09 15:13:11,370 [WARN] DbFile:41 - Overriding database path with different value: C:\Users\莫海峰\.stmcufinder\plugins\mcufinder/ => C:\Users\莫海峰\.stmcufinder\plugins\mcufinder
2025-04-09 15:13:11,370 [INFO] CrossReferenceDbSqlite:203 - Set database path to: C:\Users\莫海峰\.stmcufinder\plugins\mcufinder//mcu/cs/
2025-04-09 15:13:11,467 [INFO] MainPanel:272 - HeapMemory: 268435456
2025-04-09 15:13:11,596 [INFO] DbMcusXml:78 - Set database path to: D:\Download\STM32\STM32CubeIDE_1.14.1\STM32CubeIDE\plugins\com.st.stm32cube.common.mx_6.14.0.202502271554\\db\/mcu/
2025-04-09 15:13:11,596 [INFO] ApiDb:274 - Set plugin database path to: D:\Download\STM32\STM32CubeIDE_1.14.1\STM32CubeIDE\plugins\com.st.stm32cube.common.mx_6.14.0.202502271554\\db\/plugins/boardmanager/
2025-04-09 15:13:11,597 [INFO] ApiDb:261 - Set plugin images path to: D:\Download\STM32\STM32CubeIDE_1.14.1\STM32CubeIDE\plugins\com.st.stm32cube.common.mx_6.14.0.202502271554\\db\/plugins/mcufinder/images/
2025-04-09 15:13:11,597 [WARN] DbFile:41 - Overriding database path with different value: C:\Users\莫海峰\.stmcufinder\plugins\mcufinder/ => C:\Users\莫海峰\.stmcufinder\plugins\mcufinder
2025-04-09 15:13:11,597 [INFO] ApiDb:250 - Set database path to: C:\Users\莫海峰\.stmcufinder\plugins\mcufinder//mcu/
2025-04-09 15:13:11,597 [WARN] DbFile:41 - Overriding database path with different value: C:\Users\莫海峰\.stmcufinder\plugins\mcufinder/ => C:\Users\莫海峰\.stmcufinder\plugins\mcufinder
2025-04-09 15:13:11,597 [INFO] DbMcusAds:125 - Set database path to: C:\Users\莫海峰\.stmcufinder\plugins\mcufinder//mcu/
2025-04-09 15:13:11,597 [WARN] DbFile:41 - Overriding database path with different value: C:\Users\莫海峰\.stmcufinder\plugins\mcufinder/ => C:\Users\莫海峰\.stmcufinder\plugins\mcufinder
2025-04-09 15:13:11,597 [WARN] DbFile:41 - Overriding database path with different value: C:\Users\莫海峰\.stmcufinder\plugins\mcufinder/ => C:\Users\莫海峰\.stmcufinder\plugins\mcufinder
2025-04-09 15:13:11,597 [INFO] CrossReferenceDbSqlite:203 - Set database path to: C:\Users\莫海峰\.stmcufinder\plugins\mcufinder//mcu/cs/
2025-04-09 15:13:11,620 [INFO] ApplicationProperties:184 - Using Application install path: D:\Download\STM32\STM32CubeIDE_1.14.1\STM32CubeIDE\plugins\com.st.stm32cube.common.mx_6.14.0.202502271554
2025-04-09 15:13:11,623 [INFO] PluginManage:196 - Search for loadable plugins [exclusion list=, ]
2025-04-09 15:13:11,624 [INFO] PluginManage:310 - Check plugin analytics
2025-04-09 15:13:11,855 [INFO] AnalyticsPlugin:253 - Accepted Software Licenses: STM32CubeMX.6.9.2
2025-04-09 15:13:11,856 [INFO] AnalyticsPlugin:255 - Accepted CMSIS Pack Licenses: 
2025-04-09 15:13:11,856 [INFO] AnalyticsPlugin:257 - Accepted Firmware Licenses: FW.G4.1.5.0,FW.G4.1.6.0
2025-04-09 15:13:11,856 [INFO] PluginManage:359 - Loaded plugin analytics (category:tool,tabindex:-1)
2025-04-09 15:13:11,858 [INFO] PluginManage:310 - Check plugin cadmodel
2025-04-09 15:13:11,863 [INFO] CADModel:105 - Init CAD model plugin
2025-04-09 15:13:11,864 [INFO] PluginManage:359 - Loaded plugin cadmodel (category:power,tabindex:5)
2025-04-09 15:13:11,864 [INFO] PluginManage:310 - Check plugin clock
2025-04-09 15:13:11,876 [INFO] PluginManage:359 - Loaded plugin clock (category:base,tabindex:2)
2025-04-09 15:13:11,876 [INFO] PluginManage:310 - Check plugin ddr
2025-04-09 15:13:11,879 [INFO] PluginManage:359 - Loaded plugin ddr (category:tool,tabindex:6)
2025-04-09 15:13:11,880 [INFO] PluginManage:310 - Check plugin filemanager
2025-04-09 15:13:12,068 [INFO] PluginManage:359 - Loaded plugin filemanager (category:base,tabindex:10)
2025-04-09 15:13:12,068 [INFO] PluginManage:310 - Check plugin ipmanager
2025-04-09 15:13:12,078 [INFO] PluginManage:359 - Loaded plugin ipmanager (category:base,tabindex:5)
2025-04-09 15:13:12,079 [INFO] PluginManage:310 - Check plugin lpbam
2025-04-09 15:13:12,089 [INFO] PluginManage:359 - Loaded plugin lpbam (category:base,tabindex:0)
2025-04-09 15:13:12,089 [INFO] PluginManage:310 - Check plugin memorymap
2025-04-09 15:13:12,109 [INFO] PluginManage:359 - Loaded plugin memorymap (category:base,tabindex:4)
2025-04-09 15:13:12,109 [INFO] PluginManage:310 - Check plugin pinoutandconfiguration
2025-04-09 15:13:12,119 [INFO] PluginManage:359 - Loaded plugin pinoutandconfiguration (category:base,tabindex:1)
2025-04-09 15:13:12,119 [INFO] PluginManage:310 - Check plugin pinoutconfig
2025-04-09 15:13:12,238 [WARN] SupportedApi:132 - Cannot load RTOS API schema: s4s-elt-must-match.1: The content of 'definitions' must match (annotation?, (simpleType | complexType)?, (unique | key | keyref)*)). A problem was found starting at: attribute.
2025-04-09 15:13:12,438 [INFO] PluginManage:359 - Loaded plugin pinoutconfig (category:base,tabindex:0)
2025-04-09 15:13:12,438 [INFO] PluginManage:310 - Check plugin power
2025-04-09 15:13:12,449 [INFO] PluginManage:359 - Loaded plugin power (category:power,tabindex:4)
2025-04-09 15:13:12,449 [INFO] PluginManage:310 - Check plugin projectmanager
2025-04-09 15:13:12,471 [INFO] PluginManage:359 - Loaded plugin projectmanager (category:projectmanager,tabindex:4)
2025-04-09 15:13:12,471 [INFO] PluginManage:310 - Check plugin rif
2025-04-09 15:13:12,482 [INFO] PluginManage:359 - Loaded plugin rif (category:base,tabindex:3)
2025-04-09 15:13:12,482 [INFO] PluginManage:310 - Check plugin thirdparty
2025-04-09 15:13:12,668 [INFO] PluginManage:359 - Loaded plugin thirdparty (category:base,tabindex:-1)
2025-04-09 15:13:12,668 [WARN] IntegrityCheckThread:84 - waiting for thirdparty lock release [integrity check]
2025-04-09 15:13:12,669 [INFO] PluginManage:310 - Check plugin tools
2025-04-09 15:13:12,669 [INFO] IntegrityCheckThread:86 - entering critical section [integrity check]
2025-04-09 15:13:12,669 [INFO] ThirdPartyUpdaterWithRetryManager:70 - Updater plugin not ready yet. [1/15]
2025-04-09 15:13:12,673 [INFO] PluginManage:359 - Loaded plugin tools (category:base,tabindex:7)
2025-04-09 15:13:12,673 [INFO] PluginManage:310 - Check plugin tutovideos
2025-04-09 15:13:12,890 [INFO] PluginManage:359 - Loaded plugin tutovideos (category:base,tabindex:-1)
2025-04-09 15:13:12,890 [INFO] PluginManage:310 - Check plugin updater
2025-04-09 15:13:12,914 [INFO] PluginManage:359 - Loaded plugin updater (category:base,tabindex:12)
2025-04-09 15:13:12,915 [INFO] PluginManage:310 - Check plugin userauth
2025-04-09 15:13:12,919 [INFO] UserAuth:118 - Init User Auth plugin
2025-04-09 15:13:12,920 [INFO] PluginManage:359 - Loaded plugin userauth (category:base,tabindex:14)
2025-04-09 15:13:12,921 [INFO] PluginManage:283 - PluginManage : Loaded plugins [18]
2025-04-09 15:13:13,222 [INFO] PinOutPanel:1589 - setPackage(No Configuration,No Configuration)
2025-04-09 15:13:13,356 [INFO] CADModel:165 - CPN selected for project level
2025-04-09 15:13:13,356 [INFO] CADModel:114 - Register for checkConnection events
2025-04-09 15:13:13,383 [INFO] IPUIPlugin:80 - create IPUIPlugin
2025-04-09 15:13:13,384 [INFO] PluginManager:220 - loadIPPluginJar : add adc
2025-04-09 15:13:13,388 [INFO] IPUIPlugin:80 - create IPUIPlugin
2025-04-09 15:13:13,388 [INFO] PluginManager:220 - loadIPPluginJar : add aes
2025-04-09 15:13:13,391 [INFO] IPUIPlugin:80 - create IPUIPlugin
2025-04-09 15:13:13,391 [INFO] PluginManager:220 - loadIPPluginJar : add can
2025-04-09 15:13:13,394 [INFO] IPUIPlugin:80 - create IPUIPlugin
2025-04-09 15:13:13,394 [INFO] PluginManager:220 - loadIPPluginJar : add comp
2025-04-09 15:13:13,397 [INFO] IPUIPlugin:80 - create IPUIPlugin
2025-04-09 15:13:13,397 [INFO] PluginManager:220 - loadIPPluginJar : add cryp
2025-04-09 15:13:13,403 [INFO] IPUIPlugin:80 - create IPUIPlugin
2025-04-09 15:13:13,403 [INFO] PluginManager:220 - loadIPPluginJar : add ddr_ctrl_phy
2025-04-09 15:13:13,406 [INFO] IPUIPlugin:80 - create IPUIPlugin
2025-04-09 15:13:13,406 [INFO] PluginManager:220 - loadIPPluginJar : add dfsdm
2025-04-09 15:13:13,412 [INFO] IPUIPlugin:80 - create IPUIPlugin
2025-04-09 15:13:13,414 [INFO] PluginManager:220 - loadIPPluginJar : add dma
2025-04-09 15:13:13,416 [INFO] IPUIPlugin:80 - create IPUIPlugin
2025-04-09 15:13:13,416 [INFO] PluginManager:220 - loadIPPluginJar : add dma3
2025-04-09 15:13:13,421 [INFO] IPUIPlugin:80 - create IPUIPlugin
2025-04-09 15:13:13,421 [INFO] PluginManager:220 - loadIPPluginJar : add extmemmanager
2025-04-09 15:13:13,423 [INFO] IPUIPlugin:80 - create IPUIPlugin
2025-04-09 15:13:13,423 [INFO] PluginManager:220 - loadIPPluginJar : add fatfs
2025-04-09 15:13:13,429 [INFO] IPUIPlugin:80 - create IPUIPlugin
2025-04-09 15:13:13,429 [INFO] PluginManager:220 - loadIPPluginJar : add fmc
2025-04-09 15:13:13,435 [INFO] IPUIPlugin:80 - create IPUIPlugin
2025-04-09 15:13:13,435 [INFO] PluginManager:220 - loadIPPluginJar : add freertos
2025-04-09 15:13:13,437 [INFO] IPUIPlugin:80 - create IPUIPlugin
2025-04-09 15:13:13,437 [INFO] PluginManager:220 - loadIPPluginJar : add genericplugin
2025-04-09 15:13:13,441 [INFO] IPUIPlugin:80 - create IPUIPlugin
2025-04-09 15:13:13,441 [INFO] PluginManager:220 - loadIPPluginJar : add gfxmmu
2025-04-09 15:13:13,447 [INFO] IPUIPlugin:80 - create IPUIPlugin
2025-04-09 15:13:13,448 [INFO] PluginManager:220 - loadIPPluginJar : add gic
2025-04-09 15:13:13,454 [INFO] IPUIPlugin:80 - create IPUIPlugin
2025-04-09 15:13:13,454 [INFO] PluginManager:220 - loadIPPluginJar : add gpio
2025-04-09 15:13:13,458 [INFO] IPUIPlugin:80 - create IPUIPlugin
2025-04-09 15:13:13,458 [INFO] PluginManager:220 - loadIPPluginJar : add gtzc
2025-04-09 15:13:13,462 [INFO] IPUIPlugin:80 - create IPUIPlugin
2025-04-09 15:13:13,462 [INFO] PluginManager:220 - loadIPPluginJar : add hash
2025-04-09 15:13:13,466 [INFO] IPUIPlugin:80 - create IPUIPlugin
2025-04-09 15:13:13,466 [INFO] PluginManager:220 - loadIPPluginJar : add i2c
2025-04-09 15:13:13,469 [INFO] IPUIPlugin:80 - create IPUIPlugin
2025-04-09 15:13:13,469 [INFO] PluginManager:220 - loadIPPluginJar : add i2s
2025-04-09 15:13:13,473 [INFO] IPUIPlugin:80 - create IPUIPlugin
2025-04-09 15:13:13,473 [INFO] PluginManager:220 - loadIPPluginJar : add i3c
2025-04-09 15:13:13,479 [INFO] IPUIPlugin:80 - create IPUIPlugin
2025-04-09 15:13:13,480 [INFO] PluginManager:220 - loadIPPluginJar : add ipddr
2025-04-09 15:13:13,492 [INFO] IPUIPlugin:80 - create IPUIPlugin
2025-04-09 15:13:13,492 [INFO] PluginManager:220 - loadIPPluginJar : add linkedlist
2025-04-09 15:13:13,497 [INFO] IPUIPlugin:80 - create IPUIPlugin
2025-04-09 15:13:13,498 [INFO] PluginManager:220 - loadIPPluginJar : add lorawan
2025-04-09 15:13:13,500 [INFO] IPUIPlugin:80 - create IPUIPlugin
2025-04-09 15:13:13,500 [INFO] PluginManager:220 - loadIPPluginJar : add ltdc
2025-04-09 15:13:13,510 [INFO] IPUIPlugin:80 - create IPUIPlugin
2025-04-09 15:13:13,510 [INFO] PluginManager:220 - loadIPPluginJar : add mdma
2025-04-09 15:13:13,515 [INFO] IPUIPlugin:80 - create IPUIPlugin
2025-04-09 15:13:13,515 [INFO] PluginManager:220 - loadIPPluginJar : add nvic
2025-04-09 15:13:13,519 [INFO] IPUIPlugin:80 - create IPUIPlugin
2025-04-09 15:13:13,519 [INFO] PluginManager:220 - loadIPPluginJar : add opamp
2025-04-09 15:13:13,524 [INFO] IPUIPlugin:80 - create IPUIPlugin
2025-04-09 15:13:13,524 [INFO] PluginManager:220 - loadIPPluginJar : add openamp
2025-04-09 15:13:13,531 [INFO] IPUIPlugin:80 - create IPUIPlugin
2025-04-09 15:13:13,531 [INFO] PluginManager:220 - loadIPPluginJar : add pdm2pcm
2025-04-09 15:13:13,542 [INFO] IPUIPlugin:80 - create IPUIPlugin
2025-04-09 15:13:13,546 [INFO] PluginManager:220 - loadIPPluginJar : add plateformsettings
2025-04-09 15:13:13,549 [INFO] IPUIPlugin:80 - create IPUIPlugin
2025-04-09 15:13:13,549 [INFO] PluginManager:220 - loadIPPluginJar : add quadspi
2025-04-09 15:13:13,551 [INFO] IPUIPlugin:80 - create IPUIPlugin
2025-04-09 15:13:13,552 [INFO] PluginManager:220 - loadIPPluginJar : add radio
2025-04-09 15:13:13,557 [INFO] IPUIPlugin:80 - create IPUIPlugin
2025-04-09 15:13:13,558 [INFO] PluginManager:220 - loadIPPluginJar : add resmgrutility
2025-04-09 15:13:13,561 [INFO] IPUIPlugin:80 - create IPUIPlugin
2025-04-09 15:13:13,561 [INFO] PluginManager:220 - loadIPPluginJar : add sai
2025-04-09 15:13:13,565 [INFO] IPUIPlugin:80 - create IPUIPlugin
2025-04-09 15:13:13,565 [INFO] PluginManager:220 - loadIPPluginJar : add spi
2025-04-09 15:13:13,575 [INFO] IPUIPlugin:80 - create IPUIPlugin
2025-04-09 15:13:13,575 [INFO] PluginManager:220 - loadIPPluginJar : add stm32_wpan
2025-04-09 15:13:13,577 [INFO] IPUIPlugin:80 - create IPUIPlugin
2025-04-09 15:13:13,577 [INFO] PluginManager:220 - loadIPPluginJar : add tim
2025-04-09 15:13:13,581 [INFO] IPUIPlugin:80 - create IPUIPlugin
2025-04-09 15:13:13,582 [INFO] PluginManager:220 - loadIPPluginJar : add touchsensing
2025-04-09 15:13:13,585 [INFO] IPUIPlugin:80 - create IPUIPlugin
2025-04-09 15:13:13,585 [INFO] PluginManager:220 - loadIPPluginJar : add tracer_emb
2025-04-09 15:13:13,588 [INFO] IPUIPlugin:80 - create IPUIPlugin
2025-04-09 15:13:13,588 [INFO] PluginManager:220 - loadIPPluginJar : add ts
2025-04-09 15:13:13,591 [INFO] IPUIPlugin:80 - create IPUIPlugin
2025-04-09 15:13:13,591 [INFO] PluginManager:220 - loadIPPluginJar : add tsc
2025-04-09 15:13:13,594 [INFO] IPUIPlugin:80 - create IPUIPlugin
2025-04-09 15:13:13,595 [INFO] PluginManager:220 - loadIPPluginJar : add ucpd
2025-04-09 15:13:13,599 [INFO] IPUIPlugin:80 - create IPUIPlugin
2025-04-09 15:13:13,599 [INFO] PluginManager:220 - loadIPPluginJar : add usart
2025-04-09 15:13:13,604 [INFO] IPUIPlugin:80 - create IPUIPlugin
2025-04-09 15:13:13,604 [INFO] PluginManager:220 - loadIPPluginJar : add usbx
2025-04-09 15:13:13,753 [FATAL] Updater:351 - Updater called before beeing initialized
2025-04-09 15:13:13,786 [INFO] RulesReader:64 - Compatibility file has been processed (301 Rules)
2025-04-09 15:13:13,797 [INFO] RulesReader:64 - Compatibility file has been processed (301 Rules)
2025-04-09 15:13:13,808 [INFO] CADModel:165 - CPN selected for project level
2025-04-09 15:13:13,808 [INFO] CADModel:114 - Register for checkConnection events
2025-04-09 15:13:13,809 [FATAL] Updater:351 - Updater called before beeing initialized
2025-04-09 15:13:13,809 [ERROR] CADModel:125 - Updater not yet initialized, retry later 
2025-04-09 15:13:13,993 [FATAL] Updater:351 - Updater called before beeing initialized
2025-04-09 15:13:13,995 [INFO] CADModel:165 - CPN selected for project level
2025-04-09 15:13:13,996 [INFO] CADModel:114 - Register for checkConnection events
2025-04-09 15:13:13,996 [FATAL] Updater:351 - Updater called before beeing initialized
2025-04-09 15:13:13,996 [ERROR] CADModel:125 - Updater not yet initialized, retry later 
2025-04-09 15:13:14,000 [FATAL] Updater:351 - Updater called before beeing initialized
2025-04-09 15:13:14,208 [FATAL] Updater:351 - Updater called before beeing initialized
2025-04-09 15:13:14,213 [INFO] DbMcusAds:53 - JSON generation date=Thu Mar 06 22:54:21 CST 2025 (1741272861825)
2025-04-09 15:13:14,213 [FATAL] Updater:351 - Updater called before beeing initialized
2025-04-09 15:13:14,264 [WARN] DetailPanel:346 - Failed to get advertising image, set to default
2025-04-09 15:13:14,578 [FATAL] Updater:351 - Updater called before beeing initialized
2025-04-09 15:13:14,579 [FATAL] Updater:351 - Updater called before beeing initialized
2025-04-09 15:13:14,579 [FATAL] Updater:351 - Updater called before beeing initialized
2025-04-09 15:13:14,580 [WARN] DetailPanel:346 - Failed to get advertising image, set to default
2025-04-09 15:13:14,580 [FATAL] Updater:351 - Updater called before beeing initialized
2025-04-09 15:13:14,637 [ERROR] Updater:1198 - MainUpdater not yet initialized. External WinMGr cannot be set.
2025-04-09 15:13:14,640 [INFO] Updater:1134 - Updater Version found : 6.14.0
2025-04-09 15:13:14,661 [INFO] ApplicationProperties:184 - Using Application install path: D:\Download\STM32\STM32CubeIDE_1.14.1\STM32CubeIDE\plugins\com.st.stm32cube.common.mx_6.14.0.202502271554
2025-04-09 15:13:15,071 [INFO] MainUpdater:2872 - connection check result : 10
2025-04-09 15:13:15,072 [INFO] MainUpdater:289 - Updater Check For Update Now.
2025-04-09 15:13:15,072 [INFO] MicroXplorer:498 - Change Database Version : DB.6.0.140
2025-04-09 15:13:15,077 [INFO] McuFinderGlobals:63 - Set McuFinder mode to 2 (CubeIDE integrated)
2025-04-09 15:13:15,078 [INFO] UserAuth:171 - activating auth plugin
2025-04-09 15:13:15,082 [INFO] UserAuth:486 - Internet connection configuration mode: 1
2025-04-09 15:13:15,109 [INFO] JxBrowserEngine:152 - Initiate JxBrowser Engine with user profile folder
2025-04-09 15:13:15,288 [INFO] CheckServerUpdateThread:120 - End of CheckServer Thread
2025-04-09 15:13:16,117 [WARN] PackLoader:240 - Cannot read IP mode file for STMicroelectronics.FP-ATR-ASTRA1.2.0.2
2025-04-09 15:13:16,132 [WARN] PackLoader:240 - Cannot read IP mode file for STMicroelectronics.FP-ATR-ASTRA1.2.0.1
2025-04-09 15:13:16,148 [WARN] PackLoader:240 - Cannot read IP mode file for STMicroelectronics.X-CUBE-SMBUS.2.1.0
2025-04-09 15:13:16,211 [WARN] PackLoader:240 - Cannot read IP mode file for STMicroelectronics.X-CUBE-AZRTOS-F7.1.1.0
2025-04-09 15:13:16,305 [INFO] WebApp:169 - Instantiating new browser for Auth
2025-04-09 15:13:16,334 [WARN] PackLoader:240 - Cannot read IP mode file for STMicroelectronics.X-CUBE-MEMS1.11.0.0
2025-04-09 15:13:16,603 [WARN] PackLoader:240 - Cannot read IP mode file for STMicroelectronics.FP-SNS-FLIGHT1.5.0.2
2025-04-09 15:13:16,640 [WARN] PackLoader:240 - Cannot read IP mode file for Infineon.AIROC-Wi-Fi-Bluetooth-STM32.1.7.0
2025-04-09 15:13:16,664 [WARN] PackLoader:240 - Cannot read IP mode file for STMicroelectronics.X-CUBE-DISPLAY.3.0.0
2025-04-09 15:13:16,682 [WARN] PackLoader:240 - Cannot read IP mode file for STMicroelectronics.X-CUBE-BLE1.7.0.0
2025-04-09 15:13:16,700 [WARN] PackLoader:240 - Cannot read IP mode file for STMicroelectronics.X-CUBE-BLEMGR.4.0.0
2025-04-09 15:13:16,715 [WARN] PackLoader:240 - Cannot read IP mode file for emotas.I-CUBE-CANOPEN.1.3.0
2025-04-09 15:13:16,732 [WARN] PackLoader:240 - Cannot read IP mode file for STMicroelectronics.X-CUBE-BLEMGR.3.1.0
2025-04-09 15:13:16,757 [WARN] PackLoader:240 - Cannot read IP mode file for STMicroelectronics.X-CUBE-AI.10.0.0
2025-04-09 15:13:16,770 [WARN] PackLoader:240 - Cannot read IP mode file for STMicroelectronics.FP-SNS-SMARTAG2.1.2.0
2025-04-09 15:13:16,779 [WARN] PackLoader:240 - Cannot read IP mode file for STMicroelectronics.FP-SNS-FLIGHT1.5.1.0
2025-04-09 15:13:16,865 [WARN] PackLoader:240 - Cannot read IP mode file for STMicroelectronics.X-CUBE-MEMS1.11.1.0
2025-04-09 15:13:17,246 [INFO] LogOutputStream:77 - [STDOUT_REDIRECT] 1 : Invalid condition id : UX_CORESTACK_Condition cause : null
2025-04-09 15:13:17,248 [INFO] LogOutputStream:77 - [STDOUT_REDIRECT] 1 : Invalid condition id : UX_CORESTACK_Condition cause : null
2025-04-09 15:13:17,249 [INFO] LogOutputStream:77 - [STDOUT_REDIRECT] 1 : Invalid condition id : UX_CORESTACK_Condition cause : null
2025-04-09 15:13:17,251 [INFO] LogOutputStream:77 - [STDOUT_REDIRECT] 1 : Invalid condition id : UX_CORESTACK_Condition cause : null
2025-04-09 15:13:17,253 [INFO] LogOutputStream:77 - [STDOUT_REDIRECT] 1 : Invalid condition id : UX_CORESTACK_Condition cause : null
2025-04-09 15:13:17,259 [WARN] PackLoader:240 - Cannot read IP mode file for STMicroelectronics.X-CUBE-AZRTOS-WL.2.0.0
2025-04-09 15:13:17,272 [WARN] PackLoader:240 - Cannot read IP mode file for wolfSSL.I-CUBE-wolfMQTT.1.19.0
2025-04-09 15:13:17,324 [WARN] PackLoader:240 - Cannot read IP mode file for STMicroelectronics.X-CUBE-BLE2.3.3.0
2025-04-09 15:13:17,338 [WARN] PackLoader:240 - Cannot read IP mode file for STMicroelectronics.X-CUBE-BLE1.7.1.0
2025-04-09 15:13:17,359 [WARN] PackLoader:240 - Cannot read IP mode file for STMicroelectronics.X-CUBE-TCPP.4.1.0
2025-04-09 15:13:17,398 [WARN] PackLoader:240 - Cannot read IP mode file for STMicroelectronics.X-CUBE-AZRTOS-G0.1.1.0
2025-04-09 15:13:17,415 [WARN] PackLoader:240 - Cannot read IP mode file for STMicroelectronics.X-CUBE-SAFEA1.1.2.2
2025-04-09 15:13:17,432 [WARN] PackLoader:240 - Cannot read IP mode file for STMicroelectronics.X-CUBE-NFC4.3.0.0
2025-04-09 15:13:17,450 [WARN] PackLoader:240 - Cannot read IP mode file for EmbeddedOffice.I-CUBE-FS-RTOS.1.0.1
2025-04-09 15:13:17,461 [WARN] PackLoader:240 - Cannot read IP mode file for STMicroelectronics.X-CUBE-TCPP.4.2.0
2025-04-09 15:13:17,477 [WARN] PackLoader:240 - Cannot read IP mode file for RealThread.X-CUBE-RT-Thread_Nano.4.1.1
2025-04-09 15:13:17,489 [WARN] PackLoader:240 - Cannot read IP mode file for STMicroelectronics.FP-ATR-SIGFOX1.3.2.0
2025-04-09 15:13:17,499 [WARN] PackLoader:240 - Cannot read IP mode file for wolfSSL.I-CUBE-wolfSSL.5.7.2
2025-04-09 15:13:17,509 [WARN] ConditionMgr:438 - getConditionDescription Invalid condition id : Cortex-A Device cause : null
2025-04-09 15:13:17,540 [INFO] LogOutputStream:77 - [STDOUT_REDIRECT] [ThirdParty] unknown protocol: c
2025-04-09 15:13:17,540 [WARN] PackLoader:240 - Cannot read IP mode file for quantropi.X-CUBE-qispace-sdk-base.1.9.3
2025-04-09 15:13:17,541 [WARN] ConditionMgr:1044 - genDependencies : Invalid condition id : Cortex-A Device cause : null
2025-04-09 15:13:17,541 [WARN] ConditionMgr:1044 - genDependencies : Invalid condition id : Cortex-A Device cause : null
2025-04-09 15:13:17,541 [WARN] ConditionMgr:1044 - genDependencies : Invalid condition id : Cortex-A Device cause : null
2025-04-09 15:13:17,555 [WARN] PackLoader:240 - Cannot read IP mode file for STMicroelectronics.X-CUBE-EEPRMA1.5.1.0
2025-04-09 15:13:17,569 [WARN] PackLoader:240 - Cannot read IP mode file for ITTIA_DB.I-CUBE-ITTIADB.8.9.0
2025-04-09 15:13:17,615 [WARN] PackLoader:240 - Cannot read IP mode file for SEGGER.I-CUBE-embOS.1.3.1
2025-04-09 15:13:17,670 [WARN] PackLoader:240 - Cannot read IP mode file for STMicroelectronics.X-CUBE-ALGOBUILD.1.4.0
2025-04-09 15:13:17,682 [WARN] PackLoader:240 - Cannot read IP mode file for STMicroelectronics.X-CUBE-GNSS1.6.0.0
2025-04-09 15:13:17,708 [WARN] PackLoader:240 - Cannot read IP mode file for STMicroelectronics.X-CUBE-AZRTOS-F4.1.1.0
2025-04-09 15:13:17,732 [WARN] PackLoader:240 - Cannot read IP mode file for STMicroelectronics.X-CUBE-FREERTOS.1.2.0
2025-04-09 15:13:17,758 [WARN] PackLoader:240 - Cannot read IP mode file for STMicroelectronics.X-CUBE-AZRTOS-L5.2.0.0
2025-04-09 15:13:17,773 [WARN] PackLoader:240 - Cannot read IP mode file for STMicroelectronics.X-CUBE-DPower.1.2.0
2025-04-09 15:13:17,779 [WARN] PackLoader:240 - Cannot read IP mode file for STMicroelectronics.X-CUBE-AI.9.0.0
2025-04-09 15:13:17,787 [WARN] PackLoader:240 - Cannot read IP mode file for STMicroelectronics.X-CUBE-FREERTOS.1.3.0
2025-04-09 15:13:17,796 [WARN] PackLoader:240 - Cannot read IP mode file for STMicroelectronics.X-CUBE-NFC7.1.0.1
2025-04-09 15:13:17,805 [WARN] PackLoader:240 - Cannot read IP mode file for wolfSSL.I-CUBE-wolfTPM.3.2.0
2025-04-09 15:13:17,813 [WARN] PackLoader:240 - Cannot read IP mode file for STMicroelectronics.X-CUBE-DPower.1.3.0
2025-04-09 15:13:17,844 [WARN] ConditionMgr:438 - getConditionDescription Invalid condition id : LAN8742 Phy interface Condition cause : null
2025-04-09 15:13:17,846 [WARN] PackLoader:240 - Cannot read IP mode file for STMicroelectronics.X-CUBE-AZRTOS-L4.2.0.0
2025-04-09 15:13:17,848 [WARN] ConditionMgr:1044 - genDependencies : Invalid condition id : LAN8742 Phy interface Condition cause : null
2025-04-09 15:13:17,848 [WARN] ConditionMgr:1044 - genDependencies : Invalid condition id : LAN8742 Phy interface Condition cause : null
2025-04-09 15:13:17,850 [WARN] ConditionMgr:1044 - genDependencies : Invalid condition id : LAN8742 Phy interface Condition cause : null
2025-04-09 15:13:17,863 [WARN] PackLoader:240 - Cannot read IP mode file for STMicroelectronics.X-CUBE-SFXS2LP1.4.0.0
2025-04-09 15:13:17,882 [WARN] PackLoader:240 - Cannot read IP mode file for STMicroelectronics.X-CUBE-IPS.3.0.0
2025-04-09 15:13:17,907 [WARN] ConditionMgr:438 - getConditionDescription Invalid condition id : UX DEVICE CLASS RTOS Condition cause : null
2025-04-09 15:13:17,908 [WARN] ConditionMgr:438 - getConditionDescription Invalid condition id : UX DEVICE CLASS RTOS Condition cause : null
2025-04-09 15:13:17,911 [WARN] PackLoader:240 - Cannot read IP mode file for STMicroelectronics.X-CUBE-AZRTOS-WB.2.0.0
2025-04-09 15:13:17,912 [WARN] ConditionMgr:1044 - genDependencies : Invalid condition id : UX DEVICE CLASS RTOS Condition cause : null
2025-04-09 15:13:17,912 [WARN] ConditionMgr:1044 - genDependencies : Invalid condition id : UX DEVICE CLASS RTOS Condition cause : null
2025-04-09 15:13:17,912 [WARN] ConditionMgr:1044 - genDependencies : Invalid condition id : UX DEVICE CLASS RTOS Condition cause : null
2025-04-09 15:13:17,914 [WARN] ConditionMgr:1044 - genDependencies : Invalid condition id : UX DEVICE CLASS RTOS Condition cause : null
2025-04-09 15:13:17,914 [WARN] ConditionMgr:1044 - genDependencies : Invalid condition id : UX DEVICE CLASS RTOS Condition cause : null
2025-04-09 15:13:17,923 [WARN] PackLoader:240 - Cannot read IP mode file for STMicroelectronics.X-CUBE-GNSS1.7.0.0
2025-04-09 15:13:17,932 [WARN] PackLoader:240 - Cannot read IP mode file for STMicroelectronics.X-CUBE-GNSS1.7.0.1
2025-04-09 15:13:17,940 [WARN] PackLoader:240 - Cannot read IP mode file for STMicroelectronics.X-CUBE-TOUCHGFX.4.25.0
2025-04-09 15:13:17,953 [WARN] PackLoader:240 - Cannot read IP mode file for STMicroelectronics.FP-SNS-STBOX1.2.0.0
2025-04-09 15:13:17,973 [WARN] PackLoader:240 - Cannot read IP mode file for STMicroelectronics.X-CUBE-SUBG2.5.0.0
2025-04-09 15:13:18,011 [WARN] PackLoader:240 - Cannot read IP mode file for STMicroelectronics.X-CUBE-AZRTOS-H7RS.1.1.0
2025-04-09 15:13:18,037 [WARN] PackLoader:240 - Cannot read IP mode file for STMicroelectronics.X-CUBE-AZRTOS-G4.2.0.0
2025-04-09 15:13:18,048 [WARN] PackLoader:240 - Cannot read IP mode file for STMicroelectronics.X-CUBE-ISPU.2.0.0
2025-04-09 15:13:18,067 [WARN] PackLoader:240 - Cannot read IP mode file for STMicroelectronics.X-CUBE-IPS.3.1.0
2025-04-09 15:13:18,128 [WARN] PackLoader:240 - Cannot read IP mode file for STMicroelectronics.X-CUBE-MEMS1.10.0.0
2025-04-09 15:13:18,391 [WARN] PackLoader:240 - Cannot read IP mode file for STMicroelectronics.X-CUBE-TOUCHGFX.4.24.0
2025-04-09 15:13:18,399 [WARN] PackLoader:240 - Cannot read IP mode file for STMicroelectronics.X-CUBE-TOUCHGFX.4.24.2
2025-04-09 15:13:18,408 [WARN] PackLoader:240 - Cannot read IP mode file for STMicroelectronics.X-CUBE-TOUCHGFX.4.24.1
2025-04-09 15:13:18,422 [WARN] PackLoader:240 - Cannot read IP mode file for portGmbH.I-Cube-SoM-uGOAL.1.1.0
2025-04-09 15:13:18,469 [WARN] PackLoader:240 - Cannot read IP mode file for STMicroelectronics.X-CUBE-AZRTOS-H7RS.1.0.0
2025-04-09 15:13:18,477 [WARN] PackLoader:240 - Cannot read IP mode file for STMicroelectronics.FP-ATR-ASTRA1.2.0.0
2025-04-09 15:13:18,496 [WARN] PackLoader:240 - Cannot read IP mode file for STMicroelectronics.X-CUBE-TOF1.3.4.2
2025-04-09 15:13:18,546 [WARN] PackLoader:240 - Cannot read IP mode file for STMicroelectronics.X-CUBE-AZRTOS-H7.3.2.0
2025-04-09 15:13:18,558 [WARN] PackLoader:240 - Cannot read IP mode file for wolfSSL.I-CUBE-wolfSSH.1.4.17
2025-04-09 15:13:18,560 [INFO] ThirdParty:978 - Integrity check success = true
2025-04-09 15:13:18,560 [INFO] IntegrityCheckThread:100 - exiting critical section [integrity check]
2025-04-09 15:13:18,560 [INFO] IntegrityCheckThread:103 - End integrity checks thread
2025-04-09 15:13:19,580 [INFO] WebApp:463 - Apply proxy settings
2025-04-09 15:13:19,581 [INFO] WebApp:548 - Chromium requires no authentication
2025-04-09 15:13:19,597 [INFO] WebApp:491 - Direct internet connection detected
2025-04-09 15:13:19,644 [INFO] WebApp:894 - Register for checkConnection events
2025-04-09 15:13:19,645 [INFO] WebApp:463 - Apply proxy settings
2025-04-09 15:13:19,645 [INFO] WebApp:548 - Chromium requires no authentication
2025-04-09 15:13:19,646 [INFO] WebApp:491 - Direct internet connection detected
2025-04-09 15:13:19,968 [INFO] WebApp:225 - Starting web application
2025-04-09 15:13:19,969 [INFO] WebApp:593 - Web application path used D:\Download\STM32\STM32CubeIDE_1.14.1\STM32CubeIDE\plugins\com.st.stm32cube.common.mx_6.14.0.202502271554\db\plugins\mcufinder\reactClient1\index.html
