2025-03-25 17:30:33,907 [INFO] Activator:176 - 


2025-03-25 17:30:33,909 [INFO] Activator:177 - !SESSION log4j initialized
2025-03-25 17:30:36,920 [INFO] LogOutputStream:77 - [STDOUT_REDIRECT] 
2025-03-25 17:30:37,844 [ERROR] LogOutputStream:75 - [STDERR_REDIRECT] Warning: NLS unused message: ShowInNavigatorView_label in: org.eclipse.jdt.internal.ui.actions.ActionMessages
2025-03-25 17:30:37,848 [ERROR] LogOutputStream:75 - [STDERR_REDIRECT] Warning: NLS unused message: ShowInNavigatorView_dialog_title in: org.eclipse.jdt.internal.ui.actions.ActionMessages
2025-03-25 17:30:37,852 [ERROR] LogOutputStream:75 - [STDERR_REDIRECT] Warning: NLS unused message: ShowInNavigatorView_dialog_message in: org.eclipse.jdt.internal.ui.actions.ActionMessages
2025-03-25 17:30:37,857 [ERROR] LogOutputStream:75 - [STDERR_REDIRECT] Warning: NLS unused message: ShowInNavigatorView_error_activation_failed in: org.eclipse.jdt.internal.ui.actions.ActionMessages
2025-03-25 17:30:37,863 [ERROR] LogOutputStream:75 - [STDERR_REDIRECT] Warning: NLS unused message: OrganizeImportsAction_error_message in: org.eclipse.jdt.internal.ui.actions.ActionMessages
2025-03-25 17:30:40,034 [INFO] ApplicationProperties:184 - Using Application install path: D:\Download\STM32\STM32CubeIDE_1.14.1\STM32CubeIDE\plugins\com.st.stm32cube.common.mx_6.14.0.202502271554
2025-03-25 17:30:40,058 [INFO] DbMcusXml:78 - Set database path to: D:\Download\STM32\STM32CubeIDE_1.14.1\STM32CubeIDE\plugins\com.st.stm32cube.common.mx_6.14.0.202502271554\\db\/mcu/
2025-03-25 17:30:40,058 [INFO] ApiDb:274 - Set plugin database path to: D:\Download\STM32\STM32CubeIDE_1.14.1\STM32CubeIDE\plugins\com.st.stm32cube.common.mx_6.14.0.202502271554\\db\/plugins/boardmanager/
2025-03-25 17:30:40,059 [WARN] ApiDb:259 - Overriding images path with different value:  => D:\Download\STM32\STM32CubeIDE_1.14.1\STM32CubeIDE\plugins\com.st.stm32cube.common.mx_6.14.0.202502271554\\db\/plugins/mcufinder/images/
2025-03-25 17:30:40,071 [INFO] ApiDb:250 - Set database path to: C:\Users\莫海峰\.stmcufinder\plugins\mcufinder//mcu/
2025-03-25 17:30:40,074 [INFO] DbMcusAds:125 - Set database path to: C:\Users\莫海峰\.stmcufinder\plugins\mcufinder//mcu/
2025-03-25 17:30:40,077 [INFO] CrossReferenceDbSqlite:203 - Set database path to: C:\Users\莫海峰\.stmcufinder\plugins\mcufinder//mcu/cs/
2025-03-25 17:30:40,265 [INFO] RulesReader:64 - Compatibility file has been processed (301 Rules)
2025-03-25 17:30:40,414 [INFO] DbMcusXml:78 - Set database path to: D:\Download\STM32\STM32CubeIDE_1.14.1\STM32CubeIDE\plugins\com.st.stm32cube.common.mx_6.14.0.202502271554\\db\/mcu/
2025-03-25 17:30:40,415 [INFO] ApiDb:274 - Set plugin database path to: D:\Download\STM32\STM32CubeIDE_1.14.1\STM32CubeIDE\plugins\com.st.stm32cube.common.mx_6.14.0.202502271554\\db\/plugins/boardmanager/
2025-03-25 17:30:40,415 [INFO] ApiDb:261 - Set plugin images path to: D:\Download\STM32\STM32CubeIDE_1.14.1\STM32CubeIDE\plugins\com.st.stm32cube.common.mx_6.14.0.202502271554\\db\/plugins/mcufinder/images/
2025-03-25 17:30:40,415 [WARN] DbFile:41 - Overriding database path with different value: C:\Users\莫海峰\.stmcufinder\plugins\mcufinder/ => C:\Users\莫海峰\.stmcufinder\plugins\mcufinder
2025-03-25 17:30:40,415 [INFO] ApiDb:250 - Set database path to: C:\Users\莫海峰\.stmcufinder\plugins\mcufinder//mcu/
2025-03-25 17:30:40,416 [WARN] DbFile:41 - Overriding database path with different value: C:\Users\莫海峰\.stmcufinder\plugins\mcufinder/ => C:\Users\莫海峰\.stmcufinder\plugins\mcufinder
2025-03-25 17:30:40,416 [INFO] DbMcusAds:125 - Set database path to: C:\Users\莫海峰\.stmcufinder\plugins\mcufinder//mcu/
2025-03-25 17:30:40,416 [WARN] DbFile:41 - Overriding database path with different value: C:\Users\莫海峰\.stmcufinder\plugins\mcufinder/ => C:\Users\莫海峰\.stmcufinder\plugins\mcufinder
2025-03-25 17:30:40,416 [WARN] DbFile:41 - Overriding database path with different value: C:\Users\莫海峰\.stmcufinder\plugins\mcufinder/ => C:\Users\莫海峰\.stmcufinder\plugins\mcufinder
2025-03-25 17:30:40,416 [INFO] CrossReferenceDbSqlite:203 - Set database path to: C:\Users\莫海峰\.stmcufinder\plugins\mcufinder//mcu/cs/
2025-03-25 17:30:40,600 [INFO] MainPanel:272 - HeapMemory: 268435456
2025-03-25 17:30:40,730 [INFO] DbMcusXml:78 - Set database path to: D:\Download\STM32\STM32CubeIDE_1.14.1\STM32CubeIDE\plugins\com.st.stm32cube.common.mx_6.14.0.202502271554\\db\/mcu/
2025-03-25 17:30:40,730 [INFO] ApiDb:274 - Set plugin database path to: D:\Download\STM32\STM32CubeIDE_1.14.1\STM32CubeIDE\plugins\com.st.stm32cube.common.mx_6.14.0.202502271554\\db\/plugins/boardmanager/
2025-03-25 17:30:40,731 [INFO] ApiDb:261 - Set plugin images path to: D:\Download\STM32\STM32CubeIDE_1.14.1\STM32CubeIDE\plugins\com.st.stm32cube.common.mx_6.14.0.202502271554\\db\/plugins/mcufinder/images/
2025-03-25 17:30:40,731 [WARN] DbFile:41 - Overriding database path with different value: C:\Users\莫海峰\.stmcufinder\plugins\mcufinder/ => C:\Users\莫海峰\.stmcufinder\plugins\mcufinder
2025-03-25 17:30:40,731 [INFO] ApiDb:250 - Set database path to: C:\Users\莫海峰\.stmcufinder\plugins\mcufinder//mcu/
2025-03-25 17:30:40,731 [WARN] DbFile:41 - Overriding database path with different value: C:\Users\莫海峰\.stmcufinder\plugins\mcufinder/ => C:\Users\莫海峰\.stmcufinder\plugins\mcufinder
2025-03-25 17:30:40,731 [INFO] DbMcusAds:125 - Set database path to: C:\Users\莫海峰\.stmcufinder\plugins\mcufinder//mcu/
2025-03-25 17:30:40,731 [WARN] DbFile:41 - Overriding database path with different value: C:\Users\莫海峰\.stmcufinder\plugins\mcufinder/ => C:\Users\莫海峰\.stmcufinder\plugins\mcufinder
2025-03-25 17:30:40,732 [WARN] DbFile:41 - Overriding database path with different value: C:\Users\莫海峰\.stmcufinder\plugins\mcufinder/ => C:\Users\莫海峰\.stmcufinder\plugins\mcufinder
2025-03-25 17:30:40,732 [INFO] CrossReferenceDbSqlite:203 - Set database path to: C:\Users\莫海峰\.stmcufinder\plugins\mcufinder//mcu/cs/
2025-03-25 17:30:40,757 [INFO] ApplicationProperties:184 - Using Application install path: D:\Download\STM32\STM32CubeIDE_1.14.1\STM32CubeIDE\plugins\com.st.stm32cube.common.mx_6.14.0.202502271554
2025-03-25 17:30:40,760 [INFO] PluginManage:196 - Search for loadable plugins [exclusion list=, ]
2025-03-25 17:30:40,762 [INFO] PluginManage:310 - Check plugin analytics
2025-03-25 17:30:41,037 [INFO] AnalyticsPlugin:253 - Accepted Software Licenses: STM32CubeMX.6.9.2
2025-03-25 17:30:41,038 [INFO] AnalyticsPlugin:255 - Accepted CMSIS Pack Licenses: 
2025-03-25 17:30:41,039 [INFO] AnalyticsPlugin:257 - Accepted Firmware Licenses: FW.G4.1.5.0,FW.G4.1.6.0
2025-03-25 17:30:41,042 [INFO] PluginManage:359 - Loaded plugin analytics (category:tool,tabindex:-1)
2025-03-25 17:30:41,043 [INFO] PluginManage:310 - Check plugin cadmodel
2025-03-25 17:30:41,048 [INFO] CADModel:105 - Init CAD model plugin
2025-03-25 17:30:41,049 [INFO] PluginManage:359 - Loaded plugin cadmodel (category:power,tabindex:5)
2025-03-25 17:30:41,049 [INFO] PluginManage:310 - Check plugin clock
2025-03-25 17:30:41,060 [INFO] PluginManage:359 - Loaded plugin clock (category:base,tabindex:2)
2025-03-25 17:30:41,061 [INFO] PluginManage:310 - Check plugin ddr
2025-03-25 17:30:41,063 [INFO] PluginManage:359 - Loaded plugin ddr (category:tool,tabindex:6)
2025-03-25 17:30:41,063 [INFO] PluginManage:310 - Check plugin filemanager
2025-03-25 17:30:41,246 [INFO] PluginManage:359 - Loaded plugin filemanager (category:base,tabindex:10)
2025-03-25 17:30:41,246 [INFO] PluginManage:310 - Check plugin ipmanager
2025-03-25 17:30:41,255 [INFO] PluginManage:359 - Loaded plugin ipmanager (category:base,tabindex:5)
2025-03-25 17:30:41,255 [INFO] PluginManage:310 - Check plugin lpbam
2025-03-25 17:30:41,265 [INFO] PluginManage:359 - Loaded plugin lpbam (category:base,tabindex:0)
2025-03-25 17:30:41,265 [INFO] PluginManage:310 - Check plugin memorymap
2025-03-25 17:30:41,283 [INFO] PluginManage:359 - Loaded plugin memorymap (category:base,tabindex:4)
2025-03-25 17:30:41,283 [INFO] PluginManage:310 - Check plugin pinoutandconfiguration
2025-03-25 17:30:41,294 [INFO] PluginManage:359 - Loaded plugin pinoutandconfiguration (category:base,tabindex:1)
2025-03-25 17:30:41,294 [INFO] PluginManage:310 - Check plugin pinoutconfig
2025-03-25 17:30:41,397 [WARN] SupportedApi:132 - Cannot load RTOS API schema: s4s-elt-must-match.1: The content of 'definitions' must match (annotation?, (simpleType | complexType)?, (unique | key | keyref)*)). A problem was found starting at: attribute.
2025-03-25 17:30:41,557 [INFO] PluginManage:359 - Loaded plugin pinoutconfig (category:base,tabindex:0)
2025-03-25 17:30:41,557 [INFO] PluginManage:310 - Check plugin power
2025-03-25 17:30:41,566 [INFO] PluginManage:359 - Loaded plugin power (category:power,tabindex:4)
2025-03-25 17:30:41,567 [INFO] PluginManage:310 - Check plugin projectmanager
2025-03-25 17:30:41,586 [INFO] PluginManage:359 - Loaded plugin projectmanager (category:projectmanager,tabindex:4)
2025-03-25 17:30:41,586 [INFO] PluginManage:310 - Check plugin rif
2025-03-25 17:30:41,594 [INFO] PluginManage:359 - Loaded plugin rif (category:base,tabindex:3)
2025-03-25 17:30:41,595 [INFO] PluginManage:310 - Check plugin thirdparty
2025-03-25 17:30:41,740 [INFO] PluginManage:359 - Loaded plugin thirdparty (category:base,tabindex:-1)
2025-03-25 17:30:41,740 [WARN] IntegrityCheckThread:84 - waiting for thirdparty lock release [integrity check]
2025-03-25 17:30:41,740 [INFO] IntegrityCheckThread:86 - entering critical section [integrity check]
2025-03-25 17:30:41,740 [INFO] PluginManage:310 - Check plugin tools
2025-03-25 17:30:41,741 [INFO] ThirdPartyUpdaterWithRetryManager:70 - Updater plugin not ready yet. [1/15]
2025-03-25 17:30:41,743 [INFO] PluginManage:359 - Loaded plugin tools (category:base,tabindex:7)
2025-03-25 17:30:41,743 [INFO] PluginManage:310 - Check plugin tutovideos
2025-03-25 17:30:41,939 [INFO] PluginManage:359 - Loaded plugin tutovideos (category:base,tabindex:-1)
2025-03-25 17:30:41,940 [INFO] PluginManage:310 - Check plugin updater
2025-03-25 17:30:41,970 [INFO] PluginManage:359 - Loaded plugin updater (category:base,tabindex:12)
2025-03-25 17:30:41,971 [INFO] PluginManage:310 - Check plugin userauth
2025-03-25 17:30:41,977 [INFO] UserAuth:118 - Init User Auth plugin
2025-03-25 17:30:41,978 [INFO] PluginManage:359 - Loaded plugin userauth (category:base,tabindex:14)
2025-03-25 17:30:41,979 [INFO] PluginManage:283 - PluginManage : Loaded plugins [18]
2025-03-25 17:30:42,302 [INFO] PinOutPanel:1589 - setPackage(No Configuration,No Configuration)
2025-03-25 17:30:42,449 [INFO] CADModel:165 - CPN selected for project level
2025-03-25 17:30:42,449 [INFO] CADModel:114 - Register for checkConnection events
2025-03-25 17:30:42,474 [INFO] IPUIPlugin:80 - create IPUIPlugin
2025-03-25 17:30:42,475 [INFO] PluginManager:220 - loadIPPluginJar : add adc
2025-03-25 17:30:42,479 [INFO] IPUIPlugin:80 - create IPUIPlugin
2025-03-25 17:30:42,479 [INFO] PluginManager:220 - loadIPPluginJar : add aes
2025-03-25 17:30:42,483 [INFO] IPUIPlugin:80 - create IPUIPlugin
2025-03-25 17:30:42,483 [INFO] PluginManager:220 - loadIPPluginJar : add can
2025-03-25 17:30:42,486 [INFO] IPUIPlugin:80 - create IPUIPlugin
2025-03-25 17:30:42,486 [INFO] PluginManager:220 - loadIPPluginJar : add comp
2025-03-25 17:30:42,491 [INFO] IPUIPlugin:80 - create IPUIPlugin
2025-03-25 17:30:42,491 [INFO] PluginManager:220 - loadIPPluginJar : add cryp
2025-03-25 17:30:42,497 [INFO] IPUIPlugin:80 - create IPUIPlugin
2025-03-25 17:30:42,497 [INFO] PluginManager:220 - loadIPPluginJar : add ddr_ctrl_phy
2025-03-25 17:30:42,501 [INFO] IPUIPlugin:80 - create IPUIPlugin
2025-03-25 17:30:42,501 [INFO] PluginManager:220 - loadIPPluginJar : add dfsdm
2025-03-25 17:30:42,512 [INFO] IPUIPlugin:80 - create IPUIPlugin
2025-03-25 17:30:42,514 [INFO] PluginManager:220 - loadIPPluginJar : add dma
2025-03-25 17:30:42,518 [INFO] IPUIPlugin:80 - create IPUIPlugin
2025-03-25 17:30:42,519 [INFO] PluginManager:220 - loadIPPluginJar : add dma3
2025-03-25 17:30:42,524 [INFO] IPUIPlugin:80 - create IPUIPlugin
2025-03-25 17:30:42,524 [INFO] PluginManager:220 - loadIPPluginJar : add extmemmanager
2025-03-25 17:30:42,528 [INFO] IPUIPlugin:80 - create IPUIPlugin
2025-03-25 17:30:42,530 [INFO] PluginManager:220 - loadIPPluginJar : add fatfs
2025-03-25 17:30:42,537 [INFO] IPUIPlugin:80 - create IPUIPlugin
2025-03-25 17:30:42,538 [INFO] PluginManager:220 - loadIPPluginJar : add fmc
2025-03-25 17:30:42,548 [INFO] IPUIPlugin:80 - create IPUIPlugin
2025-03-25 17:30:42,548 [INFO] PluginManager:220 - loadIPPluginJar : add freertos
2025-03-25 17:30:42,550 [INFO] IPUIPlugin:80 - create IPUIPlugin
2025-03-25 17:30:42,551 [INFO] PluginManager:220 - loadIPPluginJar : add genericplugin
2025-03-25 17:30:42,554 [INFO] IPUIPlugin:80 - create IPUIPlugin
2025-03-25 17:30:42,554 [INFO] PluginManager:220 - loadIPPluginJar : add gfxmmu
2025-03-25 17:30:42,564 [INFO] IPUIPlugin:80 - create IPUIPlugin
2025-03-25 17:30:42,565 [INFO] PluginManager:220 - loadIPPluginJar : add gic
2025-03-25 17:30:42,569 [INFO] IPUIPlugin:80 - create IPUIPlugin
2025-03-25 17:30:42,570 [INFO] PluginManager:220 - loadIPPluginJar : add gpio
2025-03-25 17:30:42,574 [INFO] IPUIPlugin:80 - create IPUIPlugin
2025-03-25 17:30:42,574 [INFO] PluginManager:220 - loadIPPluginJar : add gtzc
2025-03-25 17:30:42,579 [INFO] IPUIPlugin:80 - create IPUIPlugin
2025-03-25 17:30:42,579 [INFO] PluginManager:220 - loadIPPluginJar : add hash
2025-03-25 17:30:42,582 [INFO] IPUIPlugin:80 - create IPUIPlugin
2025-03-25 17:30:42,583 [INFO] PluginManager:220 - loadIPPluginJar : add i2c
2025-03-25 17:30:42,587 [INFO] IPUIPlugin:80 - create IPUIPlugin
2025-03-25 17:30:42,587 [INFO] PluginManager:220 - loadIPPluginJar : add i2s
2025-03-25 17:30:42,591 [INFO] IPUIPlugin:80 - create IPUIPlugin
2025-03-25 17:30:42,591 [INFO] PluginManager:220 - loadIPPluginJar : add i3c
2025-03-25 17:30:42,597 [INFO] IPUIPlugin:80 - create IPUIPlugin
2025-03-25 17:30:42,598 [INFO] PluginManager:220 - loadIPPluginJar : add ipddr
2025-03-25 17:30:42,612 [INFO] IPUIPlugin:80 - create IPUIPlugin
2025-03-25 17:30:42,613 [INFO] PluginManager:220 - loadIPPluginJar : add linkedlist
2025-03-25 17:30:42,618 [INFO] IPUIPlugin:80 - create IPUIPlugin
2025-03-25 17:30:42,619 [INFO] PluginManager:220 - loadIPPluginJar : add lorawan
2025-03-25 17:30:42,621 [INFO] IPUIPlugin:80 - create IPUIPlugin
2025-03-25 17:30:42,622 [INFO] PluginManager:220 - loadIPPluginJar : add ltdc
2025-03-25 17:30:42,632 [INFO] IPUIPlugin:80 - create IPUIPlugin
2025-03-25 17:30:42,633 [INFO] PluginManager:220 - loadIPPluginJar : add mdma
2025-03-25 17:30:42,639 [INFO] IPUIPlugin:80 - create IPUIPlugin
2025-03-25 17:30:42,639 [INFO] PluginManager:220 - loadIPPluginJar : add nvic
2025-03-25 17:30:42,644 [INFO] IPUIPlugin:80 - create IPUIPlugin
2025-03-25 17:30:42,645 [INFO] PluginManager:220 - loadIPPluginJar : add opamp
2025-03-25 17:30:42,649 [INFO] IPUIPlugin:80 - create IPUIPlugin
2025-03-25 17:30:42,650 [INFO] PluginManager:220 - loadIPPluginJar : add openamp
2025-03-25 17:30:42,655 [INFO] IPUIPlugin:80 - create IPUIPlugin
2025-03-25 17:30:42,656 [INFO] PluginManager:220 - loadIPPluginJar : add pdm2pcm
2025-03-25 17:30:42,666 [INFO] IPUIPlugin:80 - create IPUIPlugin
2025-03-25 17:30:42,670 [INFO] PluginManager:220 - loadIPPluginJar : add plateformsettings
2025-03-25 17:30:42,672 [INFO] IPUIPlugin:80 - create IPUIPlugin
2025-03-25 17:30:42,672 [INFO] PluginManager:220 - loadIPPluginJar : add quadspi
2025-03-25 17:30:42,676 [INFO] IPUIPlugin:80 - create IPUIPlugin
2025-03-25 17:30:42,677 [INFO] PluginManager:220 - loadIPPluginJar : add radio
2025-03-25 17:30:42,682 [INFO] IPUIPlugin:80 - create IPUIPlugin
2025-03-25 17:30:42,683 [INFO] PluginManager:220 - loadIPPluginJar : add resmgrutility
2025-03-25 17:30:42,688 [INFO] IPUIPlugin:80 - create IPUIPlugin
2025-03-25 17:30:42,688 [INFO] PluginManager:220 - loadIPPluginJar : add sai
2025-03-25 17:30:42,691 [INFO] IPUIPlugin:80 - create IPUIPlugin
2025-03-25 17:30:42,691 [INFO] PluginManager:220 - loadIPPluginJar : add spi
2025-03-25 17:30:42,697 [INFO] IPUIPlugin:80 - create IPUIPlugin
2025-03-25 17:30:42,698 [INFO] PluginManager:220 - loadIPPluginJar : add stm32_wpan
2025-03-25 17:30:42,700 [INFO] IPUIPlugin:80 - create IPUIPlugin
2025-03-25 17:30:42,701 [INFO] PluginManager:220 - loadIPPluginJar : add tim
2025-03-25 17:30:42,706 [INFO] IPUIPlugin:80 - create IPUIPlugin
2025-03-25 17:30:42,706 [INFO] PluginManager:220 - loadIPPluginJar : add touchsensing
2025-03-25 17:30:42,709 [INFO] IPUIPlugin:80 - create IPUIPlugin
2025-03-25 17:30:42,709 [INFO] PluginManager:220 - loadIPPluginJar : add tracer_emb
2025-03-25 17:30:42,711 [INFO] IPUIPlugin:80 - create IPUIPlugin
2025-03-25 17:30:42,711 [INFO] PluginManager:220 - loadIPPluginJar : add ts
2025-03-25 17:30:42,716 [INFO] IPUIPlugin:80 - create IPUIPlugin
2025-03-25 17:30:42,716 [INFO] PluginManager:220 - loadIPPluginJar : add tsc
2025-03-25 17:30:42,719 [INFO] IPUIPlugin:80 - create IPUIPlugin
2025-03-25 17:30:42,719 [INFO] PluginManager:220 - loadIPPluginJar : add ucpd
2025-03-25 17:30:42,724 [INFO] IPUIPlugin:80 - create IPUIPlugin
2025-03-25 17:30:42,724 [INFO] PluginManager:220 - loadIPPluginJar : add usart
2025-03-25 17:30:42,728 [INFO] IPUIPlugin:80 - create IPUIPlugin
2025-03-25 17:30:42,728 [INFO] PluginManager:220 - loadIPPluginJar : add usbx
2025-03-25 17:30:42,878 [FATAL] Updater:351 - Updater called before beeing initialized
2025-03-25 17:30:42,914 [INFO] RulesReader:64 - Compatibility file has been processed (301 Rules)
2025-03-25 17:30:42,927 [INFO] RulesReader:64 - Compatibility file has been processed (301 Rules)
2025-03-25 17:30:42,936 [INFO] CADModel:165 - CPN selected for project level
2025-03-25 17:30:42,936 [INFO] CADModel:114 - Register for checkConnection events
2025-03-25 17:30:42,936 [FATAL] Updater:351 - Updater called before beeing initialized
2025-03-25 17:30:42,936 [ERROR] CADModel:125 - Updater not yet initialized, retry later 
2025-03-25 17:30:43,084 [FATAL] Updater:351 - Updater called before beeing initialized
2025-03-25 17:30:43,086 [INFO] CADModel:165 - CPN selected for project level
2025-03-25 17:30:43,086 [INFO] CADModel:114 - Register for checkConnection events
2025-03-25 17:30:43,086 [FATAL] Updater:351 - Updater called before beeing initialized
2025-03-25 17:30:43,087 [ERROR] CADModel:125 - Updater not yet initialized, retry later 
2025-03-25 17:30:43,090 [FATAL] Updater:351 - Updater called before beeing initialized
2025-03-25 17:30:43,234 [FATAL] Updater:351 - Updater called before beeing initialized
2025-03-25 17:30:43,240 [INFO] DbMcusAds:53 - JSON generation date=Thu Mar 06 22:54:21 CST 2025 (1741272861825)
2025-03-25 17:30:43,240 [FATAL] Updater:351 - Updater called before beeing initialized
2025-03-25 17:30:43,283 [WARN] DetailPanel:346 - Failed to get advertising image, set to default
2025-03-25 17:30:43,575 [FATAL] Updater:351 - Updater called before beeing initialized
2025-03-25 17:30:43,576 [FATAL] Updater:351 - Updater called before beeing initialized
2025-03-25 17:30:43,577 [FATAL] Updater:351 - Updater called before beeing initialized
2025-03-25 17:30:43,577 [WARN] DetailPanel:346 - Failed to get advertising image, set to default
2025-03-25 17:30:43,578 [FATAL] Updater:351 - Updater called before beeing initialized
2025-03-25 17:30:43,622 [ERROR] Updater:1198 - MainUpdater not yet initialized. External WinMGr cannot be set.
2025-03-25 17:30:43,624 [INFO] Updater:1134 - Updater Version found : 6.14.0
2025-03-25 17:30:43,641 [INFO] ApplicationProperties:184 - Using Application install path: D:\Download\STM32\STM32CubeIDE_1.14.1\STM32CubeIDE\plugins\com.st.stm32cube.common.mx_6.14.0.202502271554
2025-03-25 17:30:44,079 [INFO] MainUpdater:2872 - connection check result : 10
2025-03-25 17:30:44,080 [INFO] MainUpdater:289 - Updater Check For Update Now.
2025-03-25 17:30:44,080 [INFO] MicroXplorer:498 - Change Database Version : DB.6.0.140
2025-03-25 17:30:44,084 [INFO] McuFinderGlobals:63 - Set McuFinder mode to 2 (CubeIDE integrated)
2025-03-25 17:30:44,084 [INFO] UserAuth:171 - activating auth plugin
2025-03-25 17:30:44,087 [INFO] UserAuth:486 - Internet connection configuration mode: 1
2025-03-25 17:30:44,108 [INFO] JxBrowserEngine:152 - Initiate JxBrowser Engine with user profile folder
2025-03-25 17:30:44,264 [INFO] CheckServerUpdateThread:120 - End of CheckServer Thread
2025-03-25 17:30:44,823 [INFO] WebApp:169 - Instantiating new browser for Auth
2025-03-25 17:30:45,255 [WARN] PackLoader:240 - Cannot read IP mode file for STMicroelectronics.FP-ATR-ASTRA1.2.0.2
2025-03-25 17:30:45,263 [WARN] PackLoader:240 - Cannot read IP mode file for STMicroelectronics.FP-ATR-ASTRA1.2.0.1
2025-03-25 17:30:45,277 [WARN] PackLoader:240 - Cannot read IP mode file for STMicroelectronics.X-CUBE-SMBUS.2.1.0
2025-03-25 17:30:45,335 [WARN] PackLoader:240 - Cannot read IP mode file for STMicroelectronics.X-CUBE-AZRTOS-F7.1.1.0
2025-03-25 17:30:45,450 [WARN] PackLoader:240 - Cannot read IP mode file for STMicroelectronics.X-CUBE-MEMS1.11.0.0
2025-03-25 17:30:45,717 [WARN] PackLoader:240 - Cannot read IP mode file for STMicroelectronics.FP-SNS-FLIGHT1.5.0.2
2025-03-25 17:30:45,751 [WARN] PackLoader:240 - Cannot read IP mode file for Infineon.AIROC-Wi-Fi-Bluetooth-STM32.1.7.0
2025-03-25 17:30:45,769 [WARN] PackLoader:240 - Cannot read IP mode file for STMicroelectronics.X-CUBE-DISPLAY.3.0.0
2025-03-25 17:30:45,783 [WARN] PackLoader:240 - Cannot read IP mode file for STMicroelectronics.X-CUBE-BLE1.7.0.0
2025-03-25 17:30:45,798 [WARN] PackLoader:240 - Cannot read IP mode file for STMicroelectronics.X-CUBE-BLEMGR.4.0.0
2025-03-25 17:30:45,813 [WARN] PackLoader:240 - Cannot read IP mode file for emotas.I-CUBE-CANOPEN.1.3.0
2025-03-25 17:30:45,827 [WARN] PackLoader:240 - Cannot read IP mode file for STMicroelectronics.X-CUBE-BLEMGR.3.1.0
2025-03-25 17:30:45,836 [WARN] PackLoader:240 - Cannot read IP mode file for STMicroelectronics.X-CUBE-AI.10.0.0
2025-03-25 17:30:45,843 [WARN] PackLoader:240 - Cannot read IP mode file for STMicroelectronics.FP-SNS-SMARTAG2.1.2.0
2025-03-25 17:30:45,848 [WARN] PackLoader:240 - Cannot read IP mode file for STMicroelectronics.FP-SNS-FLIGHT1.5.1.0
2025-03-25 17:30:45,973 [WARN] PackLoader:240 - Cannot read IP mode file for STMicroelectronics.X-CUBE-MEMS1.11.1.0
2025-03-25 17:30:46,200 [INFO] LogOutputStream:77 - [STDOUT_REDIRECT] 1 : Invalid condition id : UX_CORESTACK_Condition cause : null
2025-03-25 17:30:46,202 [INFO] LogOutputStream:77 - [STDOUT_REDIRECT] 1 : Invalid condition id : UX_CORESTACK_Condition cause : null
2025-03-25 17:30:46,203 [INFO] LogOutputStream:77 - [STDOUT_REDIRECT] 1 : Invalid condition id : UX_CORESTACK_Condition cause : null
2025-03-25 17:30:46,206 [INFO] LogOutputStream:77 - [STDOUT_REDIRECT] 1 : Invalid condition id : UX_CORESTACK_Condition cause : null
2025-03-25 17:30:46,207 [INFO] LogOutputStream:77 - [STDOUT_REDIRECT] 1 : Invalid condition id : UX_CORESTACK_Condition cause : null
2025-03-25 17:30:46,211 [WARN] PackLoader:240 - Cannot read IP mode file for STMicroelectronics.X-CUBE-AZRTOS-WL.2.0.0
2025-03-25 17:30:46,220 [WARN] PackLoader:240 - Cannot read IP mode file for wolfSSL.I-CUBE-wolfMQTT.1.19.0
2025-03-25 17:30:46,229 [WARN] PackLoader:240 - Cannot read IP mode file for STMicroelectronics.X-CUBE-BLE2.3.3.0
2025-03-25 17:30:46,236 [WARN] PackLoader:240 - Cannot read IP mode file for STMicroelectronics.X-CUBE-BLE1.7.1.0
2025-03-25 17:30:46,246 [WARN] PackLoader:240 - Cannot read IP mode file for STMicroelectronics.X-CUBE-TCPP.4.1.0
2025-03-25 17:30:46,270 [WARN] PackLoader:240 - Cannot read IP mode file for STMicroelectronics.X-CUBE-AZRTOS-G0.1.1.0
2025-03-25 17:30:46,284 [WARN] PackLoader:240 - Cannot read IP mode file for STMicroelectronics.X-CUBE-SAFEA1.1.2.2
2025-03-25 17:30:46,296 [WARN] PackLoader:240 - Cannot read IP mode file for STMicroelectronics.X-CUBE-NFC4.3.0.0
2025-03-25 17:30:46,312 [WARN] PackLoader:240 - Cannot read IP mode file for EmbeddedOffice.I-CUBE-FS-RTOS.1.0.1
2025-03-25 17:30:46,320 [WARN] PackLoader:240 - Cannot read IP mode file for STMicroelectronics.X-CUBE-TCPP.4.2.0
2025-03-25 17:30:46,330 [WARN] PackLoader:240 - Cannot read IP mode file for RealThread.X-CUBE-RT-Thread_Nano.4.1.1
2025-03-25 17:30:46,345 [WARN] PackLoader:240 - Cannot read IP mode file for STMicroelectronics.FP-ATR-SIGFOX1.3.2.0
2025-03-25 17:30:46,389 [WARN] PackLoader:240 - Cannot read IP mode file for wolfSSL.I-CUBE-wolfSSL.5.7.2
2025-03-25 17:30:46,398 [WARN] ConditionMgr:438 - getConditionDescription Invalid condition id : Cortex-A Device cause : null
2025-03-25 17:30:46,424 [INFO] LogOutputStream:77 - [STDOUT_REDIRECT] [ThirdParty] unknown protocol: c
2025-03-25 17:30:46,424 [WARN] PackLoader:240 - Cannot read IP mode file for quantropi.X-CUBE-qispace-sdk-base.1.9.3
2025-03-25 17:30:46,425 [WARN] ConditionMgr:1044 - genDependencies : Invalid condition id : Cortex-A Device cause : null
2025-03-25 17:30:46,425 [WARN] ConditionMgr:1044 - genDependencies : Invalid condition id : Cortex-A Device cause : null
2025-03-25 17:30:46,425 [WARN] ConditionMgr:1044 - genDependencies : Invalid condition id : Cortex-A Device cause : null
2025-03-25 17:30:46,435 [WARN] PackLoader:240 - Cannot read IP mode file for STMicroelectronics.X-CUBE-EEPRMA1.5.1.0
2025-03-25 17:30:46,449 [WARN] PackLoader:240 - Cannot read IP mode file for ITTIA_DB.I-CUBE-ITTIADB.8.9.0
2025-03-25 17:30:46,493 [WARN] PackLoader:240 - Cannot read IP mode file for SEGGER.I-CUBE-embOS.1.3.1
2025-03-25 17:30:46,541 [WARN] PackLoader:240 - Cannot read IP mode file for STMicroelectronics.X-CUBE-ALGOBUILD.1.4.0
2025-03-25 17:30:46,550 [WARN] PackLoader:240 - Cannot read IP mode file for STMicroelectronics.X-CUBE-GNSS1.6.0.0
2025-03-25 17:30:46,576 [WARN] PackLoader:240 - Cannot read IP mode file for STMicroelectronics.X-CUBE-AZRTOS-F4.1.1.0
2025-03-25 17:30:46,586 [WARN] PackLoader:240 - Cannot read IP mode file for STMicroelectronics.X-CUBE-FREERTOS.1.2.0
2025-03-25 17:30:46,610 [WARN] PackLoader:240 - Cannot read IP mode file for STMicroelectronics.X-CUBE-AZRTOS-L5.2.0.0
2025-03-25 17:30:46,620 [WARN] PackLoader:240 - Cannot read IP mode file for STMicroelectronics.X-CUBE-AI.9.0.0
2025-03-25 17:30:46,627 [WARN] PackLoader:240 - Cannot read IP mode file for STMicroelectronics.X-CUBE-FREERTOS.1.3.0
2025-03-25 17:30:46,636 [WARN] PackLoader:240 - Cannot read IP mode file for STMicroelectronics.X-CUBE-NFC7.1.0.1
2025-03-25 17:30:46,643 [WARN] PackLoader:240 - Cannot read IP mode file for wolfSSL.I-CUBE-wolfTPM.3.2.0
2025-03-25 17:30:46,670 [WARN] ConditionMgr:438 - getConditionDescription Invalid condition id : LAN8742 Phy interface Condition cause : null
2025-03-25 17:30:46,671 [WARN] PackLoader:240 - Cannot read IP mode file for STMicroelectronics.X-CUBE-AZRTOS-L4.2.0.0
2025-03-25 17:30:46,673 [WARN] ConditionMgr:1044 - genDependencies : Invalid condition id : LAN8742 Phy interface Condition cause : null
2025-03-25 17:30:46,674 [WARN] ConditionMgr:1044 - genDependencies : Invalid condition id : LAN8742 Phy interface Condition cause : null
2025-03-25 17:30:46,674 [WARN] ConditionMgr:1044 - genDependencies : Invalid condition id : LAN8742 Phy interface Condition cause : null
2025-03-25 17:30:46,687 [WARN] PackLoader:240 - Cannot read IP mode file for STMicroelectronics.X-CUBE-SFXS2LP1.4.0.0
2025-03-25 17:30:46,703 [WARN] PackLoader:240 - Cannot read IP mode file for STMicroelectronics.X-CUBE-IPS.3.0.0
2025-03-25 17:30:46,726 [WARN] ConditionMgr:438 - getConditionDescription Invalid condition id : UX DEVICE CLASS RTOS Condition cause : null
2025-03-25 17:30:46,727 [WARN] ConditionMgr:438 - getConditionDescription Invalid condition id : UX DEVICE CLASS RTOS Condition cause : null
2025-03-25 17:30:46,730 [WARN] PackLoader:240 - Cannot read IP mode file for STMicroelectronics.X-CUBE-AZRTOS-WB.2.0.0
2025-03-25 17:30:46,731 [WARN] ConditionMgr:1044 - genDependencies : Invalid condition id : UX DEVICE CLASS RTOS Condition cause : null
2025-03-25 17:30:46,731 [WARN] ConditionMgr:1044 - genDependencies : Invalid condition id : UX DEVICE CLASS RTOS Condition cause : null
2025-03-25 17:30:46,732 [WARN] ConditionMgr:1044 - genDependencies : Invalid condition id : UX DEVICE CLASS RTOS Condition cause : null
2025-03-25 17:30:46,732 [WARN] ConditionMgr:1044 - genDependencies : Invalid condition id : UX DEVICE CLASS RTOS Condition cause : null
2025-03-25 17:30:46,733 [WARN] ConditionMgr:1044 - genDependencies : Invalid condition id : UX DEVICE CLASS RTOS Condition cause : null
2025-03-25 17:30:46,745 [WARN] PackLoader:240 - Cannot read IP mode file for STMicroelectronics.X-CUBE-GNSS1.7.0.0
2025-03-25 17:30:46,754 [WARN] PackLoader:240 - Cannot read IP mode file for STMicroelectronics.X-CUBE-GNSS1.7.0.1
2025-03-25 17:30:46,763 [WARN] PackLoader:240 - Cannot read IP mode file for STMicroelectronics.X-CUBE-TOUCHGFX.4.25.0
2025-03-25 17:30:46,772 [WARN] PackLoader:240 - Cannot read IP mode file for STMicroelectronics.FP-SNS-STBOX1.2.0.0
2025-03-25 17:30:46,796 [WARN] PackLoader:240 - Cannot read IP mode file for STMicroelectronics.X-CUBE-SUBG2.5.0.0
2025-03-25 17:30:46,813 [INFO] WebApp:463 - Apply proxy settings
2025-03-25 17:30:46,814 [INFO] WebApp:548 - Chromium requires no authentication
2025-03-25 17:30:46,828 [WARN] PackLoader:240 - Cannot read IP mode file for STMicroelectronics.X-CUBE-AZRTOS-H7RS.1.1.0
2025-03-25 17:30:46,831 [INFO] WebApp:491 - Direct internet connection detected
2025-03-25 17:30:46,853 [WARN] PackLoader:240 - Cannot read IP mode file for STMicroelectronics.X-CUBE-AZRTOS-G4.2.0.0
2025-03-25 17:30:46,862 [WARN] PackLoader:240 - Cannot read IP mode file for STMicroelectronics.X-CUBE-ISPU.2.0.0
2025-03-25 17:30:46,877 [WARN] PackLoader:240 - Cannot read IP mode file for STMicroelectronics.X-CUBE-IPS.3.1.0
2025-03-25 17:30:46,879 [INFO] WebApp:894 - Register for checkConnection events
2025-03-25 17:30:46,880 [INFO] WebApp:463 - Apply proxy settings
2025-03-25 17:30:46,880 [INFO] WebApp:548 - Chromium requires no authentication
2025-03-25 17:30:46,882 [INFO] WebApp:491 - Direct internet connection detected
2025-03-25 17:30:46,933 [WARN] PackLoader:240 - Cannot read IP mode file for STMicroelectronics.X-CUBE-MEMS1.10.0.0
2025-03-25 17:30:47,087 [WARN] PackLoader:240 - Cannot read IP mode file for STMicroelectronics.X-CUBE-TOUCHGFX.4.24.0
2025-03-25 17:30:47,093 [WARN] PackLoader:240 - Cannot read IP mode file for STMicroelectronics.X-CUBE-TOUCHGFX.4.24.2
2025-03-25 17:30:47,098 [WARN] PackLoader:240 - Cannot read IP mode file for STMicroelectronics.X-CUBE-TOUCHGFX.4.24.1
2025-03-25 17:30:47,110 [WARN] PackLoader:240 - Cannot read IP mode file for portGmbH.I-Cube-SoM-uGOAL.1.1.0
2025-03-25 17:30:47,145 [WARN] PackLoader:240 - Cannot read IP mode file for STMicroelectronics.X-CUBE-AZRTOS-H7RS.1.0.0
2025-03-25 17:30:47,156 [WARN] PackLoader:240 - Cannot read IP mode file for STMicroelectronics.FP-ATR-ASTRA1.2.0.0
2025-03-25 17:30:47,174 [WARN] PackLoader:240 - Cannot read IP mode file for STMicroelectronics.X-CUBE-TOF1.3.4.2
2025-03-25 17:30:47,244 [WARN] PackLoader:240 - Cannot read IP mode file for STMicroelectronics.X-CUBE-AZRTOS-H7.3.2.0
2025-03-25 17:30:47,256 [WARN] PackLoader:240 - Cannot read IP mode file for wolfSSL.I-CUBE-wolfSSH.1.4.17
2025-03-25 17:30:47,258 [INFO] ThirdParty:978 - Integrity check success = true
2025-03-25 17:30:47,258 [INFO] IntegrityCheckThread:100 - exiting critical section [integrity check]
2025-03-25 17:30:47,258 [INFO] IntegrityCheckThread:103 - End integrity checks thread
2025-03-25 17:30:47,308 [INFO] WebApp:225 - Starting web application
2025-03-25 17:30:47,309 [INFO] WebApp:593 - Web application path used D:\Download\STM32\STM32CubeIDE_1.14.1\STM32CubeIDE\plugins\com.st.stm32cube.common.mx_6.14.0.202502271554\db\plugins\mcufinder\reactClient1\index.html
2025-03-25 17:31:01,254 [ERROR] LogOutputStream:75 - [STDERR_REDIRECT] Warning: NLS unused message: ChangeExceptionHandler_dialog_title in: org.eclipse.jdt.internal.ui.refactoring.refactoringui
2025-03-25 17:31:02,091 [ERROR] LogOutputStream:75 - [STDERR_REDIRECT] Warning: NLS unused message: ExecutionEnvironmentDescription_0 in: org.eclipse.jdt.internal.launching.LaunchingMessages
2025-03-25 17:57:59,105 [ERROR] LogOutputStream:75 - [STDERR_REDIRECT] 
