2025-04-01 11:06:43,403 [INFO] MainUpdater:2872 - connection check result : 10
2025-04-01 11:06:43,419 [INFO] MainUpdater:2872 - connection check result : 10
2025-04-01 11:06:43,503 [INFO] MicroXplorer:468 - Change Database Path : 
2025-04-01 11:06:43,503 [INFO] MicroXplorer:498 - Change Database Version : DB.6.0.140
2025-04-01 11:06:43,564 [ERROR] ProjectManagerView:394 - 
java.lang.NullPointerException: Cannot invoke "javax.swing.JTextField.getText()" because the return value of "java.util.List.get(int)" is null
	at com.st.microxplorer.plugins.projectmanager.gui.ProjectChoiceTab$9.caretUpdate(ProjectChoiceTab.java:2678) ~[filemanager.jar:?]
	at javax.swing.text.JTextComponent.fireCaretUpdate(JTextComponent.java:408) ~[?:?]
	at javax.swing.text.JTextComponent$MutableCaretEvent.fire(JTextComponent.java:4484) ~[?:?]
	at javax.swing.text.JTextComponent$MutableCaretEvent.stateChanged(JTextComponent.java:4506) ~[?:?]
	at javax.swing.text.DefaultCaret.fireStateChanged(DefaultCaret.java:857) ~[?:?]
	at javax.swing.text.DefaultCaret.changeCaretPosition(DefaultCaret.java:1343) ~[?:?]
	at javax.swing.text.DefaultCaret.handleSetDot(DefaultCaret.java:1242) ~[?:?]
	at javax.swing.text.DefaultCaret.setDot(DefaultCaret.java:1223) ~[?:?]
	at javax.swing.text.DefaultCaret$Handler.insertUpdate(DefaultCaret.java:1819) ~[?:?]
	at javax.swing.text.AbstractDocument.fireInsertUpdate(AbstractDocument.java:227) ~[?:?]
	at javax.swing.text.AbstractDocument.handleInsertString(AbstractDocument.java:781) ~[?:?]
	at javax.swing.text.AbstractDocument.insertString(AbstractDocument.java:740) ~[?:?]
	at javax.swing.text.PlainDocument.insertString(PlainDocument.java:131) ~[?:?]
	at javax.swing.text.AbstractDocument.replace(AbstractDocument.java:699) ~[?:?]
	at javax.swing.text.JTextComponent.setText(JTextComponent.java:1725) ~[?:?]
	at com.st.microxplorer.plugins.projectmanager.gui.ProjectChoiceTab.createHeapStackFields(ProjectChoiceTab.java:979) ~[filemanager.jar:?]
	at com.st.microxplorer.plugins.projectmanager.gui.ProjectChoiceTab.buildLinkSettingsPanel(ProjectChoiceTab.java:3766) ~[filemanager.jar:?]
	at com.st.microxplorer.plugins.projectmanager.gui.ProjectChoiceTab.defineWindowsFields(ProjectChoiceTab.java:1962) ~[filemanager.jar:?]
	at com.st.microxplorer.plugins.projectmanager.gui.ProjectChoiceTab.updateSettings(ProjectChoiceTab.java:555) ~[filemanager.jar:?]
	at com.st.microxplorer.plugins.projectmanager.gui.ProjectSettingsPanel.UpdateDialog(ProjectSettingsPanel.java:245) ~[filemanager.jar:?]
	at com.st.microxplorer.plugins.projectmanager.ProjectManagerView.propertyChange(ProjectManagerView.java:391) ~[filemanager.jar:?]
	at java.beans.PropertyChangeSupport.fire(PropertyChangeSupport.java:343) ~[?:?]
	at java.beans.PropertyChangeSupport.firePropertyChange(PropertyChangeSupport.java:335) ~[?:?]
	at java.beans.PropertyChangeSupport.firePropertyChange(PropertyChangeSupport.java:268) ~[?:?]
	at com.st.microxplorer.util.MXPropertyChangeSupport.firePropertyChange(MXPropertyChangeSupport.java:54) ~[STM32CubeMX.jar:?]
	at com.st.microxplorer.mxsystem.MxSystem.closeConfig(MxSystem.java:899) ~[STM32CubeMX.jar:?]
	at com.st.microxplorer.maingui.MainPanel.closeConfig(MainPanel.java:789) ~[STM32CubeMX.jar:?]
	at com.st.microxplorer.plugins.filemanager.engine.OpenFileManager.loadConfigurationFile(OpenFileManager.java:287) ~[filemanager.jar:?]
	at com.st.microxplorer.plugins.filemanager.engine.MainFileManager.userLoadConfig(MainFileManager.java:341) ~[filemanager.jar:?]
	at com.st.microxplorer.plugins.filemanager.engine.MainFileManager.userLoadConfig(MainFileManager.java:319) ~[filemanager.jar:?]
	at com.st.microxplorer.plugins.filemanager.FileManagerView.getSpecificTask(FileManagerView.java:246) ~[filemanager.jar:?]
	at com.st.stm32cube.common.mx.editor.CubeMxEditor.getMxTabbedPaneInstance(CubeMxEditor.java:1198) ~[com.st.stm32cube.common.mx_6.14.0.202502271554/:?]
	at com.st.stm32cube.common.mx.editor.CubeMxEditor$12$1.createSwingComponent(CubeMxEditor.java:1068) ~[com.st.stm32cube.common.mx_6.14.0.202502271554/:?]
	at com.st.stm32cube.common.mx.oss.core.awtswtbridge.EmbeddedSwingComposite.doComponentCreation(EmbeddedSwingComposite.java:492) ~[com.st.stm32cube.common.mx.oss_6.14.0.202502271554/:?]
	at com.st.stm32cube.common.mx.oss.core.awtswtbridge.EmbeddedSwingComposite$4.run(EmbeddedSwingComposite.java:291) ~[com.st.stm32cube.common.mx.oss_6.14.0.202502271554/:?]
	at com.st.stm32cube.common.mx.oss.core.awtswtbridge.AwtEnvironment$2.run(AwtEnvironment.java:166) ~[com.st.stm32cube.common.mx.oss_6.14.0.202502271554/:?]
	at java.awt.event.InvocationEvent.dispatch(InvocationEvent.java:318) ~[?:?]
	at java.awt.EventQueue.dispatchEventImpl(EventQueue.java:773) ~[?:?]
	at java.awt.EventQueue$4.run(EventQueue.java:720) ~[?:?]
	at java.awt.EventQueue$4.run(EventQueue.java:714) ~[?:?]
	at java.security.AccessController.doPrivileged(AccessController.java:400) ~[?:?]
	at java.security.ProtectionDomain$JavaSecurityAccessImpl.doIntersectionPrivilege(ProtectionDomain.java:87) ~[?:?]
	at java.awt.EventQueue.dispatchEvent(EventQueue.java:742) ~[?:?]
	at java.awt.EventDispatchThread.pumpOneEventForFilters(EventDispatchThread.java:203) ~[?:?]
	at java.awt.EventDispatchThread.pumpEventsForFilter(EventDispatchThread.java:124) ~[?:?]
	at java.awt.EventDispatchThread.pumpEventsForHierarchy(EventDispatchThread.java:113) ~[?:?]
	at java.awt.EventDispatchThread.pumpEvents(EventDispatchThread.java:109) ~[?:?]
	at java.awt.EventDispatchThread.pumpEvents(EventDispatchThread.java:101) ~[?:?]
	at java.awt.EventDispatchThread.run(EventDispatchThread.java:90) ~[?:?]
2025-04-01 11:06:43,600 [WARN] ThirdParty:871 - waiting for thirdparty lock release [close project]
2025-04-01 11:06:43,600 [INFO] ThirdParty:873 - entering critical section [close project]
2025-04-01 11:06:43,600 [INFO] ThirdParty:883 - exiting critical section [close project]
2025-04-01 11:06:43,606 [INFO] PinOutPanel:1589 - setPackage(No Configuration,No Configuration)
2025-04-01 11:06:43,629 [INFO] UtilMem:75 - Begin LoadConfig() Used Memory: 310782912 Bytes (754974720)
2025-04-01 11:06:43,631 [INFO] MicroXplorer:468 - Change Database Path : 
2025-04-01 11:06:43,631 [INFO] MicroXplorer:498 - Change Database Version : DB.6.0.140
2025-04-01 11:06:43,631 [INFO] OpenFileManager:354 - Change cursor
2025-04-01 11:06:43,700 [INFO] RulesReader:64 - Compatibility file has been processed (301 Rules)
2025-04-01 11:06:43,713 [INFO] Mcu:2011 - Initializing MCU STM32G431C(6-8-B)Tx STM32G431C8Tx STM32G431C8T6
2025-04-01 11:06:48,458 [INFO] Context:756 - Trying to add GPIOservice into a context  which must be forbidden
2025-04-01 11:06:49,712 [INFO] ImportTextPane:218 - (OptionalMessage_ERROR) Pin21 (VP_RIF_VS_RIF1) cannot be retrieved for this MCU
2025-04-01 11:06:50,059 [INFO] RtosManager:558 - Registered RTOS mode: class=CMSIS, group=RTOS, mode=CMSIS_V1, owner=FREERTOS
2025-04-01 11:06:50,059 [INFO] RtosManager:558 - Registered RTOS mode: class=CMSIS, group=RTOS2, mode=CMSIS_V2, owner=FREERTOS
2025-04-01 11:06:50,059 [INFO] RtosManager:558 - Registered RTOS mode: class=RTOS, group=Core, mode=CMSIS_V1, owner=FREERTOS
2025-04-01 11:06:50,059 [INFO] RtosManager:558 - Registered RTOS mode: class=RTOS, group=Core, mode=CMSIS_V2, owner=FREERTOS
2025-04-01 11:06:50,060 [WARN] ModelIntegratedComponent:184 - Missing modes for component STMicroelectronics:FreeRTOS:0.0.1:STMicroelectronics:RTOS:FreeRTOS:Core:::10.2.0:
2025-04-01 11:06:50,078 [WARN] ModelIntegratedComponent:63 - No mode defined for component null
2025-04-01 11:06:50,078 [WARN] ModelIntegratedComponent:63 - No mode defined for component null
2025-04-01 11:06:50,078 [WARN] ModelIntegratedComponent:63 - No mode defined for component null
2025-04-01 11:06:50,078 [WARN] ModelIntegratedComponent:63 - No mode defined for component null
2025-04-01 11:06:50,078 [WARN] ModelIntegratedComponent:63 - No mode defined for component null
2025-04-01 11:06:50,078 [WARN] ModelIntegratedComponent:63 - No mode defined for component null
2025-04-01 11:06:50,078 [WARN] ModelIntegratedComponent:63 - No mode defined for component null
2025-04-01 11:06:50,080 [WARN] ModelIntegratedComponent:63 - No mode defined for component null
2025-04-01 11:06:50,080 [WARN] ModelIntegratedComponent:63 - No mode defined for component null
2025-04-01 11:06:50,080 [WARN] ModelIntegratedComponent:63 - No mode defined for component null
2025-04-01 11:06:50,080 [WARN] ModelIntegratedComponent:63 - No mode defined for component null
2025-04-01 11:06:50,080 [WARN] ModelIntegratedComponent:63 - No mode defined for component null
2025-04-01 11:06:50,080 [WARN] ModelIntegratedComponent:63 - No mode defined for component null
2025-04-01 11:06:50,080 [WARN] ModelIntegratedComponent:63 - No mode defined for component null
2025-04-01 11:06:50,080 [WARN] ModelIntegratedComponent:63 - No mode defined for component null
2025-04-01 11:06:50,080 [WARN] ModelIntegratedComponent:63 - No mode defined for component null
2025-04-01 11:06:50,080 [WARN] ModelIntegratedComponent:63 - No mode defined for component null
2025-04-01 11:06:50,080 [WARN] ModelIntegratedComponent:63 - No mode defined for component null
2025-04-01 11:06:50,080 [WARN] ModelIntegratedComponent:63 - No mode defined for component null
2025-04-01 11:06:50,080 [WARN] ModelIntegratedComponent:63 - No mode defined for component null
2025-04-01 11:06:50,081 [WARN] ModelIntegratedComponent:63 - No mode defined for component null
2025-04-01 11:06:50,081 [WARN] ModelIntegratedComponent:63 - No mode defined for component null
2025-04-01 11:06:50,081 [WARN] ModelIntegratedComponent:63 - No mode defined for component null
2025-04-01 11:06:50,081 [WARN] ModelIntegratedComponent:63 - No mode defined for component null
2025-04-01 11:06:50,082 [WARN] ModelIntegratedComponent:63 - No mode defined for component null
2025-04-01 11:06:50,082 [WARN] ModelIntegratedComponent:63 - No mode defined for component null
2025-04-01 11:06:50,082 [WARN] ModelIntegratedComponent:63 - No mode defined for component null
2025-04-01 11:06:50,082 [WARN] ModelIntegratedComponent:63 - No mode defined for component null
2025-04-01 11:06:50,082 [WARN] ModelIntegratedComponent:63 - No mode defined for component null
2025-04-01 11:06:50,082 [WARN] ModelIntegratedComponent:63 - No mode defined for component null
2025-04-01 11:06:50,082 [WARN] ModelIntegratedComponent:63 - No mode defined for component null
2025-04-01 11:06:50,082 [WARN] ModelIntegratedComponent:63 - No mode defined for component null
2025-04-01 11:06:50,082 [WARN] ModelIntegratedComponent:63 - No mode defined for component null
2025-04-01 11:06:50,082 [WARN] ModelIntegratedComponent:63 - No mode defined for component null
2025-04-01 11:06:50,082 [WARN] ModelIntegratedComponent:63 - No mode defined for component null
2025-04-01 11:06:50,082 [WARN] ModelPack:524 - Component already loaded: STMicroelectronics:HAL Drivers:0.0.0:STMicroelectronics:Device:STMicro_Driver:XSPI:HAL::0.0.1:HAL_XSPI
2025-04-01 11:06:50,321 [INFO] ThirdPartyModel:298 - Start build external matchings
2025-04-01 11:06:51,346 [INFO] ThirdPartyModel:316 - End build external matchings
2025-04-01 11:06:51,397 [INFO] ImportTextPane:218 - (OptionalMessage_ERROR) IP (DMA) : Parameter (Instance) has Id (USART1_TX) currently not set
2025-04-01 11:06:51,397 [INFO] ImportTextPane:218 - (OptionalMessage_ERROR) IP (DMA) : Parameter (Request) has Id (USART1_TX) currently not set
2025-04-01 11:06:51,397 [INFO] ImportTextPane:218 - (OptionalMessage_ERROR) IP (DMA) : Parameter (Direction) has Id (USART1_TX) currently not set
2025-04-01 11:06:51,397 [INFO] ImportTextPane:218 - (OptionalMessage_ERROR) IP (DMA) : Parameter (PeriphInc) has Id (USART1_TX) currently not set
2025-04-01 11:06:51,397 [INFO] ImportTextPane:218 - (OptionalMessage_ERROR) IP (DMA) : Parameter (MemInc) has Id (USART1_TX) currently not set
2025-04-01 11:06:51,398 [INFO] ImportTextPane:218 - (OptionalMessage_ERROR) IP (DMA) : Parameter (PeriphDataAlignment) has Id (USART1_TX) currently not set
2025-04-01 11:06:51,399 [INFO] ImportTextPane:218 - (OptionalMessage_ERROR) IP (DMA) : Parameter (MemDataAlignment) has Id (USART1_TX) currently not set
2025-04-01 11:06:51,399 [INFO] ImportTextPane:218 - (OptionalMessage_ERROR) IP (DMA) : Parameter (Mode) has Id (USART1_TX) currently not set
2025-04-01 11:06:51,400 [INFO] ImportTextPane:218 - (OptionalMessage_ERROR) IP (DMA) : Parameter (Priority) has Id (USART1_TX) currently not set
2025-04-01 11:06:51,400 [INFO] ImportTextPane:218 - (OptionalMessage_ERROR) IP (DMA) : Parameter (SignalID) has Id (USART1_TX) currently not set
2025-04-01 11:06:51,400 [INFO] ImportTextPane:218 - (OptionalMessage_ERROR) IP (DMA) : Parameter (Polarity) has Id (USART1_TX) currently not set
2025-04-01 11:06:51,400 [INFO] ImportTextPane:218 - (OptionalMessage_ERROR) IP (DMA) : Parameter (RequestNumber) has Id (USART1_TX) currently not set
2025-04-01 11:06:51,400 [INFO] ImportTextPane:218 - (OptionalMessage_ERROR) IP (DMA) : Parameter (SyncSignalID) has Id (USART1_TX) currently not set
2025-04-01 11:06:51,400 [INFO] ImportTextPane:218 - (OptionalMessage_ERROR) IP (DMA) : Parameter (SyncPolarity) has Id (USART1_TX) currently not set
2025-04-01 11:06:51,400 [INFO] ImportTextPane:218 - (OptionalMessage_ERROR) IP (DMA) : Parameter (SyncEnable) has Id (USART1_TX) currently not set
2025-04-01 11:06:51,400 [INFO] ImportTextPane:218 - (OptionalMessage_ERROR) IP (DMA) : Parameter (EventEnable) has Id (USART1_TX) currently not set
2025-04-01 11:06:51,400 [INFO] ImportTextPane:218 - (OptionalMessage_ERROR) IP (DMA) : Parameter (SyncRequestNumber) has Id (USART1_TX) currently not set
2025-04-01 11:06:51,400 [INFO] ImportTextPane:218 - (OptionalMessage_ERROR) IP (DMA) : Parameter (Instance) has Id (USART1_RX) currently not set
2025-04-01 11:06:51,401 [INFO] ImportTextPane:218 - (OptionalMessage_ERROR) IP (DMA) : Parameter (Request) has Id (USART1_RX) currently not set
2025-04-01 11:06:51,401 [INFO] ImportTextPane:218 - (OptionalMessage_ERROR) IP (DMA) : Parameter (Direction) has Id (USART1_RX) currently not set
2025-04-01 11:06:51,401 [INFO] ImportTextPane:218 - (OptionalMessage_ERROR) IP (DMA) : Parameter (PeriphInc) has Id (USART1_RX) currently not set
2025-04-01 11:06:51,401 [INFO] ImportTextPane:218 - (OptionalMessage_ERROR) IP (DMA) : Parameter (MemInc) has Id (USART1_RX) currently not set
2025-04-01 11:06:51,401 [INFO] ImportTextPane:218 - (OptionalMessage_ERROR) IP (DMA) : Parameter (PeriphDataAlignment) has Id (USART1_RX) currently not set
2025-04-01 11:06:51,401 [INFO] ImportTextPane:218 - (OptionalMessage_ERROR) IP (DMA) : Parameter (MemDataAlignment) has Id (USART1_RX) currently not set
2025-04-01 11:06:51,401 [INFO] ImportTextPane:218 - (OptionalMessage_ERROR) IP (DMA) : Parameter (Mode) has Id (USART1_RX) currently not set
2025-04-01 11:06:51,401 [INFO] ImportTextPane:218 - (OptionalMessage_ERROR) IP (DMA) : Parameter (Priority) has Id (USART1_RX) currently not set
2025-04-01 11:06:51,401 [INFO] ImportTextPane:218 - (OptionalMessage_ERROR) IP (DMA) : Parameter (SignalID) has Id (USART1_RX) currently not set
2025-04-01 11:06:51,402 [INFO] ImportTextPane:218 - (OptionalMessage_ERROR) IP (DMA) : Parameter (Polarity) has Id (USART1_RX) currently not set
2025-04-01 11:06:51,402 [INFO] ImportTextPane:218 - (OptionalMessage_ERROR) IP (DMA) : Parameter (RequestNumber) has Id (USART1_RX) currently not set
2025-04-01 11:06:51,402 [INFO] ImportTextPane:218 - (OptionalMessage_ERROR) IP (DMA) : Parameter (SyncSignalID) has Id (USART1_RX) currently not set
2025-04-01 11:06:51,402 [INFO] ImportTextPane:218 - (OptionalMessage_ERROR) IP (DMA) : Parameter (SyncPolarity) has Id (USART1_RX) currently not set
2025-04-01 11:06:51,402 [INFO] ImportTextPane:218 - (OptionalMessage_ERROR) IP (DMA) : Parameter (SyncEnable) has Id (USART1_RX) currently not set
2025-04-01 11:06:51,402 [INFO] ImportTextPane:218 - (OptionalMessage_ERROR) IP (DMA) : Parameter (EventEnable) has Id (USART1_RX) currently not set
2025-04-01 11:06:51,402 [INFO] ImportTextPane:218 - (OptionalMessage_ERROR) IP (DMA) : Parameter (SyncRequestNumber) has Id (USART1_RX) currently not set
2025-04-01 11:06:51,404 [INFO] ImportTextPane:218 - (OptionalMessage_ERROR) IP (RCC) : Invalid parameter (FamilyName)
2025-04-01 11:06:51,407 [INFO] ImportTextPane:218 - (OptionalMessage_ERROR) IP (RCC) : Parameter (RNGFreq_Value) has invalid value (170000000)
2025-04-01 11:06:51,408 [INFO] ImportTextPane:218 - (OptionalMessage_ERROR) IP (RCC) : Parameter (USBFreq_Value) has invalid value (170000000)
2025-04-01 11:06:51,886 [INFO] UtilMem:75 - End LoadConfig() Used Memory: 345816456 Bytes (882900992)
2025-04-01 11:06:51,913 [WARN] ThirdParty:833 - waiting for thirdparty lock release [change project]
2025-04-01 11:06:51,914 [INFO] ThirdParty:835 - entering critical section [change project]
2025-04-01 11:06:51,915 [INFO] ThirdParty:1030 - CMSIS Pack Vendor :STMicroelectronics USBPD 4.1
2025-04-01 11:06:51,915 [INFO] ThirdParty:1030 - CMSIS Pack Vendor :STMicroelectronics X-CUBE-GNSS1 6.0.0
2025-04-01 11:06:51,915 [INFO] ThirdParty:1030 - CMSIS Pack Vendor :STMicroelectronics USB_HOST 2.0.0
2025-04-01 11:06:51,915 [INFO] ThirdParty:1030 - CMSIS Pack Vendor :STMicroelectronics X-CUBE-AZRTOS-F4 1.1.0
2025-04-01 11:06:51,916 [INFO] ThirdParty:1030 - CMSIS Pack Vendor :STMicroelectronics LIBJPEG 8.0.0
2025-04-01 11:06:51,916 [INFO] ThirdParty:1030 - CMSIS Pack Vendor :STMicroelectronics FP-ATR-ASTRA1 2.0.2
2025-04-01 11:06:51,916 [INFO] ThirdParty:1030 - CMSIS Pack Vendor :STMicroelectronics FP-ATR-ASTRA1 2.0.1
2025-04-01 11:06:51,916 [INFO] ThirdParty:1030 - CMSIS Pack Vendor :STMicroelectronics X-CUBE-BLE1 7.1.0
2025-04-01 11:06:51,917 [INFO] ThirdParty:1030 - CMSIS Pack Vendor :STMicroelectronics X-CUBE-SMBUS 2.1.0
2025-04-01 11:06:51,917 [INFO] ThirdParty:1030 - CMSIS Pack Vendor :STMicroelectronics USB_DEVICE 3.0.0
2025-04-01 11:06:51,917 [INFO] ThirdParty:1030 - CMSIS Pack Vendor :STMicroelectronics X-CUBE-TCPP 4.1.0
2025-04-01 11:06:51,917 [INFO] ThirdParty:1030 - CMSIS Pack Vendor :STMicroelectronics X-CUBE-FREERTOS 1.2.0
2025-04-01 11:06:51,917 [INFO] ThirdParty:1030 - CMSIS Pack Vendor :STMicroelectronics X-CUBE-IPS 3.0.0
2025-04-01 11:06:51,918 [INFO] ThirdParty:1030 - CMSIS Pack Vendor :STMicroelectronics X-CUBE-AZRTOS-WB 2.0.0
2025-04-01 11:06:51,918 [INFO] ThirdParty:1030 - CMSIS Pack Vendor :STMicroelectronics X-CUBE-GNSS1 7.0.0
2025-04-01 11:06:51,918 [INFO] ThirdParty:1030 - CMSIS Pack Vendor :STMicroelectronics X-CUBE-GNSS1 7.0.1
2025-04-01 11:06:51,918 [INFO] ThirdParty:1030 - CMSIS Pack Vendor :STMicroelectronics X-CUBE-AZRTOS-F7 1.1.0
2025-04-01 11:06:51,918 [INFO] ThirdParty:1030 - CMSIS Pack Vendor :STMicroelectronics X-CUBE-AZRTOS-L5 2.0.0
2025-04-01 11:06:51,918 [INFO] ThirdParty:1030 - CMSIS Pack Vendor :STMicroelectronics X-CUBE-TOUCHGFX 4.25.0
2025-04-01 11:06:51,918 [INFO] ThirdParty:1030 - CMSIS Pack Vendor :STMicroelectronics USB_DEVICE 2.0.0
2025-04-01 11:06:51,918 [INFO] ThirdParty:1030 - CMSIS Pack Vendor :STMicroelectronics FP-SNS-STBOX1 2.0.0
2025-04-01 11:06:51,918 [INFO] ThirdParty:1030 - CMSIS Pack Vendor :STMicroelectronics X-CUBE-MEMS1 11.0.0
2025-04-01 11:06:51,918 [INFO] ThirdParty:1030 - CMSIS Pack Vendor :STMicroelectronics FreeRTOS 0.0.1
2025-04-01 11:06:51,918 [INFO] ThirdParty:1030 - CMSIS Pack Vendor :STMicroelectronics X-CUBE-AZRTOS-G0 1.1.0
2025-04-01 11:06:51,918 [INFO] ThirdParty:1030 - CMSIS Pack Vendor :STMicroelectronics X-CUBE-SAFEA1 1.2.2
2025-04-01 11:06:51,918 [INFO] ThirdParty:1030 - CMSIS Pack Vendor :STMicroelectronics X-CUBE-NFC4 3.0.0
2025-04-01 11:06:51,919 [INFO] ThirdParty:1030 - CMSIS Pack Vendor :STMicroelectronics X-CUBE-DPower 1.2.0
2025-04-01 11:06:51,919 [INFO] ThirdParty:1030 - CMSIS Pack Vendor :STMicroelectronics X-CUBE-SUBG2 5.0.0
2025-04-01 11:06:51,919 [INFO] ThirdParty:1030 - CMSIS Pack Vendor :STMicroelectronics X-CUBE-AZRTOS-H7RS 1.1.0
2025-04-01 11:06:51,919 [INFO] ThirdParty:1030 - CMSIS Pack Vendor :STMicroelectronics STM32_WPAN 1.0.0
2025-04-01 11:06:51,919 [INFO] ThirdParty:1030 - CMSIS Pack Vendor :EmbeddedOffice I-CUBE-FS-RTOS 1.0.1
2025-04-01 11:06:51,919 [INFO] ThirdParty:1030 - CMSIS Pack Vendor :STMicroelectronics lwIP 2.0.3
2025-04-01 11:06:51,919 [INFO] ThirdParty:1030 - CMSIS Pack Vendor :STMicroelectronics FP-SNS-FLIGHT1 5.0.2
2025-04-01 11:06:51,919 [INFO] ThirdParty:1030 - CMSIS Pack Vendor :STMicroelectronics USB_HOST 1.0.0
2025-04-01 11:06:51,919 [INFO] ThirdParty:1030 - CMSIS Pack Vendor :Infineon AIROC-Wi-Fi-Bluetooth-STM32 1.7.0
2025-04-01 11:06:51,919 [INFO] ThirdParty:1030 - CMSIS Pack Vendor :STMicroelectronics X-CUBE-AI 9.0.0
2025-04-01 11:06:51,919 [INFO] ThirdParty:1030 - CMSIS Pack Vendor :STMicroelectronics X-CUBE-AZRTOS-G4 2.0.0
2025-04-01 11:06:51,919 [INFO] ThirdParty:1030 - CMSIS Pack Vendor :STMicroelectronics PDM2PCM 3.1.0
2025-04-01 11:06:51,920 [INFO] ThirdParty:1030 - CMSIS Pack Vendor :STMicroelectronics PDM2PCM 3.3.0
2025-04-01 11:06:51,920 [INFO] ThirdParty:1030 - CMSIS Pack Vendor :STMicroelectronics X-CUBE-DISPLAY 3.0.0
2025-04-01 11:06:51,920 [INFO] ThirdParty:1030 - CMSIS Pack Vendor :STMicroelectronics X-CUBE-TCPP 4.2.0
2025-04-01 11:06:51,920 [INFO] ThirdParty:1030 - CMSIS Pack Vendor :RealThread X-CUBE-RT-Thread_Nano 4.1.1
2025-04-01 11:06:51,920 [INFO] ThirdParty:1030 - CMSIS Pack Vendor :STMicroelectronics X-CUBE-BLE1 7.0.0
2025-04-01 11:06:51,920 [INFO] ThirdParty:1030 - CMSIS Pack Vendor :STMicroelectronics FP-ATR-SIGFOX1 3.2.0
2025-04-01 11:06:51,920 [INFO] ThirdParty:1030 - CMSIS Pack Vendor :wolfSSL I-CUBE-wolfSSL 5.7.2
2025-04-01 11:06:51,921 [INFO] ThirdParty:1030 - CMSIS Pack Vendor :quantropi X-CUBE-qispace-sdk-base 1.9.3
2025-04-01 11:06:51,921 [INFO] ThirdParty:1030 - CMSIS Pack Vendor :STMicroelectronics X-CUBE-ISPU 2.0.0
2025-04-01 11:06:51,921 [INFO] ThirdParty:1030 - CMSIS Pack Vendor :STMicroelectronics X-CUBE-BLEMGR 4.0.0
2025-04-01 11:06:51,921 [INFO] ThirdParty:1030 - CMSIS Pack Vendor :STMicroelectronics X-CUBE-EEPRMA1 5.1.0
2025-04-01 11:06:51,921 [INFO] ThirdParty:1030 - CMSIS Pack Vendor :STMicroelectronics HAL Drivers 0.0.0
2025-04-01 11:06:51,921 [INFO] ThirdParty:1030 - CMSIS Pack Vendor :STMicroelectronics MBEDTLS 2.16.2
2025-04-01 11:06:51,921 [INFO] ThirdParty:1030 - CMSIS Pack Vendor :STMicroelectronics X-CUBE-IPS 3.1.0
2025-04-01 11:06:51,921 [INFO] ThirdParty:1030 - CMSIS Pack Vendor :emotas I-CUBE-CANOPEN 1.3.0
2025-04-01 11:06:51,924 [INFO] ThirdParty:1030 - CMSIS Pack Vendor :STMicroelectronics X-CUBE-FREERTOS 1.3.0
2025-04-01 11:06:51,924 [INFO] ThirdParty:1030 - CMSIS Pack Vendor :STMicroelectronics X-CUBE-MEMS1 10.0.0
2025-04-01 11:06:51,924 [INFO] ThirdParty:1030 - CMSIS Pack Vendor :STMicroelectronics X-CUBE-NFC7 1.0.1
2025-04-01 11:06:51,924 [INFO] ThirdParty:1030 - CMSIS Pack Vendor :STMicroelectronics MBEDTLS 2.14.1
2025-04-01 11:06:51,924 [INFO] ThirdParty:1030 - CMSIS Pack Vendor :STMicroelectronics X-CUBE-TOUCHGFX 4.24.0
2025-04-01 11:06:51,924 [INFO] ThirdParty:1030 - CMSIS Pack Vendor :ITTIA_DB I-CUBE-ITTIADB 8.9.0
2025-04-01 11:06:51,924 [INFO] ThirdParty:1030 - CMSIS Pack Vendor :wolfSSL I-CUBE-wolfTPM 3.2.0
2025-04-01 11:06:51,924 [INFO] ThirdParty:1030 - CMSIS Pack Vendor :STMicroelectronics X-CUBE-TOUCHGFX 4.24.2
2025-04-01 11:06:51,924 [INFO] ThirdParty:1030 - CMSIS Pack Vendor :STMicroelectronics X-CUBE-TOUCHGFX 4.24.1
2025-04-01 11:06:51,924 [INFO] ThirdParty:1030 - CMSIS Pack Vendor :portGmbH I-Cube-SoM-uGOAL 1.1.0
2025-04-01 11:06:51,926 [INFO] ThirdParty:1030 - CMSIS Pack Vendor :STMicroelectronics X-CUBE-BLEMGR 3.1.0
2025-04-01 11:06:51,926 [INFO] ThirdParty:1030 - CMSIS Pack Vendor :STMicroelectronics X-CUBE-AI 10.0.0
2025-04-01 11:06:51,926 [INFO] ThirdParty:1030 - CMSIS Pack Vendor :STMicroelectronics ThreadX 1.0.0
2025-04-01 11:06:51,926 [INFO] ThirdParty:1030 - CMSIS Pack Vendor :STMicroelectronics FP-SNS-SMARTAG2 1.2.0
2025-04-01 11:06:51,926 [INFO] ThirdParty:1030 - CMSIS Pack Vendor :STMicroelectronics FP-SNS-FLIGHT1 5.1.0
2025-04-01 11:06:51,926 [INFO] ThirdParty:1030 - CMSIS Pack Vendor :STMicroelectronics X-CUBE-MEMS1 11.1.0
2025-04-01 11:06:51,926 [INFO] ThirdParty:1030 - CMSIS Pack Vendor :STMicroelectronics X-CUBE-AZRTOS-WL 2.0.0
2025-04-01 11:06:51,926 [INFO] ThirdParty:1030 - CMSIS Pack Vendor :SEGGER I-CUBE-embOS 1.3.1
2025-04-01 11:06:51,926 [INFO] ThirdParty:1030 - CMSIS Pack Vendor :STMicroelectronics X-CUBE-ALGOBUILD 1.4.0
2025-04-01 11:06:51,926 [INFO] ThirdParty:1030 - CMSIS Pack Vendor :STMicroelectronics X-CUBE-DPower 1.3.0
2025-04-01 11:06:51,926 [INFO] ThirdParty:1030 - CMSIS Pack Vendor :STMicroelectronics USB_DEVICE 1.0.0
2025-04-01 11:06:51,926 [INFO] ThirdParty:1030 - CMSIS Pack Vendor :STMicroelectronics X-CUBE-AZRTOS-H7RS 1.0.0
2025-04-01 11:06:51,926 [INFO] ThirdParty:1030 - CMSIS Pack Vendor :wolfSSL I-CUBE-wolfMQTT 1.19.0
2025-04-01 11:06:51,927 [INFO] ThirdParty:1030 - CMSIS Pack Vendor :STMicroelectronics X-CUBE-AZRTOS-L4 2.0.0
2025-04-01 11:06:51,927 [INFO] ThirdParty:1030 - CMSIS Pack Vendor :STMicroelectronics ThreadX 0.0.2
2025-04-01 11:06:51,927 [INFO] ThirdParty:1030 - CMSIS Pack Vendor :STMicroelectronics FP-ATR-ASTRA1 2.0.0
2025-04-01 11:06:51,927 [INFO] ThirdParty:1030 - CMSIS Pack Vendor :STMicroelectronics lwIP 2.1.2
2025-04-01 11:06:51,927 [INFO] ThirdParty:1030 - CMSIS Pack Vendor :STMicroelectronics X-CUBE-SFXS2LP1 4.0.0
2025-04-01 11:06:51,927 [INFO] ThirdParty:1030 - CMSIS Pack Vendor :STMicroelectronics X-CUBE-BLE2 3.3.0
2025-04-01 11:06:51,927 [INFO] ThirdParty:1030 - CMSIS Pack Vendor :STMicroelectronics X-CUBE-TOF1 3.4.2
2025-04-01 11:06:51,927 [INFO] ThirdParty:1030 - CMSIS Pack Vendor :STMicroelectronics X-CUBE-AZRTOS-H7 3.2.0
2025-04-01 11:06:51,927 [INFO] ThirdParty:1030 - CMSIS Pack Vendor :STMicroelectronics PDM2PCM 3.2.0
2025-04-01 11:06:51,927 [INFO] ThirdParty:1030 - CMSIS Pack Vendor :wolfSSL I-CUBE-wolfSSH 1.4.17
2025-04-01 11:06:51,928 [INFO] ThirdParty:841 - exiting critical section [change project]
2025-04-01 11:06:52,646 [INFO] PinOutPanel:1589 - setPackage(No Configuration,No Configuration)
2025-04-01 11:06:52,648 [INFO] PinOutPanel:1589 - setPackage(STM32G431C8Tx,LQFP48)
2025-04-01 11:06:53,265 [INFO] UtilMem:75 - Before build in PCC Used Memory: 572387128 Bytes (882900992)
2025-04-01 11:06:53,994 [INFO] UtilMem:75 - After build in PCC Used Memory: 665196216 Bytes (882900992)
2025-04-01 11:06:54,034 [INFO] IPUIPlugin:80 - create IPUIPlugin
2025-04-01 11:06:54,034 [INFO] IPUIPlugin:80 - create IPUIPlugin
2025-04-01 11:06:54,034 [INFO] IPUIPlugin:80 - create IPUIPlugin
2025-04-01 11:06:54,035 [INFO] IPUIPlugin:80 - create IPUIPlugin
2025-04-01 11:06:54,035 [INFO] IPUIPlugin:80 - create IPUIPlugin
2025-04-01 11:06:54,035 [INFO] IPUIPlugin:80 - create IPUIPlugin
2025-04-01 11:06:54,035 [INFO] IPUIPlugin:80 - create IPUIPlugin
2025-04-01 11:06:54,035 [INFO] IPUIPlugin:80 - create IPUIPlugin
2025-04-01 11:06:54,035 [INFO] IPUIPlugin:80 - create IPUIPlugin
2025-04-01 11:06:54,036 [INFO] IPUIPlugin:80 - create IPUIPlugin
2025-04-01 11:06:54,036 [INFO] IPUIPlugin:80 - create IPUIPlugin
2025-04-01 11:06:54,037 [INFO] IPUIPlugin:80 - create IPUIPlugin
2025-04-01 11:06:54,037 [INFO] IPUIPlugin:80 - create IPUIPlugin
2025-04-01 11:06:54,037 [INFO] IPUIPlugin:80 - create IPUIPlugin
2025-04-01 11:06:54,037 [INFO] IPUIPlugin:80 - create IPUIPlugin
2025-04-01 11:06:54,038 [INFO] IPUIPlugin:80 - create IPUIPlugin
2025-04-01 11:06:54,039 [INFO] IPUIPlugin:80 - create IPUIPlugin
2025-04-01 11:06:54,040 [INFO] IPUIPlugin:80 - create IPUIPlugin
2025-04-01 11:06:54,040 [INFO] IPUIPlugin:80 - create IPUIPlugin
2025-04-01 11:06:54,040 [INFO] IPUIPlugin:80 - create IPUIPlugin
2025-04-01 11:06:54,040 [INFO] IPUIPlugin:80 - create IPUIPlugin
2025-04-01 11:06:54,040 [INFO] IPUIPlugin:80 - create IPUIPlugin
2025-04-01 11:06:54,041 [INFO] IPUIPlugin:80 - create IPUIPlugin
2025-04-01 11:06:54,041 [INFO] IPUIPlugin:80 - create IPUIPlugin
2025-04-01 11:06:54,041 [INFO] IPUIPlugin:80 - create IPUIPlugin
2025-04-01 11:06:54,042 [INFO] IPUIPlugin:80 - create IPUIPlugin
2025-04-01 11:06:54,042 [INFO] IPUIPlugin:80 - create IPUIPlugin
2025-04-01 11:06:54,043 [INFO] IPUIPlugin:80 - create IPUIPlugin
2025-04-01 11:06:54,043 [INFO] IPUIPlugin:80 - create IPUIPlugin
2025-04-01 11:06:54,044 [INFO] IPUIPlugin:80 - create IPUIPlugin
2025-04-01 11:06:54,044 [INFO] IPUIPlugin:80 - create IPUIPlugin
2025-04-01 11:06:54,045 [INFO] IPUIPlugin:80 - create IPUIPlugin
2025-04-01 11:06:54,045 [INFO] IPUIPlugin:80 - create IPUIPlugin
2025-04-01 11:06:54,046 [INFO] IPUIPlugin:80 - create IPUIPlugin
2025-04-01 11:06:54,047 [INFO] IPUIPlugin:80 - create IPUIPlugin
2025-04-01 11:06:54,047 [INFO] IPUIPlugin:80 - create IPUIPlugin
2025-04-01 11:06:54,048 [INFO] IPUIPlugin:80 - create IPUIPlugin
2025-04-01 11:06:54,048 [INFO] IPUIPlugin:80 - create IPUIPlugin
2025-04-01 11:06:54,048 [INFO] IPUIPlugin:80 - create IPUIPlugin
2025-04-01 11:06:54,049 [INFO] IPUIPlugin:80 - create IPUIPlugin
2025-04-01 11:06:54,049 [INFO] IPUIPlugin:80 - create IPUIPlugin
2025-04-01 11:06:54,049 [INFO] IPUIPlugin:80 - create IPUIPlugin
2025-04-01 11:06:54,049 [INFO] IPUIPlugin:80 - create IPUIPlugin
2025-04-01 11:06:54,050 [INFO] IPUIPlugin:80 - create IPUIPlugin
2025-04-01 11:06:54,050 [INFO] IPUIPlugin:80 - create IPUIPlugin
2025-04-01 11:06:54,051 [INFO] IPUIPlugin:80 - create IPUIPlugin
2025-04-01 11:06:54,051 [INFO] IPUIPlugin:80 - create IPUIPlugin
2025-04-01 11:06:54,052 [INFO] IPUIPlugin:80 - create IPUIPlugin
2025-04-01 11:06:54,052 [INFO] IPUIPlugin:80 - create IPUIPlugin
2025-04-01 11:06:54,053 [INFO] IPUIPlugin:80 - create IPUIPlugin
2025-04-01 11:06:54,053 [INFO] IPUIPlugin:80 - create IPUIPlugin
2025-04-01 11:06:54,053 [INFO] IPUIPlugin:80 - create IPUIPlugin
2025-04-01 11:06:54,054 [INFO] IPUIPlugin:80 - create IPUIPlugin
2025-04-01 11:06:54,056 [INFO] IPUIPlugin:80 - create IPUIPlugin
2025-04-01 11:06:54,057 [INFO] IPUIPlugin:80 - create IPUIPlugin
2025-04-01 11:06:54,058 [INFO] IPUIPlugin:80 - create IPUIPlugin
2025-04-01 11:06:54,059 [INFO] IPUIPlugin:80 - create IPUIPlugin
2025-04-01 11:06:54,173 [INFO] CADModel:165 - CPN selected for project levelSTM32G431C8T6
2025-04-01 11:06:54,174 [INFO] CADModel:114 - Register for checkConnection events
2025-04-01 11:06:54,219 [INFO] OpenFileManager:385 - Restore cursor
2025-04-01 11:08:04,251 [INFO] NvicIntPanel:101 - NVIC parent = com.st.microxplorer.plugins.ip.nvic.MultiNvicIntPanel[,0,0,711x502,layout=javax.swing.BoxLayout,alignmentX=0.0,alignmentY=0.0,border=,flags=9,maximumSize=,minimumSize=,preferredSize=]
2025-04-01 11:08:15,776 [INFO] UtilMem:75 - End SaveConfig() Used Memory: 676787224 Bytes (882900992)
2025-04-01 11:08:16,909 [INFO] UtilMem:75 - End SaveConfig() Used Memory: 742847512 Bytes (882900992)
2025-04-01 11:08:17,237 [INFO] BlockDiagram:2775 - set Specific Code input for plugin: TIM6_7G4
2025-04-01 11:08:17,237 [INFO] BlockDiagram:2775 - set Specific Code input for plugin: TIM1_8G4
2025-04-01 11:08:17,237 [INFO] BlockDiagram:2775 - set Specific Code input for plugin: TIM1_8G4
2025-04-01 11:08:17,237 [INFO] BlockDiagram:2775 - set Specific Code input for plugin: SYS
2025-04-01 11:08:17,237 [INFO] BlockDiagram:2775 - set Specific Code input for plugin: RCC
2025-04-01 11:08:17,237 [INFO] BlockDiagram:2775 - set Specific Code input for plugin: NVIC
2025-04-01 11:08:17,237 [INFO] BlockDiagram:2775 - set Specific Code input for plugin: USART
2025-04-01 11:08:17,237 [INFO] BlockDiagram:2775 - set Specific Code input for plugin: USART
2025-04-01 11:08:17,237 [INFO] BlockDiagram:2775 - set Specific Code input for plugin: DMA
2025-04-01 11:08:17,237 [INFO] BlockDiagram:2775 - set Specific Code input for plugin: TIM1_8G4
2025-04-01 11:08:17,238 [INFO] BlockDiagram:2775 - set Specific Code input for plugin: GPIO
2025-04-01 11:08:17,240 [INFO] CodeGenerator:882 - code generatio: config db path: D:\Download\STM32\STM32CubeIDE_1.14.1\STM32CubeIDE\plugins\com.st.stm32cube.common.mx_6.14.0.202502271554\\db\
2025-04-01 11:08:17,352 [INFO] Argument:325 - Argument : hdmavalue: null
2025-04-01 11:08:17,352 [INFO] Argument:327 - 	 sub Args: 
2025-04-01 11:08:17,352 [INFO] Argument:325 - Argument : Instancevalue: DMA1_Channel1
2025-04-01 11:08:17,352 [INFO] Argument:335 - Argument : Instancevalue: DMA1_Channel1
2025-04-01 11:08:17,353 [INFO] Argument:325 - Argument : Initvalue: null
2025-04-01 11:08:17,353 [INFO] Argument:327 - 	 sub Args: 
2025-04-01 11:08:17,353 [INFO] Argument:325 - Argument : Requestvalue: DMA_REQUEST_USART1_TX
2025-04-01 11:08:17,353 [INFO] Argument:335 - Argument : Requestvalue: DMA_REQUEST_USART1_TX
2025-04-01 11:08:17,353 [INFO] Argument:325 - Argument : Directionvalue: DMA_MEMORY_TO_PERIPH
2025-04-01 11:08:17,353 [INFO] Argument:335 - Argument : Directionvalue: DMA_MEMORY_TO_PERIPH
2025-04-01 11:08:17,353 [INFO] Argument:325 - Argument : PeriphIncvalue: DMA_PINC_DISABLE
2025-04-01 11:08:17,353 [INFO] Argument:335 - Argument : PeriphIncvalue: DMA_PINC_DISABLE
2025-04-01 11:08:17,353 [INFO] Argument:325 - Argument : MemIncvalue: DMA_MINC_ENABLE
2025-04-01 11:08:17,353 [INFO] Argument:335 - Argument : MemIncvalue: DMA_MINC_ENABLE
2025-04-01 11:08:17,353 [INFO] Argument:325 - Argument : PeriphDataAlignmentvalue: DMA_PDATAALIGN_BYTE
2025-04-01 11:08:17,353 [INFO] Argument:335 - Argument : PeriphDataAlignmentvalue: DMA_PDATAALIGN_BYTE
2025-04-01 11:08:17,353 [INFO] Argument:325 - Argument : MemDataAlignmentvalue: DMA_MDATAALIGN_BYTE
2025-04-01 11:08:17,353 [INFO] Argument:335 - Argument : MemDataAlignmentvalue: DMA_MDATAALIGN_BYTE
2025-04-01 11:08:17,353 [INFO] Argument:325 - Argument : Modevalue: DMA_NORMAL
2025-04-01 11:08:17,354 [INFO] Argument:335 - Argument : Modevalue: DMA_NORMAL
2025-04-01 11:08:17,354 [INFO] Argument:325 - Argument : Priorityvalue: DMA_PRIORITY_LOW
2025-04-01 11:08:17,354 [INFO] Argument:335 - Argument : Priorityvalue: DMA_PRIORITY_LOW
2025-04-01 11:08:17,354 [INFO] Argument:325 - Argument : Lockvalue: null
2025-04-01 11:08:17,354 [INFO] Argument:335 - Argument : Lockvalue: null
2025-04-01 11:08:17,354 [INFO] Argument:325 - Argument : Statevalue: null
2025-04-01 11:08:17,354 [INFO] Argument:335 - Argument : Statevalue: null
2025-04-01 11:08:17,354 [INFO] Argument:325 - Argument : Parentvalue: null
2025-04-01 11:08:17,354 [INFO] Argument:335 - Argument : Parentvalue: null
2025-04-01 11:08:17,354 [INFO] Argument:325 - Argument : XferCpltCallbackvalue: null
2025-04-01 11:08:17,354 [INFO] Argument:335 - Argument : XferCpltCallbackvalue: null
2025-04-01 11:08:17,354 [INFO] Argument:325 - Argument : XferHalfCpltCallbackvalue: null
2025-04-01 11:08:17,354 [INFO] Argument:335 - Argument : XferHalfCpltCallbackvalue: null
2025-04-01 11:08:17,354 [INFO] Argument:325 - Argument : XferErrorCallbackvalue: null
2025-04-01 11:08:17,354 [INFO] Argument:335 - Argument : XferErrorCallbackvalue: null
2025-04-01 11:08:17,354 [INFO] Argument:325 - Argument : XferAbortCallbackvalue: null
2025-04-01 11:08:17,354 [INFO] Argument:335 - Argument : XferAbortCallbackvalue: null
2025-04-01 11:08:17,354 [INFO] Argument:325 - Argument : ErrorCodevalue: null
2025-04-01 11:08:17,354 [INFO] Argument:335 - Argument : ErrorCodevalue: null
2025-04-01 11:08:17,354 [INFO] Argument:325 - Argument : ChannelIndexvalue: null
2025-04-01 11:08:17,354 [INFO] Argument:335 - Argument : ChannelIndexvalue: null
2025-04-01 11:08:17,354 [INFO] Argument:325 - Argument : DMAmuxChannelvalue: null
2025-04-01 11:08:17,354 [INFO] Argument:335 - Argument : DMAmuxChannelvalue: null
2025-04-01 11:08:17,354 [INFO] Argument:325 - Argument : DMAmuxChannelStatusvalue: null
2025-04-01 11:08:17,354 [INFO] Argument:335 - Argument : DMAmuxChannelStatusvalue: null
2025-04-01 11:08:17,354 [INFO] Argument:325 - Argument : DMAmuxChannelStatusMaskvalue: null
2025-04-01 11:08:17,356 [INFO] Argument:335 - Argument : DMAmuxChannelStatusMaskvalue: null
2025-04-01 11:08:17,356 [INFO] Argument:325 - Argument : DMAmuxRequestGenvalue: null
2025-04-01 11:08:17,356 [INFO] Argument:335 - Argument : DMAmuxRequestGenvalue: null
2025-04-01 11:08:17,356 [INFO] Argument:325 - Argument : DMAmuxRequestGenStatusvalue: null
2025-04-01 11:08:17,356 [INFO] Argument:335 - Argument : DMAmuxRequestGenStatusvalue: null
2025-04-01 11:08:17,356 [INFO] Argument:325 - Argument : DMAmuxRequestGenStatusMaskvalue: null
2025-04-01 11:08:17,356 [INFO] Argument:335 - Argument : DMAmuxRequestGenStatusMaskvalue: null
2025-04-01 11:08:17,356 [INFO] Argument:325 - Argument : hdmavalue: null
2025-04-01 11:08:17,356 [INFO] Argument:327 - 	 sub Args: 
2025-04-01 11:08:17,356 [INFO] Argument:325 - Argument : Instancevalue: DMA1_Channel2
2025-04-01 11:08:17,356 [INFO] Argument:335 - Argument : Instancevalue: DMA1_Channel2
2025-04-01 11:08:17,356 [INFO] Argument:325 - Argument : Initvalue: null
2025-04-01 11:08:17,357 [INFO] Argument:327 - 	 sub Args: 
2025-04-01 11:08:17,357 [INFO] Argument:325 - Argument : Requestvalue: DMA_REQUEST_USART1_RX
2025-04-01 11:08:17,357 [INFO] Argument:335 - Argument : Requestvalue: DMA_REQUEST_USART1_RX
2025-04-01 11:08:17,357 [INFO] Argument:325 - Argument : Directionvalue: DMA_PERIPH_TO_MEMORY
2025-04-01 11:08:17,357 [INFO] Argument:335 - Argument : Directionvalue: DMA_PERIPH_TO_MEMORY
2025-04-01 11:08:17,357 [INFO] Argument:325 - Argument : PeriphIncvalue: DMA_PINC_DISABLE
2025-04-01 11:08:17,357 [INFO] Argument:335 - Argument : PeriphIncvalue: DMA_PINC_DISABLE
2025-04-01 11:08:17,357 [INFO] Argument:325 - Argument : MemIncvalue: DMA_MINC_ENABLE
2025-04-01 11:08:17,357 [INFO] Argument:335 - Argument : MemIncvalue: DMA_MINC_ENABLE
2025-04-01 11:08:17,357 [INFO] Argument:325 - Argument : PeriphDataAlignmentvalue: DMA_PDATAALIGN_BYTE
2025-04-01 11:08:17,357 [INFO] Argument:335 - Argument : PeriphDataAlignmentvalue: DMA_PDATAALIGN_BYTE
2025-04-01 11:08:17,357 [INFO] Argument:325 - Argument : MemDataAlignmentvalue: DMA_MDATAALIGN_BYTE
2025-04-01 11:08:17,357 [INFO] Argument:335 - Argument : MemDataAlignmentvalue: DMA_MDATAALIGN_BYTE
2025-04-01 11:08:17,357 [INFO] Argument:325 - Argument : Modevalue: DMA_NORMAL
2025-04-01 11:08:17,357 [INFO] Argument:335 - Argument : Modevalue: DMA_NORMAL
2025-04-01 11:08:17,357 [INFO] Argument:325 - Argument : Priorityvalue: DMA_PRIORITY_LOW
2025-04-01 11:08:17,357 [INFO] Argument:335 - Argument : Priorityvalue: DMA_PRIORITY_LOW
2025-04-01 11:08:17,357 [INFO] Argument:325 - Argument : Lockvalue: null
2025-04-01 11:08:17,357 [INFO] Argument:335 - Argument : Lockvalue: null
2025-04-01 11:08:17,357 [INFO] Argument:325 - Argument : Statevalue: null
2025-04-01 11:08:17,357 [INFO] Argument:335 - Argument : Statevalue: null
2025-04-01 11:08:17,357 [INFO] Argument:325 - Argument : Parentvalue: null
2025-04-01 11:08:17,358 [INFO] Argument:335 - Argument : Parentvalue: null
2025-04-01 11:08:17,358 [INFO] Argument:325 - Argument : XferCpltCallbackvalue: null
2025-04-01 11:08:17,358 [INFO] Argument:335 - Argument : XferCpltCallbackvalue: null
2025-04-01 11:08:17,358 [INFO] Argument:325 - Argument : XferHalfCpltCallbackvalue: null
2025-04-01 11:08:17,358 [INFO] Argument:335 - Argument : XferHalfCpltCallbackvalue: null
2025-04-01 11:08:17,358 [INFO] Argument:325 - Argument : XferErrorCallbackvalue: null
2025-04-01 11:08:17,358 [INFO] Argument:335 - Argument : XferErrorCallbackvalue: null
2025-04-01 11:08:17,358 [INFO] Argument:325 - Argument : XferAbortCallbackvalue: null
2025-04-01 11:08:17,358 [INFO] Argument:335 - Argument : XferAbortCallbackvalue: null
2025-04-01 11:08:17,358 [INFO] Argument:325 - Argument : ErrorCodevalue: null
2025-04-01 11:08:17,358 [INFO] Argument:335 - Argument : ErrorCodevalue: null
2025-04-01 11:08:17,358 [INFO] Argument:325 - Argument : ChannelIndexvalue: null
2025-04-01 11:08:17,358 [INFO] Argument:335 - Argument : ChannelIndexvalue: null
2025-04-01 11:08:17,358 [INFO] Argument:325 - Argument : DMAmuxChannelvalue: null
2025-04-01 11:08:17,358 [INFO] Argument:335 - Argument : DMAmuxChannelvalue: null
2025-04-01 11:08:17,358 [INFO] Argument:325 - Argument : DMAmuxChannelStatusvalue: null
2025-04-01 11:08:17,358 [INFO] Argument:335 - Argument : DMAmuxChannelStatusvalue: null
2025-04-01 11:08:17,358 [INFO] Argument:325 - Argument : DMAmuxChannelStatusMaskvalue: null
2025-04-01 11:08:17,358 [INFO] Argument:335 - Argument : DMAmuxChannelStatusMaskvalue: null
2025-04-01 11:08:17,358 [INFO] Argument:325 - Argument : DMAmuxRequestGenvalue: null
2025-04-01 11:08:17,358 [INFO] Argument:335 - Argument : DMAmuxRequestGenvalue: null
2025-04-01 11:08:17,358 [INFO] Argument:325 - Argument : DMAmuxRequestGenStatusvalue: null
2025-04-01 11:08:17,358 [INFO] Argument:335 - Argument : DMAmuxRequestGenStatusvalue: null
2025-04-01 11:08:17,359 [INFO] Argument:325 - Argument : DMAmuxRequestGenStatusMaskvalue: null
2025-04-01 11:08:17,359 [INFO] Argument:335 - Argument : DMAmuxRequestGenStatusMaskvalue: null
2025-04-01 11:08:17,526 [INFO] CodeEngine:263 - oldGeneratedFile, D:\GitRepository\STM32G431C8T6\MXTmpFiles\license.tmp_save
2025-04-01 11:08:17,920 [INFO] CodeEngine:287 - Generated code: D:\GitRepository\STM32G431C8T6\MXTmpFiles\license.tmp
2025-04-01 11:08:18,058 [INFO] CodeEngine:263 - oldGeneratedFile, D:\GitRepository\STM32G431C8T6\Core\Src\gpio.c_save
2025-04-01 11:08:18,252 [INFO] CodeEngine:287 - Generated code: D:\GitRepository\STM32G431C8T6\Core\Src\gpio.c
2025-04-01 11:08:18,267 [INFO] CodeEngine:263 - oldGeneratedFile, D:\GitRepository\STM32G431C8T6\Core\Inc\gpio.h_save
2025-04-01 11:08:18,400 [INFO] CodeEngine:287 - Generated code: D:\GitRepository\STM32G431C8T6\Core\Inc\gpio.h
2025-04-01 11:08:19,669 [INFO] CodeEngine:263 - oldGeneratedFile, D:\GitRepository\STM32G431C8T6\Core\Src\dma.c_save
2025-04-01 11:08:19,812 [INFO] CodeEngine:287 - Generated code: D:\GitRepository\STM32G431C8T6\Core\Src\dma.c
2025-04-01 11:08:19,828 [INFO] CodeEngine:263 - oldGeneratedFile, D:\GitRepository\STM32G431C8T6\Core\Inc\dma.h_save
2025-04-01 11:08:19,951 [INFO] CodeEngine:287 - Generated code: D:\GitRepository\STM32G431C8T6\Core\Inc\dma.h
2025-04-01 11:08:19,980 [INFO] CodeEngine:263 - oldGeneratedFile, D:\GitRepository\STM32G431C8T6\Core\Src\tim.c_save
2025-04-01 11:08:20,273 [INFO] CodeEngine:287 - Generated code: D:\GitRepository\STM32G431C8T6\Core\Src\tim.c
2025-04-01 11:08:20,289 [INFO] CodeEngine:263 - oldGeneratedFile, D:\GitRepository\STM32G431C8T6\Core\Inc\tim.h_save
2025-04-01 11:08:20,412 [INFO] CodeEngine:287 - Generated code: D:\GitRepository\STM32G431C8T6\Core\Inc\tim.h
2025-04-01 11:08:20,439 [INFO] CodeEngine:263 - oldGeneratedFile, D:\GitRepository\STM32G431C8T6\Core\Src\usart.c_save
2025-04-01 11:08:20,640 [INFO] CodeEngine:287 - Generated code: D:\GitRepository\STM32G431C8T6\Core\Src\usart.c
2025-04-01 11:08:20,659 [INFO] CodeEngine:263 - oldGeneratedFile, D:\GitRepository\STM32G431C8T6\Core\Inc\usart.h_save
2025-04-01 11:08:20,783 [INFO] CodeEngine:287 - Generated code: D:\GitRepository\STM32G431C8T6\Core\Inc\usart.h
2025-04-01 11:08:20,819 [INFO] CodeEngine:263 - oldGeneratedFile, D:\GitRepository\STM32G431C8T6\Core\Src\stm32g4xx_it.c_save
2025-04-01 11:08:21,218 [INFO] CodeEngine:287 - Generated code: D:\GitRepository\STM32G431C8T6\Core\Src\stm32g4xx_it.c
2025-04-01 11:08:21,234 [INFO] CodeEngine:263 - oldGeneratedFile, D:\GitRepository\STM32G431C8T6\Core\Inc\stm32g4xx_it.h_save
2025-04-01 11:08:21,339 [INFO] CodeEngine:287 - Generated code: D:\GitRepository\STM32G431C8T6\Core\Inc\stm32g4xx_it.h
2025-04-01 11:08:21,373 [INFO] CodeEngine:263 - oldGeneratedFile, D:\GitRepository\STM32G431C8T6\Core\Src\stm32g4xx_hal_msp.c_save
2025-04-01 11:08:21,515 [INFO] CodeEngine:287 - Generated code: D:\GitRepository\STM32G431C8T6\Core\Src\stm32g4xx_hal_msp.c
2025-04-01 11:08:21,522 [INFO] CodeEngine:263 - oldGeneratedFile, D:\GitRepository\STM32G431C8T6\MXTmpFiles\system.tmp_save
2025-04-01 11:08:21,606 [INFO] CodeEngine:287 - Generated code: D:\GitRepository\STM32G431C8T6\MXTmpFiles\system.tmp
2025-04-01 11:08:21,625 [INFO] CodeEngine:319 - oldGeneratedFile, D:\GitRepository\STM32G431C8T6\Core\Inc\stm32g4xx_hal_conf.h_save
2025-04-01 11:08:21,722 [INFO] CodeEngine:343 - Generated code: D:\GitRepository\STM32G431C8T6\Core\Inc\stm32g4xx_hal_conf.h
2025-04-01 11:08:21,755 [WARN] IPConfigManager:3174 - Warning: the RefConfig RCC_CommonPeriphClockConfig is not available in your config.xml file
2025-04-01 11:08:21,782 [INFO] ApiDbMcu:508 - Load IP Config File for TIM2
2025-04-01 11:08:21,808 [INFO] ApiDbMcu:508 - Load IP Config File for TIM3
2025-04-01 11:08:21,833 [INFO] ApiDbMcu:508 - Load IP Config File for TIM6
2025-04-01 11:08:21,863 [INFO] ApiDbMcu:508 - Load IP Config File for TIM8
2025-04-01 11:08:21,882 [INFO] ApiDbMcu:508 - Load IP Config File for USART1
2025-04-01 11:08:21,902 [INFO] ApiDbMcu:508 - Load IP Config File for USART2
2025-04-01 11:08:21,906 [INFO] ApiDbMcu:508 - Load IP Config File for RCC
2025-04-01 11:08:21,927 [INFO] CodeEngine:263 - oldGeneratedFile, D:\GitRepository\STM32G431C8T6\Core\Inc\main.h_save
2025-04-01 11:08:22,085 [INFO] CodeEngine:287 - Generated code: D:\GitRepository\STM32G431C8T6\Core\Inc\main.h
2025-04-01 11:08:22,098 [INFO] CodeEngine:263 - oldGeneratedFile, D:\GitRepository\STM32G431C8T6\Core\Src\main.c_save
2025-04-01 11:08:22,294 [INFO] CodeEngine:287 - Generated code: D:\GitRepository\STM32G431C8T6\Core\Src\main.c
2025-04-01 11:08:23,211 [INFO] ProjectBuilder:3324 - Time for Copy HAL[1] : 533mS.
2025-04-01 11:08:23,220 [INFO] ProjectBuilder:4912 - Project Generator version: 4.6.0-B36
2025-04-01 11:08:23,382 [INFO] ConfigFileManager:1590 - The Die is : DIE468
2025-04-01 11:08:23,388 [INFO] ApiDbMcu:508 - Load IP Config File for FATFS
2025-04-01 11:08:23,397 [INFO] ApiDbMcu:508 - Load IP Config File for FREERTOS
2025-04-01 11:08:23,407 [INFO] ApiDbMcu:508 - Load IP Config File for USBPD
2025-04-01 11:08:23,416 [INFO] ApiDbMcu:508 - Load IP Config File for USB_DEVICE
2025-04-01 11:08:25,895 [INFO] ProjectBuilder:5191 - Time for Generating toolchain IDE Files: 2675mS.
2025-04-01 11:08:25,896 [INFO] ProjectBuilder:3181 - Time for Copy CMSIS : 1mS.
2025-04-01 11:08:25,909 [INFO] ProjectBuilder:3181 - Time for Copy CMSIS : 0mS.
2025-04-01 11:50:57,531 [INFO] NvicIntPanel:101 - NVIC parent = com.st.microxplorer.plugins.ip.nvic.MultiNvicIntPanel[,0,0,0x0,invalid,layout=javax.swing.BoxLayout,alignmentX=0.0,alignmentY=0.0,border=,flags=9,maximumSize=,minimumSize=,preferredSize=]
2025-04-01 11:51:02,761 [INFO] NvicIntPanel:101 - NVIC parent = com.st.microxplorer.plugins.ip.nvic.MultiNvicIntPanel[,0,0,0x0,invalid,layout=javax.swing.BoxLayout,alignmentX=0.0,alignmentY=0.0,border=,flags=9,maximumSize=,minimumSize=,preferredSize=]
2025-04-01 11:51:03,363 [INFO] NvicIntPanel:101 - NVIC parent = com.st.microxplorer.plugins.ip.nvic.MultiNvicIntPanel[,0,0,0x0,invalid,layout=javax.swing.BoxLayout,alignmentX=0.0,alignmentY=0.0,border=,flags=9,maximumSize=,minimumSize=,preferredSize=]
2025-04-01 11:54:13,017 [INFO] UtilMem:75 - End SaveConfig() Used Memory: 443339040 Bytes (900726784)
2025-04-01 11:54:14,454 [INFO] UtilMem:75 - End SaveConfig() Used Memory: 548730280 Bytes (900726784)
2025-04-01 11:54:14,930 [INFO] BlockDiagram:2775 - set Specific Code input for plugin: TIM6_7G4
2025-04-01 11:54:14,930 [INFO] BlockDiagram:2775 - set Specific Code input for plugin: TIM1_8G4
2025-04-01 11:54:14,930 [INFO] BlockDiagram:2775 - set Specific Code input for plugin: TIM1_8G4
2025-04-01 11:54:14,930 [INFO] BlockDiagram:2775 - set Specific Code input for plugin: SYS
2025-04-01 11:54:14,931 [INFO] BlockDiagram:2775 - set Specific Code input for plugin: RCC
2025-04-01 11:54:14,931 [INFO] BlockDiagram:2775 - set Specific Code input for plugin: NVIC
2025-04-01 11:54:14,931 [INFO] BlockDiagram:2775 - set Specific Code input for plugin: USART
2025-04-01 11:54:14,931 [INFO] BlockDiagram:2775 - set Specific Code input for plugin: USART
2025-04-01 11:54:14,931 [INFO] BlockDiagram:2775 - set Specific Code input for plugin: DMA
2025-04-01 11:54:14,931 [INFO] BlockDiagram:2775 - set Specific Code input for plugin: TIM1_8G4
2025-04-01 11:54:14,931 [INFO] BlockDiagram:2775 - set Specific Code input for plugin: GPIO
2025-04-01 11:54:14,934 [INFO] CodeGenerator:882 - code generatio: config db path: D:\Download\STM32\STM32CubeIDE_1.14.1\STM32CubeIDE\plugins\com.st.stm32cube.common.mx_6.14.0.202502271554\\db\
2025-04-01 11:54:15,027 [INFO] Argument:325 - Argument : hdmavalue: null
2025-04-01 11:54:15,028 [INFO] Argument:327 - 	 sub Args: 
2025-04-01 11:54:15,028 [INFO] Argument:325 - Argument : Instancevalue: DMA1_Channel2
2025-04-01 11:54:15,028 [INFO] Argument:335 - Argument : Instancevalue: DMA1_Channel2
2025-04-01 11:54:15,028 [INFO] Argument:325 - Argument : Initvalue: null
2025-04-01 11:54:15,028 [INFO] Argument:327 - 	 sub Args: 
2025-04-01 11:54:15,028 [INFO] Argument:325 - Argument : Requestvalue: DMA_REQUEST_USART1_TX
2025-04-01 11:54:15,028 [INFO] Argument:335 - Argument : Requestvalue: DMA_REQUEST_USART1_TX
2025-04-01 11:54:15,029 [INFO] Argument:325 - Argument : Directionvalue: DMA_MEMORY_TO_PERIPH
2025-04-01 11:54:15,029 [INFO] Argument:335 - Argument : Directionvalue: DMA_MEMORY_TO_PERIPH
2025-04-01 11:54:15,029 [INFO] Argument:325 - Argument : PeriphIncvalue: DMA_PINC_DISABLE
2025-04-01 11:54:15,029 [INFO] Argument:335 - Argument : PeriphIncvalue: DMA_PINC_DISABLE
2025-04-01 11:54:15,029 [INFO] Argument:325 - Argument : MemIncvalue: DMA_MINC_ENABLE
2025-04-01 11:54:15,029 [INFO] Argument:335 - Argument : MemIncvalue: DMA_MINC_ENABLE
2025-04-01 11:54:15,029 [INFO] Argument:325 - Argument : PeriphDataAlignmentvalue: DMA_PDATAALIGN_BYTE
2025-04-01 11:54:15,030 [INFO] Argument:335 - Argument : PeriphDataAlignmentvalue: DMA_PDATAALIGN_BYTE
2025-04-01 11:54:15,030 [INFO] Argument:325 - Argument : MemDataAlignmentvalue: DMA_MDATAALIGN_BYTE
2025-04-01 11:54:15,030 [INFO] Argument:335 - Argument : MemDataAlignmentvalue: DMA_MDATAALIGN_BYTE
2025-04-01 11:54:15,030 [INFO] Argument:325 - Argument : Modevalue: DMA_NORMAL
2025-04-01 11:54:15,030 [INFO] Argument:335 - Argument : Modevalue: DMA_NORMAL
2025-04-01 11:54:15,030 [INFO] Argument:325 - Argument : Priorityvalue: DMA_PRIORITY_HIGH
2025-04-01 11:54:15,030 [INFO] Argument:335 - Argument : Priorityvalue: DMA_PRIORITY_HIGH
2025-04-01 11:54:15,031 [INFO] Argument:325 - Argument : Lockvalue: null
2025-04-01 11:54:15,031 [INFO] Argument:335 - Argument : Lockvalue: null
2025-04-01 11:54:15,031 [INFO] Argument:325 - Argument : Statevalue: null
2025-04-01 11:54:15,031 [INFO] Argument:335 - Argument : Statevalue: null
2025-04-01 11:54:15,031 [INFO] Argument:325 - Argument : Parentvalue: null
2025-04-01 11:54:15,031 [INFO] Argument:335 - Argument : Parentvalue: null
2025-04-01 11:54:15,031 [INFO] Argument:325 - Argument : XferCpltCallbackvalue: null
2025-04-01 11:54:15,031 [INFO] Argument:335 - Argument : XferCpltCallbackvalue: null
2025-04-01 11:54:15,031 [INFO] Argument:325 - Argument : XferHalfCpltCallbackvalue: null
2025-04-01 11:54:15,031 [INFO] Argument:335 - Argument : XferHalfCpltCallbackvalue: null
2025-04-01 11:54:15,033 [INFO] Argument:325 - Argument : XferErrorCallbackvalue: null
2025-04-01 11:54:15,033 [INFO] Argument:335 - Argument : XferErrorCallbackvalue: null
2025-04-01 11:54:15,033 [INFO] Argument:325 - Argument : XferAbortCallbackvalue: null
2025-04-01 11:54:15,033 [INFO] Argument:335 - Argument : XferAbortCallbackvalue: null
2025-04-01 11:54:15,033 [INFO] Argument:325 - Argument : ErrorCodevalue: null
2025-04-01 11:54:15,033 [INFO] Argument:335 - Argument : ErrorCodevalue: null
2025-04-01 11:54:15,033 [INFO] Argument:325 - Argument : ChannelIndexvalue: null
2025-04-01 11:54:15,033 [INFO] Argument:335 - Argument : ChannelIndexvalue: null
2025-04-01 11:54:15,033 [INFO] Argument:325 - Argument : DMAmuxChannelvalue: null
2025-04-01 11:54:15,034 [INFO] Argument:335 - Argument : DMAmuxChannelvalue: null
2025-04-01 11:54:15,034 [INFO] Argument:325 - Argument : DMAmuxChannelStatusvalue: null
2025-04-01 11:54:15,034 [INFO] Argument:335 - Argument : DMAmuxChannelStatusvalue: null
2025-04-01 11:54:15,034 [INFO] Argument:325 - Argument : DMAmuxChannelStatusMaskvalue: null
2025-04-01 11:54:15,034 [INFO] Argument:335 - Argument : DMAmuxChannelStatusMaskvalue: null
2025-04-01 11:54:15,034 [INFO] Argument:325 - Argument : DMAmuxRequestGenvalue: null
2025-04-01 11:54:15,034 [INFO] Argument:335 - Argument : DMAmuxRequestGenvalue: null
2025-04-01 11:54:15,034 [INFO] Argument:325 - Argument : DMAmuxRequestGenStatusvalue: null
2025-04-01 11:54:15,035 [INFO] Argument:335 - Argument : DMAmuxRequestGenStatusvalue: null
2025-04-01 11:54:15,035 [INFO] Argument:325 - Argument : DMAmuxRequestGenStatusMaskvalue: null
2025-04-01 11:54:15,035 [INFO] Argument:335 - Argument : DMAmuxRequestGenStatusMaskvalue: null
2025-04-01 11:54:15,037 [INFO] Argument:325 - Argument : hdmavalue: null
2025-04-01 11:54:15,038 [INFO] Argument:327 - 	 sub Args: 
2025-04-01 11:54:15,038 [INFO] Argument:325 - Argument : Instancevalue: DMA1_Channel1
2025-04-01 11:54:15,038 [INFO] Argument:335 - Argument : Instancevalue: DMA1_Channel1
2025-04-01 11:54:15,038 [INFO] Argument:325 - Argument : Initvalue: null
2025-04-01 11:54:15,038 [INFO] Argument:327 - 	 sub Args: 
2025-04-01 11:54:15,038 [INFO] Argument:325 - Argument : Requestvalue: DMA_REQUEST_USART1_RX
2025-04-01 11:54:15,038 [INFO] Argument:335 - Argument : Requestvalue: DMA_REQUEST_USART1_RX
2025-04-01 11:54:15,038 [INFO] Argument:325 - Argument : Directionvalue: DMA_PERIPH_TO_MEMORY
2025-04-01 11:54:15,038 [INFO] Argument:335 - Argument : Directionvalue: DMA_PERIPH_TO_MEMORY
2025-04-01 11:54:15,040 [INFO] Argument:325 - Argument : PeriphIncvalue: DMA_PINC_DISABLE
2025-04-01 11:54:15,040 [INFO] Argument:335 - Argument : PeriphIncvalue: DMA_PINC_DISABLE
2025-04-01 11:54:15,040 [INFO] Argument:325 - Argument : MemIncvalue: DMA_MINC_ENABLE
2025-04-01 11:54:15,040 [INFO] Argument:335 - Argument : MemIncvalue: DMA_MINC_ENABLE
2025-04-01 11:54:15,040 [INFO] Argument:325 - Argument : PeriphDataAlignmentvalue: DMA_PDATAALIGN_BYTE
2025-04-01 11:54:15,040 [INFO] Argument:335 - Argument : PeriphDataAlignmentvalue: DMA_PDATAALIGN_BYTE
2025-04-01 11:54:15,040 [INFO] Argument:325 - Argument : MemDataAlignmentvalue: DMA_MDATAALIGN_BYTE
2025-04-01 11:54:15,040 [INFO] Argument:335 - Argument : MemDataAlignmentvalue: DMA_MDATAALIGN_BYTE
2025-04-01 11:54:15,041 [INFO] Argument:325 - Argument : Modevalue: DMA_NORMAL
2025-04-01 11:54:15,041 [INFO] Argument:335 - Argument : Modevalue: DMA_NORMAL
2025-04-01 11:54:15,041 [INFO] Argument:325 - Argument : Priorityvalue: DMA_PRIORITY_HIGH
2025-04-01 11:54:15,041 [INFO] Argument:335 - Argument : Priorityvalue: DMA_PRIORITY_HIGH
2025-04-01 11:54:15,041 [INFO] Argument:325 - Argument : Lockvalue: null
2025-04-01 11:54:15,041 [INFO] Argument:335 - Argument : Lockvalue: null
2025-04-01 11:54:15,041 [INFO] Argument:325 - Argument : Statevalue: null
2025-04-01 11:54:15,042 [INFO] Argument:335 - Argument : Statevalue: null
2025-04-01 11:54:15,042 [INFO] Argument:325 - Argument : Parentvalue: null
2025-04-01 11:54:15,042 [INFO] Argument:335 - Argument : Parentvalue: null
2025-04-01 11:54:15,042 [INFO] Argument:325 - Argument : XferCpltCallbackvalue: null
2025-04-01 11:54:15,042 [INFO] Argument:335 - Argument : XferCpltCallbackvalue: null
2025-04-01 11:54:15,042 [INFO] Argument:325 - Argument : XferHalfCpltCallbackvalue: null
2025-04-01 11:54:15,042 [INFO] Argument:335 - Argument : XferHalfCpltCallbackvalue: null
2025-04-01 11:54:15,043 [INFO] Argument:325 - Argument : XferErrorCallbackvalue: null
2025-04-01 11:54:15,043 [INFO] Argument:335 - Argument : XferErrorCallbackvalue: null
2025-04-01 11:54:15,043 [INFO] Argument:325 - Argument : XferAbortCallbackvalue: null
2025-04-01 11:54:15,043 [INFO] Argument:335 - Argument : XferAbortCallbackvalue: null
2025-04-01 11:54:15,043 [INFO] Argument:325 - Argument : ErrorCodevalue: null
2025-04-01 11:54:15,043 [INFO] Argument:335 - Argument : ErrorCodevalue: null
2025-04-01 11:54:15,043 [INFO] Argument:325 - Argument : ChannelIndexvalue: null
2025-04-01 11:54:15,043 [INFO] Argument:335 - Argument : ChannelIndexvalue: null
2025-04-01 11:54:15,044 [INFO] Argument:325 - Argument : DMAmuxChannelvalue: null
2025-04-01 11:54:15,044 [INFO] Argument:335 - Argument : DMAmuxChannelvalue: null
2025-04-01 11:54:15,044 [INFO] Argument:325 - Argument : DMAmuxChannelStatusvalue: null
2025-04-01 11:54:15,044 [INFO] Argument:335 - Argument : DMAmuxChannelStatusvalue: null
2025-04-01 11:54:15,044 [INFO] Argument:325 - Argument : DMAmuxChannelStatusMaskvalue: null
2025-04-01 11:54:15,044 [INFO] Argument:335 - Argument : DMAmuxChannelStatusMaskvalue: null
2025-04-01 11:54:15,044 [INFO] Argument:325 - Argument : DMAmuxRequestGenvalue: null
2025-04-01 11:54:15,045 [INFO] Argument:335 - Argument : DMAmuxRequestGenvalue: null
2025-04-01 11:54:15,045 [INFO] Argument:325 - Argument : DMAmuxRequestGenStatusvalue: null
2025-04-01 11:54:15,045 [INFO] Argument:335 - Argument : DMAmuxRequestGenStatusvalue: null
2025-04-01 11:54:15,045 [INFO] Argument:325 - Argument : DMAmuxRequestGenStatusMaskvalue: null
2025-04-01 11:54:15,045 [INFO] Argument:335 - Argument : DMAmuxRequestGenStatusMaskvalue: null
2025-04-01 11:54:15,196 [INFO] CodeEngine:263 - oldGeneratedFile, D:\GitRepository\STM32G431C8T6\MXTmpFiles\license.tmp_save
2025-04-01 11:54:15,661 [INFO] CodeEngine:287 - Generated code: D:\GitRepository\STM32G431C8T6\MXTmpFiles\license.tmp
2025-04-01 11:54:15,797 [INFO] CodeEngine:263 - oldGeneratedFile, D:\GitRepository\STM32G431C8T6\Core\Src\gpio.c_save
2025-04-01 11:54:16,058 [INFO] CodeEngine:287 - Generated code: D:\GitRepository\STM32G431C8T6\Core\Src\gpio.c
2025-04-01 11:54:16,077 [INFO] CodeEngine:263 - oldGeneratedFile, D:\GitRepository\STM32G431C8T6\Core\Inc\gpio.h_save
2025-04-01 11:54:16,248 [INFO] CodeEngine:287 - Generated code: D:\GitRepository\STM32G431C8T6\Core\Inc\gpio.h
2025-04-01 11:54:17,494 [INFO] CodeEngine:263 - oldGeneratedFile, D:\GitRepository\STM32G431C8T6\Core\Src\dma.c_save
2025-04-01 11:54:17,633 [INFO] CodeEngine:287 - Generated code: D:\GitRepository\STM32G431C8T6\Core\Src\dma.c
2025-04-01 11:54:17,649 [INFO] CodeEngine:263 - oldGeneratedFile, D:\GitRepository\STM32G431C8T6\Core\Inc\dma.h_save
2025-04-01 11:54:17,771 [INFO] CodeEngine:287 - Generated code: D:\GitRepository\STM32G431C8T6\Core\Inc\dma.h
2025-04-01 11:54:17,801 [INFO] CodeEngine:263 - oldGeneratedFile, D:\GitRepository\STM32G431C8T6\Core\Src\tim.c_save
2025-04-01 11:54:18,128 [INFO] CodeEngine:287 - Generated code: D:\GitRepository\STM32G431C8T6\Core\Src\tim.c
2025-04-01 11:54:18,144 [INFO] CodeEngine:263 - oldGeneratedFile, D:\GitRepository\STM32G431C8T6\Core\Inc\tim.h_save
2025-04-01 11:54:18,267 [INFO] CodeEngine:287 - Generated code: D:\GitRepository\STM32G431C8T6\Core\Inc\tim.h
2025-04-01 11:54:18,295 [INFO] CodeEngine:263 - oldGeneratedFile, D:\GitRepository\STM32G431C8T6\Core\Src\usart.c_save
2025-04-01 11:54:18,512 [INFO] CodeEngine:287 - Generated code: D:\GitRepository\STM32G431C8T6\Core\Src\usart.c
2025-04-01 11:54:18,526 [INFO] CodeEngine:263 - oldGeneratedFile, D:\GitRepository\STM32G431C8T6\Core\Inc\usart.h_save
2025-04-01 11:54:18,654 [INFO] CodeEngine:287 - Generated code: D:\GitRepository\STM32G431C8T6\Core\Inc\usart.h
2025-04-01 11:54:18,692 [INFO] CodeEngine:263 - oldGeneratedFile, D:\GitRepository\STM32G431C8T6\Core\Src\stm32g4xx_it.c_save
2025-04-01 11:54:19,021 [INFO] CodeEngine:287 - Generated code: D:\GitRepository\STM32G431C8T6\Core\Src\stm32g4xx_it.c
2025-04-01 11:54:19,037 [INFO] CodeEngine:263 - oldGeneratedFile, D:\GitRepository\STM32G431C8T6\Core\Inc\stm32g4xx_it.h_save
2025-04-01 11:54:19,176 [INFO] CodeEngine:287 - Generated code: D:\GitRepository\STM32G431C8T6\Core\Inc\stm32g4xx_it.h
2025-04-01 11:54:19,212 [INFO] CodeEngine:263 - oldGeneratedFile, D:\GitRepository\STM32G431C8T6\Core\Src\stm32g4xx_hal_msp.c_save
2025-04-01 11:54:19,375 [INFO] CodeEngine:287 - Generated code: D:\GitRepository\STM32G431C8T6\Core\Src\stm32g4xx_hal_msp.c
2025-04-01 11:54:19,386 [INFO] CodeEngine:263 - oldGeneratedFile, D:\GitRepository\STM32G431C8T6\MXTmpFiles\system.tmp_save
2025-04-01 11:54:19,492 [INFO] CodeEngine:287 - Generated code: D:\GitRepository\STM32G431C8T6\MXTmpFiles\system.tmp
2025-04-01 11:54:19,517 [INFO] CodeEngine:319 - oldGeneratedFile, D:\GitRepository\STM32G431C8T6\Core\Inc\stm32g4xx_hal_conf.h_save
2025-04-01 11:54:19,638 [INFO] CodeEngine:343 - Generated code: D:\GitRepository\STM32G431C8T6\Core\Inc\stm32g4xx_hal_conf.h
2025-04-01 11:54:19,678 [WARN] IPConfigManager:3174 - Warning: the RefConfig RCC_CommonPeriphClockConfig is not available in your config.xml file
2025-04-01 11:54:19,699 [INFO] CodeEngine:263 - oldGeneratedFile, D:\GitRepository\STM32G431C8T6\Core\Inc\main.h_save
2025-04-01 11:54:19,870 [INFO] CodeEngine:287 - Generated code: D:\GitRepository\STM32G431C8T6\Core\Inc\main.h
2025-04-01 11:54:19,887 [INFO] CodeEngine:263 - oldGeneratedFile, D:\GitRepository\STM32G431C8T6\Core\Src\main.c_save
2025-04-01 11:54:20,070 [INFO] CodeEngine:287 - Generated code: D:\GitRepository\STM32G431C8T6\Core\Src\main.c
2025-04-01 11:54:21,157 [INFO] ProjectBuilder:3324 - Time for Copy HAL[1] : 645mS.
2025-04-01 11:54:21,169 [INFO] ProjectBuilder:4912 - Project Generator version: 4.6.0-B36
2025-04-01 11:54:21,316 [INFO] ConfigFileManager:1590 - The Die is : DIE468
2025-04-01 11:54:23,896 [INFO] ProjectBuilder:5191 - Time for Generating toolchain IDE Files: 2727mS.
2025-04-01 11:54:23,901 [INFO] ProjectBuilder:3181 - Time for Copy CMSIS : 4mS.
2025-04-01 11:54:23,910 [INFO] ProjectBuilder:3181 - Time for Copy CMSIS : 0mS.
2025-04-01 13:42:53,944 [INFO] NvicIntPanel:101 - NVIC parent = com.st.microxplorer.plugins.ip.nvic.MultiNvicIntPanel[,0,0,0x0,invalid,layout=javax.swing.BoxLayout,alignmentX=0.0,alignmentY=0.0,border=,flags=9,maximumSize=,minimumSize=,preferredSize=]
2025-04-01 13:43:55,624 [INFO] NvicIntPanel:101 - NVIC parent = com.st.microxplorer.plugins.ip.nvic.MultiNvicIntPanel[,0,0,0x0,invalid,layout=javax.swing.BoxLayout,alignmentX=0.0,alignmentY=0.0,border=,flags=9,maximumSize=,minimumSize=,preferredSize=]
2025-04-01 13:43:57,040 [INFO] NvicIntPanel:101 - NVIC parent = com.st.microxplorer.plugins.ip.nvic.MultiNvicIntPanel[,0,0,0x0,invalid,layout=javax.swing.BoxLayout,alignmentX=0.0,alignmentY=0.0,border=,flags=9,maximumSize=,minimumSize=,preferredSize=]
2025-04-01 13:44:00,742 [INFO] UtilMem:75 - End SaveConfig() Used Memory: 574926264 Bytes (900726784)
2025-04-01 13:44:01,785 [INFO] UtilMem:75 - End SaveConfig() Used Memory: 674018744 Bytes (900726784)
2025-04-01 13:44:02,040 [INFO] BlockDiagram:2775 - set Specific Code input for plugin: TIM6_7G4
2025-04-01 13:44:02,040 [INFO] BlockDiagram:2775 - set Specific Code input for plugin: TIM1_8G4
2025-04-01 13:44:02,040 [INFO] BlockDiagram:2775 - set Specific Code input for plugin: TIM1_8G4
2025-04-01 13:44:02,040 [INFO] BlockDiagram:2775 - set Specific Code input for plugin: SYS
2025-04-01 13:44:02,040 [INFO] BlockDiagram:2775 - set Specific Code input for plugin: RCC
2025-04-01 13:44:02,040 [INFO] BlockDiagram:2775 - set Specific Code input for plugin: NVIC
2025-04-01 13:44:02,040 [INFO] BlockDiagram:2775 - set Specific Code input for plugin: USART
2025-04-01 13:44:02,040 [INFO] BlockDiagram:2775 - set Specific Code input for plugin: USART
2025-04-01 13:44:02,040 [INFO] BlockDiagram:2775 - set Specific Code input for plugin: DMA
2025-04-01 13:44:02,040 [INFO] BlockDiagram:2775 - set Specific Code input for plugin: TIM1_8G4
2025-04-01 13:44:02,041 [INFO] BlockDiagram:2775 - set Specific Code input for plugin: GPIO
2025-04-01 13:44:02,043 [INFO] CodeGenerator:882 - code generatio: config db path: D:\Download\STM32\STM32CubeIDE_1.14.1\STM32CubeIDE\plugins\com.st.stm32cube.common.mx_6.14.0.202502271554\\db\
2025-04-01 13:44:02,126 [INFO] Argument:325 - Argument : hdmavalue: null
2025-04-01 13:44:02,126 [INFO] Argument:327 - 	 sub Args: 
2025-04-01 13:44:02,127 [INFO] Argument:325 - Argument : Instancevalue: DMA1_Channel2
2025-04-01 13:44:02,127 [INFO] Argument:335 - Argument : Instancevalue: DMA1_Channel2
2025-04-01 13:44:02,127 [INFO] Argument:325 - Argument : Initvalue: null
2025-04-01 13:44:02,127 [INFO] Argument:327 - 	 sub Args: 
2025-04-01 13:44:02,127 [INFO] Argument:325 - Argument : Requestvalue: DMA_REQUEST_USART1_TX
2025-04-01 13:44:02,127 [INFO] Argument:335 - Argument : Requestvalue: DMA_REQUEST_USART1_TX
2025-04-01 13:44:02,127 [INFO] Argument:325 - Argument : Directionvalue: DMA_MEMORY_TO_PERIPH
2025-04-01 13:44:02,127 [INFO] Argument:335 - Argument : Directionvalue: DMA_MEMORY_TO_PERIPH
2025-04-01 13:44:02,127 [INFO] Argument:325 - Argument : PeriphIncvalue: DMA_PINC_DISABLE
2025-04-01 13:44:02,127 [INFO] Argument:335 - Argument : PeriphIncvalue: DMA_PINC_DISABLE
2025-04-01 13:44:02,127 [INFO] Argument:325 - Argument : MemIncvalue: DMA_MINC_ENABLE
2025-04-01 13:44:02,132 [INFO] Argument:335 - Argument : MemIncvalue: DMA_MINC_ENABLE
2025-04-01 13:44:02,133 [INFO] Argument:325 - Argument : PeriphDataAlignmentvalue: DMA_PDATAALIGN_BYTE
2025-04-01 13:44:02,133 [INFO] Argument:335 - Argument : PeriphDataAlignmentvalue: DMA_PDATAALIGN_BYTE
2025-04-01 13:44:02,133 [INFO] Argument:325 - Argument : MemDataAlignmentvalue: DMA_MDATAALIGN_BYTE
2025-04-01 13:44:02,133 [INFO] Argument:335 - Argument : MemDataAlignmentvalue: DMA_MDATAALIGN_BYTE
2025-04-01 13:44:02,133 [INFO] Argument:325 - Argument : Modevalue: DMA_NORMAL
2025-04-01 13:44:02,133 [INFO] Argument:335 - Argument : Modevalue: DMA_NORMAL
2025-04-01 13:44:02,133 [INFO] Argument:325 - Argument : Priorityvalue: DMA_PRIORITY_HIGH
2025-04-01 13:44:02,133 [INFO] Argument:335 - Argument : Priorityvalue: DMA_PRIORITY_HIGH
2025-04-01 13:44:02,133 [INFO] Argument:325 - Argument : Lockvalue: null
2025-04-01 13:44:02,134 [INFO] Argument:335 - Argument : Lockvalue: null
2025-04-01 13:44:02,134 [INFO] Argument:325 - Argument : Statevalue: null
2025-04-01 13:44:02,134 [INFO] Argument:335 - Argument : Statevalue: null
2025-04-01 13:44:02,134 [INFO] Argument:325 - Argument : Parentvalue: null
2025-04-01 13:44:02,134 [INFO] Argument:335 - Argument : Parentvalue: null
2025-04-01 13:44:02,134 [INFO] Argument:325 - Argument : XferCpltCallbackvalue: null
2025-04-01 13:44:02,134 [INFO] Argument:335 - Argument : XferCpltCallbackvalue: null
2025-04-01 13:44:02,134 [INFO] Argument:325 - Argument : XferHalfCpltCallbackvalue: null
2025-04-01 13:44:02,134 [INFO] Argument:335 - Argument : XferHalfCpltCallbackvalue: null
2025-04-01 13:44:02,134 [INFO] Argument:325 - Argument : XferErrorCallbackvalue: null
2025-04-01 13:44:02,134 [INFO] Argument:335 - Argument : XferErrorCallbackvalue: null
2025-04-01 13:44:02,134 [INFO] Argument:325 - Argument : XferAbortCallbackvalue: null
2025-04-01 13:44:02,134 [INFO] Argument:335 - Argument : XferAbortCallbackvalue: null
2025-04-01 13:44:02,134 [INFO] Argument:325 - Argument : ErrorCodevalue: null
2025-04-01 13:44:02,134 [INFO] Argument:335 - Argument : ErrorCodevalue: null
2025-04-01 13:44:02,134 [INFO] Argument:325 - Argument : ChannelIndexvalue: null
2025-04-01 13:44:02,134 [INFO] Argument:335 - Argument : ChannelIndexvalue: null
2025-04-01 13:44:02,135 [INFO] Argument:325 - Argument : DMAmuxChannelvalue: null
2025-04-01 13:44:02,135 [INFO] Argument:335 - Argument : DMAmuxChannelvalue: null
2025-04-01 13:44:02,135 [INFO] Argument:325 - Argument : DMAmuxChannelStatusvalue: null
2025-04-01 13:44:02,135 [INFO] Argument:335 - Argument : DMAmuxChannelStatusvalue: null
2025-04-01 13:44:02,135 [INFO] Argument:325 - Argument : DMAmuxChannelStatusMaskvalue: null
2025-04-01 13:44:02,135 [INFO] Argument:335 - Argument : DMAmuxChannelStatusMaskvalue: null
2025-04-01 13:44:02,135 [INFO] Argument:325 - Argument : DMAmuxRequestGenvalue: null
2025-04-01 13:44:02,135 [INFO] Argument:335 - Argument : DMAmuxRequestGenvalue: null
2025-04-01 13:44:02,135 [INFO] Argument:325 - Argument : DMAmuxRequestGenStatusvalue: null
2025-04-01 13:44:02,135 [INFO] Argument:335 - Argument : DMAmuxRequestGenStatusvalue: null
2025-04-01 13:44:02,135 [INFO] Argument:325 - Argument : DMAmuxRequestGenStatusMaskvalue: null
2025-04-01 13:44:02,135 [INFO] Argument:335 - Argument : DMAmuxRequestGenStatusMaskvalue: null
2025-04-01 13:44:02,137 [INFO] Argument:325 - Argument : hdmavalue: null
2025-04-01 13:44:02,138 [INFO] Argument:327 - 	 sub Args: 
2025-04-01 13:44:02,138 [INFO] Argument:325 - Argument : Instancevalue: DMA1_Channel1
2025-04-01 13:44:02,138 [INFO] Argument:335 - Argument : Instancevalue: DMA1_Channel1
2025-04-01 13:44:02,138 [INFO] Argument:325 - Argument : Initvalue: null
2025-04-01 13:44:02,138 [INFO] Argument:327 - 	 sub Args: 
2025-04-01 13:44:02,138 [INFO] Argument:325 - Argument : Requestvalue: DMA_REQUEST_USART1_RX
2025-04-01 13:44:02,138 [INFO] Argument:335 - Argument : Requestvalue: DMA_REQUEST_USART1_RX
2025-04-01 13:44:02,138 [INFO] Argument:325 - Argument : Directionvalue: DMA_PERIPH_TO_MEMORY
2025-04-01 13:44:02,138 [INFO] Argument:335 - Argument : Directionvalue: DMA_PERIPH_TO_MEMORY
2025-04-01 13:44:02,138 [INFO] Argument:325 - Argument : PeriphIncvalue: DMA_PINC_DISABLE
2025-04-01 13:44:02,139 [INFO] Argument:335 - Argument : PeriphIncvalue: DMA_PINC_DISABLE
2025-04-01 13:44:02,139 [INFO] Argument:325 - Argument : MemIncvalue: DMA_MINC_ENABLE
2025-04-01 13:44:02,139 [INFO] Argument:335 - Argument : MemIncvalue: DMA_MINC_ENABLE
2025-04-01 13:44:02,139 [INFO] Argument:325 - Argument : PeriphDataAlignmentvalue: DMA_PDATAALIGN_BYTE
2025-04-01 13:44:02,139 [INFO] Argument:335 - Argument : PeriphDataAlignmentvalue: DMA_PDATAALIGN_BYTE
2025-04-01 13:44:02,139 [INFO] Argument:325 - Argument : MemDataAlignmentvalue: DMA_MDATAALIGN_BYTE
2025-04-01 13:44:02,140 [INFO] Argument:335 - Argument : MemDataAlignmentvalue: DMA_MDATAALIGN_BYTE
2025-04-01 13:44:02,140 [INFO] Argument:325 - Argument : Modevalue: DMA_NORMAL
2025-04-01 13:44:02,140 [INFO] Argument:335 - Argument : Modevalue: DMA_NORMAL
2025-04-01 13:44:02,140 [INFO] Argument:325 - Argument : Priorityvalue: DMA_PRIORITY_HIGH
2025-04-01 13:44:02,140 [INFO] Argument:335 - Argument : Priorityvalue: DMA_PRIORITY_HIGH
2025-04-01 13:44:02,140 [INFO] Argument:325 - Argument : Lockvalue: null
2025-04-01 13:44:02,140 [INFO] Argument:335 - Argument : Lockvalue: null
2025-04-01 13:44:02,141 [INFO] Argument:325 - Argument : Statevalue: null
2025-04-01 13:44:02,141 [INFO] Argument:335 - Argument : Statevalue: null
2025-04-01 13:44:02,141 [INFO] Argument:325 - Argument : Parentvalue: null
2025-04-01 13:44:02,141 [INFO] Argument:335 - Argument : Parentvalue: null
2025-04-01 13:44:02,141 [INFO] Argument:325 - Argument : XferCpltCallbackvalue: null
2025-04-01 13:44:02,141 [INFO] Argument:335 - Argument : XferCpltCallbackvalue: null
2025-04-01 13:44:02,141 [INFO] Argument:325 - Argument : XferHalfCpltCallbackvalue: null
2025-04-01 13:44:02,141 [INFO] Argument:335 - Argument : XferHalfCpltCallbackvalue: null
2025-04-01 13:44:02,141 [INFO] Argument:325 - Argument : XferErrorCallbackvalue: null
2025-04-01 13:44:02,141 [INFO] Argument:335 - Argument : XferErrorCallbackvalue: null
2025-04-01 13:44:02,141 [INFO] Argument:325 - Argument : XferAbortCallbackvalue: null
2025-04-01 13:44:02,141 [INFO] Argument:335 - Argument : XferAbortCallbackvalue: null
2025-04-01 13:44:02,141 [INFO] Argument:325 - Argument : ErrorCodevalue: null
2025-04-01 13:44:02,142 [INFO] Argument:335 - Argument : ErrorCodevalue: null
2025-04-01 13:44:02,142 [INFO] Argument:325 - Argument : ChannelIndexvalue: null
2025-04-01 13:44:02,142 [INFO] Argument:335 - Argument : ChannelIndexvalue: null
2025-04-01 13:44:02,142 [INFO] Argument:325 - Argument : DMAmuxChannelvalue: null
2025-04-01 13:44:02,142 [INFO] Argument:335 - Argument : DMAmuxChannelvalue: null
2025-04-01 13:44:02,142 [INFO] Argument:325 - Argument : DMAmuxChannelStatusvalue: null
2025-04-01 13:44:02,142 [INFO] Argument:335 - Argument : DMAmuxChannelStatusvalue: null
2025-04-01 13:44:02,142 [INFO] Argument:325 - Argument : DMAmuxChannelStatusMaskvalue: null
2025-04-01 13:44:02,142 [INFO] Argument:335 - Argument : DMAmuxChannelStatusMaskvalue: null
2025-04-01 13:44:02,142 [INFO] Argument:325 - Argument : DMAmuxRequestGenvalue: null
2025-04-01 13:44:02,142 [INFO] Argument:335 - Argument : DMAmuxRequestGenvalue: null
2025-04-01 13:44:02,142 [INFO] Argument:325 - Argument : DMAmuxRequestGenStatusvalue: null
2025-04-01 13:44:02,142 [INFO] Argument:335 - Argument : DMAmuxRequestGenStatusvalue: null
2025-04-01 13:44:02,142 [INFO] Argument:325 - Argument : DMAmuxRequestGenStatusMaskvalue: null
2025-04-01 13:44:02,142 [INFO] Argument:335 - Argument : DMAmuxRequestGenStatusMaskvalue: null
2025-04-01 13:44:02,294 [INFO] CodeEngine:263 - oldGeneratedFile, D:\GitRepository\STM32G431C8T6\MXTmpFiles\license.tmp_save
2025-04-01 13:44:02,392 [INFO] CodeEngine:287 - Generated code: D:\GitRepository\STM32G431C8T6\MXTmpFiles\license.tmp
2025-04-01 13:44:02,448 [INFO] CodeEngine:263 - oldGeneratedFile, D:\GitRepository\STM32G431C8T6\Core\Src\gpio.c_save
2025-04-01 13:44:02,575 [INFO] CodeEngine:287 - Generated code: D:\GitRepository\STM32G431C8T6\Core\Src\gpio.c
2025-04-01 13:44:02,587 [INFO] CodeEngine:263 - oldGeneratedFile, D:\GitRepository\STM32G431C8T6\Core\Inc\gpio.h_save
2025-04-01 13:44:02,690 [INFO] CodeEngine:287 - Generated code: D:\GitRepository\STM32G431C8T6\Core\Inc\gpio.h
2025-04-01 13:44:03,934 [INFO] CodeEngine:263 - oldGeneratedFile, D:\GitRepository\STM32G431C8T6\Core\Src\dma.c_save
2025-04-01 13:44:04,064 [INFO] CodeEngine:287 - Generated code: D:\GitRepository\STM32G431C8T6\Core\Src\dma.c
2025-04-01 13:44:04,078 [INFO] CodeEngine:263 - oldGeneratedFile, D:\GitRepository\STM32G431C8T6\Core\Inc\dma.h_save
2025-04-01 13:44:04,187 [INFO] CodeEngine:287 - Generated code: D:\GitRepository\STM32G431C8T6\Core\Inc\dma.h
2025-04-01 13:44:04,212 [INFO] CodeEngine:263 - oldGeneratedFile, D:\GitRepository\STM32G431C8T6\Core\Src\tim.c_save
2025-04-01 13:44:04,440 [INFO] CodeEngine:287 - Generated code: D:\GitRepository\STM32G431C8T6\Core\Src\tim.c
2025-04-01 13:44:04,457 [INFO] CodeEngine:263 - oldGeneratedFile, D:\GitRepository\STM32G431C8T6\Core\Inc\tim.h_save
2025-04-01 13:44:04,587 [INFO] CodeEngine:287 - Generated code: D:\GitRepository\STM32G431C8T6\Core\Inc\tim.h
2025-04-01 13:44:04,615 [INFO] CodeEngine:263 - oldGeneratedFile, D:\GitRepository\STM32G431C8T6\Core\Src\usart.c_save
2025-04-01 13:44:04,782 [INFO] CodeEngine:287 - Generated code: D:\GitRepository\STM32G431C8T6\Core\Src\usart.c
2025-04-01 13:44:04,797 [INFO] CodeEngine:263 - oldGeneratedFile, D:\GitRepository\STM32G431C8T6\Core\Inc\usart.h_save
2025-04-01 13:44:04,924 [INFO] CodeEngine:287 - Generated code: D:\GitRepository\STM32G431C8T6\Core\Inc\usart.h
2025-04-01 13:44:04,965 [INFO] CodeEngine:263 - oldGeneratedFile, D:\GitRepository\STM32G431C8T6\Core\Src\stm32g4xx_it.c_save
2025-04-01 13:44:05,413 [INFO] CodeEngine:287 - Generated code: D:\GitRepository\STM32G431C8T6\Core\Src\stm32g4xx_it.c
2025-04-01 13:44:05,429 [INFO] CodeEngine:263 - oldGeneratedFile, D:\GitRepository\STM32G431C8T6\Core\Inc\stm32g4xx_it.h_save
2025-04-01 13:44:05,558 [INFO] CodeEngine:287 - Generated code: D:\GitRepository\STM32G431C8T6\Core\Inc\stm32g4xx_it.h
2025-04-01 13:44:05,588 [INFO] CodeEngine:263 - oldGeneratedFile, D:\GitRepository\STM32G431C8T6\Core\Src\stm32g4xx_hal_msp.c_save
2025-04-01 13:44:05,717 [INFO] CodeEngine:287 - Generated code: D:\GitRepository\STM32G431C8T6\Core\Src\stm32g4xx_hal_msp.c
2025-04-01 13:44:05,724 [INFO] CodeEngine:263 - oldGeneratedFile, D:\GitRepository\STM32G431C8T6\MXTmpFiles\system.tmp_save
2025-04-01 13:44:05,805 [INFO] CodeEngine:287 - Generated code: D:\GitRepository\STM32G431C8T6\MXTmpFiles\system.tmp
2025-04-01 13:44:05,823 [INFO] CodeEngine:319 - oldGeneratedFile, D:\GitRepository\STM32G431C8T6\Core\Inc\stm32g4xx_hal_conf.h_save
2025-04-01 13:44:05,924 [INFO] CodeEngine:343 - Generated code: D:\GitRepository\STM32G431C8T6\Core\Inc\stm32g4xx_hal_conf.h
2025-04-01 13:44:05,952 [WARN] IPConfigManager:3174 - Warning: the RefConfig RCC_CommonPeriphClockConfig is not available in your config.xml file
2025-04-01 13:44:05,971 [INFO] CodeEngine:263 - oldGeneratedFile, D:\GitRepository\STM32G431C8T6\Core\Inc\main.h_save
2025-04-01 13:44:06,112 [INFO] CodeEngine:287 - Generated code: D:\GitRepository\STM32G431C8T6\Core\Inc\main.h
2025-04-01 13:44:06,121 [INFO] CodeEngine:263 - oldGeneratedFile, D:\GitRepository\STM32G431C8T6\Core\Src\main.c_save
2025-04-01 13:44:06,257 [INFO] CodeEngine:287 - Generated code: D:\GitRepository\STM32G431C8T6\Core\Src\main.c
2025-04-01 13:44:07,063 [INFO] ProjectBuilder:3324 - Time for Copy HAL[1] : 513mS.
2025-04-01 13:44:07,072 [INFO] ProjectBuilder:4912 - Project Generator version: 4.6.0-B36
2025-04-01 13:44:07,208 [INFO] ConfigFileManager:1590 - The Die is : DIE468
2025-04-01 13:44:09,911 [INFO] ProjectBuilder:5191 - Time for Generating toolchain IDE Files: 2839mS.
2025-04-01 13:44:09,913 [INFO] ProjectBuilder:3181 - Time for Copy CMSIS : 2mS.
2025-04-01 13:44:09,921 [INFO] ProjectBuilder:3181 - Time for Copy CMSIS : 0mS.
