2025-03-28 11:14:34,350 [INFO] Activator:176 - 


2025-03-28 11:14:34,357 [INFO] Activator:177 - !SESSION log4j initialized
2025-03-28 11:14:35,049 [ERROR] LogOutputStream:75 - [STDERR_REDIRECT] Warning: NLS unused message: ProblemMarkerManager_problem_marker_update_job_description in: org.eclipse.jdt.internal.ui.JavaUIMessages
2025-03-28 11:14:35,054 [ERROR] LogOutputStream:75 - [STDERR_REDIRECT] Warning: NLS unused message: FilteredTypesSelectionDialog_default_package in: org.eclipse.jdt.internal.ui.JavaUIMessages
2025-03-28 11:14:35,058 [ERROR] LogOutputStream:75 - [STDERR_REDIRECT] Warning: NLS unused message: FilteredTypeSelectionDialog_showContainerForDuplicatesAction in: org.eclipse.jdt.internal.ui.JavaUIMessages
2025-03-28 11:14:35,061 [ERROR] LogOutputStream:75 - [STDERR_REDIRECT] Warning: NLS unused message: JavaElementLabels_anonym_type in: org.eclipse.jdt.internal.ui.JavaUIMessages
2025-03-28 11:14:35,064 [ERROR] LogOutputStream:75 - [STDERR_REDIRECT] Warning: NLS unused message: JavaElementLabels_anonym in: org.eclipse.jdt.internal.ui.JavaUIMessages
2025-03-28 11:14:35,067 [ERROR] LogOutputStream:75 - [STDERR_REDIRECT] Warning: NLS unused message: JavaElementLabels_concat_string in: org.eclipse.jdt.internal.ui.JavaUIMessages
2025-03-28 11:14:35,069 [ERROR] LogOutputStream:75 - [STDERR_REDIRECT] Warning: NLS unused message: JavaElementLabels_comma_string in: org.eclipse.jdt.internal.ui.JavaUIMessages
2025-03-28 11:14:35,072 [ERROR] LogOutputStream:75 - [STDERR_REDIRECT] Warning: NLS unused message: JavaElementLabels_declseparator_string in: org.eclipse.jdt.internal.ui.JavaUIMessages
2025-03-28 11:14:35,075 [ERROR] LogOutputStream:75 - [STDERR_REDIRECT] Warning: NLS unused message: JavaElementLabels_category_separator_string in: org.eclipse.jdt.internal.ui.JavaUIMessages
2025-03-28 11:14:35,078 [ERROR] LogOutputStream:75 - [STDERR_REDIRECT] Warning: NLS unused message: JavaElementLabels_import_container in: org.eclipse.jdt.internal.ui.JavaUIMessages
2025-03-28 11:14:40,848 [INFO] LogOutputStream:77 - [STDOUT_REDIRECT] 
2025-03-28 11:14:41,377 [ERROR] LogOutputStream:75 - [STDERR_REDIRECT] Warning: NLS unused message: ShowInNavigatorView_label in: org.eclipse.jdt.internal.ui.actions.ActionMessages
2025-03-28 11:14:41,380 [ERROR] LogOutputStream:75 - [STDERR_REDIRECT] Warning: NLS unused message: ShowInNavigatorView_dialog_title in: org.eclipse.jdt.internal.ui.actions.ActionMessages
2025-03-28 11:14:41,383 [ERROR] LogOutputStream:75 - [STDERR_REDIRECT] Warning: NLS unused message: ShowInNavigatorView_dialog_message in: org.eclipse.jdt.internal.ui.actions.ActionMessages
2025-03-28 11:14:41,388 [ERROR] LogOutputStream:75 - [STDERR_REDIRECT] Warning: NLS unused message: ShowInNavigatorView_error_activation_failed in: org.eclipse.jdt.internal.ui.actions.ActionMessages
2025-03-28 11:14:41,394 [ERROR] LogOutputStream:75 - [STDERR_REDIRECT] Warning: NLS unused message: OrganizeImportsAction_error_message in: org.eclipse.jdt.internal.ui.actions.ActionMessages
2025-03-28 11:14:43,368 [INFO] ApplicationProperties:184 - Using Application install path: D:\Download\STM32\STM32CubeIDE_1.14.1\STM32CubeIDE\plugins\com.st.stm32cube.common.mx_6.14.0.202502271554
2025-03-28 11:14:43,396 [INFO] DbMcusXml:78 - Set database path to: D:\Download\STM32\STM32CubeIDE_1.14.1\STM32CubeIDE\plugins\com.st.stm32cube.common.mx_6.14.0.202502271554\\db\/mcu/
2025-03-28 11:14:43,397 [INFO] ApiDb:274 - Set plugin database path to: D:\Download\STM32\STM32CubeIDE_1.14.1\STM32CubeIDE\plugins\com.st.stm32cube.common.mx_6.14.0.202502271554\\db\/plugins/boardmanager/
2025-03-28 11:14:43,397 [WARN] ApiDb:259 - Overriding images path with different value:  => D:\Download\STM32\STM32CubeIDE_1.14.1\STM32CubeIDE\plugins\com.st.stm32cube.common.mx_6.14.0.202502271554\\db\/plugins/mcufinder/images/
2025-03-28 11:14:43,415 [INFO] ApiDb:250 - Set database path to: C:\Users\莫海峰\.stmcufinder\plugins\mcufinder//mcu/
2025-03-28 11:14:43,416 [INFO] DbMcusAds:125 - Set database path to: C:\Users\莫海峰\.stmcufinder\plugins\mcufinder//mcu/
2025-03-28 11:14:43,420 [INFO] CrossReferenceDbSqlite:203 - Set database path to: C:\Users\莫海峰\.stmcufinder\plugins\mcufinder//mcu/cs/
2025-03-28 11:14:43,572 [INFO] RulesReader:64 - Compatibility file has been processed (301 Rules)
2025-03-28 11:14:43,678 [INFO] DbMcusXml:78 - Set database path to: D:\Download\STM32\STM32CubeIDE_1.14.1\STM32CubeIDE\plugins\com.st.stm32cube.common.mx_6.14.0.202502271554\\db\/mcu/
2025-03-28 11:14:43,678 [INFO] ApiDb:274 - Set plugin database path to: D:\Download\STM32\STM32CubeIDE_1.14.1\STM32CubeIDE\plugins\com.st.stm32cube.common.mx_6.14.0.202502271554\\db\/plugins/boardmanager/
2025-03-28 11:14:43,678 [INFO] ApiDb:261 - Set plugin images path to: D:\Download\STM32\STM32CubeIDE_1.14.1\STM32CubeIDE\plugins\com.st.stm32cube.common.mx_6.14.0.202502271554\\db\/plugins/mcufinder/images/
2025-03-28 11:14:43,679 [WARN] DbFile:41 - Overriding database path with different value: C:\Users\莫海峰\.stmcufinder\plugins\mcufinder/ => C:\Users\莫海峰\.stmcufinder\plugins\mcufinder
2025-03-28 11:14:43,679 [INFO] ApiDb:250 - Set database path to: C:\Users\莫海峰\.stmcufinder\plugins\mcufinder//mcu/
2025-03-28 11:14:43,679 [WARN] DbFile:41 - Overriding database path with different value: C:\Users\莫海峰\.stmcufinder\plugins\mcufinder/ => C:\Users\莫海峰\.stmcufinder\plugins\mcufinder
2025-03-28 11:14:43,679 [INFO] DbMcusAds:125 - Set database path to: C:\Users\莫海峰\.stmcufinder\plugins\mcufinder//mcu/
2025-03-28 11:14:43,679 [WARN] DbFile:41 - Overriding database path with different value: C:\Users\莫海峰\.stmcufinder\plugins\mcufinder/ => C:\Users\莫海峰\.stmcufinder\plugins\mcufinder
2025-03-28 11:14:43,679 [WARN] DbFile:41 - Overriding database path with different value: C:\Users\莫海峰\.stmcufinder\plugins\mcufinder/ => C:\Users\莫海峰\.stmcufinder\plugins\mcufinder
2025-03-28 11:14:43,679 [INFO] CrossReferenceDbSqlite:203 - Set database path to: C:\Users\莫海峰\.stmcufinder\plugins\mcufinder//mcu/cs/
2025-03-28 11:14:43,776 [INFO] MainPanel:272 - HeapMemory: 268435456
2025-03-28 11:14:43,903 [INFO] DbMcusXml:78 - Set database path to: D:\Download\STM32\STM32CubeIDE_1.14.1\STM32CubeIDE\plugins\com.st.stm32cube.common.mx_6.14.0.202502271554\\db\/mcu/
2025-03-28 11:14:43,903 [INFO] ApiDb:274 - Set plugin database path to: D:\Download\STM32\STM32CubeIDE_1.14.1\STM32CubeIDE\plugins\com.st.stm32cube.common.mx_6.14.0.202502271554\\db\/plugins/boardmanager/
2025-03-28 11:14:43,903 [INFO] ApiDb:261 - Set plugin images path to: D:\Download\STM32\STM32CubeIDE_1.14.1\STM32CubeIDE\plugins\com.st.stm32cube.common.mx_6.14.0.202502271554\\db\/plugins/mcufinder/images/
2025-03-28 11:14:43,903 [WARN] DbFile:41 - Overriding database path with different value: C:\Users\莫海峰\.stmcufinder\plugins\mcufinder/ => C:\Users\莫海峰\.stmcufinder\plugins\mcufinder
2025-03-28 11:14:43,903 [INFO] ApiDb:250 - Set database path to: C:\Users\莫海峰\.stmcufinder\plugins\mcufinder//mcu/
2025-03-28 11:14:43,903 [WARN] DbFile:41 - Overriding database path with different value: C:\Users\莫海峰\.stmcufinder\plugins\mcufinder/ => C:\Users\莫海峰\.stmcufinder\plugins\mcufinder
2025-03-28 11:14:43,904 [INFO] DbMcusAds:125 - Set database path to: C:\Users\莫海峰\.stmcufinder\plugins\mcufinder//mcu/
2025-03-28 11:14:43,904 [WARN] DbFile:41 - Overriding database path with different value: C:\Users\莫海峰\.stmcufinder\plugins\mcufinder/ => C:\Users\莫海峰\.stmcufinder\plugins\mcufinder
2025-03-28 11:14:43,904 [WARN] DbFile:41 - Overriding database path with different value: C:\Users\莫海峰\.stmcufinder\plugins\mcufinder/ => C:\Users\莫海峰\.stmcufinder\plugins\mcufinder
2025-03-28 11:14:43,904 [INFO] CrossReferenceDbSqlite:203 - Set database path to: C:\Users\莫海峰\.stmcufinder\plugins\mcufinder//mcu/cs/
2025-03-28 11:14:43,928 [INFO] ApplicationProperties:184 - Using Application install path: D:\Download\STM32\STM32CubeIDE_1.14.1\STM32CubeIDE\plugins\com.st.stm32cube.common.mx_6.14.0.202502271554
2025-03-28 11:14:43,930 [INFO] PluginManage:196 - Search for loadable plugins [exclusion list=, ]
2025-03-28 11:14:43,933 [INFO] PluginManage:310 - Check plugin analytics
2025-03-28 11:14:44,194 [INFO] AnalyticsPlugin:253 - Accepted Software Licenses: STM32CubeMX.6.9.2
2025-03-28 11:14:44,194 [INFO] AnalyticsPlugin:255 - Accepted CMSIS Pack Licenses: 
2025-03-28 11:14:44,195 [INFO] AnalyticsPlugin:257 - Accepted Firmware Licenses: FW.G4.1.5.0,FW.G4.1.6.0
2025-03-28 11:14:44,200 [INFO] PluginManage:359 - Loaded plugin analytics (category:tool,tabindex:-1)
2025-03-28 11:14:44,200 [INFO] PluginManage:310 - Check plugin cadmodel
2025-03-28 11:14:44,209 [INFO] CADModel:105 - Init CAD model plugin
2025-03-28 11:14:44,209 [INFO] PluginManage:359 - Loaded plugin cadmodel (category:power,tabindex:5)
2025-03-28 11:14:44,209 [INFO] PluginManage:310 - Check plugin clock
2025-03-28 11:14:44,225 [INFO] PluginManage:359 - Loaded plugin clock (category:base,tabindex:2)
2025-03-28 11:14:44,226 [INFO] PluginManage:310 - Check plugin ddr
2025-03-28 11:14:44,230 [INFO] PluginManage:359 - Loaded plugin ddr (category:tool,tabindex:6)
2025-03-28 11:14:44,230 [INFO] PluginManage:310 - Check plugin filemanager
2025-03-28 11:14:44,421 [INFO] PluginManage:359 - Loaded plugin filemanager (category:base,tabindex:10)
2025-03-28 11:14:44,422 [INFO] PluginManage:310 - Check plugin ipmanager
2025-03-28 11:14:44,432 [INFO] PluginManage:359 - Loaded plugin ipmanager (category:base,tabindex:5)
2025-03-28 11:14:44,434 [INFO] PluginManage:310 - Check plugin lpbam
2025-03-28 11:14:44,445 [INFO] PluginManage:359 - Loaded plugin lpbam (category:base,tabindex:0)
2025-03-28 11:14:44,445 [INFO] PluginManage:310 - Check plugin memorymap
2025-03-28 11:14:44,463 [INFO] PluginManage:359 - Loaded plugin memorymap (category:base,tabindex:4)
2025-03-28 11:14:44,464 [INFO] PluginManage:310 - Check plugin pinoutandconfiguration
2025-03-28 11:14:44,475 [INFO] PluginManage:359 - Loaded plugin pinoutandconfiguration (category:base,tabindex:1)
2025-03-28 11:14:44,476 [INFO] PluginManage:310 - Check plugin pinoutconfig
2025-03-28 11:14:44,594 [WARN] SupportedApi:132 - Cannot load RTOS API schema: s4s-elt-must-match.1: The content of 'definitions' must match (annotation?, (simpleType | complexType)?, (unique | key | keyref)*)). A problem was found starting at: attribute.
2025-03-28 11:14:44,767 [INFO] PluginManage:359 - Loaded plugin pinoutconfig (category:base,tabindex:0)
2025-03-28 11:14:44,767 [INFO] PluginManage:310 - Check plugin power
2025-03-28 11:14:44,779 [INFO] PluginManage:359 - Loaded plugin power (category:power,tabindex:4)
2025-03-28 11:14:44,779 [INFO] PluginManage:310 - Check plugin projectmanager
2025-03-28 11:14:44,802 [INFO] PluginManage:359 - Loaded plugin projectmanager (category:projectmanager,tabindex:4)
2025-03-28 11:14:44,802 [INFO] PluginManage:310 - Check plugin rif
2025-03-28 11:14:44,814 [INFO] PluginManage:359 - Loaded plugin rif (category:base,tabindex:3)
2025-03-28 11:14:44,814 [INFO] PluginManage:310 - Check plugin thirdparty
2025-03-28 11:14:45,046 [INFO] PluginManage:359 - Loaded plugin thirdparty (category:base,tabindex:-1)
2025-03-28 11:14:45,047 [INFO] PluginManage:310 - Check plugin tools
2025-03-28 11:14:45,047 [WARN] IntegrityCheckThread:84 - waiting for thirdparty lock release [integrity check]
2025-03-28 11:14:45,047 [INFO] IntegrityCheckThread:86 - entering critical section [integrity check]
2025-03-28 11:14:45,048 [INFO] ThirdPartyUpdaterWithRetryManager:70 - Updater plugin not ready yet. [1/15]
2025-03-28 11:14:45,051 [INFO] PluginManage:359 - Loaded plugin tools (category:base,tabindex:7)
2025-03-28 11:14:45,052 [INFO] PluginManage:310 - Check plugin tutovideos
2025-03-28 11:14:45,274 [INFO] PluginManage:359 - Loaded plugin tutovideos (category:base,tabindex:-1)
2025-03-28 11:14:45,274 [INFO] PluginManage:310 - Check plugin updater
2025-03-28 11:14:45,302 [INFO] PluginManage:359 - Loaded plugin updater (category:base,tabindex:12)
2025-03-28 11:14:45,302 [INFO] PluginManage:310 - Check plugin userauth
2025-03-28 11:14:45,310 [INFO] UserAuth:118 - Init User Auth plugin
2025-03-28 11:14:45,311 [INFO] PluginManage:359 - Loaded plugin userauth (category:base,tabindex:14)
2025-03-28 11:14:45,312 [INFO] PluginManage:283 - PluginManage : Loaded plugins [18]
2025-03-28 11:14:45,654 [INFO] PinOutPanel:1589 - setPackage(No Configuration,No Configuration)
2025-03-28 11:14:45,777 [INFO] CADModel:165 - CPN selected for project level
2025-03-28 11:14:45,778 [INFO] CADModel:114 - Register for checkConnection events
2025-03-28 11:14:45,806 [INFO] IPUIPlugin:80 - create IPUIPlugin
2025-03-28 11:14:45,807 [INFO] PluginManager:220 - loadIPPluginJar : add adc
2025-03-28 11:14:45,810 [INFO] IPUIPlugin:80 - create IPUIPlugin
2025-03-28 11:14:45,811 [INFO] PluginManager:220 - loadIPPluginJar : add aes
2025-03-28 11:14:45,815 [INFO] IPUIPlugin:80 - create IPUIPlugin
2025-03-28 11:14:45,815 [INFO] PluginManager:220 - loadIPPluginJar : add can
2025-03-28 11:14:45,819 [INFO] IPUIPlugin:80 - create IPUIPlugin
2025-03-28 11:14:45,819 [INFO] PluginManager:220 - loadIPPluginJar : add comp
2025-03-28 11:14:45,823 [INFO] IPUIPlugin:80 - create IPUIPlugin
2025-03-28 11:14:45,823 [INFO] PluginManager:220 - loadIPPluginJar : add cryp
2025-03-28 11:14:45,829 [INFO] IPUIPlugin:80 - create IPUIPlugin
2025-03-28 11:14:45,829 [INFO] PluginManager:220 - loadIPPluginJar : add ddr_ctrl_phy
2025-03-28 11:14:45,834 [INFO] IPUIPlugin:80 - create IPUIPlugin
2025-03-28 11:14:45,834 [INFO] PluginManager:220 - loadIPPluginJar : add dfsdm
2025-03-28 11:14:45,842 [INFO] IPUIPlugin:80 - create IPUIPlugin
2025-03-28 11:14:45,843 [INFO] PluginManager:220 - loadIPPluginJar : add dma
2025-03-28 11:14:45,848 [INFO] IPUIPlugin:80 - create IPUIPlugin
2025-03-28 11:14:45,848 [INFO] PluginManager:220 - loadIPPluginJar : add dma3
2025-03-28 11:14:45,853 [INFO] IPUIPlugin:80 - create IPUIPlugin
2025-03-28 11:14:45,853 [INFO] PluginManager:220 - loadIPPluginJar : add extmemmanager
2025-03-28 11:14:45,856 [INFO] IPUIPlugin:80 - create IPUIPlugin
2025-03-28 11:14:45,856 [INFO] PluginManager:220 - loadIPPluginJar : add fatfs
2025-03-28 11:14:45,864 [INFO] IPUIPlugin:80 - create IPUIPlugin
2025-03-28 11:14:45,864 [INFO] PluginManager:220 - loadIPPluginJar : add fmc
2025-03-28 11:14:45,873 [INFO] IPUIPlugin:80 - create IPUIPlugin
2025-03-28 11:14:45,873 [INFO] PluginManager:220 - loadIPPluginJar : add freertos
2025-03-28 11:14:45,876 [INFO] IPUIPlugin:80 - create IPUIPlugin
2025-03-28 11:14:45,876 [INFO] PluginManager:220 - loadIPPluginJar : add genericplugin
2025-03-28 11:14:45,880 [INFO] IPUIPlugin:80 - create IPUIPlugin
2025-03-28 11:14:45,880 [INFO] PluginManager:220 - loadIPPluginJar : add gfxmmu
2025-03-28 11:14:45,888 [INFO] IPUIPlugin:80 - create IPUIPlugin
2025-03-28 11:14:45,888 [INFO] PluginManager:220 - loadIPPluginJar : add gic
2025-03-28 11:14:45,894 [INFO] IPUIPlugin:80 - create IPUIPlugin
2025-03-28 11:14:45,895 [INFO] PluginManager:220 - loadIPPluginJar : add gpio
2025-03-28 11:14:45,899 [INFO] IPUIPlugin:80 - create IPUIPlugin
2025-03-28 11:14:45,899 [INFO] PluginManager:220 - loadIPPluginJar : add gtzc
2025-03-28 11:14:45,903 [INFO] IPUIPlugin:80 - create IPUIPlugin
2025-03-28 11:14:45,903 [INFO] PluginManager:220 - loadIPPluginJar : add hash
2025-03-28 11:14:45,907 [INFO] IPUIPlugin:80 - create IPUIPlugin
2025-03-28 11:14:45,907 [INFO] PluginManager:220 - loadIPPluginJar : add i2c
2025-03-28 11:14:45,911 [INFO] IPUIPlugin:80 - create IPUIPlugin
2025-03-28 11:14:45,911 [INFO] PluginManager:220 - loadIPPluginJar : add i2s
2025-03-28 11:14:45,916 [INFO] IPUIPlugin:80 - create IPUIPlugin
2025-03-28 11:14:45,916 [INFO] PluginManager:220 - loadIPPluginJar : add i3c
2025-03-28 11:14:45,922 [INFO] IPUIPlugin:80 - create IPUIPlugin
2025-03-28 11:14:45,922 [INFO] PluginManager:220 - loadIPPluginJar : add ipddr
2025-03-28 11:14:45,934 [INFO] IPUIPlugin:80 - create IPUIPlugin
2025-03-28 11:14:45,934 [INFO] PluginManager:220 - loadIPPluginJar : add linkedlist
2025-03-28 11:14:45,940 [INFO] IPUIPlugin:80 - create IPUIPlugin
2025-03-28 11:14:45,940 [INFO] PluginManager:220 - loadIPPluginJar : add lorawan
2025-03-28 11:14:45,943 [INFO] IPUIPlugin:80 - create IPUIPlugin
2025-03-28 11:14:45,943 [INFO] PluginManager:220 - loadIPPluginJar : add ltdc
2025-03-28 11:14:45,954 [INFO] IPUIPlugin:80 - create IPUIPlugin
2025-03-28 11:14:45,954 [INFO] PluginManager:220 - loadIPPluginJar : add mdma
2025-03-28 11:14:45,960 [INFO] IPUIPlugin:80 - create IPUIPlugin
2025-03-28 11:14:45,960 [INFO] PluginManager:220 - loadIPPluginJar : add nvic
2025-03-28 11:14:45,965 [INFO] IPUIPlugin:80 - create IPUIPlugin
2025-03-28 11:14:45,965 [INFO] PluginManager:220 - loadIPPluginJar : add opamp
2025-03-28 11:14:45,969 [INFO] IPUIPlugin:80 - create IPUIPlugin
2025-03-28 11:14:45,969 [INFO] PluginManager:220 - loadIPPluginJar : add openamp
2025-03-28 11:14:45,973 [INFO] IPUIPlugin:80 - create IPUIPlugin
2025-03-28 11:14:45,974 [INFO] PluginManager:220 - loadIPPluginJar : add pdm2pcm
2025-03-28 11:14:45,984 [INFO] IPUIPlugin:80 - create IPUIPlugin
2025-03-28 11:14:45,988 [INFO] PluginManager:220 - loadIPPluginJar : add plateformsettings
2025-03-28 11:14:45,990 [INFO] IPUIPlugin:80 - create IPUIPlugin
2025-03-28 11:14:45,990 [INFO] PluginManager:220 - loadIPPluginJar : add quadspi
2025-03-28 11:14:45,993 [INFO] IPUIPlugin:80 - create IPUIPlugin
2025-03-28 11:14:45,994 [INFO] PluginManager:220 - loadIPPluginJar : add radio
2025-03-28 11:14:45,999 [INFO] IPUIPlugin:80 - create IPUIPlugin
2025-03-28 11:14:46,000 [INFO] PluginManager:220 - loadIPPluginJar : add resmgrutility
2025-03-28 11:14:46,004 [INFO] IPUIPlugin:80 - create IPUIPlugin
2025-03-28 11:14:46,004 [INFO] PluginManager:220 - loadIPPluginJar : add sai
2025-03-28 11:14:46,007 [INFO] IPUIPlugin:80 - create IPUIPlugin
2025-03-28 11:14:46,007 [INFO] PluginManager:220 - loadIPPluginJar : add spi
2025-03-28 11:14:46,016 [INFO] IPUIPlugin:80 - create IPUIPlugin
2025-03-28 11:14:46,016 [INFO] PluginManager:220 - loadIPPluginJar : add stm32_wpan
2025-03-28 11:14:46,019 [INFO] IPUIPlugin:80 - create IPUIPlugin
2025-03-28 11:14:46,019 [INFO] PluginManager:220 - loadIPPluginJar : add tim
2025-03-28 11:14:46,023 [INFO] IPUIPlugin:80 - create IPUIPlugin
2025-03-28 11:14:46,024 [INFO] PluginManager:220 - loadIPPluginJar : add touchsensing
2025-03-28 11:14:46,026 [INFO] IPUIPlugin:80 - create IPUIPlugin
2025-03-28 11:14:46,026 [INFO] PluginManager:220 - loadIPPluginJar : add tracer_emb
2025-03-28 11:14:46,029 [INFO] IPUIPlugin:80 - create IPUIPlugin
2025-03-28 11:14:46,029 [INFO] PluginManager:220 - loadIPPluginJar : add ts
2025-03-28 11:14:46,032 [INFO] IPUIPlugin:80 - create IPUIPlugin
2025-03-28 11:14:46,032 [INFO] PluginManager:220 - loadIPPluginJar : add tsc
2025-03-28 11:14:46,035 [INFO] IPUIPlugin:80 - create IPUIPlugin
2025-03-28 11:14:46,035 [INFO] PluginManager:220 - loadIPPluginJar : add ucpd
2025-03-28 11:14:46,039 [INFO] IPUIPlugin:80 - create IPUIPlugin
2025-03-28 11:14:46,039 [INFO] PluginManager:220 - loadIPPluginJar : add usart
2025-03-28 11:14:46,047 [INFO] IPUIPlugin:80 - create IPUIPlugin
2025-03-28 11:14:46,048 [INFO] PluginManager:220 - loadIPPluginJar : add usbx
2025-03-28 11:14:46,196 [FATAL] Updater:351 - Updater called before beeing initialized
2025-03-28 11:14:46,227 [INFO] RulesReader:64 - Compatibility file has been processed (301 Rules)
2025-03-28 11:14:46,241 [INFO] RulesReader:64 - Compatibility file has been processed (301 Rules)
2025-03-28 11:14:46,250 [INFO] CADModel:165 - CPN selected for project level
2025-03-28 11:14:46,252 [INFO] CADModel:114 - Register for checkConnection events
2025-03-28 11:14:46,252 [FATAL] Updater:351 - Updater called before beeing initialized
2025-03-28 11:14:46,252 [ERROR] CADModel:125 - Updater not yet initialized, retry later 
2025-03-28 11:14:46,417 [FATAL] Updater:351 - Updater called before beeing initialized
2025-03-28 11:14:46,419 [INFO] CADModel:165 - CPN selected for project level
2025-03-28 11:14:46,420 [INFO] CADModel:114 - Register for checkConnection events
2025-03-28 11:14:46,420 [FATAL] Updater:351 - Updater called before beeing initialized
2025-03-28 11:14:46,420 [ERROR] CADModel:125 - Updater not yet initialized, retry later 
2025-03-28 11:14:46,424 [FATAL] Updater:351 - Updater called before beeing initialized
2025-03-28 11:14:46,560 [FATAL] Updater:351 - Updater called before beeing initialized
2025-03-28 11:14:46,566 [INFO] DbMcusAds:53 - JSON generation date=Thu Mar 06 22:54:21 CST 2025 (1741272861825)
2025-03-28 11:14:46,566 [FATAL] Updater:351 - Updater called before beeing initialized
2025-03-28 11:14:46,612 [WARN] DetailPanel:346 - Failed to get advertising image, set to default
2025-03-28 11:14:46,893 [FATAL] Updater:351 - Updater called before beeing initialized
2025-03-28 11:14:46,894 [FATAL] Updater:351 - Updater called before beeing initialized
2025-03-28 11:14:46,894 [FATAL] Updater:351 - Updater called before beeing initialized
2025-03-28 11:14:46,894 [WARN] DetailPanel:346 - Failed to get advertising image, set to default
2025-03-28 11:14:46,895 [FATAL] Updater:351 - Updater called before beeing initialized
2025-03-28 11:14:46,943 [ERROR] Updater:1198 - MainUpdater not yet initialized. External WinMGr cannot be set.
2025-03-28 11:14:46,946 [INFO] Updater:1134 - Updater Version found : 6.14.0
2025-03-28 11:14:46,966 [INFO] ApplicationProperties:184 - Using Application install path: D:\Download\STM32\STM32CubeIDE_1.14.1\STM32CubeIDE\plugins\com.st.stm32cube.common.mx_6.14.0.202502271554
2025-03-28 11:14:47,370 [INFO] MainUpdater:2872 - connection check result : 10
2025-03-28 11:14:47,371 [INFO] MainUpdater:289 - Updater Check For Update Now.
2025-03-28 11:14:47,371 [INFO] MicroXplorer:498 - Change Database Version : DB.6.0.140
2025-03-28 11:14:47,377 [INFO] McuFinderGlobals:63 - Set McuFinder mode to 2 (CubeIDE integrated)
2025-03-28 11:14:47,377 [INFO] UserAuth:171 - activating auth plugin
2025-03-28 11:14:47,381 [INFO] UserAuth:486 - Internet connection configuration mode: 1
2025-03-28 11:14:47,407 [INFO] JxBrowserEngine:152 - Initiate JxBrowser Engine with user profile folder
2025-03-28 11:14:47,570 [INFO] CheckServerUpdateThread:120 - End of CheckServer Thread
2025-03-28 11:14:48,505 [INFO] WebApp:169 - Instantiating new browser for Auth
2025-03-28 11:14:48,551 [WARN] PackLoader:240 - Cannot read IP mode file for STMicroelectronics.FP-ATR-ASTRA1.2.0.2
2025-03-28 11:14:48,560 [WARN] PackLoader:240 - Cannot read IP mode file for STMicroelectronics.FP-ATR-ASTRA1.2.0.1
2025-03-28 11:14:48,573 [WARN] PackLoader:240 - Cannot read IP mode file for STMicroelectronics.X-CUBE-SMBUS.2.1.0
2025-03-28 11:14:48,626 [WARN] PackLoader:240 - Cannot read IP mode file for STMicroelectronics.X-CUBE-AZRTOS-F7.1.1.0
2025-03-28 11:14:48,740 [WARN] PackLoader:240 - Cannot read IP mode file for STMicroelectronics.X-CUBE-MEMS1.11.0.0
2025-03-28 11:14:49,051 [WARN] PackLoader:240 - Cannot read IP mode file for STMicroelectronics.FP-SNS-FLIGHT1.5.0.2
2025-03-28 11:14:49,087 [WARN] PackLoader:240 - Cannot read IP mode file for Infineon.AIROC-Wi-Fi-Bluetooth-STM32.1.7.0
2025-03-28 11:14:49,104 [WARN] PackLoader:240 - Cannot read IP mode file for STMicroelectronics.X-CUBE-DISPLAY.3.0.0
2025-03-28 11:14:49,134 [WARN] PackLoader:240 - Cannot read IP mode file for STMicroelectronics.X-CUBE-BLE1.7.0.0
2025-03-28 11:14:49,149 [WARN] PackLoader:240 - Cannot read IP mode file for STMicroelectronics.X-CUBE-BLEMGR.4.0.0
2025-03-28 11:14:49,164 [WARN] PackLoader:240 - Cannot read IP mode file for emotas.I-CUBE-CANOPEN.1.3.0
2025-03-28 11:14:49,178 [WARN] PackLoader:240 - Cannot read IP mode file for STMicroelectronics.X-CUBE-BLEMGR.3.1.0
2025-03-28 11:14:49,188 [WARN] PackLoader:240 - Cannot read IP mode file for STMicroelectronics.X-CUBE-AI.10.0.0
2025-03-28 11:14:49,198 [WARN] PackLoader:240 - Cannot read IP mode file for STMicroelectronics.FP-SNS-SMARTAG2.1.2.0
2025-03-28 11:14:49,204 [WARN] PackLoader:240 - Cannot read IP mode file for STMicroelectronics.FP-SNS-FLIGHT1.5.1.0
2025-03-28 11:14:49,275 [WARN] PackLoader:240 - Cannot read IP mode file for STMicroelectronics.X-CUBE-MEMS1.11.1.0
2025-03-28 11:14:49,485 [INFO] LogOutputStream:77 - [STDOUT_REDIRECT] 1 : Invalid condition id : UX_CORESTACK_Condition cause : null
2025-03-28 11:14:49,486 [INFO] LogOutputStream:77 - [STDOUT_REDIRECT] 1 : Invalid condition id : UX_CORESTACK_Condition cause : null
2025-03-28 11:14:49,488 [INFO] LogOutputStream:77 - [STDOUT_REDIRECT] 1 : Invalid condition id : UX_CORESTACK_Condition cause : null
2025-03-28 11:14:49,489 [INFO] LogOutputStream:77 - [STDOUT_REDIRECT] 1 : Invalid condition id : UX_CORESTACK_Condition cause : null
2025-03-28 11:14:49,490 [INFO] LogOutputStream:77 - [STDOUT_REDIRECT] 1 : Invalid condition id : UX_CORESTACK_Condition cause : null
2025-03-28 11:14:49,495 [WARN] PackLoader:240 - Cannot read IP mode file for STMicroelectronics.X-CUBE-AZRTOS-WL.2.0.0
2025-03-28 11:14:49,504 [WARN] PackLoader:240 - Cannot read IP mode file for wolfSSL.I-CUBE-wolfMQTT.1.19.0
2025-03-28 11:14:49,514 [WARN] PackLoader:240 - Cannot read IP mode file for STMicroelectronics.X-CUBE-BLE2.3.3.0
2025-03-28 11:14:49,521 [WARN] PackLoader:240 - Cannot read IP mode file for STMicroelectronics.X-CUBE-BLE1.7.1.0
2025-03-28 11:14:49,531 [WARN] PackLoader:240 - Cannot read IP mode file for STMicroelectronics.X-CUBE-TCPP.4.1.0
2025-03-28 11:14:49,559 [WARN] PackLoader:240 - Cannot read IP mode file for STMicroelectronics.X-CUBE-AZRTOS-G0.1.1.0
2025-03-28 11:14:49,573 [WARN] PackLoader:240 - Cannot read IP mode file for STMicroelectronics.X-CUBE-SAFEA1.1.2.2
2025-03-28 11:14:49,590 [WARN] PackLoader:240 - Cannot read IP mode file for STMicroelectronics.X-CUBE-NFC4.3.0.0
2025-03-28 11:14:49,604 [WARN] PackLoader:240 - Cannot read IP mode file for EmbeddedOffice.I-CUBE-FS-RTOS.1.0.1
2025-03-28 11:14:49,613 [WARN] PackLoader:240 - Cannot read IP mode file for STMicroelectronics.X-CUBE-TCPP.4.2.0
2025-03-28 11:14:49,627 [WARN] PackLoader:240 - Cannot read IP mode file for RealThread.X-CUBE-RT-Thread_Nano.4.1.1
2025-03-28 11:14:49,637 [WARN] PackLoader:240 - Cannot read IP mode file for STMicroelectronics.FP-ATR-SIGFOX1.3.2.0
2025-03-28 11:14:49,646 [WARN] PackLoader:240 - Cannot read IP mode file for wolfSSL.I-CUBE-wolfSSL.5.7.2
2025-03-28 11:14:49,654 [WARN] ConditionMgr:438 - getConditionDescription Invalid condition id : Cortex-A Device cause : null
2025-03-28 11:14:49,679 [INFO] LogOutputStream:77 - [STDOUT_REDIRECT] [ThirdParty] unknown protocol: c
2025-03-28 11:14:49,680 [WARN] PackLoader:240 - Cannot read IP mode file for quantropi.X-CUBE-qispace-sdk-base.1.9.3
2025-03-28 11:14:49,683 [WARN] ConditionMgr:1044 - genDependencies : Invalid condition id : Cortex-A Device cause : null
2025-03-28 11:14:49,685 [WARN] ConditionMgr:1044 - genDependencies : Invalid condition id : Cortex-A Device cause : null
2025-03-28 11:14:49,686 [WARN] ConditionMgr:1044 - genDependencies : Invalid condition id : Cortex-A Device cause : null
2025-03-28 11:14:49,702 [WARN] PackLoader:240 - Cannot read IP mode file for STMicroelectronics.X-CUBE-EEPRMA1.5.1.0
2025-03-28 11:14:49,719 [WARN] PackLoader:240 - Cannot read IP mode file for ITTIA_DB.I-CUBE-ITTIADB.8.9.0
2025-03-28 11:14:49,763 [WARN] PackLoader:240 - Cannot read IP mode file for SEGGER.I-CUBE-embOS.1.3.1
2025-03-28 11:14:49,841 [WARN] PackLoader:240 - Cannot read IP mode file for STMicroelectronics.X-CUBE-ALGOBUILD.1.4.0
2025-03-28 11:14:49,857 [WARN] PackLoader:240 - Cannot read IP mode file for STMicroelectronics.X-CUBE-GNSS1.6.0.0
2025-03-28 11:14:49,886 [WARN] PackLoader:240 - Cannot read IP mode file for STMicroelectronics.X-CUBE-AZRTOS-F4.1.1.0
2025-03-28 11:14:49,900 [WARN] PackLoader:240 - Cannot read IP mode file for STMicroelectronics.X-CUBE-FREERTOS.1.2.0
2025-03-28 11:14:50,026 [WARN] PackLoader:240 - Cannot read IP mode file for STMicroelectronics.X-CUBE-AZRTOS-L5.2.0.0
2025-03-28 11:14:50,041 [WARN] PackLoader:240 - Cannot read IP mode file for STMicroelectronics.X-CUBE-AI.9.0.0
2025-03-28 11:14:50,049 [WARN] PackLoader:240 - Cannot read IP mode file for STMicroelectronics.X-CUBE-FREERTOS.1.3.0
2025-03-28 11:14:50,059 [WARN] PackLoader:240 - Cannot read IP mode file for STMicroelectronics.X-CUBE-NFC7.1.0.1
2025-03-28 11:14:50,067 [WARN] PackLoader:240 - Cannot read IP mode file for wolfSSL.I-CUBE-wolfTPM.3.2.0
2025-03-28 11:14:50,100 [WARN] ConditionMgr:438 - getConditionDescription Invalid condition id : LAN8742 Phy interface Condition cause : null
2025-03-28 11:14:50,101 [WARN] PackLoader:240 - Cannot read IP mode file for STMicroelectronics.X-CUBE-AZRTOS-L4.2.0.0
2025-03-28 11:14:50,103 [WARN] ConditionMgr:1044 - genDependencies : Invalid condition id : LAN8742 Phy interface Condition cause : null
2025-03-28 11:14:50,104 [WARN] ConditionMgr:1044 - genDependencies : Invalid condition id : LAN8742 Phy interface Condition cause : null
2025-03-28 11:14:50,105 [WARN] ConditionMgr:1044 - genDependencies : Invalid condition id : LAN8742 Phy interface Condition cause : null
2025-03-28 11:14:50,120 [WARN] PackLoader:240 - Cannot read IP mode file for STMicroelectronics.X-CUBE-SFXS2LP1.4.0.0
2025-03-28 11:14:50,142 [WARN] PackLoader:240 - Cannot read IP mode file for STMicroelectronics.X-CUBE-IPS.3.0.0
2025-03-28 11:14:50,165 [WARN] ConditionMgr:438 - getConditionDescription Invalid condition id : UX DEVICE CLASS RTOS Condition cause : null
2025-03-28 11:14:50,166 [WARN] ConditionMgr:438 - getConditionDescription Invalid condition id : UX DEVICE CLASS RTOS Condition cause : null
2025-03-28 11:14:50,168 [WARN] PackLoader:240 - Cannot read IP mode file for STMicroelectronics.X-CUBE-AZRTOS-WB.2.0.0
2025-03-28 11:14:50,169 [WARN] ConditionMgr:1044 - genDependencies : Invalid condition id : UX DEVICE CLASS RTOS Condition cause : null
2025-03-28 11:14:50,169 [WARN] ConditionMgr:1044 - genDependencies : Invalid condition id : UX DEVICE CLASS RTOS Condition cause : null
2025-03-28 11:14:50,170 [WARN] ConditionMgr:1044 - genDependencies : Invalid condition id : UX DEVICE CLASS RTOS Condition cause : null
2025-03-28 11:14:50,171 [WARN] ConditionMgr:1044 - genDependencies : Invalid condition id : UX DEVICE CLASS RTOS Condition cause : null
2025-03-28 11:14:50,171 [WARN] ConditionMgr:1044 - genDependencies : Invalid condition id : UX DEVICE CLASS RTOS Condition cause : null
2025-03-28 11:14:50,179 [WARN] PackLoader:240 - Cannot read IP mode file for STMicroelectronics.X-CUBE-GNSS1.7.0.0
2025-03-28 11:14:50,188 [WARN] PackLoader:240 - Cannot read IP mode file for STMicroelectronics.X-CUBE-GNSS1.7.0.1
2025-03-28 11:14:50,202 [WARN] PackLoader:240 - Cannot read IP mode file for STMicroelectronics.X-CUBE-TOUCHGFX.4.25.0
2025-03-28 11:14:50,212 [WARN] PackLoader:240 - Cannot read IP mode file for STMicroelectronics.FP-SNS-STBOX1.2.0.0
2025-03-28 11:14:50,229 [WARN] PackLoader:240 - Cannot read IP mode file for STMicroelectronics.X-CUBE-SUBG2.5.0.0
2025-03-28 11:14:50,269 [WARN] PackLoader:240 - Cannot read IP mode file for STMicroelectronics.X-CUBE-AZRTOS-H7RS.1.1.0
2025-03-28 11:14:50,295 [WARN] PackLoader:240 - Cannot read IP mode file for STMicroelectronics.X-CUBE-AZRTOS-G4.2.0.0
2025-03-28 11:14:50,305 [WARN] PackLoader:240 - Cannot read IP mode file for STMicroelectronics.X-CUBE-ISPU.2.0.0
2025-03-28 11:14:50,324 [WARN] PackLoader:240 - Cannot read IP mode file for STMicroelectronics.X-CUBE-IPS.3.1.0
2025-03-28 11:14:50,384 [WARN] PackLoader:240 - Cannot read IP mode file for STMicroelectronics.X-CUBE-MEMS1.10.0.0
2025-03-28 11:14:50,516 [WARN] PackLoader:240 - Cannot read IP mode file for STMicroelectronics.X-CUBE-TOUCHGFX.4.24.0
2025-03-28 11:14:50,521 [WARN] PackLoader:240 - Cannot read IP mode file for STMicroelectronics.X-CUBE-TOUCHGFX.4.24.2
2025-03-28 11:14:50,526 [WARN] PackLoader:240 - Cannot read IP mode file for STMicroelectronics.X-CUBE-TOUCHGFX.4.24.1
2025-03-28 11:14:50,536 [WARN] PackLoader:240 - Cannot read IP mode file for portGmbH.I-Cube-SoM-uGOAL.1.1.0
2025-03-28 11:14:50,559 [WARN] PackLoader:240 - Cannot read IP mode file for STMicroelectronics.X-CUBE-AZRTOS-H7RS.1.0.0
2025-03-28 11:14:50,568 [WARN] PackLoader:240 - Cannot read IP mode file for STMicroelectronics.FP-ATR-ASTRA1.2.0.0
2025-03-28 11:14:50,592 [WARN] PackLoader:240 - Cannot read IP mode file for STMicroelectronics.X-CUBE-TOF1.3.4.2
2025-03-28 11:14:50,634 [WARN] PackLoader:240 - Cannot read IP mode file for STMicroelectronics.X-CUBE-AZRTOS-H7.3.2.0
2025-03-28 11:14:50,646 [WARN] PackLoader:240 - Cannot read IP mode file for wolfSSL.I-CUBE-wolfSSH.1.4.17
2025-03-28 11:14:50,647 [INFO] ThirdParty:978 - Integrity check success = true
2025-03-28 11:14:50,647 [INFO] IntegrityCheckThread:100 - exiting critical section [integrity check]
2025-03-28 11:14:50,647 [INFO] IntegrityCheckThread:103 - End integrity checks thread
2025-03-28 11:14:51,462 [INFO] WebApp:463 - Apply proxy settings
2025-03-28 11:14:51,462 [INFO] WebApp:548 - Chromium requires no authentication
2025-03-28 11:14:51,473 [INFO] WebApp:491 - Direct internet connection detected
2025-03-28 11:14:51,503 [INFO] WebApp:894 - Register for checkConnection events
2025-03-28 11:14:51,503 [INFO] WebApp:463 - Apply proxy settings
2025-03-28 11:14:51,503 [INFO] WebApp:548 - Chromium requires no authentication
2025-03-28 11:14:51,504 [INFO] WebApp:491 - Direct internet connection detected
2025-03-28 11:14:51,727 [INFO] WebApp:225 - Starting web application
2025-03-28 11:14:51,727 [INFO] WebApp:593 - Web application path used D:\Download\STM32\STM32CubeIDE_1.14.1\STM32CubeIDE\plugins\com.st.stm32cube.common.mx_6.14.0.202502271554\db\plugins\mcufinder\reactClient1\index.html
2025-03-28 18:01:07,007 [ERROR] LogOutputStream:75 - [STDERR_REDIRECT] 
