15:32:38 **** Clean-only build of configuration Debug for project STM32G431C8T6 ****
make -j8 clean 
rm -rf ./Drivers/STM32G4xx_HAL_Driver/Src/stm32g4xx_hal.cyclo ./Drivers/STM32G4xx_HAL_Driver/Src/stm32g4xx_hal.d ./Drivers/STM32G4xx_HAL_Driver/Src/stm32g4xx_hal.o ./Drivers/STM32G4xx_HAL_Driver/Src/stm32g4xx_hal.su ./Drivers/STM32G4xx_HAL_Driver/Src/stm32g4xx_hal_cortex.cyclo ./Drivers/STM32G4xx_HAL_Driver/Src/stm32g4xx_hal_cortex.d ./Drivers/STM32G4xx_HAL_Driver/Src/stm32g4xx_hal_cortex.o ./Drivers/STM32G4xx_HAL_Driver/Src/stm32g4xx_hal_cortex.su ./Drivers/STM32G4xx_HAL_Driver/Src/stm32g4xx_hal_dma.cyclo ./Drivers/STM32G4xx_HAL_Driver/Src/stm32g4xx_hal_dma.d ./Drivers/STM32G4xx_HAL_Driver/Src/stm32g4xx_hal_dma.o ./Drivers/STM32G4xx_HAL_Driver/Src/stm32g4xx_hal_dma.su ./Drivers/STM32G4xx_HAL_Driver/Src/stm32g4xx_hal_dma_ex.cyclo ./Drivers/STM32G4xx_HAL_Driver/Src/stm32g4xx_hal_dma_ex.d ./Drivers/STM32G4xx_HAL_Driver/Src/stm32g4xx_hal_dma_ex.o ./Drivers/STM32G4xx_HAL_Driver/Src/stm32g4xx_hal_dma_ex.su ./Drivers/STM32G4xx_HAL_Driver/Src/stm32g4xx_hal_exti.cyclo ./Drivers/STM32G4xx_HAL_Driver/Src/stm32g4xx_hal_exti.d ./Drivers/STM32G4xx_HAL_Driver/Src/stm32g4xx_hal_exti.o ./Drivers/STM32G4xx_HAL_Driver/Src/stm32g4xx_hal_exti.su ./Drivers/STM32G4xx_HAL_Driver/Src/stm32g4xx_hal_flash.cyclo ./Drivers/STM32G4xx_HAL_Driver/Src/stm32g4xx_hal_flash.d ./Drivers/STM32G4xx_HAL_Driver/Src/stm32g4xx_hal_flash.o ./Drivers/STM32G4xx_HAL_Driver/Src/stm32g4xx_hal_flash.su ./Drivers/STM32G4xx_HAL_Driver/Src/stm32g4xx_hal_flash_ex.cyclo ./Drivers/STM32G4xx_HAL_Driver/Src/stm32g4xx_hal_flash_ex.d ./Drivers/STM32G4xx_HAL_Driver/Src/stm32g4xx_hal_flash_ex.o ./Drivers/STM32G4xx_HAL_Driver/Src/stm32g4xx_hal_flash_ex.su ./Drivers/STM32G4xx_HAL_Driver/Src/stm32g4xx_hal_flash_ramfunc.cyclo ./Drivers/STM32G4xx_HAL_Driver/Src/stm32g4xx_hal_flash_ramfunc.d ./Drivers/STM32G4xx_HAL_Driver/Src/stm32g4xx_hal_flash_ramfunc.o ./Drivers/STM32G4xx_HAL_Driver/Src/stm32g4xx_hal_flash_ramfunc.su ./Drivers/STM32G4xx_HAL_Driver/Src/stm32g4xx_hal_gpio.cyclo ./Drivers/STM32G4xx_HAL_Driver/Src/stm32g4xx_hal_gpio.d ./Drivers/STM32G4xx_HAL_Driver/Src/stm32g4xx_hal_gpio.o ./Drivers/STM32G4xx_HAL_Driver/Src/stm32g4xx_hal_gpio.su ./Drivers/STM32G4xx_HAL_Driver/Src/stm32g4xx_hal_pwr.cyclo ./Drivers/STM32G4xx_HAL_Driver/Src/stm32g4xx_hal_pwr.d ./Drivers/STM32G4xx_HAL_Driver/Src/stm32g4xx_hal_pwr.o ./Drivers/STM32G4xx_HAL_Driver/Src/stm32g4xx_hal_pwr.su ./Drivers/STM32G4xx_HAL_Driver/Src/stm32g4xx_hal_pwr_ex.cyclo ./Drivers/STM32G4xx_HAL_Driver/Src/stm32g4xx_hal_pwr_ex.d ./Drivers/STM32G4xx_HAL_Driver/Src/stm32g4xx_hal_pwr_ex.o ./Drivers/STM32G4xx_HAL_Driver/Src/stm32g4xx_hal_pwr_ex.su ./Drivers/STM32G4xx_HAL_Driver/Src/stm32g4xx_hal_rcc.cyclo ./Drivers/STM32G4xx_HAL_Driver/Src/stm32g4xx_hal_rcc.d ./Drivers/STM32G4xx_HAL_Driver/Src/stm32g4xx_hal_rcc.o ./Drivers/STM32G4xx_HAL_Driver/Src/stm32g4xx_hal_rcc.su ./Drivers/STM32G4xx_HAL_Driver/Src/stm32g4xx_hal_rcc_ex.cyclo ./Drivers/STM32G4xx_HAL_Driver/Src/stm32g4xx_hal_rcc_ex.d ./Drivers/STM32G4xx_HAL_Driver/Src/stm32g4xx_hal_rcc_ex.o ./Drivers/STM32G4xx_HAL_Driver/Src/stm32g4xx_hal_rcc_ex.su ./Drivers/STM32G4xx_HAL_Driver/Src/stm32g4xx_hal_tim.cyclo ./Drivers/STM32G4xx_HAL_Driver/Src/stm32g4xx_hal_tim.d ./Drivers/STM32G4xx_HAL_Driver/Src/stm32g4xx_hal_tim.o ./Drivers/STM32G4xx_HAL_Driver/Src/stm32g4xx_hal_tim.su ./Drivers/STM32G4xx_HAL_Driver/Src/stm32g4xx_hal_tim_ex.cyclo ./Drivers/STM32G4xx_HAL_Driver/Src/stm32g4xx_hal_tim_ex.d ./Drivers/STM32G4xx_HAL_Driver/Src/stm32g4xx_hal_tim_ex.o ./Drivers/STM32G4xx_HAL_Driver/Src/stm32g4xx_hal_tim_ex.su ./Drivers/STM32G4xx_HAL_Driver/Src/stm32g4xx_hal_uart.cyclo ./Drivers/STM32G4xx_HAL_Driver/Src/stm32g4xx_hal_uart.d ./Drivers/STM32G4xx_HAL_Driver/Src/stm32g4xx_hal_uart.o ./Drivers/STM32G4xx_HAL_Driver/Src/stm32g4xx_hal_uart.su ./Drivers/STM32G4xx_HAL_Driver/Src/stm32g4xx_hal_uart_ex.cyclo ./Drivers/STM32G4xx_HAL_Driver/Src/stm32g4xx_hal_uart_ex.d ./Drivers/STM32G4xx_HAL_Driver/Src/stm32g4xx_hal_uart_ex.o ./Drivers/STM32G4xx_HAL_Driver/Src/stm32g4xx_hal_uart_ex.su
rm -rf ./Core/Startup/startup_stm32g431c8tx.d ./Core/Startup/startup_stm32g431c8tx.o
rm -rf ./Core/Src/gpio.cyclo ./Core/Src/gpio.d ./Core/Src/gpio.o ./Core/Src/gpio.su ./Core/Src/led.cyclo ./Core/Src/led.d ./Core/Src/led.o ./Core/Src/led.su ./Core/Src/main.cyclo ./Core/Src/main.d ./Core/Src/main.o ./Core/Src/main.su ./Core/Src/protocol.cyclo ./Core/Src/protocol.d ./Core/Src/protocol.o ./Core/Src/protocol.su ./Core/Src/stm32g4xx_hal_msp.cyclo ./Core/Src/stm32g4xx_hal_msp.d ./Core/Src/stm32g4xx_hal_msp.o ./Core/Src/stm32g4xx_hal_msp.su ./Core/Src/stm32g4xx_it.cyclo ./Core/Src/stm32g4xx_it.d ./Core/Src/stm32g4xx_it.o ./Core/Src/stm32g4xx_it.su ./Core/Src/syscalls.cyclo ./Core/Src/syscalls.d ./Core/Src/syscalls.o ./Core/Src/syscalls.su ./Core/Src/sysmem.cyclo ./Core/Src/sysmem.d ./Core/Src/sysmem.o ./Core/Src/sysmem.su ./Core/Src/system_stm32g4xx.cyclo ./Core/Src/system_stm32g4xx.d ./Core/Src/system_stm32g4xx.o ./Core/Src/system_stm32g4xx.su ./Core/Src/tim.cyclo ./Core/Src/tim.d ./Core/Src/tim.o ./Core/Src/tim.su ./Core/Src/usart.cyclo ./Core/Src/usart.d ./Core/Src/usart.o ./Core/Src/usart.su ./Core/Src/verification.cyclo ./Core/Src/verification.d ./Core/Src/verification.o ./Core/Src/verification.su
rm -rf STM32G431C8T6.bin STM32G431C8T6.elf STM32G431C8T6.hex STM32G431C8T6.list STM32G431C8T6.map default.size.stdout
rm: can't remove 'STM32G431C8T6.elf': Permission denied
make: [makefile:96: clean] Error 1 (ignored)
 
15:32:40 **** Build of configuration Debug for project STM32G431C8T6 ****
make -j8 all 
arm-none-eabi-gcc "../Drivers/STM32G4xx_HAL_Driver/Src/stm32g4xx_hal.c" -mcpu=cortex-m4 -std=gnu11 -g3 -DDEBUG -DUSE_HAL_DRIVER -DSTM32G431xx -c -I../Core/Inc -I../Drivers/STM32G4xx_HAL_Driver/Inc -I../Drivers/STM32G4xx_HAL_Driver/Inc/Legacy -I../Drivers/CMSIS/Device/ST/STM32G4xx/Include -I../Drivers/CMSIS/Include -Os -ffunction-sections -fdata-sections -Wall -Werror -fstack-usage -fcyclomatic-complexity -MMD -MP -MF"Drivers/STM32G4xx_HAL_Driver/Src/stm32g4xx_hal.d" -MT"Drivers/STM32G4xx_HAL_Driver/Src/stm32g4xx_hal.o" --specs=nano.specs -mfpu=fpv4-sp-d16 -mfloat-abi=hard -mthumb -o "Drivers/STM32G4xx_HAL_Driver/Src/stm32g4xx_hal.o"
arm-none-eabi-gcc "../Drivers/STM32G4xx_HAL_Driver/Src/stm32g4xx_hal_cortex.c" -mcpu=cortex-m4 -std=gnu11 -g3 -DDEBUG -DUSE_HAL_DRIVER -DSTM32G431xx -c -I../Core/Inc -I../Drivers/STM32G4xx_HAL_Driver/Inc -I../Drivers/STM32G4xx_HAL_Driver/Inc/Legacy -I../Drivers/CMSIS/Device/ST/STM32G4xx/Include -I../Drivers/CMSIS/Include -Os -ffunction-sections -fdata-sections -Wall -Werror -fstack-usage -fcyclomatic-complexity -MMD -MP -MF"Drivers/STM32G4xx_HAL_Driver/Src/stm32g4xx_hal_cortex.d" -MT"Drivers/STM32G4xx_HAL_Driver/Src/stm32g4xx_hal_cortex.o" --specs=nano.specs -mfpu=fpv4-sp-d16 -mfloat-abi=hard -mthumb -o "Drivers/STM32G4xx_HAL_Driver/Src/stm32g4xx_hal_cortex.o"
arm-none-eabi-gcc "../Drivers/STM32G4xx_HAL_Driver/Src/stm32g4xx_hal_dma.c" -mcpu=cortex-m4 -std=gnu11 -g3 -DDEBUG -DUSE_HAL_DRIVER -DSTM32G431xx -c -I../Core/Inc -I../Drivers/STM32G4xx_HAL_Driver/Inc -I../Drivers/STM32G4xx_HAL_Driver/Inc/Legacy -I../Drivers/CMSIS/Device/ST/STM32G4xx/Include -I../Drivers/CMSIS/Include -Os -ffunction-sections -fdata-sections -Wall -Werror -fstack-usage -fcyclomatic-complexity -MMD -MP -MF"Drivers/STM32G4xx_HAL_Driver/Src/stm32g4xx_hal_dma.d" -MT"Drivers/STM32G4xx_HAL_Driver/Src/stm32g4xx_hal_dma.o" --specs=nano.specs -mfpu=fpv4-sp-d16 -mfloat-abi=hard -mthumb -o "Drivers/STM32G4xx_HAL_Driver/Src/stm32g4xx_hal_dma.o"
arm-none-eabi-gcc "../Drivers/STM32G4xx_HAL_Driver/Src/stm32g4xx_hal_dma_ex.c" -mcpu=cortex-m4 -std=gnu11 -g3 -DDEBUG -DUSE_HAL_DRIVER -DSTM32G431xx -c -I../Core/Inc -I../Drivers/STM32G4xx_HAL_Driver/Inc -I../Drivers/STM32G4xx_HAL_Driver/Inc/Legacy -I../Drivers/CMSIS/Device/ST/STM32G4xx/Include -I../Drivers/CMSIS/Include -Os -ffunction-sections -fdata-sections -Wall -Werror -fstack-usage -fcyclomatic-complexity -MMD -MP -MF"Drivers/STM32G4xx_HAL_Driver/Src/stm32g4xx_hal_dma_ex.d" -MT"Drivers/STM32G4xx_HAL_Driver/Src/stm32g4xx_hal_dma_ex.o" --specs=nano.specs -mfpu=fpv4-sp-d16 -mfloat-abi=hard -mthumb -o "Drivers/STM32G4xx_HAL_Driver/Src/stm32g4xx_hal_dma_ex.o"
arm-none-eabi-gcc "../Drivers/STM32G4xx_HAL_Driver/Src/stm32g4xx_hal_exti.c" -mcpu=cortex-m4 -std=gnu11 -g3 -DDEBUG -DUSE_HAL_DRIVER -DSTM32G431xx -c -I../Core/Inc -I../Drivers/STM32G4xx_HAL_Driver/Inc -I../Drivers/STM32G4xx_HAL_Driver/Inc/Legacy -I../Drivers/CMSIS/Device/ST/STM32G4xx/Include -I../Drivers/CMSIS/Include -Os -ffunction-sections -fdata-sections -Wall -Werror -fstack-usage -fcyclomatic-complexity -MMD -MP -MF"Drivers/STM32G4xx_HAL_Driver/Src/stm32g4xx_hal_exti.d" -MT"Drivers/STM32G4xx_HAL_Driver/Src/stm32g4xx_hal_exti.o" --specs=nano.specs -mfpu=fpv4-sp-d16 -mfloat-abi=hard -mthumb -o "Drivers/STM32G4xx_HAL_Driver/Src/stm32g4xx_hal_exti.o"
arm-none-eabi-gcc "../Drivers/STM32G4xx_HAL_Driver/Src/stm32g4xx_hal_flash.c" -mcpu=cortex-m4 -std=gnu11 -g3 -DDEBUG -DUSE_HAL_DRIVER -DSTM32G431xx -c -I../Core/Inc -I../Drivers/STM32G4xx_HAL_Driver/Inc -I../Drivers/STM32G4xx_HAL_Driver/Inc/Legacy -I../Drivers/CMSIS/Device/ST/STM32G4xx/Include -I../Drivers/CMSIS/Include -Os -ffunction-sections -fdata-sections -Wall -Werror -fstack-usage -fcyclomatic-complexity -MMD -MP -MF"Drivers/STM32G4xx_HAL_Driver/Src/stm32g4xx_hal_flash.d" -MT"Drivers/STM32G4xx_HAL_Driver/Src/stm32g4xx_hal_flash.o" --specs=nano.specs -mfpu=fpv4-sp-d16 -mfloat-abi=hard -mthumb -o "Drivers/STM32G4xx_HAL_Driver/Src/stm32g4xx_hal_flash.o"
arm-none-eabi-gcc "../Drivers/STM32G4xx_HAL_Driver/Src/stm32g4xx_hal_flash_ex.c" -mcpu=cortex-m4 -std=gnu11 -g3 -DDEBUG -DUSE_HAL_DRIVER -DSTM32G431xx -c -I../Core/Inc -I../Drivers/STM32G4xx_HAL_Driver/Inc -I../Drivers/STM32G4xx_HAL_Driver/Inc/Legacy -I../Drivers/CMSIS/Device/ST/STM32G4xx/Include -I../Drivers/CMSIS/Include -Os -ffunction-sections -fdata-sections -Wall -Werror -fstack-usage -fcyclomatic-complexity -MMD -MP -MF"Drivers/STM32G4xx_HAL_Driver/Src/stm32g4xx_hal_flash_ex.d" -MT"Drivers/STM32G4xx_HAL_Driver/Src/stm32g4xx_hal_flash_ex.o" --specs=nano.specs -mfpu=fpv4-sp-d16 -mfloat-abi=hard -mthumb -o "Drivers/STM32G4xx_HAL_Driver/Src/stm32g4xx_hal_flash_ex.o"
arm-none-eabi-gcc "../Drivers/STM32G4xx_HAL_Driver/Src/stm32g4xx_hal_flash_ramfunc.c" -mcpu=cortex-m4 -std=gnu11 -g3 -DDEBUG -DUSE_HAL_DRIVER -DSTM32G431xx -c -I../Core/Inc -I../Drivers/STM32G4xx_HAL_Driver/Inc -I../Drivers/STM32G4xx_HAL_Driver/Inc/Legacy -I../Drivers/CMSIS/Device/ST/STM32G4xx/Include -I../Drivers/CMSIS/Include -Os -ffunction-sections -fdata-sections -Wall -Werror -fstack-usage -fcyclomatic-complexity -MMD -MP -MF"Drivers/STM32G4xx_HAL_Driver/Src/stm32g4xx_hal_flash_ramfunc.d" -MT"Drivers/STM32G4xx_HAL_Driver/Src/stm32g4xx_hal_flash_ramfunc.o" --specs=nano.specs -mfpu=fpv4-sp-d16 -mfloat-abi=hard -mthumb -o "Drivers/STM32G4xx_HAL_Driver/Src/stm32g4xx_hal_flash_ramfunc.o"
arm-none-eabi-gcc "../Drivers/STM32G4xx_HAL_Driver/Src/stm32g4xx_hal_gpio.c" -mcpu=cortex-m4 -std=gnu11 -g3 -DDEBUG -DUSE_HAL_DRIVER -DSTM32G431xx -c -I../Core/Inc -I../Drivers/STM32G4xx_HAL_Driver/Inc -I../Drivers/STM32G4xx_HAL_Driver/Inc/Legacy -I../Drivers/CMSIS/Device/ST/STM32G4xx/Include -I../Drivers/CMSIS/Include -Os -ffunction-sections -fdata-sections -Wall -Werror -fstack-usage -fcyclomatic-complexity -MMD -MP -MF"Drivers/STM32G4xx_HAL_Driver/Src/stm32g4xx_hal_gpio.d" -MT"Drivers/STM32G4xx_HAL_Driver/Src/stm32g4xx_hal_gpio.o" --specs=nano.specs -mfpu=fpv4-sp-d16 -mfloat-abi=hard -mthumb -o "Drivers/STM32G4xx_HAL_Driver/Src/stm32g4xx_hal_gpio.o"
arm-none-eabi-gcc "../Drivers/STM32G4xx_HAL_Driver/Src/stm32g4xx_hal_pwr.c" -mcpu=cortex-m4 -std=gnu11 -g3 -DDEBUG -DUSE_HAL_DRIVER -DSTM32G431xx -c -I../Core/Inc -I../Drivers/STM32G4xx_HAL_Driver/Inc -I../Drivers/STM32G4xx_HAL_Driver/Inc/Legacy -I../Drivers/CMSIS/Device/ST/STM32G4xx/Include -I../Drivers/CMSIS/Include -Os -ffunction-sections -fdata-sections -Wall -Werror -fstack-usage -fcyclomatic-complexity -MMD -MP -MF"Drivers/STM32G4xx_HAL_Driver/Src/stm32g4xx_hal_pwr.d" -MT"Drivers/STM32G4xx_HAL_Driver/Src/stm32g4xx_hal_pwr.o" --specs=nano.specs -mfpu=fpv4-sp-d16 -mfloat-abi=hard -mthumb -o "Drivers/STM32G4xx_HAL_Driver/Src/stm32g4xx_hal_pwr.o"
arm-none-eabi-gcc "../Drivers/STM32G4xx_HAL_Driver/Src/stm32g4xx_hal_pwr_ex.c" -mcpu=cortex-m4 -std=gnu11 -g3 -DDEBUG -DUSE_HAL_DRIVER -DSTM32G431xx -c -I../Core/Inc -I../Drivers/STM32G4xx_HAL_Driver/Inc -I../Drivers/STM32G4xx_HAL_Driver/Inc/Legacy -I../Drivers/CMSIS/Device/ST/STM32G4xx/Include -I../Drivers/CMSIS/Include -Os -ffunction-sections -fdata-sections -Wall -Werror -fstack-usage -fcyclomatic-complexity -MMD -MP -MF"Drivers/STM32G4xx_HAL_Driver/Src/stm32g4xx_hal_pwr_ex.d" -MT"Drivers/STM32G4xx_HAL_Driver/Src/stm32g4xx_hal_pwr_ex.o" --specs=nano.specs -mfpu=fpv4-sp-d16 -mfloat-abi=hard -mthumb -o "Drivers/STM32G4xx_HAL_Driver/Src/stm32g4xx_hal_pwr_ex.o"
arm-none-eabi-gcc "../Drivers/STM32G4xx_HAL_Driver/Src/stm32g4xx_hal_rcc.c" -mcpu=cortex-m4 -std=gnu11 -g3 -DDEBUG -DUSE_HAL_DRIVER -DSTM32G431xx -c -I../Core/Inc -I../Drivers/STM32G4xx_HAL_Driver/Inc -I../Drivers/STM32G4xx_HAL_Driver/Inc/Legacy -I../Drivers/CMSIS/Device/ST/STM32G4xx/Include -I../Drivers/CMSIS/Include -Os -ffunction-sections -fdata-sections -Wall -Werror -fstack-usage -fcyclomatic-complexity -MMD -MP -MF"Drivers/STM32G4xx_HAL_Driver/Src/stm32g4xx_hal_rcc.d" -MT"Drivers/STM32G4xx_HAL_Driver/Src/stm32g4xx_hal_rcc.o" --specs=nano.specs -mfpu=fpv4-sp-d16 -mfloat-abi=hard -mthumb -o "Drivers/STM32G4xx_HAL_Driver/Src/stm32g4xx_hal_rcc.o"
arm-none-eabi-gcc "../Drivers/STM32G4xx_HAL_Driver/Src/stm32g4xx_hal_rcc_ex.c" -mcpu=cortex-m4 -std=gnu11 -g3 -DDEBUG -DUSE_HAL_DRIVER -DSTM32G431xx -c -I../Core/Inc -I../Drivers/STM32G4xx_HAL_Driver/Inc -I../Drivers/STM32G4xx_HAL_Driver/Inc/Legacy -I../Drivers/CMSIS/Device/ST/STM32G4xx/Include -I../Drivers/CMSIS/Include -Os -ffunction-sections -fdata-sections -Wall -Werror -fstack-usage -fcyclomatic-complexity -MMD -MP -MF"Drivers/STM32G4xx_HAL_Driver/Src/stm32g4xx_hal_rcc_ex.d" -MT"Drivers/STM32G4xx_HAL_Driver/Src/stm32g4xx_hal_rcc_ex.o" --specs=nano.specs -mfpu=fpv4-sp-d16 -mfloat-abi=hard -mthumb -o "Drivers/STM32G4xx_HAL_Driver/Src/stm32g4xx_hal_rcc_ex.o"
arm-none-eabi-gcc "../Drivers/STM32G4xx_HAL_Driver/Src/stm32g4xx_hal_tim.c" -mcpu=cortex-m4 -std=gnu11 -g3 -DDEBUG -DUSE_HAL_DRIVER -DSTM32G431xx -c -I../Core/Inc -I../Drivers/STM32G4xx_HAL_Driver/Inc -I../Drivers/STM32G4xx_HAL_Driver/Inc/Legacy -I../Drivers/CMSIS/Device/ST/STM32G4xx/Include -I../Drivers/CMSIS/Include -Os -ffunction-sections -fdata-sections -Wall -Werror -fstack-usage -fcyclomatic-complexity -MMD -MP -MF"Drivers/STM32G4xx_HAL_Driver/Src/stm32g4xx_hal_tim.d" -MT"Drivers/STM32G4xx_HAL_Driver/Src/stm32g4xx_hal_tim.o" --specs=nano.specs -mfpu=fpv4-sp-d16 -mfloat-abi=hard -mthumb -o "Drivers/STM32G4xx_HAL_Driver/Src/stm32g4xx_hal_tim.o"
arm-none-eabi-gcc "../Drivers/STM32G4xx_HAL_Driver/Src/stm32g4xx_hal_tim_ex.c" -mcpu=cortex-m4 -std=gnu11 -g3 -DDEBUG -DUSE_HAL_DRIVER -DSTM32G431xx -c -I../Core/Inc -I../Drivers/STM32G4xx_HAL_Driver/Inc -I../Drivers/STM32G4xx_HAL_Driver/Inc/Legacy -I../Drivers/CMSIS/Device/ST/STM32G4xx/Include -I../Drivers/CMSIS/Include -Os -ffunction-sections -fdata-sections -Wall -Werror -fstack-usage -fcyclomatic-complexity -MMD -MP -MF"Drivers/STM32G4xx_HAL_Driver/Src/stm32g4xx_hal_tim_ex.d" -MT"Drivers/STM32G4xx_HAL_Driver/Src/stm32g4xx_hal_tim_ex.o" --specs=nano.specs -mfpu=fpv4-sp-d16 -mfloat-abi=hard -mthumb -o "Drivers/STM32G4xx_HAL_Driver/Src/stm32g4xx_hal_tim_ex.o"
arm-none-eabi-gcc "../Drivers/STM32G4xx_HAL_Driver/Src/stm32g4xx_hal_uart.c" -mcpu=cortex-m4 -std=gnu11 -g3 -DDEBUG -DUSE_HAL_DRIVER -DSTM32G431xx -c -I../Core/Inc -I../Drivers/STM32G4xx_HAL_Driver/Inc -I../Drivers/STM32G4xx_HAL_Driver/Inc/Legacy -I../Drivers/CMSIS/Device/ST/STM32G4xx/Include -I../Drivers/CMSIS/Include -Os -ffunction-sections -fdata-sections -Wall -Werror -fstack-usage -fcyclomatic-complexity -MMD -MP -MF"Drivers/STM32G4xx_HAL_Driver/Src/stm32g4xx_hal_uart.d" -MT"Drivers/STM32G4xx_HAL_Driver/Src/stm32g4xx_hal_uart.o" --specs=nano.specs -mfpu=fpv4-sp-d16 -mfloat-abi=hard -mthumb -o "Drivers/STM32G4xx_HAL_Driver/Src/stm32g4xx_hal_uart.o"
arm-none-eabi-gcc "../Drivers/STM32G4xx_HAL_Driver/Src/stm32g4xx_hal_uart_ex.c" -mcpu=cortex-m4 -std=gnu11 -g3 -DDEBUG -DUSE_HAL_DRIVER -DSTM32G431xx -c -I../Core/Inc -I../Drivers/STM32G4xx_HAL_Driver/Inc -I../Drivers/STM32G4xx_HAL_Driver/Inc/Legacy -I../Drivers/CMSIS/Device/ST/STM32G4xx/Include -I../Drivers/CMSIS/Include -Os -ffunction-sections -fdata-sections -Wall -Werror -fstack-usage -fcyclomatic-complexity -MMD -MP -MF"Drivers/STM32G4xx_HAL_Driver/Src/stm32g4xx_hal_uart_ex.d" -MT"Drivers/STM32G4xx_HAL_Driver/Src/stm32g4xx_hal_uart_ex.o" --specs=nano.specs -mfpu=fpv4-sp-d16 -mfloat-abi=hard -mthumb -o "Drivers/STM32G4xx_HAL_Driver/Src/stm32g4xx_hal_uart_ex.o"
arm-none-eabi-gcc -mcpu=cortex-m4 -g3 -DDEBUG -c -x assembler-with-cpp -MMD -MP -MF"Core/Startup/startup_stm32g431c8tx.d" -MT"Core/Startup/startup_stm32g431c8tx.o" --specs=nano.specs -mfpu=fpv4-sp-d16 -mfloat-abi=hard -mthumb -o "Core/Startup/startup_stm32g431c8tx.o" "../Core/Startup/startup_stm32g431c8tx.s"
arm-none-eabi-gcc "../Core/Src/gpio.c" -mcpu=cortex-m4 -std=gnu11 -g3 -DDEBUG -DUSE_HAL_DRIVER -DSTM32G431xx -c -I../Core/Inc -I../Drivers/STM32G4xx_HAL_Driver/Inc -I../Drivers/STM32G4xx_HAL_Driver/Inc/Legacy -I../Drivers/CMSIS/Device/ST/STM32G4xx/Include -I../Drivers/CMSIS/Include -Os -ffunction-sections -fdata-sections -Wall -Werror -fstack-usage -fcyclomatic-complexity -MMD -MP -MF"Core/Src/gpio.d" -MT"Core/Src/gpio.o" --specs=nano.specs -mfpu=fpv4-sp-d16 -mfloat-abi=hard -mthumb -o "Core/Src/gpio.o"
arm-none-eabi-gcc "../Core/Src/led.c" -mcpu=cortex-m4 -std=gnu11 -g3 -DDEBUG -DUSE_HAL_DRIVER -DSTM32G431xx -c -I../Core/Inc -I../Drivers/STM32G4xx_HAL_Driver/Inc -I../Drivers/STM32G4xx_HAL_Driver/Inc/Legacy -I../Drivers/CMSIS/Device/ST/STM32G4xx/Include -I../Drivers/CMSIS/Include -Os -ffunction-sections -fdata-sections -Wall -Werror -fstack-usage -fcyclomatic-complexity -MMD -MP -MF"Core/Src/led.d" -MT"Core/Src/led.o" --specs=nano.specs -mfpu=fpv4-sp-d16 -mfloat-abi=hard -mthumb -o "Core/Src/led.o"
arm-none-eabi-gcc "../Core/Src/main.c" -mcpu=cortex-m4 -std=gnu11 -g3 -DDEBUG -DUSE_HAL_DRIVER -DSTM32G431xx -c -I../Core/Inc -I../Drivers/STM32G4xx_HAL_Driver/Inc -I../Drivers/STM32G4xx_HAL_Driver/Inc/Legacy -I../Drivers/CMSIS/Device/ST/STM32G4xx/Include -I../Drivers/CMSIS/Include -Os -ffunction-sections -fdata-sections -Wall -Werror -fstack-usage -fcyclomatic-complexity -MMD -MP -MF"Core/Src/main.d" -MT"Core/Src/main.o" --specs=nano.specs -mfpu=fpv4-sp-d16 -mfloat-abi=hard -mthumb -o "Core/Src/main.o"
arm-none-eabi-gcc "../Core/Src/protocol.c" -mcpu=cortex-m4 -std=gnu11 -g3 -DDEBUG -DUSE_HAL_DRIVER -DSTM32G431xx -c -I../Core/Inc -I../Drivers/STM32G4xx_HAL_Driver/Inc -I../Drivers/STM32G4xx_HAL_Driver/Inc/Legacy -I../Drivers/CMSIS/Device/ST/STM32G4xx/Include -I../Drivers/CMSIS/Include -Os -ffunction-sections -fdata-sections -Wall -Werror -fstack-usage -fcyclomatic-complexity -MMD -MP -MF"Core/Src/protocol.d" -MT"Core/Src/protocol.o" --specs=nano.specs -mfpu=fpv4-sp-d16 -mfloat-abi=hard -mthumb -o "Core/Src/protocol.o"
arm-none-eabi-gcc "../Core/Src/stm32g4xx_hal_msp.c" -mcpu=cortex-m4 -std=gnu11 -g3 -DDEBUG -DUSE_HAL_DRIVER -DSTM32G431xx -c -I../Core/Inc -I../Drivers/STM32G4xx_HAL_Driver/Inc -I../Drivers/STM32G4xx_HAL_Driver/Inc/Legacy -I../Drivers/CMSIS/Device/ST/STM32G4xx/Include -I../Drivers/CMSIS/Include -Os -ffunction-sections -fdata-sections -Wall -Werror -fstack-usage -fcyclomatic-complexity -MMD -MP -MF"Core/Src/stm32g4xx_hal_msp.d" -MT"Core/Src/stm32g4xx_hal_msp.o" --specs=nano.specs -mfpu=fpv4-sp-d16 -mfloat-abi=hard -mthumb -o "Core/Src/stm32g4xx_hal_msp.o"
arm-none-eabi-gcc "../Core/Src/stm32g4xx_it.c" -mcpu=cortex-m4 -std=gnu11 -g3 -DDEBUG -DUSE_HAL_DRIVER -DSTM32G431xx -c -I../Core/Inc -I../Drivers/STM32G4xx_HAL_Driver/Inc -I../Drivers/STM32G4xx_HAL_Driver/Inc/Legacy -I../Drivers/CMSIS/Device/ST/STM32G4xx/Include -I../Drivers/CMSIS/Include -Os -ffunction-sections -fdata-sections -Wall -Werror -fstack-usage -fcyclomatic-complexity -MMD -MP -MF"Core/Src/stm32g4xx_it.d" -MT"Core/Src/stm32g4xx_it.o" --specs=nano.specs -mfpu=fpv4-sp-d16 -mfloat-abi=hard -mthumb -o "Core/Src/stm32g4xx_it.o"
arm-none-eabi-gcc "../Core/Src/syscalls.c" -mcpu=cortex-m4 -std=gnu11 -g3 -DDEBUG -DUSE_HAL_DRIVER -DSTM32G431xx -c -I../Core/Inc -I../Drivers/STM32G4xx_HAL_Driver/Inc -I../Drivers/STM32G4xx_HAL_Driver/Inc/Legacy -I../Drivers/CMSIS/Device/ST/STM32G4xx/Include -I../Drivers/CMSIS/Include -Os -ffunction-sections -fdata-sections -Wall -Werror -fstack-usage -fcyclomatic-complexity -MMD -MP -MF"Core/Src/syscalls.d" -MT"Core/Src/syscalls.o" --specs=nano.specs -mfpu=fpv4-sp-d16 -mfloat-abi=hard -mthumb -o "Core/Src/syscalls.o"
arm-none-eabi-gcc "../Core/Src/sysmem.c" -mcpu=cortex-m4 -std=gnu11 -g3 -DDEBUG -DUSE_HAL_DRIVER -DSTM32G431xx -c -I../Core/Inc -I../Drivers/STM32G4xx_HAL_Driver/Inc -I../Drivers/STM32G4xx_HAL_Driver/Inc/Legacy -I../Drivers/CMSIS/Device/ST/STM32G4xx/Include -I../Drivers/CMSIS/Include -Os -ffunction-sections -fdata-sections -Wall -Werror -fstack-usage -fcyclomatic-complexity -MMD -MP -MF"Core/Src/sysmem.d" -MT"Core/Src/sysmem.o" --specs=nano.specs -mfpu=fpv4-sp-d16 -mfloat-abi=hard -mthumb -o "Core/Src/sysmem.o"
arm-none-eabi-gcc "../Core/Src/system_stm32g4xx.c" -mcpu=cortex-m4 -std=gnu11 -g3 -DDEBUG -DUSE_HAL_DRIVER -DSTM32G431xx -c -I../Core/Inc -I../Drivers/STM32G4xx_HAL_Driver/Inc -I../Drivers/STM32G4xx_HAL_Driver/Inc/Legacy -I../Drivers/CMSIS/Device/ST/STM32G4xx/Include -I../Drivers/CMSIS/Include -Os -ffunction-sections -fdata-sections -Wall -Werror -fstack-usage -fcyclomatic-complexity -MMD -MP -MF"Core/Src/system_stm32g4xx.d" -MT"Core/Src/system_stm32g4xx.o" --specs=nano.specs -mfpu=fpv4-sp-d16 -mfloat-abi=hard -mthumb -o "Core/Src/system_stm32g4xx.o"
arm-none-eabi-gcc "../Core/Src/tim.c" -mcpu=cortex-m4 -std=gnu11 -g3 -DDEBUG -DUSE_HAL_DRIVER -DSTM32G431xx -c -I../Core/Inc -I../Drivers/STM32G4xx_HAL_Driver/Inc -I../Drivers/STM32G4xx_HAL_Driver/Inc/Legacy -I../Drivers/CMSIS/Device/ST/STM32G4xx/Include -I../Drivers/CMSIS/Include -Os -ffunction-sections -fdata-sections -Wall -Werror -fstack-usage -fcyclomatic-complexity -MMD -MP -MF"Core/Src/tim.d" -MT"Core/Src/tim.o" --specs=nano.specs -mfpu=fpv4-sp-d16 -mfloat-abi=hard -mthumb -o "Core/Src/tim.o"
arm-none-eabi-gcc "../Core/Src/usart.c" -mcpu=cortex-m4 -std=gnu11 -g3 -DDEBUG -DUSE_HAL_DRIVER -DSTM32G431xx -c -I../Core/Inc -I../Drivers/STM32G4xx_HAL_Driver/Inc -I../Drivers/STM32G4xx_HAL_Driver/Inc/Legacy -I../Drivers/CMSIS/Device/ST/STM32G4xx/Include -I../Drivers/CMSIS/Include -Os -ffunction-sections -fdata-sections -Wall -Werror -fstack-usage -fcyclomatic-complexity -MMD -MP -MF"Core/Src/usart.d" -MT"Core/Src/usart.o" --specs=nano.specs -mfpu=fpv4-sp-d16 -mfloat-abi=hard -mthumb -o "Core/Src/usart.o"
arm-none-eabi-gcc "../Core/Src/verification.c" -mcpu=cortex-m4 -std=gnu11 -g3 -DDEBUG -DUSE_HAL_DRIVER -DSTM32G431xx -c -I../Core/Inc -I../Drivers/STM32G4xx_HAL_Driver/Inc -I../Drivers/STM32G4xx_HAL_Driver/Inc/Legacy -I../Drivers/CMSIS/Device/ST/STM32G4xx/Include -I../Drivers/CMSIS/Include -Os -ffunction-sections -fdata-sections -Wall -Werror -fstack-usage -fcyclomatic-complexity -MMD -MP -MF"Core/Src/verification.d" -MT"Core/Src/verification.o" --specs=nano.specs -mfpu=fpv4-sp-d16 -mfloat-abi=hard -mthumb -o "Core/Src/verification.o"
arm-none-eabi-gcc -o "STM32G431C8T6.elf" @"objects.list"   -mcpu=cortex-m4 -T"D:\GitRepository\STM32G431C8T6\STM32G431C8TX_FLASH.ld" --specs=nosys.specs -Wl,-Map="STM32G431C8T6.map" -Wl,--gc-sections -static --specs=nano.specs -mfpu=fpv4-sp-d16 -mfloat-abi=hard -mthumb -u _printf_float -u _scanf_float -Wl,--start-group -lc -lm -Wl,--end-group
Finished building target: STM32G431C8T6.elf
 
arm-none-eabi-size  STM32G431C8T6.elf 
arm-none-eabi-objdump -h -S STM32G431C8T6.elf  > "STM32G431C8T6.list"
arm-none-eabi-objcopy  -O ihex STM32G431C8T6.elf  "STM32G431C8T6.hex"
arm-none-eabi-objcopy  -O binary STM32G431C8T6.elf  "STM32G431C8T6.bin"
Finished building: default.size.stdout
 
Finished building: STM32G431C8T6.hex
Finished building: STM32G431C8T6.bin
 
 
Finished building: STM32G431C8T6.list
 
15:43:53 **** Incremental Build of configuration Debug for project STM32G431C8T6 ****
make -j8 all 
arm-none-eabi-size  STM32G431C8T6.elf 
Finished building: default.size.stdout
 
15:44:03 **** Incremental Build of configuration Debug for project STM32G431C8T6 ****
make -j8 all 
arm-none-eabi-size  STM32G431C8T6.elf 
Finished building: default.size.stdout
 
15:54:52 **** Incremental Build of configuration Debug for project STM32G431C8T6 ****
make -j8 all 
arm-none-eabi-gcc "../Core/Src/main.c" -mcpu=cortex-m4 -std=gnu11 -g3 -DDEBUG -DUSE_HAL_DRIVER -DSTM32G431xx -c -I../Core/Inc -I../Drivers/STM32G4xx_HAL_Driver/Inc -I../Drivers/STM32G4xx_HAL_Driver/Inc/Legacy -I../Drivers/CMSIS/Device/ST/STM32G4xx/Include -I../Drivers/CMSIS/Include -Os -ffunction-sections -fdata-sections -Wall -Werror -fstack-usage -fcyclomatic-complexity -MMD -MP -MF"Core/Src/main.d" -MT"Core/Src/main.o" --specs=nano.specs -mfpu=fpv4-sp-d16 -mfloat-abi=hard -mthumb -o "Core/Src/main.o"
arm-none-eabi-gcc -o "STM32G431C8T6.elf" @"objects.list"   -mcpu=cortex-m4 -T"D:\GitRepository\STM32G431C8T6\STM32G431C8TX_FLASH.ld" --specs=nosys.specs -Wl,-Map="STM32G431C8T6.map" -Wl,--gc-sections -static --specs=nano.specs -mfpu=fpv4-sp-d16 -mfloat-abi=hard -mthumb -u _printf_float -u _scanf_float -Wl,--start-group -lc -lm -Wl,--end-group
Finished building target: STM32G431C8T6.elf
 
arm-none-eabi-size  STM32G431C8T6.elf 
arm-none-eabi-objdump -h -S STM32G431C8T6.elf  > "STM32G431C8T6.list"
arm-none-eabi-objcopy  -O ihex STM32G431C8T6.elf  "STM32G431C8T6.hex"
arm-none-eabi-objcopy  -O binary STM32G431C8T6.elf  "STM32G431C8T6.bin"
Finished building: default.size.stdout
 
Finished building: STM32G431C8T6.bin
Finished building: STM32G431C8T6.hex
 
Finished building: STM32G431C8T6.list
 
 
15:58:08 **** Incremental Build of configuration Debug for project STM32G431C8T6 ****
make -j8 all 
arm-none-eabi-gcc "../Core/Src/main.c" -mcpu=cortex-m4 -std=gnu11 -g3 -DDEBUG -DUSE_HAL_DRIVER -DSTM32G431xx -c -I../Core/Inc -I../Drivers/STM32G4xx_HAL_Driver/Inc -I../Drivers/STM32G4xx_HAL_Driver/Inc/Legacy -I../Drivers/CMSIS/Device/ST/STM32G4xx/Include -I../Drivers/CMSIS/Include -Os -ffunction-sections -fdata-sections -Wall -Werror -fstack-usage -fcyclomatic-complexity -MMD -MP -MF"Core/Src/main.d" -MT"Core/Src/main.o" --specs=nano.specs -mfpu=fpv4-sp-d16 -mfloat-abi=hard -mthumb -o "Core/Src/main.o"
arm-none-eabi-gcc -o "STM32G431C8T6.elf" @"objects.list"   -mcpu=cortex-m4 -T"D:\GitRepository\STM32G431C8T6\STM32G431C8TX_FLASH.ld" --specs=nosys.specs -Wl,-Map="STM32G431C8T6.map" -Wl,--gc-sections -static --specs=nano.specs -mfpu=fpv4-sp-d16 -mfloat-abi=hard -mthumb -u _printf_float -u _scanf_float -Wl,--start-group -lc -lm -Wl,--end-group
Finished building target: STM32G431C8T6.elf
 
arm-none-eabi-size  STM32G431C8T6.elf 
arm-none-eabi-objdump -h -S STM32G431C8T6.elf  > "STM32G431C8T6.list"
arm-none-eabi-objcopy  -O ihex STM32G431C8T6.elf  "STM32G431C8T6.hex"
arm-none-eabi-objcopy  -O binary STM32G431C8T6.elf  "STM32G431C8T6.bin"
Finished building: default.size.stdout
 
Finished building: STM32G431C8T6.hex
Finished building: STM32G431C8T6.bin
 
 
Finished building: STM32G431C8T6.list
 
15:58:11 **** Incremental Build of configuration Debug for project STM32G431C8T6 ****
make -j8 all 
arm-none-eabi-size  STM32G431C8T6.elf 
Finished building: default.size.stdout
 
16:01:12 **** Incremental Build of configuration Debug for project STM32G431C8T6 ****
make -j8 all 
arm-none-eabi-gcc "../Core/Src/usart.c" -mcpu=cortex-m4 -std=gnu11 -g3 -DDEBUG -DUSE_HAL_DRIVER -DSTM32G431xx -c -I../Core/Inc -I../Drivers/STM32G4xx_HAL_Driver/Inc -I../Drivers/STM32G4xx_HAL_Driver/Inc/Legacy -I../Drivers/CMSIS/Device/ST/STM32G4xx/Include -I../Drivers/CMSIS/Include -Os -ffunction-sections -fdata-sections -Wall -Werror -fstack-usage -fcyclomatic-complexity -MMD -MP -MF"Core/Src/usart.d" -MT"Core/Src/usart.o" --specs=nano.specs -mfpu=fpv4-sp-d16 -mfloat-abi=hard -mthumb -o "Core/Src/usart.o"
arm-none-eabi-gcc -o "STM32G431C8T6.elf" @"objects.list"   -mcpu=cortex-m4 -T"D:\GitRepository\STM32G431C8T6\STM32G431C8TX_FLASH.ld" --specs=nosys.specs -Wl,-Map="STM32G431C8T6.map" -Wl,--gc-sections -static --specs=nano.specs -mfpu=fpv4-sp-d16 -mfloat-abi=hard -mthumb -u _printf_float -u _scanf_float -Wl,--start-group -lc -lm -Wl,--end-group
Finished building target: STM32G431C8T6.elf
 
arm-none-eabi-size  STM32G431C8T6.elf 
arm-none-eabi-objdump -h -S STM32G431C8T6.elf  > "STM32G431C8T6.list"
arm-none-eabi-objcopy  -O ihex STM32G431C8T6.elf  "STM32G431C8T6.hex"
arm-none-eabi-objcopy  -O binary STM32G431C8T6.elf  "STM32G431C8T6.bin"
Finished building: default.size.stdout
 
Finished building: STM32G431C8T6.hex
Finished building: STM32G431C8T6.bin
 
 
Finished building: STM32G431C8T6.list
 
16:01:15 **** Incremental Build of configuration Debug for project STM32G431C8T6 ****
make -j8 all 
arm-none-eabi-size  STM32G431C8T6.elf 
Finished building: default.size.stdout
 
16:11:16 **** Incremental Build of configuration Debug for project STM32G431C8T6 ****
make -j8 all 
arm-none-eabi-gcc "../Core/Src/main.c" -mcpu=cortex-m4 -std=gnu11 -g3 -DDEBUG -DUSE_HAL_DRIVER -DSTM32G431xx -c -I../Core/Inc -I../Drivers/STM32G4xx_HAL_Driver/Inc -I../Drivers/STM32G4xx_HAL_Driver/Inc/Legacy -I../Drivers/CMSIS/Device/ST/STM32G4xx/Include -I../Drivers/CMSIS/Include -Os -ffunction-sections -fdata-sections -Wall -Werror -fstack-usage -fcyclomatic-complexity -MMD -MP -MF"Core/Src/main.d" -MT"Core/Src/main.o" --specs=nano.specs -mfpu=fpv4-sp-d16 -mfloat-abi=hard -mthumb -o "Core/Src/main.o"
arm-none-eabi-gcc -o "STM32G431C8T6.elf" @"objects.list"   -mcpu=cortex-m4 -T"D:\GitRepository\STM32G431C8T6\STM32G431C8TX_FLASH.ld" --specs=nosys.specs -Wl,-Map="STM32G431C8T6.map" -Wl,--gc-sections -static --specs=nano.specs -mfpu=fpv4-sp-d16 -mfloat-abi=hard -mthumb -u _printf_float -u _scanf_float -Wl,--start-group -lc -lm -Wl,--end-group
Finished building target: STM32G431C8T6.elf
 
arm-none-eabi-size  STM32G431C8T6.elf 
arm-none-eabi-objdump -h -S STM32G431C8T6.elf  > "STM32G431C8T6.list"
arm-none-eabi-objcopy  -O ihex STM32G431C8T6.elf  "STM32G431C8T6.hex"
arm-none-eabi-objcopy  -O binary STM32G431C8T6.elf  "STM32G431C8T6.bin"
Finished building: default.size.stdout
 
Finished building: STM32G431C8T6.hex
 
Finished building: STM32G431C8T6.bin
Finished building: STM32G431C8T6.list
 
 
16:13:01 **** Incremental Build of configuration Debug for project STM32G431C8T6 ****
make -j8 all 
arm-none-eabi-gcc "../Core/Src/main.c" -mcpu=cortex-m4 -std=gnu11 -g3 -DDEBUG -DUSE_HAL_DRIVER -DSTM32G431xx -c -I../Core/Inc -I../Drivers/STM32G4xx_HAL_Driver/Inc -I../Drivers/STM32G4xx_HAL_Driver/Inc/Legacy -I../Drivers/CMSIS/Device/ST/STM32G4xx/Include -I../Drivers/CMSIS/Include -Os -ffunction-sections -fdata-sections -Wall -Werror -fstack-usage -fcyclomatic-complexity -MMD -MP -MF"Core/Src/main.d" -MT"Core/Src/main.o" --specs=nano.specs -mfpu=fpv4-sp-d16 -mfloat-abi=hard -mthumb -o "Core/Src/main.o"
arm-none-eabi-gcc -o "STM32G431C8T6.elf" @"objects.list"   -mcpu=cortex-m4 -T"D:\GitRepository\STM32G431C8T6\STM32G431C8TX_FLASH.ld" --specs=nosys.specs -Wl,-Map="STM32G431C8T6.map" -Wl,--gc-sections -static --specs=nano.specs -mfpu=fpv4-sp-d16 -mfloat-abi=hard -mthumb -u _printf_float -u _scanf_float -Wl,--start-group -lc -lm -Wl,--end-group
Finished building target: STM32G431C8T6.elf
 
arm-none-eabi-size  STM32G431C8T6.elf 
arm-none-eabi-objdump -h -S STM32G431C8T6.elf  > "STM32G431C8T6.list"
arm-none-eabi-objcopy  -O ihex STM32G431C8T6.elf  "STM32G431C8T6.hex"
arm-none-eabi-objcopy  -O binary STM32G431C8T6.elf  "STM32G431C8T6.bin"
Finished building: default.size.stdout
 
Finished building: STM32G431C8T6.hex
 
Finished building: STM32G431C8T6.bin
 
Finished building: STM32G431C8T6.list
 
16:13:04 **** Incremental Build of configuration Debug for project STM32G431C8T6 ****
make -j8 all 
arm-none-eabi-size  STM32G431C8T6.elf 
Finished building: default.size.stdout
 
16:14:29 **** Incremental Build of configuration Debug for project STM32G431C8T6 ****
make -j8 all 
arm-none-eabi-gcc "../Core/Src/main.c" -mcpu=cortex-m4 -std=gnu11 -g3 -DDEBUG -DUSE_HAL_DRIVER -DSTM32G431xx -c -I../Core/Inc -I../Drivers/STM32G4xx_HAL_Driver/Inc -I../Drivers/STM32G4xx_HAL_Driver/Inc/Legacy -I../Drivers/CMSIS/Device/ST/STM32G4xx/Include -I../Drivers/CMSIS/Include -Os -ffunction-sections -fdata-sections -Wall -Werror -fstack-usage -fcyclomatic-complexity -MMD -MP -MF"Core/Src/main.d" -MT"Core/Src/main.o" --specs=nano.specs -mfpu=fpv4-sp-d16 -mfloat-abi=hard -mthumb -o "Core/Src/main.o"
arm-none-eabi-gcc -o "STM32G431C8T6.elf" @"objects.list"   -mcpu=cortex-m4 -T"D:\GitRepository\STM32G431C8T6\STM32G431C8TX_FLASH.ld" --specs=nosys.specs -Wl,-Map="STM32G431C8T6.map" -Wl,--gc-sections -static --specs=nano.specs -mfpu=fpv4-sp-d16 -mfloat-abi=hard -mthumb -u _printf_float -u _scanf_float -Wl,--start-group -lc -lm -Wl,--end-group
Finished building target: STM32G431C8T6.elf
 
arm-none-eabi-size  STM32G431C8T6.elf 
arm-none-eabi-objdump -h -S STM32G431C8T6.elf  > "STM32G431C8T6.list"
arm-none-eabi-objcopy  -O ihex STM32G431C8T6.elf  "STM32G431C8T6.hex"
arm-none-eabi-objcopy  -O binary STM32G431C8T6.elf  "STM32G431C8T6.bin"
Finished building: default.size.stdout
 
Finished building: STM32G431C8T6.hex
Finished building: STM32G431C8T6.bin
 
Finished building: STM32G431C8T6.list
 
 
16:14:32 **** Incremental Build of configuration Debug for project STM32G431C8T6 ****
make -j8 all 
arm-none-eabi-size  STM32G431C8T6.elf 
Finished building: default.size.stdout
 
16:16:09 **** Incremental Build of configuration Debug for project STM32G431C8T6 ****
make -j8 all 
arm-none-eabi-gcc "../Core/Src/main.c" -mcpu=cortex-m4 -std=gnu11 -g3 -DDEBUG -DUSE_HAL_DRIVER -DSTM32G431xx -c -I../Core/Inc -I../Drivers/STM32G4xx_HAL_Driver/Inc -I../Drivers/STM32G4xx_HAL_Driver/Inc/Legacy -I../Drivers/CMSIS/Device/ST/STM32G4xx/Include -I../Drivers/CMSIS/Include -Os -ffunction-sections -fdata-sections -Wall -Werror -fstack-usage -fcyclomatic-complexity -MMD -MP -MF"Core/Src/main.d" -MT"Core/Src/main.o" --specs=nano.specs -mfpu=fpv4-sp-d16 -mfloat-abi=hard -mthumb -o "Core/Src/main.o"
arm-none-eabi-gcc -o "STM32G431C8T6.elf" @"objects.list"   -mcpu=cortex-m4 -T"D:\GitRepository\STM32G431C8T6\STM32G431C8TX_FLASH.ld" --specs=nosys.specs -Wl,-Map="STM32G431C8T6.map" -Wl,--gc-sections -static --specs=nano.specs -mfpu=fpv4-sp-d16 -mfloat-abi=hard -mthumb -u _printf_float -u _scanf_float -Wl,--start-group -lc -lm -Wl,--end-group
Finished building target: STM32G431C8T6.elf
 
arm-none-eabi-size  STM32G431C8T6.elf 
arm-none-eabi-objdump -h -S STM32G431C8T6.elf  > "STM32G431C8T6.list"
arm-none-eabi-objcopy  -O ihex STM32G431C8T6.elf  "STM32G431C8T6.hex"
arm-none-eabi-objcopy  -O binary STM32G431C8T6.elf  "STM32G431C8T6.bin"
Finished building: default.size.stdout
 
Finished building: STM32G431C8T6.hex
Finished building: STM32G431C8T6.bin
 
 
Finished building: STM32G431C8T6.list
 
16:16:16 **** Incremental Build of configuration Debug for project STM32G431C8T6 ****
make -j8 all 
arm-none-eabi-size  STM32G431C8T6.elf 
Finished building: default.size.stdout
 
16:17:47 **** Incremental Build of configuration Debug for project STM32G431C8T6 ****
make -j8 all 
arm-none-eabi-gcc "../Core/Src/main.c" -mcpu=cortex-m4 -std=gnu11 -g3 -DDEBUG -DUSE_HAL_DRIVER -DSTM32G431xx -c -I../Core/Inc -I../Drivers/STM32G4xx_HAL_Driver/Inc -I../Drivers/STM32G4xx_HAL_Driver/Inc/Legacy -I../Drivers/CMSIS/Device/ST/STM32G4xx/Include -I../Drivers/CMSIS/Include -Os -ffunction-sections -fdata-sections -Wall -Werror -fstack-usage -fcyclomatic-complexity -MMD -MP -MF"Core/Src/main.d" -MT"Core/Src/main.o" --specs=nano.specs -mfpu=fpv4-sp-d16 -mfloat-abi=hard -mthumb -o "Core/Src/main.o"
arm-none-eabi-gcc -o "STM32G431C8T6.elf" @"objects.list"   -mcpu=cortex-m4 -T"D:\GitRepository\STM32G431C8T6\STM32G431C8TX_FLASH.ld" --specs=nosys.specs -Wl,-Map="STM32G431C8T6.map" -Wl,--gc-sections -static --specs=nano.specs -mfpu=fpv4-sp-d16 -mfloat-abi=hard -mthumb -u _printf_float -u _scanf_float -Wl,--start-group -lc -lm -Wl,--end-group
Finished building target: STM32G431C8T6.elf
 
arm-none-eabi-size  STM32G431C8T6.elf 
arm-none-eabi-objdump -h -S STM32G431C8T6.elf  > "STM32G431C8T6.list"
arm-none-eabi-objcopy  -O ihex STM32G431C8T6.elf  "STM32G431C8T6.hex"
arm-none-eabi-objcopy  -O binary STM32G431C8T6.elf  "STM32G431C8T6.bin"
Finished building: default.size.stdout
 
Finished building: STM32G431C8T6.hex
Finished building: STM32G431C8T6.bin
 
 
Finished building: STM32G431C8T6.list
 
16:17:53 **** Incremental Build of configuration Debug for project STM32G431C8T6 ****
make -j8 all 
arm-none-eabi-size  STM32G431C8T6.elf 
Finished building: default.size.stdout
 
16:18:47 **** Incremental Build of configuration Debug for project STM32G431C8T6 ****
make -j8 all 
arm-none-eabi-gcc "../Core/Src/main.c" -mcpu=cortex-m4 -std=gnu11 -g3 -DDEBUG -DUSE_HAL_DRIVER -DSTM32G431xx -c -I../Core/Inc -I../Drivers/STM32G4xx_HAL_Driver/Inc -I../Drivers/STM32G4xx_HAL_Driver/Inc/Legacy -I../Drivers/CMSIS/Device/ST/STM32G4xx/Include -I../Drivers/CMSIS/Include -Os -ffunction-sections -fdata-sections -Wall -Werror -fstack-usage -fcyclomatic-complexity -MMD -MP -MF"Core/Src/main.d" -MT"Core/Src/main.o" --specs=nano.specs -mfpu=fpv4-sp-d16 -mfloat-abi=hard -mthumb -o "Core/Src/main.o"
arm-none-eabi-gcc -o "STM32G431C8T6.elf" @"objects.list"   -mcpu=cortex-m4 -T"D:\GitRepository\STM32G431C8T6\STM32G431C8TX_FLASH.ld" --specs=nosys.specs -Wl,-Map="STM32G431C8T6.map" -Wl,--gc-sections -static --specs=nano.specs -mfpu=fpv4-sp-d16 -mfloat-abi=hard -mthumb -u _printf_float -u _scanf_float -Wl,--start-group -lc -lm -Wl,--end-group
Finished building target: STM32G431C8T6.elf
 
arm-none-eabi-size  STM32G431C8T6.elf 
arm-none-eabi-objdump -h -S STM32G431C8T6.elf  > "STM32G431C8T6.list"
arm-none-eabi-objcopy  -O ihex STM32G431C8T6.elf  "STM32G431C8T6.hex"
arm-none-eabi-objcopy  -O binary STM32G431C8T6.elf  "STM32G431C8T6.bin"
Finished building: default.size.stdout
 
Finished building: STM32G431C8T6.hex
 
Finished building: STM32G431C8T6.list
Finished building: STM32G431C8T6.bin
 
 
16:18:50 **** Incremental Build of configuration Debug for project STM32G431C8T6 ****
make -j8 all 
arm-none-eabi-size  STM32G431C8T6.elf 
Finished building: default.size.stdout
 
16:19:18 **** Incremental Build of configuration Debug for project STM32G431C8T6 ****
make -j8 all 
arm-none-eabi-gcc "../Core/Src/main.c" -mcpu=cortex-m4 -std=gnu11 -g3 -DDEBUG -DUSE_HAL_DRIVER -DSTM32G431xx -c -I../Core/Inc -I../Drivers/STM32G4xx_HAL_Driver/Inc -I../Drivers/STM32G4xx_HAL_Driver/Inc/Legacy -I../Drivers/CMSIS/Device/ST/STM32G4xx/Include -I../Drivers/CMSIS/Include -Os -ffunction-sections -fdata-sections -Wall -Werror -fstack-usage -fcyclomatic-complexity -MMD -MP -MF"Core/Src/main.d" -MT"Core/Src/main.o" --specs=nano.specs -mfpu=fpv4-sp-d16 -mfloat-abi=hard -mthumb -o "Core/Src/main.o"
arm-none-eabi-gcc -o "STM32G431C8T6.elf" @"objects.list"   -mcpu=cortex-m4 -T"D:\GitRepository\STM32G431C8T6\STM32G431C8TX_FLASH.ld" --specs=nosys.specs -Wl,-Map="STM32G431C8T6.map" -Wl,--gc-sections -static --specs=nano.specs -mfpu=fpv4-sp-d16 -mfloat-abi=hard -mthumb -u _printf_float -u _scanf_float -Wl,--start-group -lc -lm -Wl,--end-group
Finished building target: STM32G431C8T6.elf
 
arm-none-eabi-size  STM32G431C8T6.elf 
arm-none-eabi-objdump -h -S STM32G431C8T6.elf  > "STM32G431C8T6.list"
arm-none-eabi-objcopy  -O ihex STM32G431C8T6.elf  "STM32G431C8T6.hex"
arm-none-eabi-objcopy  -O binary STM32G431C8T6.elf  "STM32G431C8T6.bin"
Finished building: default.size.stdout
 
Finished building: STM32G431C8T6.hex
Finished building: STM32G431C8T6.bin
 
 
Finished building: STM32G431C8T6.list
 
16:19:21 **** Incremental Build of configuration Debug for project STM32G431C8T6 ****
make -j8 all 
arm-none-eabi-size  STM32G431C8T6.elf 
Finished building: default.size.stdout
 
16:20:05 **** Incremental Build of configuration Debug for project STM32G431C8T6 ****
make -j8 all 
arm-none-eabi-gcc "../Core/Src/usart.c" -mcpu=cortex-m4 -std=gnu11 -g3 -DDEBUG -DUSE_HAL_DRIVER -DSTM32G431xx -c -I../Core/Inc -I../Drivers/STM32G4xx_HAL_Driver/Inc -I../Drivers/STM32G4xx_HAL_Driver/Inc/Legacy -I../Drivers/CMSIS/Device/ST/STM32G4xx/Include -I../Drivers/CMSIS/Include -Os -ffunction-sections -fdata-sections -Wall -Werror -fstack-usage -fcyclomatic-complexity -MMD -MP -MF"Core/Src/usart.d" -MT"Core/Src/usart.o" --specs=nano.specs -mfpu=fpv4-sp-d16 -mfloat-abi=hard -mthumb -o "Core/Src/usart.o"
../Core/Src/usart.c: In function 'ProcessReceivedData':
../Core/Src/usart.c:190:9: error: too few arguments to function 'HAL_UART_Transmit'
  190 |         HAL_UART_Transmit(&huart1,rx_buffer,rx_index);
      |         ^~~~~~~~~~~~~~~~~
In file included from ../Core/Inc/stm32g4xx_hal_conf.h:348,
                 from ../Drivers/STM32G4xx_HAL_Driver/Inc/stm32g4xx_hal.h:29,
                 from ../Core/Inc/main.h:30,
                 from ../Core/Inc/usart.h:29,
                 from ../Core/Src/usart.c:21:
../Drivers/STM32G4xx_HAL_Driver/Inc/stm32g4xx_hal_uart.h:1633:19: note: declared here
 1633 | HAL_StatusTypeDef HAL_UART_Transmit(UART_HandleTypeDef *huart, const uint8_t *pData, uint16_t Size, uint32_t Timeout);
      |                   ^~~~~~~~~~~~~~~~~
make: *** [Core/Src/subdir.mk:52: Core/Src/usart.o] Error 1
"make -j8 all" terminated with exit code 2. Build might be incomplete.
16:22:51 **** Incremental Build of configuration Debug for project STM32G431C8T6 ****
make -j8 all 
arm-none-eabi-gcc "../Core/Src/usart.c" -mcpu=cortex-m4 -std=gnu11 -g3 -DDEBUG -DUSE_HAL_DRIVER -DSTM32G431xx -c -I../Core/Inc -I../Drivers/STM32G4xx_HAL_Driver/Inc -I../Drivers/STM32G4xx_HAL_Driver/Inc/Legacy -I../Drivers/CMSIS/Device/ST/STM32G4xx/Include -I../Drivers/CMSIS/Include -Os -ffunction-sections -fdata-sections -Wall -Werror -fstack-usage -fcyclomatic-complexity -MMD -MP -MF"Core/Src/usart.d" -MT"Core/Src/usart.o" --specs=nano.specs -mfpu=fpv4-sp-d16 -mfloat-abi=hard -mthumb -o "Core/Src/usart.o"
arm-none-eabi-gcc -o "STM32G431C8T6.elf" @"objects.list"   -mcpu=cortex-m4 -T"D:\GitRepository\STM32G431C8T6\STM32G431C8TX_FLASH.ld" --specs=nosys.specs -Wl,-Map="STM32G431C8T6.map" -Wl,--gc-sections -static --specs=nano.specs -mfpu=fpv4-sp-d16 -mfloat-abi=hard -mthumb -u _printf_float -u _scanf_float -Wl,--start-group -lc -lm -Wl,--end-group
Finished building target: STM32G431C8T6.elf
 
arm-none-eabi-size  STM32G431C8T6.elf 
arm-none-eabi-objdump -h -S STM32G431C8T6.elf  > "STM32G431C8T6.list"
arm-none-eabi-objcopy  -O ihex STM32G431C8T6.elf  "STM32G431C8T6.hex"
arm-none-eabi-objcopy  -O binary STM32G431C8T6.elf  "STM32G431C8T6.bin"
Finished building: default.size.stdout
 
Finished building: STM32G431C8T6.hex
Finished building: STM32G431C8T6.bin
 
 
Finished building: STM32G431C8T6.list
 
16:22:55 **** Incremental Build of configuration Debug for project STM32G431C8T6 ****
make -j8 all 
arm-none-eabi-size  STM32G431C8T6.elf 
Finished building: default.size.stdout
 
16:43:26 **** Incremental Build of configuration Debug for project STM32G431C8T6 ****
make -j8 all 
arm-none-eabi-gcc "../Core/Src/main.c" -mcpu=cortex-m4 -std=gnu11 -g3 -DDEBUG -DUSE_HAL_DRIVER -DSTM32G431xx -c -I../Core/Inc -I../Drivers/STM32G4xx_HAL_Driver/Inc -I../Drivers/STM32G4xx_HAL_Driver/Inc/Legacy -I../Drivers/CMSIS/Device/ST/STM32G4xx/Include -I../Drivers/CMSIS/Include -Os -ffunction-sections -fdata-sections -Wall -Werror -fstack-usage -fcyclomatic-complexity -MMD -MP -MF"Core/Src/main.d" -MT"Core/Src/main.o" --specs=nano.specs -mfpu=fpv4-sp-d16 -mfloat-abi=hard -mthumb -o "Core/Src/main.o"
arm-none-eabi-gcc -o "STM32G431C8T6.elf" @"objects.list"   -mcpu=cortex-m4 -T"D:\GitRepository\STM32G431C8T6\STM32G431C8TX_FLASH.ld" --specs=nosys.specs -Wl,-Map="STM32G431C8T6.map" -Wl,--gc-sections -static --specs=nano.specs -mfpu=fpv4-sp-d16 -mfloat-abi=hard -mthumb -u _printf_float -u _scanf_float -Wl,--start-group -lc -lm -Wl,--end-group
Finished building target: STM32G431C8T6.elf
 
arm-none-eabi-size  STM32G431C8T6.elf 
arm-none-eabi-objdump -h -S STM32G431C8T6.elf  > "STM32G431C8T6.list"
arm-none-eabi-objcopy  -O ihex STM32G431C8T6.elf  "STM32G431C8T6.hex"
arm-none-eabi-objcopy  -O binary STM32G431C8T6.elf  "STM32G431C8T6.bin"
Finished building: default.size.stdout
 
Finished building: STM32G431C8T6.bin
Finished building: STM32G431C8T6.hex
Finished building: STM32G431C8T6.list
 
 
 
16:43:30 **** Incremental Build of configuration Debug for project STM32G431C8T6 ****
make -j8 all 
arm-none-eabi-size  STM32G431C8T6.elf 
Finished building: default.size.stdout
 
16:45:10 **** Incremental Build of configuration Debug for project STM32G431C8T6 ****
make -j8 all 
arm-none-eabi-gcc "../Core/Src/main.c" -mcpu=cortex-m4 -std=gnu11 -g3 -DDEBUG -DUSE_HAL_DRIVER -DSTM32G431xx -c -I../Core/Inc -I../Drivers/STM32G4xx_HAL_Driver/Inc -I../Drivers/STM32G4xx_HAL_Driver/Inc/Legacy -I../Drivers/CMSIS/Device/ST/STM32G4xx/Include -I../Drivers/CMSIS/Include -Os -ffunction-sections -fdata-sections -Wall -Werror -fstack-usage -fcyclomatic-complexity -MMD -MP -MF"Core/Src/main.d" -MT"Core/Src/main.o" --specs=nano.specs -mfpu=fpv4-sp-d16 -mfloat-abi=hard -mthumb -o "Core/Src/main.o"
arm-none-eabi-gcc -o "STM32G431C8T6.elf" @"objects.list"   -mcpu=cortex-m4 -T"D:\GitRepository\STM32G431C8T6\STM32G431C8TX_FLASH.ld" --specs=nosys.specs -Wl,-Map="STM32G431C8T6.map" -Wl,--gc-sections -static --specs=nano.specs -mfpu=fpv4-sp-d16 -mfloat-abi=hard -mthumb -u _printf_float -u _scanf_float -Wl,--start-group -lc -lm -Wl,--end-group
Finished building target: STM32G431C8T6.elf
 
arm-none-eabi-size  STM32G431C8T6.elf 
arm-none-eabi-objdump -h -S STM32G431C8T6.elf  > "STM32G431C8T6.list"
arm-none-eabi-objcopy  -O ihex STM32G431C8T6.elf  "STM32G431C8T6.hex"
arm-none-eabi-objcopy  -O binary STM32G431C8T6.elf  "STM32G431C8T6.bin"
Finished building: default.size.stdout
 
Finished building: STM32G431C8T6.hex
Finished building: STM32G431C8T6.bin
 
 
Finished building: STM32G431C8T6.list
 
16:46:07 **** Incremental Build of configuration Debug for project STM32G431C8T6 ****
make -j8 all 
arm-none-eabi-gcc "../Core/Src/main.c" -mcpu=cortex-m4 -std=gnu11 -g3 -DDEBUG -DUSE_HAL_DRIVER -DSTM32G431xx -c -I../Core/Inc -I../Drivers/STM32G4xx_HAL_Driver/Inc -I../Drivers/STM32G4xx_HAL_Driver/Inc/Legacy -I../Drivers/CMSIS/Device/ST/STM32G4xx/Include -I../Drivers/CMSIS/Include -Os -ffunction-sections -fdata-sections -Wall -Werror -fstack-usage -fcyclomatic-complexity -MMD -MP -MF"Core/Src/main.d" -MT"Core/Src/main.o" --specs=nano.specs -mfpu=fpv4-sp-d16 -mfloat-abi=hard -mthumb -o "Core/Src/main.o"
arm-none-eabi-gcc -o "STM32G431C8T6.elf" @"objects.list"   -mcpu=cortex-m4 -T"D:\GitRepository\STM32G431C8T6\STM32G431C8TX_FLASH.ld" --specs=nosys.specs -Wl,-Map="STM32G431C8T6.map" -Wl,--gc-sections -static --specs=nano.specs -mfpu=fpv4-sp-d16 -mfloat-abi=hard -mthumb -u _printf_float -u _scanf_float -Wl,--start-group -lc -lm -Wl,--end-group
Finished building target: STM32G431C8T6.elf
 
arm-none-eabi-size  STM32G431C8T6.elf 
arm-none-eabi-objdump -h -S STM32G431C8T6.elf  > "STM32G431C8T6.list"
arm-none-eabi-objcopy  -O ihex STM32G431C8T6.elf  "STM32G431C8T6.hex"
arm-none-eabi-objcopy  -O binary STM32G431C8T6.elf  "STM32G431C8T6.bin"
Finished building: default.size.stdout
 
Finished building: STM32G431C8T6.hex
Finished building: STM32G431C8T6.bin
 
 
Finished building: STM32G431C8T6.list
 
16:47:16 **** Incremental Build of configuration Debug for project STM32G431C8T6 ****
make -j8 all 
arm-none-eabi-gcc "../Core/Src/main.c" -mcpu=cortex-m4 -std=gnu11 -g3 -DDEBUG -DUSE_HAL_DRIVER -DSTM32G431xx -c -I../Core/Inc -I../Drivers/STM32G4xx_HAL_Driver/Inc -I../Drivers/STM32G4xx_HAL_Driver/Inc/Legacy -I../Drivers/CMSIS/Device/ST/STM32G4xx/Include -I../Drivers/CMSIS/Include -Os -ffunction-sections -fdata-sections -Wall -Werror -fstack-usage -fcyclomatic-complexity -MMD -MP -MF"Core/Src/main.d" -MT"Core/Src/main.o" --specs=nano.specs -mfpu=fpv4-sp-d16 -mfloat-abi=hard -mthumb -o "Core/Src/main.o"
arm-none-eabi-gcc -o "STM32G431C8T6.elf" @"objects.list"   -mcpu=cortex-m4 -T"D:\GitRepository\STM32G431C8T6\STM32G431C8TX_FLASH.ld" --specs=nosys.specs -Wl,-Map="STM32G431C8T6.map" -Wl,--gc-sections -static --specs=nano.specs -mfpu=fpv4-sp-d16 -mfloat-abi=hard -mthumb -u _printf_float -u _scanf_float -Wl,--start-group -lc -lm -Wl,--end-group
Finished building target: STM32G431C8T6.elf
 
arm-none-eabi-size  STM32G431C8T6.elf 
arm-none-eabi-objdump -h -S STM32G431C8T6.elf  > "STM32G431C8T6.list"
arm-none-eabi-objcopy  -O ihex STM32G431C8T6.elf  "STM32G431C8T6.hex"
arm-none-eabi-objcopy  -O binary STM32G431C8T6.elf  "STM32G431C8T6.bin"
Finished building: default.size.stdout
 
Finished building: STM32G431C8T6.hex
Finished building: STM32G431C8T6.bin
 
 
Finished building: STM32G431C8T6.list
 
17:00:39 **** Incremental Build of configuration Debug for project STM32G431C8T6 ****
make -j8 all 
arm-none-eabi-gcc "../Core/Src/tim.c" -mcpu=cortex-m4 -std=gnu11 -g3 -DDEBUG -DUSE_HAL_DRIVER -DSTM32G431xx -c -I../Core/Inc -I../Drivers/STM32G4xx_HAL_Driver/Inc -I../Drivers/STM32G4xx_HAL_Driver/Inc/Legacy -I../Drivers/CMSIS/Device/ST/STM32G4xx/Include -I../Drivers/CMSIS/Include -Os -ffunction-sections -fdata-sections -Wall -Werror -fstack-usage -fcyclomatic-complexity -MMD -MP -MF"Core/Src/tim.d" -MT"Core/Src/tim.o" --specs=nano.specs -mfpu=fpv4-sp-d16 -mfloat-abi=hard -mthumb -o "Core/Src/tim.o"
arm-none-eabi-gcc -o "STM32G431C8T6.elf" @"objects.list"   -mcpu=cortex-m4 -T"D:\GitRepository\STM32G431C8T6\STM32G431C8TX_FLASH.ld" --specs=nosys.specs -Wl,-Map="STM32G431C8T6.map" -Wl,--gc-sections -static --specs=nano.specs -mfpu=fpv4-sp-d16 -mfloat-abi=hard -mthumb -u _printf_float -u _scanf_float -Wl,--start-group -lc -lm -Wl,--end-group
Finished building target: STM32G431C8T6.elf
 
arm-none-eabi-size  STM32G431C8T6.elf 
arm-none-eabi-objdump -h -S STM32G431C8T6.elf  > "STM32G431C8T6.list"
arm-none-eabi-objcopy  -O ihex STM32G431C8T6.elf  "STM32G431C8T6.hex"
arm-none-eabi-objcopy  -O binary STM32G431C8T6.elf  "STM32G431C8T6.bin"
Finished building: default.size.stdout
 
Finished building: STM32G431C8T6.hex
 
Finished building: STM32G431C8T6.bin
Finished building: STM32G431C8T6.list
 
 
17:00:42 **** Incremental Build of configuration Debug for project STM32G431C8T6 ****
make -j8 all 
arm-none-eabi-size  STM32G431C8T6.elf 
Finished building: default.size.stdout
 
17:01:20 **** Incremental Build of configuration Debug for project STM32G431C8T6 ****
make -j8 all 
arm-none-eabi-gcc "../Core/Src/tim.c" -mcpu=cortex-m4 -std=gnu11 -g3 -DDEBUG -DUSE_HAL_DRIVER -DSTM32G431xx -c -I../Core/Inc -I../Drivers/STM32G4xx_HAL_Driver/Inc -I../Drivers/STM32G4xx_HAL_Driver/Inc/Legacy -I../Drivers/CMSIS/Device/ST/STM32G4xx/Include -I../Drivers/CMSIS/Include -Os -ffunction-sections -fdata-sections -Wall -Werror -fstack-usage -fcyclomatic-complexity -MMD -MP -MF"Core/Src/tim.d" -MT"Core/Src/tim.o" --specs=nano.specs -mfpu=fpv4-sp-d16 -mfloat-abi=hard -mthumb -o "Core/Src/tim.o"
arm-none-eabi-gcc -o "STM32G431C8T6.elf" @"objects.list"   -mcpu=cortex-m4 -T"D:\GitRepository\STM32G431C8T6\STM32G431C8TX_FLASH.ld" --specs=nosys.specs -Wl,-Map="STM32G431C8T6.map" -Wl,--gc-sections -static --specs=nano.specs -mfpu=fpv4-sp-d16 -mfloat-abi=hard -mthumb -u _printf_float -u _scanf_float -Wl,--start-group -lc -lm -Wl,--end-group
Finished building target: STM32G431C8T6.elf
 
arm-none-eabi-size  STM32G431C8T6.elf 
arm-none-eabi-objdump -h -S STM32G431C8T6.elf  > "STM32G431C8T6.list"
arm-none-eabi-objcopy  -O ihex STM32G431C8T6.elf  "STM32G431C8T6.hex"
arm-none-eabi-objcopy  -O binary STM32G431C8T6.elf  "STM32G431C8T6.bin"
Finished building: default.size.stdout
 
Finished building: STM32G431C8T6.hex
 
Finished building: STM32G431C8T6.bin
 
Finished building: STM32G431C8T6.list
 
17:07:00 **** Incremental Build of configuration Debug for project STM32G431C8T6 ****
make -j8 all 
arm-none-eabi-gcc "../Core/Src/main.c" -mcpu=cortex-m4 -std=gnu11 -g3 -DDEBUG -DUSE_HAL_DRIVER -DSTM32G431xx -c -I../Core/Inc -I../Drivers/STM32G4xx_HAL_Driver/Inc -I../Drivers/STM32G4xx_HAL_Driver/Inc/Legacy -I../Drivers/CMSIS/Device/ST/STM32G4xx/Include -I../Drivers/CMSIS/Include -Os -ffunction-sections -fdata-sections -Wall -Werror -fstack-usage -fcyclomatic-complexity -MMD -MP -MF"Core/Src/main.d" -MT"Core/Src/main.o" --specs=nano.specs -mfpu=fpv4-sp-d16 -mfloat-abi=hard -mthumb -o "Core/Src/main.o"
arm-none-eabi-gcc -o "STM32G431C8T6.elf" @"objects.list"   -mcpu=cortex-m4 -T"D:\GitRepository\STM32G431C8T6\STM32G431C8TX_FLASH.ld" --specs=nosys.specs -Wl,-Map="STM32G431C8T6.map" -Wl,--gc-sections -static --specs=nano.specs -mfpu=fpv4-sp-d16 -mfloat-abi=hard -mthumb -u _printf_float -u _scanf_float -Wl,--start-group -lc -lm -Wl,--end-group
Finished building target: STM32G431C8T6.elf
 
arm-none-eabi-size  STM32G431C8T6.elf 
arm-none-eabi-objdump -h -S STM32G431C8T6.elf  > "STM32G431C8T6.list"
arm-none-eabi-objcopy  -O ihex STM32G431C8T6.elf  "STM32G431C8T6.hex"
arm-none-eabi-objcopy  -O binary STM32G431C8T6.elf  "STM32G431C8T6.bin"
Finished building: default.size.stdout
 
Finished building: STM32G431C8T6.hex
Finished building: STM32G431C8T6.bin
 
 
Finished building: STM32G431C8T6.list
 
17:07:03 **** Incremental Build of configuration Debug for project STM32G431C8T6 ****
make -j8 all 
arm-none-eabi-size  STM32G431C8T6.elf 
Finished building: default.size.stdout
 
17:07:55 **** Incremental Build of configuration Debug for project STM32G431C8T6 ****
make -j8 all 
arm-none-eabi-size  STM32G431C8T6.elf 
Finished building: default.size.stdout
 
17:10:36 **** Incremental Build of configuration Debug for project STM32G431C8T6 ****
make -j8 all 
arm-none-eabi-gcc "../Core/Src/main.c" -mcpu=cortex-m4 -std=gnu11 -g3 -DDEBUG -DUSE_HAL_DRIVER -DSTM32G431xx -c -I../Core/Inc -I../Drivers/STM32G4xx_HAL_Driver/Inc -I../Drivers/STM32G4xx_HAL_Driver/Inc/Legacy -I../Drivers/CMSIS/Device/ST/STM32G4xx/Include -I../Drivers/CMSIS/Include -Os -ffunction-sections -fdata-sections -Wall -Werror -fstack-usage -fcyclomatic-complexity -MMD -MP -MF"Core/Src/main.d" -MT"Core/Src/main.o" --specs=nano.specs -mfpu=fpv4-sp-d16 -mfloat-abi=hard -mthumb -o "Core/Src/main.o"
arm-none-eabi-gcc -o "STM32G431C8T6.elf" @"objects.list"   -mcpu=cortex-m4 -T"D:\GitRepository\STM32G431C8T6\STM32G431C8TX_FLASH.ld" --specs=nosys.specs -Wl,-Map="STM32G431C8T6.map" -Wl,--gc-sections -static --specs=nano.specs -mfpu=fpv4-sp-d16 -mfloat-abi=hard -mthumb -u _printf_float -u _scanf_float -Wl,--start-group -lc -lm -Wl,--end-group
Finished building target: STM32G431C8T6.elf
 
arm-none-eabi-size  STM32G431C8T6.elf 
arm-none-eabi-objdump -h -S STM32G431C8T6.elf  > "STM32G431C8T6.list"
arm-none-eabi-objcopy  -O ihex STM32G431C8T6.elf  "STM32G431C8T6.hex"
arm-none-eabi-objcopy  -O binary STM32G431C8T6.elf  "STM32G431C8T6.bin"
Finished building: default.size.stdout
 
Finished building: STM32G431C8T6.hex
Finished building: STM32G431C8T6.bin
 
 
Finished building: STM32G431C8T6.list
 
17:10:40 **** Incremental Build of configuration Debug for project STM32G431C8T6 ****
make -j8 all 
arm-none-eabi-size  STM32G431C8T6.elf 
Finished building: default.size.stdout
 
17:11:58 **** Incremental Build of configuration Debug for project STM32G431C8T6 ****
make -j8 all 
arm-none-eabi-size  STM32G431C8T6.elf 
Finished building: default.size.stdout
 
17:12:36 **** Incremental Build of configuration Debug for project STM32-G431RBT6 ****
make -j8 all 
arm-none-eabi-gcc "../Core/Src/main.c" -mcpu=cortex-m4 -std=gnu11 -g3 -DDEBUG -DUSE_HAL_DRIVER -DSTM32G431xx -c -I../Core/Inc -I../Drivers/STM32G4xx_HAL_Driver/Inc -I../Drivers/STM32G4xx_HAL_Driver/Inc/Legacy -I../Drivers/CMSIS/Device/ST/STM32G4xx/Include -I../Drivers/CMSIS/Include -Os -ffunction-sections -fdata-sections -Wall -Werror -fstack-usage -fcyclomatic-complexity -MMD -MP -MF"Core/Src/main.d" -MT"Core/Src/main.o" --specs=nano.specs -mfpu=fpv4-sp-d16 -mfloat-abi=hard -mthumb -o "Core/Src/main.o"
arm-none-eabi-gcc -o "STM32-G431RBT6.elf" @"objects.list"   -mcpu=cortex-m4 -T"D:\GitRepository\STM32-G431RBT6\STM32G431RBTX_FLASH.ld" --specs=nosys.specs -Wl,-Map="STM32-G431RBT6.map" -Wl,--gc-sections -static --specs=nano.specs -mfpu=fpv4-sp-d16 -mfloat-abi=hard -mthumb -u _printf_float -u _scanf_float -Wl,--start-group -lc -lm -Wl,--end-group
Finished building target: STM32-G431RBT6.elf
 
arm-none-eabi-size  STM32-G431RBT6.elf 
arm-none-eabi-objdump -h -S STM32-G431RBT6.elf  > "STM32-G431RBT6.list"
arm-none-eabi-objcopy  -O ihex STM32-G431RBT6.elf  "STM32-G431RBT6.hex"
arm-none-eabi-objcopy  -O binary STM32-G431RBT6.elf  "STM32-G431RBT6.bin"
Finished building: default.size.stdout
 
Finished building: STM32-G431RBT6.hex
Finished building: STM32-G431RBT6.bin
 
 
Finished building: STM32-G431RBT6.list
 
